#
# A fatal error has been detected by the Java Runtime Environment:
#
#  SIGSEGV (0xb) at pc=0x00007f56260f10d9, pid=5322, tid=5349
#
# JRE version: OpenJDK Runtime Environment Corretto-15.0.1.9.1 (15.0.1+9) (build 15.0.1+9)
# Java VM: OpenJDK 64-Bit Server VM Corretto-15.0.1.9.1 (15.0.1+9, mixed mode, sharing, tiered, compressed oops, g1 gc, linux-amd64)
# Problematic frame:
# V  [libjvm.so+0xb160d9]  MemBarNode::Ideal(PhaseGVN*, bool)+0x1e9
#
# Core dump will be written. Default location: Core dumps may be processed with "/lib/systemd/systemd-coredump %P %u %g %s %t 9223372036854775808 %e" (or dumping to /home/shakhzod/Downloads/whereisbot/core.5322)
#
# If you would like to submit a bug report, please visit:
#   https://bugreport.java.com/bugreport/crash.jsp
#

---------------  S U M M A R Y ------------

Command Line: -javaagent:/home/shakhzod/Downloads/idea-IC-201.7846.76/lib/idea_rt.jar=41189:/home/shakhzod/Downloads/idea-IC-201.7846.76/bin -Dfile.encoding=UTF-8 io.shakhzod.whereis.WhereisApplication

Host: Intel(R) Core(TM) i5-3470 CPU @ 3.20GHz, 4 cores, 7G, Linux Mint 19.3 Tricia
Time: Wed Nov 11 23:20:45 2020 CET elapsed time: 3.250111 seconds (0d 0h 0m 3s)

---------------  T H R E A D  ---------------

Current thread (0x00007f5620166170):  JavaThread "C2 CompilerThread0" daemon [_thread_in_native, id=5349, stack(0x00007f55dbeff000,0x00007f55dc000000)]


Current CompileTask:
C2:   3250 3835   !   4       org.springframework.core.annotation.AnnotationsScanner::processMethodHierarchy (276 bytes)

Stack: [0x00007f55dbeff000,0x00007f55dc000000],  sp=0x00007f55dbffbd50,  free space=1011k
Native frames: (J=compiled Java code, A=aot compiled Java code, j=interpreted, Vv=VM code, C=native code)
V  [libjvm.so+0xb160d9]  MemBarNode::Ideal(PhaseGVN*, bool)+0x1e9
V  [libjvm.so+0xc19719]  PhaseIterGVN::transform_old(Node*)+0x99
V  [libjvm.so+0xc166bc]  PhaseIterGVN::optimize()+0x14c
V  [libjvm.so+0x566754]  Compile::Optimize()+0x1a4
V  [libjvm.so+0x5680fa]  Compile::Compile(ciEnv*, ciMethod*, int, bool, bool, bool, DirectiveSet*)+0xa7a
V  [libjvm.so+0x49ee0c]  C2Compiler::compile_method(ciEnv*, ciMethod*, int, DirectiveSet*)+0xac
V  [libjvm.so+0x57215c]  CompileBroker::invoke_compiler_on_method(CompileTask*)+0xcec
V  [libjvm.so+0x572f18]  CompileBroker::compiler_thread_loop()+0x5b8
V  [libjvm.so+0xe548e9]  JavaThread::run()+0x1f9
V  [libjvm.so+0xe5208f]  Thread::call_run()+0xff
V  [libjvm.so+0xbc4d87]  thread_native_entry(Thread*)+0xe7


siginfo: si_signo: 11 (SIGSEGV), si_code: 128 (SI_KERNEL), si_addr: 0x0000000000000000

Register to memory mapping:

RAX=0x0000ff55c47de030 is an unknown value
RBX=0x00007f55d0420ef0 points into unknown readable memory: 0x00007f5626a489f0 | f0 89 a4 26 56 7f 00 00
RCX=0x00007f55dbffe330 is pointing into the stack for thread: 0x00007f5620166170
RDX=0x00007f55dbffe0b0 is pointing into the stack for thread: 0x00007f5620166170
RSP=0x00007f55dbffbd50 is pointing into the stack for thread: 0x00007f5620166170
RBP=0x00007f55dbffbd80 is pointing into the stack for thread: 0x00007f5620166170
RSI=0x00007f55c520fc38 points into unknown readable memory: 0x00007f56205c6e00 | 00 6e 5c 20 56 7f 00 00
RDI=0x00007f55c520fbe8 points into unknown readable memory: 0x00007f56269d7e08 | 08 7e 9d 26 56 7f 00 00
R8 =0x0000000000000001 is an unknown value
R9 =0x00007f55d03c4e70 points into unknown readable memory: 0x0000000200000002 | 02 00 00 00 02 00 00 00
R10=0x00007f55c824cae0 points into unknown readable memory: 0x00007f55c824c890 | 90 c8 24 c8 55 7f 00 00
R11=0x00007f55c4349290 points into unknown readable memory: 0x00007f5626a40858 | 58 08 a4 26 56 7f 00 00
R12=
[error occurred during error reporting (printing register info), id 0xb, SIGSEGV (0xb) at pc=0x00007f5625c6bd73]

Registers:
RAX=0x0000ff55c47de030, RBX=0x00007f55d0420ef0, RCX=0x00007f55dbffe330, RDX=0x00007f55dbffe0b0
RSP=0x00007f55dbffbd50, RBP=0x00007f55dbffbd80, RSI=0x00007f55c520fc38, RDI=0x00007f55c520fbe8
R8 =0x0000000000000001, R9 =0x00007f55d03c4e70, R10=0x00007f55c824cae0, R11=0x00007f55c4349290
R12=0x00000000d0420f00, R13=0x0000ff55c47de030, R14=0x00007f55dbffbfb0, R15=0x00007f5626a9d6b0
RIP=0x00007f56260f10d9, EFLAGS=0x0000000000010202, CSGSFS=0x002b000000000033, ERR=0x0000000000000000
  TRAPNO=0x000000000000000d

Top of Stack: (sp=0x00007f55dbffbd50)
0x00007f55dbffbd50:   00007f562597ec70 00007f55d0420ef0
0x00007f55dbffbd60:   00007f55dbffbfb0 00000000000013ef
0x00007f55dbffbd70:   00007f562597ec70 00007f5626a9d6b0
0x00007f55dbffbd80:   00007f55dbffbdc0 00007f56261f4719 

Instructions: (pc=0x00007f56260f10d9)
0x00007f56260f0fd9:   e2 3f 83 fa 27 75 c7 80 b8 81 00 00 00 00 0f 84
0x00007f56260f0fe9:   cb 01 00 00 49 8b 06 4c 89 f7 ff 50 28 83 7b 20
0x00007f56260f0ff9:   02 0f 84 e2 01 00 00 66 48 8d 3d a0 ef 96 00 66
0x00007f56260f1009:   66 48 e8 b0 84 6f ff 48 89 c3 48 8b 00 48 8b 80
0x00007f56260f1019:   f0 04 00 00 48 8b b8 80 00 00 00 48 81 c7 e0 01
0x00007f56260f1029:   00 00 e8 80 6a ff ff 48 85 c0 49 89 c4 0f 84 6b
0x00007f56260f1039:   ff ff ff 48 8d 05 25 4a a2 00 48 8b 38 48 8b 07
0x00007f56260f1049:   ff 90 80 00 00 00 4c 89 e7 be 01 00 00 00 49 89
0x00007f56260f1059:   c5 e8 21 b5 06 00 48 8d 05 d2 31 95 00 4d 89 6c
0x00007f56260f1069:   24 38 41 c7 44 24 2c 04 00 00 00 48 83 c0 10 49
0x00007f56260f1079:   89 04 24 48 8b 03 48 8b 80 f0 04 00 00 48 8b 80
0x00007f56260f1089:   80 00 00 00 48 8b b8 40 02 00 00 49 8b 44 24 08
0x00007f56260f1099:   48 85 ff 48 89 38 74 08 4c 89 e6 e8 c7 7e 9a ff
0x00007f56260f10a9:   48 8d 05 70 35 95 00 66 41 83 4c 24 30 10 48 83
0x00007f56260f10b9:   c0 10 49 89 04 24 e9 c9 fe ff ff 0f 1f 40 00 49
0x00007f56260f10c9:   8b 45 08 48 8b 78 10 48 8b 07 ff 50 28 49 89 c5
0x00007f56260f10d9:   8b 40 10 83 e8 11 83 f8 02 0f 87 9d fe ff ff 4d
0x00007f56260f10e9:   85 ed 0f 84 94 fe ff ff 49 8b 45 00 48 8d 15 64
0x00007f56260f10f9:   d5 84 ff 48 8b 80 a8 00 00 00 48 39 d0 0f 85 cc
0x00007f56260f1109:   00 00 00 41 8b 55 44 85 d2 0f 9f c0 84 c0 0f 84
0x00007f56260f1119:   68 fe ff ff 41 8b 45 24 85 c0 0f 89 c4 fe ff ff
0x00007f56260f1129:   e9 57 fe ff ff 66 90 49 8b 45 00 4c 89 ef ff 10
0x00007f56260f1139:   3d 87 00 00 00 75 0f 49 8b 45 08 4c 8b 78 08 41
0x00007f56260f1149:   83 7f 20 01 77 2d be 05 00 00 00 48 89 df 49 89
0x00007f56260f1159:   dc e8 d1 01 07 00 49 8b 06 4c 89 f7 ff 50 28 48
0x00007f56260f1169:   8d b8 d8 09 00 00 4c 89 ee e8 49 47 99 ff e9 11
0x00007f56260f1179:   fe ff ff 4c 89 fa be 05 00 00 00 48 89 df e8 c4
0x00007f56260f1189:   02 7e ff 49 8b 06 4c 89 f7 ff 50 28 48 8d b8 d8
0x00007f56260f1199:   09 00 00 4c 89 ee e8 1c 47 99 ff 4d 85 ff 0f 84
0x00007f56260f11a9:   dd fd ff ff 4d 89 fd e9 c0 fd ff ff 0f 1f 00 48
0x00007f56260f11b9:   89 c7 e8 90 2a c4 ff 48 85 c0 0f 84 de fd ff ff
0x00007f56260f11c9:   80 78 48 00 0f 85 1a fe ff ff e9 cf fd ff ff 4c 


Stack slot to memory mapping:
stack at sp + 0 slots: 0x00007f562597ec70: <offset 0x00000000003a3c70> in /usr/lib/jvm/java-15-amazon-corretto/lib/server/libjvm.so at 0x00007f56255db000
stack at sp + 1 slots: 0x00007f55d0420ef0 points into unknown readable memory: 0x00007f5626a489f0 | f0 89 a4 26 56 7f 00 00
stack at sp + 2 slots: 0x00007f55dbffbfb0 is pointing into the stack for thread: 0x00007f5620166170
stack at sp + 3 slots: 0x00000000000013ef is an unknown value
stack at sp + 4 slots: 0x00007f562597ec70: <offset 0x00000000003a3c70> in /usr/lib/jvm/java-15-amazon-corretto/lib/server/libjvm.so at 0x00007f56255db000
stack at sp + 5 slots: 0x00007f5626a9d6b0: <offset 0x00000000014c26b0> in /usr/lib/jvm/java-15-amazon-corretto/lib/server/libjvm.so at 0x00007f56255db000
stack at sp + 6 slots: 0x00007f55dbffbdc0 is pointing into the stack for thread: 0x00007f5620166170
stack at sp + 7 slots: 0x00007f56261f4719: <offset 0x0000000000c19719> in /usr/lib/jvm/java-15-amazon-corretto/lib/server/libjvm.so at 0x00007f56255db000


---------------  P R O C E S S  ---------------

Threads class SMR info:
_java_thread_list=0x00007f55880020d0, length=19, elements={
0x00007f562002dad0, 0x00007f562015ae20, 0x00007f562015c560, 0x00007f5620162e40,
0x00007f5620164550, 0x00007f5620166170, 0x00007f56201679a0, 0x00007f56201690a0,
0x00007f5620185af0, 0x00007f55d007db60, 0x00007f562054d1f0, 0x00007f5620554690,
0x00007f55e0000e20, 0x00007f5621011c80, 0x00007f55a01d35d0, 0x00007f5620f7e6f0,
0x00007f56212c1990, 0x00007f56212b7890, 0x00007f5588000e40
}

Java Threads: ( => current thread )
  0x00007f562002dad0 JavaThread "main" [_thread_in_native, id=5324, stack(0x00007f562765c000,0x00007f562775d000)]
  0x00007f562015ae20 JavaThread "Reference Handler" daemon [_thread_blocked, id=5344, stack(0x00007f5600879000,0x00007f560097a000)]
  0x00007f562015c560 JavaThread "Finalizer" daemon [_thread_blocked, id=5345, stack(0x00007f5600778000,0x00007f5600879000)]
  0x00007f5620162e40 JavaThread "Signal Dispatcher" daemon [_thread_blocked, id=5346, stack(0x00007f5600136000,0x00007f5600237000)]
  0x00007f5620164550 JavaThread "Service Thread" daemon [_thread_blocked, id=5348, stack(0x00007f5600035000,0x00007f5600136000)]
=>0x00007f5620166170 JavaThread "C2 CompilerThread0" daemon [_thread_in_native, id=5349, stack(0x00007f55dbeff000,0x00007f55dc000000)]
  0x00007f56201679a0 JavaThread "C1 CompilerThread0" daemon [_thread_blocked, id=5350, stack(0x00007f55dbdfe000,0x00007f55dbeff000)]
  0x00007f56201690a0 JavaThread "Sweeper thread" daemon [_thread_blocked, id=5352, stack(0x00007f55dbcfd000,0x00007f55dbdfe000)]
  0x00007f5620185af0 JavaThread "Common-Cleaner" daemon [_thread_blocked, id=5355, stack(0x00007f55dbbfc000,0x00007f55dbcfd000)]
  0x00007f55d007db60 JavaThread "C2 CompilerThread1" daemon [_thread_in_native, id=5356, stack(0x00007f55db4b6000,0x00007f55db5b7000)]
  0x00007f562054d1f0 JavaThread "Monitor Ctrl-Break" daemon [_thread_in_native, id=5357, stack(0x00007f55db1a2000,0x00007f55db2a3000)]
  0x00007f5620554690 JavaThread "Notification Thread" daemon [_thread_blocked, id=5358, stack(0x00007f55db0a1000,0x00007f55db1a2000)]
  0x00007f55e0000e20 JavaThread "Attach Listener" daemon [_thread_blocked, id=5373, stack(0x00007f55d9d83000,0x00007f55d9e84000)]
  0x00007f5621011c80 JavaThread "Catalina-utility-1" [_thread_blocked, id=5376, stack(0x00007f55da588000,0x00007f55da689000)]
  0x00007f55a01d35d0 JavaThread "Catalina-utility-2" [_thread_blocked, id=5377, stack(0x00007f55d947f000,0x00007f55d9580000)]
  0x00007f5620f7e6f0 JavaThread "container-0" [_thread_blocked, id=5378, stack(0x00007f55d937e000,0x00007f55d947f000)]
  0x00007f56212c1990 JavaThread "PostgreSQL-JDBC-SharedTimer-1" daemon [_thread_blocked, id=5380, stack(0x00007f55d8a7b000,0x00007f55d8b7c000)]
  0x00007f56212b7890 JavaThread "HikariPool-1 housekeeper" daemon [_thread_blocked, id=5381, stack(0x00007f55d897a000,0x00007f55d8a7b000)]
  0x00007f5588000e40 JavaThread "HikariPool-1 connection adder" daemon [_thread_blocked, id=5382, stack(0x00007f55d8879000,0x00007f55d897a000)]

Other Threads:
  0x00007f56201580d0 VMThread "VM Thread" [stack: 0x00007f560097c000,0x00007f5600a7c000] [id=5342]
  0x00007f562002f3a0 WatcherThread [stack: 0x00007f55dafa1000,0x00007f55db0a1000] [id=5359]
  0x00007f562006b420 GCTaskThread "GC Thread#0" [stack: 0x00007f5603a8a000,0x00007f5603b8a000] [id=5332]
  0x00007f55e4000f30 GCTaskThread "GC Thread#1" [stack: 0x00007f55dac9c000,0x00007f55dad9c000] [id=5360]
  0x00007f55e4001c90 GCTaskThread "GC Thread#2" [stack: 0x00007f55dab9a000,0x00007f55dac9a000] [id=5361]
  0x00007f55e4005be0 GCTaskThread "GC Thread#3" [stack: 0x00007f55da488000,0x00007f55da588000] [id=5370]
  0x00007f562007c640 ConcurrentGCThread "G1 Main Marker" [stack: 0x00007f5603988000,0x00007f5603a88000] [id=5334]
  0x00007f562007d8d0 ConcurrentGCThread "G1 Conc#0" [stack: 0x00007f5603886000,0x00007f5603986000] [id=5336]
  0x00007f56200e47e0 ConcurrentGCThread "G1 Refine#0" [stack: 0x00007f5601380000,0x00007f5601480000] [id=5337]
  0x00007f55ec000ce0 ConcurrentGCThread "G1 Refine#1" [stack: 0x00007f55daa98000,0x00007f55dab98000] [id=5362]
  0x00007f56200e59f0 ConcurrentGCThread "G1 Young RemSet Sampling" [stack: 0x00007f560127e000,0x00007f560137e000] [id=5339]

Threads with active compile tasks:
C2 CompilerThread0     3256 3835   !   4       org.springframework.core.annotation.AnnotationsScanner::processMethodHierarchy (276 bytes)
C2 CompilerThread1     3256 3745       4       org.springframework.core.annotation.TypeMappedAnnotations::get (52 bytes)

VM state: not at safepoint (normal execution)

VM Mutex/Monitor currently owned by a thread: None

Heap address: 0x0000000083a00000, size: 1990 MB, Compressed Oops mode: 32-bit
CDS archive(s) mapped at: [0x0000000800000000-0x0000000800b36000-0x0000000800b36000), size 11755520, SharedBaseAddress: 0x0000000800000000, ArchiveRelocationMode: 0.
Compressed class space mapped at: 0x0000000800b38000-0x0000000840b38000, size: 1073741824
Narrow klass base: 0x0000000800000000, Narrow klass shift: 3, Narrow klass range: 0x100000000

GC Precious Log:
 CPUs: 4 total, 4 available
 Memory: 7956M
 Large Page Support: Disabled
 NUMA Support: Disabled
 Compressed Oops: Enabled (32-bit)
 Heap Region Size: 1M
 Heap Min Capacity: 8M
 Heap Initial Capacity: 126M
 Heap Max Capacity: 1990M
 Pre-touch: Disabled
 Parallel Workers: 4
 Concurrent Workers: 1
 Concurrent Refinement Workers: 4
 Periodic GC: Disabled

Heap:
 garbage-first heap   total 58368K, used 27610K [0x0000000083a00000, 0x0000000100000000)
  region size 1024K, 13 young (13312K), 3 survivors (3072K)
 Metaspace       used 37108K, capacity 37533K, committed 38044K, reserved 1083392K
  class space    used 4482K, capacity 4626K, committed 4684K, reserved 1048576K

Heap Regions: E=young(eden), S=young(survivor), O=old, HS=humongous(starts), HC=humongous(continues), CS=collection set, F=free, OA=open archive, CA=closed archive, TAMS=top-at-mark-start (previous, next)
|   0|0x0000000083a00000, 0x0000000083b00000, 0x0000000083b00000|100%| O|  |TAMS 0x0000000083b00000, 0x0000000083a00000| Untracked 
|   1|0x0000000083b00000, 0x0000000083c00000, 0x0000000083c00000|100%| O|  |TAMS 0x0000000083c00000, 0x0000000083b00000| Untracked 
|   2|0x0000000083c00000, 0x0000000083d00000, 0x0000000083d00000|100%| O|  |TAMS 0x0000000083d00000, 0x0000000083c00000| Untracked 
|   3|0x0000000083d00000, 0x0000000083e00000, 0x0000000083e00000|100%| O|  |TAMS 0x0000000083e00000, 0x0000000083d00000| Untracked 
|   4|0x0000000083e00000, 0x0000000083e6aa00, 0x0000000083f00000| 41%| O|  |TAMS 0x0000000083e6aa00, 0x0000000083e00000| Untracked 
|   5|0x0000000083f00000, 0x0000000084000000, 0x0000000084000000|100%| O|  |TAMS 0x0000000084000000, 0x0000000083f00000| Untracked 
|   6|0x0000000084000000, 0x0000000084100000, 0x0000000084100000|100%| O|  |TAMS 0x0000000084100000, 0x0000000084000000| Untracked 
|   7|0x0000000084100000, 0x0000000084200000, 0x0000000084200000|100%| O|  |TAMS 0x0000000084200000, 0x0000000084100000| Untracked 
|   8|0x0000000084200000, 0x0000000084300000, 0x0000000084300000|100%| O|  |TAMS 0x0000000084300000, 0x0000000084200000| Untracked 
|   9|0x0000000084300000, 0x0000000084400000, 0x0000000084400000|100%| O|  |TAMS 0x0000000084400000, 0x0000000084300000| Untracked 
|  10|0x0000000084400000, 0x0000000084500000, 0x0000000084500000|100%| O|  |TAMS 0x00000000844e2e00, 0x0000000084400000| Untracked 
|  11|0x0000000084500000, 0x0000000084600000, 0x0000000084600000|100%| O|  |TAMS 0x0000000084500000, 0x0000000084500000| Untracked 
|  12|0x0000000084600000, 0x0000000084700000, 0x0000000084700000|100%| O|  |TAMS 0x0000000084600000, 0x0000000084600000| Untracked 
|  13|0x0000000084700000, 0x0000000084800000, 0x0000000084800000|100%| O|  |TAMS 0x0000000084700000, 0x0000000084700000| Untracked 
|  14|0x0000000084800000, 0x00000000848e2c00, 0x0000000084900000| 88%| O|  |TAMS 0x0000000084800000, 0x0000000084800000| Untracked 
|  15|0x0000000084900000, 0x0000000084900000, 0x0000000084a00000|  0%| F|  |TAMS 0x0000000084900000, 0x0000000084900000| Untracked 
|  16|0x0000000084a00000, 0x0000000084a00000, 0x0000000084b00000|  0%| F|  |TAMS 0x0000000084a00000, 0x0000000084a00000| Untracked 
|  17|0x0000000084b00000, 0x0000000084b00000, 0x0000000084c00000|  0%| F|  |TAMS 0x0000000084b00000, 0x0000000084b00000| Untracked 
|  18|0x0000000084c00000, 0x0000000084c00000, 0x0000000084d00000|  0%| F|  |TAMS 0x0000000084c00000, 0x0000000084c00000| Untracked 
|  19|0x0000000084d00000, 0x0000000084d00000, 0x0000000084e00000|  0%| F|  |TAMS 0x0000000084d00000, 0x0000000084d00000| Untracked 
|  20|0x0000000084e00000, 0x0000000084e00000, 0x0000000084f00000|  0%| F|  |TAMS 0x0000000084e00000, 0x0000000084e00000| Untracked 
|  21|0x0000000084f00000, 0x0000000084f00000, 0x0000000085000000|  0%| F|  |TAMS 0x0000000084f00000, 0x0000000084f00000| Untracked 
|  22|0x0000000085000000, 0x0000000085000000, 0x0000000085100000|  0%| F|  |TAMS 0x0000000085000000, 0x0000000085000000| Untracked 
|  23|0x0000000085100000, 0x0000000085100000, 0x0000000085200000|  0%| F|  |TAMS 0x0000000085100000, 0x0000000085100000| Untracked 
|  24|0x0000000085200000, 0x0000000085200000, 0x0000000085300000|  0%| F|  |TAMS 0x0000000085200000, 0x0000000085200000| Untracked 
|  25|0x0000000085300000, 0x0000000085300000, 0x0000000085400000|  0%| F|  |TAMS 0x0000000085300000, 0x0000000085300000| Untracked 
|  26|0x0000000085400000, 0x0000000085400000, 0x0000000085500000|  0%| F|  |TAMS 0x0000000085400000, 0x0000000085400000| Untracked 
|  27|0x0000000085500000, 0x00000000855db498, 0x0000000085600000| 85%| S|CS|TAMS 0x0000000085500000, 0x0000000085500000| Complete 
|  28|0x0000000085600000, 0x0000000085700000, 0x0000000085700000|100%| S|CS|TAMS 0x0000000085600000, 0x0000000085600000| Complete 
|  29|0x0000000085700000, 0x0000000085800000, 0x0000000085800000|100%| S|CS|TAMS 0x0000000085700000, 0x0000000085700000| Complete 
|  30|0x0000000085800000, 0x0000000085800000, 0x0000000085900000|  0%| F|  |TAMS 0x0000000085800000, 0x0000000085800000| Untracked 
|  31|0x0000000085900000, 0x0000000085900000, 0x0000000085a00000|  0%| F|  |TAMS 0x0000000085900000, 0x0000000085900000| Untracked 
|  32|0x0000000085a00000, 0x0000000085a00000, 0x0000000085b00000|  0%| F|  |TAMS 0x0000000085a00000, 0x0000000085a00000| Untracked 
|  33|0x0000000085b00000, 0x0000000085b00000, 0x0000000085c00000|  0%| F|  |TAMS 0x0000000085b00000, 0x0000000085b00000| Untracked 
|  34|0x0000000085c00000, 0x0000000085c00000, 0x0000000085d00000|  0%| F|  |TAMS 0x0000000085c00000, 0x0000000085c00000| Untracked 
|  35|0x0000000085d00000, 0x0000000085d00000, 0x0000000085e00000|  0%| F|  |TAMS 0x0000000085d00000, 0x0000000085d00000| Untracked 
|  36|0x0000000085e00000, 0x0000000085e00000, 0x0000000085f00000|  0%| F|  |TAMS 0x0000000085e00000, 0x0000000085e00000| Untracked 
|  37|0x0000000085f00000, 0x0000000085f00000, 0x0000000086000000|  0%| F|  |TAMS 0x0000000085f00000, 0x0000000085f00000| Untracked 
|  38|0x0000000086000000, 0x0000000086000000, 0x0000000086100000|  0%| F|  |TAMS 0x0000000086000000, 0x0000000086000000| Untracked 
|  39|0x0000000086100000, 0x0000000086100000, 0x0000000086200000|  0%| F|  |TAMS 0x0000000086100000, 0x0000000086100000| Untracked 
|  40|0x0000000086200000, 0x0000000086200000, 0x0000000086300000|  0%| F|  |TAMS 0x0000000086200000, 0x0000000086200000| Untracked 
|  41|0x0000000086300000, 0x0000000086300000, 0x0000000086400000|  0%| F|  |TAMS 0x0000000086300000, 0x0000000086300000| Untracked 
|  42|0x0000000086400000, 0x0000000086400000, 0x0000000086500000|  0%| F|  |TAMS 0x0000000086400000, 0x0000000086400000| Untracked 
|  43|0x0000000086500000, 0x0000000086500000, 0x0000000086600000|  0%| F|  |TAMS 0x0000000086500000, 0x0000000086500000| Untracked 
|  44|0x0000000086600000, 0x0000000086600000, 0x0000000086700000|  0%| F|  |TAMS 0x0000000086600000, 0x0000000086600000| Untracked 
|  45|0x0000000086700000, 0x00000000867da080, 0x0000000086800000| 85%| E|  |TAMS 0x0000000086700000, 0x0000000086700000| Complete 
|  46|0x0000000086800000, 0x0000000086900000, 0x0000000086900000|100%| E|CS|TAMS 0x0000000086800000, 0x0000000086800000| Complete 
|  47|0x0000000086900000, 0x0000000086a00000, 0x0000000086a00000|100%| E|CS|TAMS 0x0000000086900000, 0x0000000086900000| Complete 
|  92|0x0000000089600000, 0x0000000089700000, 0x0000000089700000|100%| E|CS|TAMS 0x0000000089600000, 0x0000000089600000| Complete 
|  93|0x0000000089700000, 0x0000000089800000, 0x0000000089800000|100%| E|CS|TAMS 0x0000000089700000, 0x0000000089700000| Complete 
|  94|0x0000000089800000, 0x0000000089900000, 0x0000000089900000|100%| E|CS|TAMS 0x0000000089800000, 0x0000000089800000| Complete 
|  95|0x0000000089900000, 0x0000000089a00000, 0x0000000089a00000|100%| E|CS|TAMS 0x0000000089900000, 0x0000000089900000| Complete 
|  96|0x0000000089a00000, 0x0000000089b00000, 0x0000000089b00000|100%| E|CS|TAMS 0x0000000089a00000, 0x0000000089a00000| Complete 
|  97|0x0000000089b00000, 0x0000000089c00000, 0x0000000089c00000|100%| E|CS|TAMS 0x0000000089b00000, 0x0000000089b00000| Complete 
| 125|0x000000008b700000, 0x000000008b800000, 0x000000008b800000|100%| E|CS|TAMS 0x000000008b700000, 0x000000008b700000| Complete 
|1988|0x00000000ffe00000, 0x00000000ffe52000, 0x00000000fff00000| 32%|OA|  |TAMS 0x00000000ffe52000, 0x00000000ffe00000| Untracked 
|1989|0x00000000fff00000, 0x00000000fff7c000, 0x0000000100000000| 48%|CA|  |TAMS 0x00000000fff7c000, 0x00000000fff00000| Untracked 

Card table byte_map: [0x00007f5607d9d000,0x00007f5608180000] _byte_map_base: 0x00007f5607980000

Marking Bits (Prev, Next): (CMBitMap*) 0x00007f562006c1c0, (CMBitMap*) 0x00007f562006c200
 Prev Bits: [0x00007f5605aa2000, 0x00007f56079ba000)
 Next Bits: [0x00007f5603b8a000, 0x00007f5605aa2000)

Polling page: 0x00007f5627773000

Metaspace:

Usage:
  Non-class:     32,14 MB capacity,    31,86 MB (>99%) used,   232,20 KB ( <1%) free+waste,    49,12 KB ( <1%) overhead. 
      Class:      4,52 MB capacity,     4,38 MB ( 97%) used,   124,98 KB (  3%) free+waste,    18,38 KB ( <1%) overhead. 
       Both:     36,65 MB capacity,    36,24 MB ( 99%) used,   357,18 KB ( <1%) free+waste,    67,50 KB ( <1%) overhead. 

Virtual space:
  Non-class space:       34,00 MB reserved,      32,58 MB ( 96%) committed 
      Class space:        1,00 GB reserved,       4,57 MB ( <1%) committed 
             Both:        1,03 GB reserved,      37,15 MB (  4%) committed 

Chunk freelists:
   Non-Class:  357,00 KB
       Class:  14,00 KB
        Both:  371,00 KB

MaxMetaspaceSize: 17179869184,00 GB
CompressedClassSpaceSize: 1,00 GB

CodeHeap 'non-profiled nmethods': size=120032Kb used=1737Kb max_used=1737Kb free=118294Kb
 bounds [0x00007f561051a000, 0x00007f561078a000, 0x00007f5617a52000]
CodeHeap 'profiled nmethods': size=120028Kb used=7677Kb max_used=7677Kb free=112350Kb
 bounds [0x00007f5608fe3000, 0x00007f5609763000, 0x00007f561051a000]
CodeHeap 'non-nmethods': size=5700Kb used=1259Kb max_used=1314Kb free=4440Kb
 bounds [0x00007f5608a52000, 0x00007f5608cc2000, 0x00007f5608fe3000]
 total_blobs=4432 nmethods=3898 adapters=445
 compilation: enabled
              stopped_count=0, restarted_count=0
 full_count=0

Compilation events (20 events):
Event: 3,171 Thread 0x00007f56201679a0 3873       1       org.springframework.beans.factory.annotation.InitDestroyAnnotationBeanPostProcessor$1::hasDestroyMethods (2 bytes)
Event: 3,171 Thread 0x00007f56201679a0 nmethod 3873 0x00007f56106cab90 code [0x00007f56106cad20, 0x00007f56106cadd0]
Event: 3,171 Thread 0x00007f56201679a0 3874       1       org.springframework.context.annotation.CommonAnnotationBeanPostProcessor::postProcessBeforeInstantiation (2 bytes)
Event: 3,171 Thread 0x00007f56201679a0 nmethod 3874 0x00007f56106cae90 code [0x00007f56106cb020, 0x00007f56106cb0d0]
Event: 3,171 Thread 0x00007f56201679a0 3875       3       org.springframework.context.support.GenericApplicationContext::getClassLoader (29 bytes)
Event: 3,171 Thread 0x00007f56201679a0 nmethod 3875 0x00007f5609743c90 code [0x00007f5609743e40, 0x00007f5609744170]
Event: 3,171 Thread 0x00007f56201679a0 3876       1       org.springframework.context.annotation.CommonAnnotationBeanPostProcessor::postProcessAfterInstantiation (2 bytes)
Event: 3,172 Thread 0x00007f56201679a0 nmethod 3876 0x00007f56106cb190 code [0x00007f56106cb320, 0x00007f56106cb3d0]
Event: 3,172 Thread 0x00007f56201679a0 3877       2       java.nio.Buffer::nextGetIndex (32 bytes)
Event: 3,173 Thread 0x00007f56201679a0 nmethod 3877 0x00007f5609744290 code [0x00007f5609744420, 0x00007f56097445e0]
Event: 3,173 Thread 0x00007f56201679a0 3878       2       java.nio.HeapByteBuffer::byteOffset (7 bytes)
Event: 3,173 Thread 0x00007f56201679a0 nmethod 3878 0x00007f5609744710 code [0x00007f56097448a0, 0x00007f5609744990]
Event: 3,173 Thread 0x00007f56201679a0 3880       3       java.util.Collections::unmodifiableList (27 bytes)
Event: 3,174 Thread 0x00007f56201679a0 nmethod 3880 0x00007f5609744a10 code [0x00007f5609744c20, 0x00007f5609745590]
Event: 3,174 Thread 0x00007f56201679a0 3879       3       java.util.Collections$UnmodifiableMap$UnmodifiableEntrySet$1::hasNext (10 bytes)
Event: 3,174 Thread 0x00007f56201679a0 nmethod 3879 0x00007f5609745810 code [0x00007f56097459a0, 0x00007f5609745b60]
Event: 3,174 Thread 0x00007f56201679a0 3881       3       org.springframework.boot.context.properties.bind.Bindable::of (25 bytes)
Event: 3,174 Thread 0x00007f56201679a0 nmethod 3881 0x00007f5609745c10 code [0x00007f5609745de0, 0x00007f56097462b0]
Event: 3,175 Thread 0x00007f56201679a0 3882       1       org.springframework.aop.framework.autoproxy.AbstractAutoProxyCreator::postProcessAfterInstantiation (2 bytes)
Event: 3,175 Thread 0x00007f56201679a0 nmethod 3882 0x00007f56106cb490 code [0x00007f56106cb620, 0x00007f56106cb6d0]

GC Heap History (14 events):
Event: 0,416 GC heap before
{Heap before GC invocations=0 (full 0):
 garbage-first heap   total 131072K, used 13112K [0x0000000083a00000, 0x0000000100000000)
  region size 1024K, 13 young (13312K), 0 survivors (0K)
 Metaspace       used 3742K, capacity 5986K, committed 6272K, reserved 1056768K
  class space    used 387K, capacity 566K, committed 640K, reserved 1048576K
}
Event: 0,420 GC heap after
{Heap after GC invocations=1 (full 0):
 garbage-first heap   total 131072K, used 5364K [0x0000000083a00000, 0x0000000100000000)
  region size 1024K, 2 young (2048K), 2 survivors (2048K)
 Metaspace       used 3742K, capacity 5986K, committed 6272K, reserved 1056768K
  class space    used 387K, capacity 566K, committed 640K, reserved 1048576K
}
Event: 0,796 GC heap before
{Heap before GC invocations=1 (full 0):
 garbage-first heap   total 131072K, used 18676K [0x0000000083a00000, 0x0000000100000000)
  region size 1024K, 15 young (15360K), 2 survivors (2048K)
 Metaspace       used 7720K, capacity 8635K, committed 8960K, reserved 1056768K
  class space    used 941K, capacity 998K, committed 1024K, reserved 1048576K
}
Event: 0,799 GC heap after
{Heap after GC invocations=2 (full 0):
 garbage-first heap   total 131072K, used 6482K [0x0000000083a00000, 0x0000000100000000)
  region size 1024K, 2 young (2048K), 2 survivors (2048K)
 Metaspace       used 7720K, capacity 8635K, committed 8960K, reserved 1056768K
  class space    used 941K, capacity 998K, committed 1024K, reserved 1048576K
}
Event: 1,401 GC heap before
{Heap before GC invocations=2 (full 0):
 garbage-first heap   total 131072K, used 43346K [0x0000000083a00000, 0x0000000100000000)
  region size 1024K, 38 young (38912K), 2 survivors (2048K)
 Metaspace       used 15866K, capacity 16102K, committed 16384K, reserved 1062912K
  class space    used 1910K, capacity 1966K, committed 2048K, reserved 1048576K
}
Event: 1,408 GC heap after
{Heap after GC invocations=3 (full 0):
 garbage-first heap   total 131072K, used 8794K [0x0000000083a00000, 0x0000000100000000)
  region size 1024K, 4 young (4096K), 4 survivors (4096K)
 Metaspace       used 15866K, capacity 16102K, committed 16384K, reserved 1062912K
  class space    used 1910K, capacity 1966K, committed 2048K, reserved 1048576K
}
Event: 1,969 GC heap before
{Heap before GC invocations=3 (full 0):
 garbage-first heap   total 131072K, used 36442K [0x0000000083a00000, 0x0000000100000000)
  region size 1024K, 32 young (32768K), 4 survivors (4096K)
 Metaspace       used 20777K, capacity 21083K, committed 21296K, reserved 1069056K
  class space    used 2528K, capacity 2635K, committed 2688K, reserved 1048576K
}
Event: 1,974 GC heap after
{Heap after GC invocations=4 (full 0):
 garbage-first heap   total 131072K, used 10644K [0x0000000083a00000, 0x0000000100000000)
  region size 1024K, 6 young (6144K), 6 survivors (6144K)
 Metaspace       used 20777K, capacity 21083K, committed 21296K, reserved 1069056K
  class space    used 2528K, capacity 2635K, committed 2688K, reserved 1048576K
}
Event: 2,250 GC heap before
{Heap before GC invocations=5 (full 0):
 garbage-first heap   total 48128K, used 33172K [0x0000000083a00000, 0x0000000100000000)
  region size 1024K, 28 young (28672K), 6 survivors (6144K)
 Metaspace       used 24546K, capacity 24799K, committed 25008K, reserved 1071104K
  class space    used 2949K, capacity 3020K, committed 3072K, reserved 1048576K
}
Event: 2,260 GC heap after
{Heap after GC invocations=6 (full 0):
 garbage-first heap   total 58368K, used 12417K [0x0000000083a00000, 0x0000000100000000)
  region size 1024K, 2 young (2048K), 2 survivors (2048K)
 Metaspace       used 24546K, capacity 24799K, committed 25008K, reserved 1071104K
  class space    used 2949K, capacity 3020K, committed 3072K, reserved 1048576K
}
Event: 2,656 GC heap before
{Heap before GC invocations=6 (full 0):
 garbage-first heap   total 58368K, used 40065K [0x0000000083a00000, 0x0000000100000000)
  region size 1024K, 30 young (30720K), 2 survivors (2048K)
 Metaspace       used 30714K, capacity 31084K, committed 31408K, reserved 1077248K
  class space    used 3706K, capacity 3829K, committed 3840K, reserved 1048576K
}
Event: 2,661 GC heap after
{Heap after GC invocations=7 (full 0):
 garbage-first heap   total 58368K, used 15470K [0x0000000083a00000, 0x0000000100000000)
  region size 1024K, 4 young (4096K), 4 survivors (4096K)
 Metaspace       used 30714K, capacity 31084K, committed 31408K, reserved 1077248K
  class space    used 3706K, capacity 3829K, committed 3840K, reserved 1048576K
}
Event: 3,059 GC heap before
{Heap before GC invocations=7 (full 0):
 garbage-first heap   total 58368K, used 40046K [0x0000000083a00000, 0x0000000100000000)
  region size 1024K, 29 young (29696K), 4 survivors (4096K)
 Metaspace       used 35258K, capacity 35565K, committed 35920K, reserved 1081344K
  class space    used 4242K, capacity 4334K, committed 4352K, reserved 1048576K
}
Event: 3,068 GC heap after
{Heap after GC invocations=8 (full 0):
 garbage-first heap   total 58368K, used 18394K [0x0000000083a00000, 0x0000000100000000)
  region size 1024K, 3 young (3072K), 3 survivors (3072K)
 Metaspace       used 35258K, capacity 35565K, committed 35920K, reserved 1081344K
  class space    used 4242K, capacity 4334K, committed 4352K, reserved 1048576K
}

Deoptimization events (20 events):
Event: 2,968 Thread 0x00007f562002dad0 Uncommon trap: trap_request=0xffffff45 fr.pc=0x00007f561067e814 relative=0x00000000000056d4
Event: 2,968 Thread 0x00007f562002dad0 Uncommon trap: reason=unstable_if action=reinterpret pc=0x00007f561067e814 method=jdk.internal.loader.BuiltinClassLoader.findLoadedModule(Ljava/lang/String;)Ljdk/internal/loader/BuiltinClassLoader$LoadedModule; @ 8 c2
Event: 2,969 Thread 0x00007f562002dad0 DEOPT PACKING pc=0x00007f561067e814 sp=0x00007f56277594d0
Event: 2,969 Thread 0x00007f562002dad0 DEOPT UNPACKING pc=0x00007f5608aa0125 sp=0x00007f56277594b8 mode 2
Event: 2,969 Thread 0x00007f562002dad0 Uncommon trap: trap_request=0xffffff45 fr.pc=0x00007f5610655aec relative=0x00000000000009ac
Event: 2,969 Thread 0x00007f562002dad0 Uncommon trap: reason=unstable_if action=reinterpret pc=0x00007f5610655aec method=jdk.internal.loader.BuiltinClassLoader.findLoadedModule(Ljava/lang/String;)Ljdk/internal/loader/BuiltinClassLoader$LoadedModule; @ 8 c2
Event: 2,969 Thread 0x00007f562002dad0 DEOPT PACKING pc=0x00007f5610655aec sp=0x00007f56277593e0
Event: 2,969 Thread 0x00007f562002dad0 DEOPT UNPACKING pc=0x00007f5608aa0125 sp=0x00007f56277593b0 mode 2
Event: 2,982 Thread 0x00007f562002dad0 Uncommon trap: trap_request=0xffffff45 fr.pc=0x00007f561063a53c relative=0x00000000000045fc
Event: 2,982 Thread 0x00007f562002dad0 Uncommon trap: reason=unstable_if action=reinterpret pc=0x00007f561063a53c method=org.springframework.beans.factory.support.AbstractBeanFactory.isTypeMatch(Ljava/lang/String;Lorg/springframework/core/ResolvableType;Z)Z @ 559 c2
Event: 2,982 Thread 0x00007f562002dad0 DEOPT PACKING pc=0x00007f561063a53c sp=0x00007f56277579e0
Event: 2,982 Thread 0x00007f562002dad0 DEOPT UNPACKING pc=0x00007f5608aa0125 sp=0x00007f56277579e8 mode 2
Event: 3,007 Thread 0x00007f562002dad0 DEOPT PACKING pc=0x00007f56092e8686 sp=0x00007f56277542a0
Event: 3,007 Thread 0x00007f562002dad0 DEOPT UNPACKING pc=0x00007f5608a9ff2b sp=0x00007f56277537d8 mode 0
Event: 3,007 Thread 0x00007f562002dad0 DEOPT PACKING pc=0x00007f56092e91cb sp=0x00007f5627754380
Event: 3,007 Thread 0x00007f562002dad0 DEOPT UNPACKING pc=0x00007f5608a9ff2b sp=0x00007f5627753888 mode 0
Event: 3,078 Thread 0x00007f562002dad0 DEOPT PACKING pc=0x00007f560943aed4 sp=0x00007f562775b1b0
Event: 3,078 Thread 0x00007f562002dad0 DEOPT UNPACKING pc=0x00007f5608a9ff2b sp=0x00007f562775a858 mode 0
Event: 3,080 Thread 0x00007f562002dad0 DEOPT PACKING pc=0x00007f56092660cb sp=0x00007f5627758dd0
Event: 3,080 Thread 0x00007f562002dad0 DEOPT UNPACKING pc=0x00007f5608a9ff2b sp=0x00007f56277582a0 mode 3

Classes unloaded (0 events):
No events

Classes redefined (0 events):
No events

Internal exceptions (20 events):
Event: 2,472 Thread 0x00007f562002dad0 Exception <a 'java/lang/NoSuchMethodError'{0x0000000086323170}: 'int java.lang.invoke.DirectMethodHandle$Holder.invokeStaticInit(java.lang.Object, java.lang.Object, java.lang.Object, java.lang.Object)'> (0x0000000086323170) 
thrown [./src/hotspot/share/interpreter/linkResolver.cpp, line 782]
Event: 2,652 Thread 0x00007f562002dad0 Exception <a 'java/lang/NoSuchMethodError'{0x00000000855d0828}: 'void java.lang.invoke.DirectMethodHandle$Holder.invokeVirtual(java.lang.Object, java.lang.Object, java.lang.Object, java.lang.Object)'> (0x00000000855d0828) 
thrown [./src/hotspot/share/interpreter/linkResolver.cpp, line 782]
Event: 2,690 Thread 0x00007f562002dad0 Exception <a 'java/lang/NoSuchMethodError'{0x0000000089a7e120}: 'java.lang.Object java.lang.invoke.DirectMethodHandle$Holder.invokeVirtual(java.lang.Object, java.lang.Object, int)'> (0x0000000089a7e120) 
thrown [./src/hotspot/share/interpreter/linkResolver.cpp, line 782]
Event: 2,698 Thread 0x00007f562002dad0 Exception <a 'java/lang/NoSuchMethodError'{0x0000000089afb748}: 'int java.lang.invoke.DirectMethodHandle$Holder.invokeSpecialIFC(java.lang.Object, java.lang.Object, java.lang.Object)'> (0x0000000089afb748) 
thrown [./src/hotspot/share/interpreter/linkResolver.cpp, line 782]
Event: 2,810 Thread 0x00007f562002dad0 Implicit null exception at 0x00007f56105488d4 to 0x00007f5610548dc0
Event: 2,851 Thread 0x00007f562002dad0 Exception <a 'java/lang/NoSuchMethodError'{0x0000000086685968}: 'java.lang.Object java.lang.invoke.DirectMethodHandle$Holder.invokeStaticInit(java.lang.Object, java.lang.Object, java.lang.Object, java.lang.Object)'> (0x0000000086685968) 
thrown [./src/hotspot/share/interpreter/linkResolver.cpp, line 782]
Event: 2,931 Thread 0x00007f562002dad0 Exception <a 'java/lang/ClassNotFoundException'{0x00000000861a86b8}: java/lang/ObjectCustomizer> (0x00000000861a86b8) 
thrown [./src/hotspot/share/classfile/systemDictionary.cpp, line 295]
Event: 2,931 Thread 0x00007f562002dad0 Exception <a 'java/lang/ClassNotFoundException'{0x00000000861ae980}: org/springframework/web/servlet/config/annotation/WebMvcConfigurationSupportCustomizer> (0x00000000861ae980) 
thrown [./src/hotspot/share/classfile/systemDictionary.cpp, line 295]
Event: 2,932 Thread 0x00007f562002dad0 Exception <a 'java/lang/ClassNotFoundException'{0x00000000861bf820}: org/springframework/web/servlet/config/annotation/DelegatingWebMvcConfigurationCustomizer> (0x00000000861bf820) 
thrown [./src/hotspot/share/classfile/systemDictionary.cpp, line 295]
Event: 2,933 Thread 0x00007f562002dad0 Exception <a 'java/lang/ClassNotFoundException'{0x00000000861c6fe0}: org/springframework/boot/autoconfigure/web/servlet/WebMvcAutoConfiguration$EnableWebMvcConfigurationCustomizer> (0x00000000861c6fe0) 
thrown [./src/hotspot/share/classfile/systemDictionary.cpp, line 295]
Event: 2,933 Thread 0x00007f562002dad0 Exception <a 'java/lang/ClassNotFoundException'{0x00000000861d7898}: org/springframework/context/ResourceLoaderAwareCustomizer> (0x00000000861d7898) 
thrown [./src/hotspot/share/classfile/systemDictionary.cpp, line 295]
Event: 2,934 Thread 0x00007f562002dad0 Exception <a 'java/lang/ClassNotFoundException'{0x00000000861db090}: org/springframework/beans/factory/AwareCustomizer> (0x00000000861db090) 
thrown [./src/hotspot/share/classfile/systemDictionary.cpp, line 295]
Event: 2,934 Thread 0x00007f562002dad0 Exception <a 'java/lang/ClassNotFoundException'{0x00000000861ddb88}: org/springframework/context/ApplicationContextAwareCustomizer> (0x00000000861ddb88) 
thrown [./src/hotspot/share/classfile/systemDictionary.cpp, line 295]
Event: 2,934 Thread 0x00007f562002dad0 Exception <a 'java/lang/ClassNotFoundException'{0x00000000861e1f50}: org/springframework/beans/factory/AwareCustomizer> (0x00000000861e1f50) 
thrown [./src/hotspot/share/classfile/systemDictionary.cpp, line 295]
Event: 2,934 Thread 0x00007f562002dad0 Exception <a 'java/lang/ClassNotFoundException'{0x00000000861e4a20}: org/springframework/web/context/ServletContextAwareCustomizer> (0x00000000861e4a20) 
thrown [./src/hotspot/share/classfile/systemDictionary.cpp, line 295]
Event: 2,934 Thread 0x00007f562002dad0 Exception <a 'java/lang/ClassNotFoundException'{0x00000000861e8670}: org/springframework/beans/factory/AwareCustomizer> (0x00000000861e8670) 
thrown [./src/hotspot/share/classfile/systemDictionary.cpp, line 295]
Event: 3,035 Thread 0x00007f562002dad0 Exception <a 'java/lang/NoSuchMethodError'{0x0000000085a780a0}: 'void java.lang.invoke.DirectMethodHandle$Holder.invokeVirtual(java.lang.Object, java.lang.Object, int)'> (0x0000000085a780a0) 
thrown [./src/hotspot/share/interpreter/linkResolver.cpp, line 782]
Event: 3,037 Thread 0x00007f562002dad0 Exception <a 'java/lang/NoSuchMethodError'{0x0000000085a94320}: 'void java.lang.invoke.DirectMethodHandle$Holder.invokeVirtual(java.lang.Object, java.lang.Object, long)'> (0x0000000085a94320) 
thrown [./src/hotspot/share/interpreter/linkResolver.cpp, line 782]
Event: 3,127 Thread 0x00007f562002dad0 Exception <a 'java/lang/NoSuchMethodError'{0x0000000089a91a78}: 'java.lang.Object java.lang.invoke.DirectMethodHandle$Holder.invokeInterface(java.lang.Object, java.lang.Object, java.lang.Object)'> (0x0000000089a91a78) 
thrown [./src/hotspot/share/interpreter/linkResolver.cpp, line 782]
Event: 3,128 Thread 0x00007f562002dad0 Exception <a 'java/lang/IncompatibleClassChangeError'{0x0000000089a95310}: Found class java.lang.Object, but interface was expected> (0x0000000089a95310) 
thrown [./src/hotspot/share/interpreter/linkResolver.cpp, line 848]

Events (20 events):
Event: 3,058 Executing VM operation: CollectForMetadataAllocation
Event: 3,068 Executing VM operation: CollectForMetadataAllocation done
Event: 3,072 Executing VM operation: HandshakeAllThreads
Event: 3,072 Executing VM operation: HandshakeAllThreads done
Event: 3,085 loading class java/util/stream/ReduceOps$5
Event: 3,085 loading class java/util/stream/ReduceOps$5 done
Event: 3,085 loading class java/util/stream/ReduceOps$CountingSink$OfRef
Event: 3,085 loading class java/util/stream/ReduceOps$CountingSink
Event: 3,085 loading class java/util/stream/ReduceOps$CountingSink done
Event: 3,085 loading class java/util/stream/ReduceOps$CountingSink$OfRef done
Event: 3,086 Executing VM operation: G1Concurrent
Event: 3,089 Executing VM operation: G1Concurrent done
Event: 3,089 Executing VM operation: HandshakeAllThreads
Event: 3,089 Executing VM operation: HandshakeAllThreads done
Event: 3,101 Executing VM operation: G1Concurrent
Event: 3,101 Executing VM operation: G1Concurrent done
Event: 3,110 loading class java/util/concurrent/ConcurrentLinkedDeque$Node
Event: 3,110 loading class java/util/concurrent/ConcurrentLinkedDeque$Node done
Event: 3,135 Executing VM operation: HandshakeAllThreads
Event: 3,135 Executing VM operation: HandshakeAllThreads done


Dynamic libraries:
83a00000-86a00000 rw-p 00000000 00:00 0 
86a00000-89600000 ---p 00000000 00:00 0 
89600000-89c00000 rw-p 00000000 00:00 0 
89c00000-8b700000 ---p 00000000 00:00 0 
8b700000-8b800000 rw-p 00000000 00:00 0 
8b800000-ffe00000 ---p 00000000 00:00 0 
ffe00000-ffe52000 rw-p 00be7000 08:15 4203126                            /usr/lib/jvm/java-15-amazon-corretto/lib/server/classes.jsa
ffe52000-fff00000 rw-p 00000000 00:00 0 
fff00000-fff7c000 rw-p 00b6b000 08:15 4203126                            /usr/lib/jvm/java-15-amazon-corretto/lib/server/classes.jsa
fff7c000-100000000 rw-p 00000000 00:00 0 
800000000-800003000 rwxp 00001000 08:15 4203126                          /usr/lib/jvm/java-15-amazon-corretto/lib/server/classes.jsa
800003000-8003e7000 rw-p 00004000 08:15 4203126                          /usr/lib/jvm/java-15-amazon-corretto/lib/server/classes.jsa
8003e7000-800b36000 r--p 003e8000 08:15 4203126                          /usr/lib/jvm/java-15-amazon-corretto/lib/server/classes.jsa
800b36000-800b38000 ---p 00000000 00:00 0 
800b38000-800fcb000 rw-p 00000000 00:00 0 
800fcb000-840b38000 ---p 00000000 00:00 0 
56025d3e8000-56025d3e9000 r-xp 00000000 08:15 4203422                    /usr/lib/jvm/java-15-amazon-corretto/bin/java
56025d5e9000-56025d5ea000 r--p 00001000 08:15 4203422                    /usr/lib/jvm/java-15-amazon-corretto/bin/java
56025d5ea000-56025d5eb000 rw-p 00002000 08:15 4203422                    /usr/lib/jvm/java-15-amazon-corretto/bin/java
56025d875000-56025d896000 rw-p 00000000 00:00 0                          [heap]
7f5587bde000-7f5587bf5000 r-xp 00000000 08:15 5510222                    /lib/x86_64-linux-gnu/libresolv-2.27.so
7f5587bf5000-7f5587df5000 ---p 00017000 08:15 5510222                    /lib/x86_64-linux-gnu/libresolv-2.27.so
7f5587df5000-7f5587df6000 r--p 00017000 08:15 5510222                    /lib/x86_64-linux-gnu/libresolv-2.27.so
7f5587df6000-7f5587df7000 rw-p 00018000 08:15 5510222                    /lib/x86_64-linux-gnu/libresolv-2.27.so
7f5587df7000-7f5587df9000 rw-p 00000000 00:00 0 
7f5587df9000-7f5587dfe000 r-xp 00000000 08:15 5510171                    /lib/x86_64-linux-gnu/libnss_dns-2.27.so
7f5587dfe000-7f5587ffe000 ---p 00005000 08:15 5510171                    /lib/x86_64-linux-gnu/libnss_dns-2.27.so
7f5587ffe000-7f5587fff000 r--p 00005000 08:15 5510171                    /lib/x86_64-linux-gnu/libnss_dns-2.27.so
7f5587fff000-7f5588000000 rw-p 00006000 08:15 5510171                    /lib/x86_64-linux-gnu/libnss_dns-2.27.so
7f5588000000-7f5588021000 rw-p 00000000 00:00 0 
7f5588021000-7f558c000000 ---p 00000000 00:00 0 
7f558c000000-7f558c021000 rw-p 00000000 00:00 0 
7f558c021000-7f5590000000 ---p 00000000 00:00 0 
7f5590000000-7f5590021000 rw-p 00000000 00:00 0 
7f5590021000-7f5594000000 ---p 00000000 00:00 0 
7f5594000000-7f5594021000 rw-p 00000000 00:00 0 
7f5594021000-7f5598000000 ---p 00000000 00:00 0 
7f5598000000-7f5598044000 rw-p 00000000 00:00 0 
7f5598044000-7f559c000000 ---p 00000000 00:00 0 
7f559c000000-7f559c021000 rw-p 00000000 00:00 0 
7f559c021000-7f55a0000000 ---p 00000000 00:00 0 
7f55a0000000-7f55a01e8000 rw-p 00000000 00:00 0 
7f55a01e8000-7f55a4000000 ---p 00000000 00:00 0 
7f55a4000000-7f55a4021000 rw-p 00000000 00:00 0 
7f55a4021000-7f55a8000000 ---p 00000000 00:00 0 
7f55a8000000-7f55a8021000 rw-p 00000000 00:00 0 
7f55a8021000-7f55ac000000 ---p 00000000 00:00 0 
7f55ac000000-7f55ac021000 rw-p 00000000 00:00 0 
7f55ac021000-7f55b0000000 ---p 00000000 00:00 0 
7f55b0000000-7f55b0021000 rw-p 00000000 00:00 0 
7f55b0021000-7f55b4000000 ---p 00000000 00:00 0 
7f55b4000000-7f55b4021000 rw-p 00000000 00:00 0 
7f55b4021000-7f55b8000000 ---p 00000000 00:00 0 
7f55b8000000-7f55b8021000 rw-p 00000000 00:00 0 
7f55b8021000-7f55bc000000 ---p 00000000 00:00 0 
7f55bc000000-7f55bc021000 rw-p 00000000 00:00 0 
7f55bc021000-7f55c0000000 ---p 00000000 00:00 0 
7f55c0000000-7f55c0021000 rw-p 00000000 00:00 0 
7f55c0021000-7f55c4000000 ---p 00000000 00:00 0 
7f55c4000000-7f55c571d000 rw-p 00000000 00:00 0 
7f55c571d000-7f55c8000000 ---p 00000000 00:00 0 
7f55c8000000-7f55c880a000 rw-p 00000000 00:00 0 
7f55c880a000-7f55cc000000 ---p 00000000 00:00 0 
7f55cc000000-7f55cc021000 rw-p 00000000 00:00 0 
7f55cc021000-7f55d0000000 ---p 00000000 00:00 0 
7f55d0000000-7f55d1407000 rw-p 00000000 00:00 0 
7f55d1407000-7f55d4000000 ---p 00000000 00:00 0 
7f55d4000000-7f55d4021000 rw-p 00000000 00:00 0 
7f55d4021000-7f55d8000000 ---p 00000000 00:00 0 
7f55d8015000-7f55d8017000 r-xp 00000000 08:15 5510179                    /lib/x86_64-linux-gnu/libnss_mdns4_minimal.so.2
7f55d8017000-7f55d8216000 ---p 00002000 08:15 5510179                    /lib/x86_64-linux-gnu/libnss_mdns4_minimal.so.2
7f55d8216000-7f55d8217000 r--p 00001000 08:15 5510179                    /lib/x86_64-linux-gnu/libnss_mdns4_minimal.so.2
7f55d8217000-7f55d8218000 rw-p 00002000 08:15 5510179                    /lib/x86_64-linux-gnu/libnss_mdns4_minimal.so.2
7f55d8218000-7f55d82d8000 rw-p 00000000 00:00 0 
7f55d82d8000-7f55d8418000 ---p 00000000 00:00 0 
7f55d841a000-7f55d8860000 rw-p 00000000 00:00 0 
7f55d8860000-7f55d8878000 ---p 00000000 00:00 0 
7f55d8879000-7f55d887d000 ---p 00000000 00:00 0 
7f55d887d000-7f55d897a000 rw-p 00000000 00:00 0 
7f55d897a000-7f55d897e000 ---p 00000000 00:00 0 
7f55d897e000-7f55d8a7b000 rw-p 00000000 00:00 0 
7f55d8a7b000-7f55d8a7f000 ---p 00000000 00:00 0 
7f55d8a7f000-7f55d8d7c000 rw-p 00000000 00:00 0 
7f55d8d7c000-7f55d8f7c000 rw-p 00000000 00:00 0 
7f55d8f7c000-7f55d917c000 rw-p 00000000 00:00 0 
7f55d917c000-7f55d937c000 rw-p 00000000 00:00 0 
7f55d937e000-7f55d9382000 ---p 00000000 00:00 0 
7f55d9382000-7f55d947f000 rw-p 00000000 00:00 0 
7f55d947f000-7f55d9483000 ---p 00000000 00:00 0 
7f55d9483000-7f55d9780000 rw-p 00000000 00:00 0 
7f55d9780000-7f55d996c000 rw-p 00000000 00:00 0 
7f55d996c000-7f55d9980000 ---p 00000000 00:00 0 
7f55d9980000-7f55d9b80000 rw-p 00000000 00:00 0 
7f55d9b80000-7f55d9d80000 rw-p 00000000 00:00 0 
7f55d9d83000-7f55d9d87000 ---p 00000000 00:00 0 
7f55d9d87000-7f55da084000 rw-p 00000000 00:00 0 
7f55da084000-7f55da284000 rw-p 00000000 00:00 0 
7f55da284000-7f55da484000 rw-p 00000000 00:00 0 
7f55da486000-7f55da487000 ---p 00000000 00:00 0 
7f55da487000-7f55da588000 rw-p 00000000 00:00 0 
7f55da588000-7f55da58c000 ---p 00000000 00:00 0 
7f55da58c000-7f55da689000 rw-p 00000000 00:00 0 
7f55da689000-7f55da68f000 r-xp 00000000 08:15 4203091                    /usr/lib/jvm/java-15-amazon-corretto/lib/libmanagement_ext.so
7f55da68f000-7f55da88e000 ---p 00006000 08:15 4203091                    /usr/lib/jvm/java-15-amazon-corretto/lib/libmanagement_ext.so
7f55da88e000-7f55da88f000 r--p 00005000 08:15 4203091                    /usr/lib/jvm/java-15-amazon-corretto/lib/libmanagement_ext.so
7f55da88f000-7f55da890000 rw-p 00000000 00:00 0 
7f55da890000-7f55da894000 r-xp 00000000 08:15 4203146                    /usr/lib/jvm/java-15-amazon-corretto/lib/libmanagement.so
7f55da894000-7f55daa94000 ---p 00004000 08:15 4203146                    /usr/lib/jvm/java-15-amazon-corretto/lib/libmanagement.so
7f55daa94000-7f55daa95000 r--p 00004000 08:15 4203146                    /usr/lib/jvm/java-15-amazon-corretto/lib/libmanagement.so
7f55daa95000-7f55daa96000 rw-p 00000000 00:00 0 
7f55daa96000-7f55daa97000 ---p 00000000 00:00 0 
7f55daa97000-7f55dab98000 rw-p 00000000 00:00 0 
7f55dab98000-7f55dab99000 ---p 00000000 00:00 0 
7f55dab99000-7f55dac9a000 rw-p 00000000 00:00 0 
7f55dac9a000-7f55dac9b000 ---p 00000000 00:00 0 
7f55dac9b000-7f55dad9c000 rw-p 00000000 00:00 0 
7f55dad9c000-7f55dad9e000 r-xp 00000000 08:15 4203096                    /usr/lib/jvm/java-15-amazon-corretto/lib/libextnet.so
7f55dad9e000-7f55daf9d000 ---p 00002000 08:15 4203096                    /usr/lib/jvm/java-15-amazon-corretto/lib/libextnet.so
7f55daf9d000-7f55daf9e000 r--p 00001000 08:15 4203096                    /usr/lib/jvm/java-15-amazon-corretto/lib/libextnet.so
7f55daf9e000-7f55daf9f000 rw-p 00000000 00:00 0 
7f55daf9f000-7f55dafa0000 ---p 00000000 00:00 0 
7f55dafa0000-7f55db0a1000 rw-p 00000000 00:00 0 
7f55db0a1000-7f55db0a5000 ---p 00000000 00:00 0 
7f55db0a5000-7f55db1a2000 rw-p 00000000 00:00 0 
7f55db1a2000-7f55db1a6000 ---p 00000000 00:00 0 
7f55db1a6000-7f55db2a3000 rw-p 00000000 00:00 0 
7f55db2a3000-7f55db2b4000 r-xp 00000000 08:15 4203127                    /usr/lib/jvm/java-15-amazon-corretto/lib/libverify.so
7f55db2b4000-7f55db4b3000 ---p 00011000 08:15 4203127                    /usr/lib/jvm/java-15-amazon-corretto/lib/libverify.so
7f55db4b3000-7f55db4b5000 r--p 00010000 08:15 4203127                    /usr/lib/jvm/java-15-amazon-corretto/lib/libverify.so
7f55db4b5000-7f55db4b6000 rw-p 00000000 00:00 0 
7f55db4b6000-7f55db4ba000 ---p 00000000 00:00 0 
7f55db4ba000-7f55db5b7000 rw-p 00000000 00:00 0 
7f55db5b7000-7f55db5cc000 r-xp 00000000 08:15 4203133                    /usr/lib/jvm/java-15-amazon-corretto/lib/libnet.so
7f55db5cc000-7f55db7cb000 ---p 00015000 08:15 4203133                    /usr/lib/jvm/java-15-amazon-corretto/lib/libnet.so
7f55db7cb000-7f55db7cc000 r--p 00014000 08:15 4203133                    /usr/lib/jvm/java-15-amazon-corretto/lib/libnet.so
7f55db7cc000-7f55db7cd000 rw-p 00015000 08:15 4203133                    /usr/lib/jvm/java-15-amazon-corretto/lib/libnet.so
7f55db7cd000-7f55db7df000 r-xp 00000000 08:15 4203134                    /usr/lib/jvm/java-15-amazon-corretto/lib/libnio.so
7f55db7df000-7f55db9de000 ---p 00012000 08:15 4203134                    /usr/lib/jvm/java-15-amazon-corretto/lib/libnio.so
7f55db9de000-7f55db9df000 r--p 00011000 08:15 4203134                    /usr/lib/jvm/java-15-amazon-corretto/lib/libnio.so
7f55db9df000-7f55db9e0000 rw-p 00012000 08:15 4203134                    /usr/lib/jvm/java-15-amazon-corretto/lib/libnio.so
7f55db9e0000-7f55db9fa000 r-xp 00000000 08:15 4203131                    /usr/lib/jvm/java-15-amazon-corretto/lib/libzip.so
7f55db9fa000-7f55dbbfa000 ---p 0001a000 08:15 4203131                    /usr/lib/jvm/java-15-amazon-corretto/lib/libzip.so
7f55dbbfa000-7f55dbbfb000 r--p 0001a000 08:15 4203131                    /usr/lib/jvm/java-15-amazon-corretto/lib/libzip.so
7f55dbbfb000-7f55dbbfc000 rw-p 00000000 00:00 0 
7f55dbbfc000-7f55dbc00000 ---p 00000000 00:00 0 
7f55dbc00000-7f55dbcfd000 rw-p 00000000 00:00 0 
7f55dbcfd000-7f55dbd01000 ---p 00000000 00:00 0 
7f55dbd01000-7f55dbdfe000 rw-p 00000000 00:00 0 
7f55dbdfe000-7f55dbe02000 ---p 00000000 00:00 0 
7f55dbe02000-7f55dbeff000 rw-p 00000000 00:00 0 
7f55dbeff000-7f55dbf03000 ---p 00000000 00:00 0 
7f55dbf03000-7f55dc000000 rw-p 00000000 00:00 0 
7f55dc000000-7f55dc021000 rw-p 00000000 00:00 0 
7f55dc021000-7f55e0000000 ---p 00000000 00:00 0 
7f55e0000000-7f55e0021000 rw-p 00000000 00:00 0 
7f55e0021000-7f55e4000000 ---p 00000000 00:00 0 
7f55e4000000-7f55e4021000 rw-p 00000000 00:00 0 
7f55e4021000-7f55e8000000 ---p 00000000 00:00 0 
7f55e8000000-7f55e8021000 rw-p 00000000 00:00 0 
7f55e8021000-7f55ec000000 ---p 00000000 00:00 0 
7f55ec000000-7f55ec021000 rw-p 00000000 00:00 0 
7f55ec021000-7f55f0000000 ---p 00000000 00:00 0 
7f55f0000000-7f55f0021000 rw-p 00000000 00:00 0 
7f55f0021000-7f55f4000000 ---p 00000000 00:00 0 
7f55f4000000-7f55f4021000 rw-p 00000000 00:00 0 
7f55f4021000-7f55f8000000 ---p 00000000 00:00 0 
7f55f8000000-7f55f8021000 rw-p 00000000 00:00 0 
7f55f8021000-7f55fc000000 ---p 00000000 00:00 0 
7f55fc000000-7f55fc021000 rw-p 00000000 00:00 0 
7f55fc021000-7f5600000000 ---p 00000000 00:00 0 
7f5600035000-7f5600039000 ---p 00000000 00:00 0 
7f5600039000-7f5600136000 rw-p 00000000 00:00 0 
7f5600136000-7f560013a000 ---p 00000000 00:00 0 
7f560013a000-7f5600237000 rw-p 00000000 00:00 0 
7f5600237000-7f5600778000 r--p 00000000 08:15 4069564                    /usr/lib/locale/locale-archive
7f5600778000-7f560077c000 ---p 00000000 00:00 0 
7f560077c000-7f5600879000 rw-p 00000000 00:00 0 
7f5600879000-7f560087d000 ---p 00000000 00:00 0 
7f560087d000-7f560097a000 rw-p 00000000 00:00 0 
7f560097a000-7f560097b000 ---p 00000000 00:00 0 
7f560097b000-7f560127c000 rw-p 00000000 00:00 0 
7f560127c000-7f560127d000 ---p 00000000 00:00 0 
7f560127d000-7f560137e000 rw-p 00000000 00:00 0 
7f560137e000-7f560137f000 ---p 00000000 00:00 0 
7f560137f000-7f5603884000 rw-p 00000000 00:00 0 
7f5603884000-7f5603885000 ---p 00000000 00:00 0 
7f5603885000-7f5603986000 rw-p 00000000 00:00 0 
7f5603986000-7f5603987000 ---p 00000000 00:00 0 
7f5603987000-7f5603a88000 rw-p 00000000 00:00 0 
7f5603a88000-7f5603a89000 ---p 00000000 00:00 0 
7f5603a89000-7f5603c4a000 rw-p 00000000 00:00 0 
7f5603c4a000-7f5603cfa000 ---p 00000000 00:00 0 
7f5603cfa000-7f5603d12000 rw-p 00000000 00:00 0 
7f5603d12000-7f5603d7e000 ---p 00000000 00:00 0 
7f5603d7e000-7f5603d82000 rw-p 00000000 00:00 0 
7f5603d82000-7f5605a9a000 ---p 00000000 00:00 0 
7f5605a9a000-7f5605b62000 rw-p 00000000 00:00 0 
7f5605b62000-7f5605c12000 ---p 00000000 00:00 0 
7f5605c12000-7f5605c2a000 rw-p 00000000 00:00 0 
7f5605c2a000-7f5605c96000 ---p 00000000 00:00 0 
7f5605c96000-7f5605c9a000 rw-p 00000000 00:00 0 
7f5605c9a000-7f56079b2000 ---p 00000000 00:00 0 
7f56079b2000-7f56079d2000 rw-p 00000000 00:00 0 
7f56079d2000-7f56079e8000 ---p 00000000 00:00 0 
7f56079e8000-7f56079eb000 rw-p 00000000 00:00 0 
7f56079eb000-7f56079f8000 ---p 00000000 00:00 0 
7f56079f8000-7f56079f9000 rw-p 00000000 00:00 0 
7f56079f9000-7f5607d9c000 ---p 00000000 00:00 0 
7f5607d9c000-7f5607db5000 rw-p 00000000 00:00 0 
7f5607db5000-7f5607dcb000 ---p 00000000 00:00 0 
7f5607dcb000-7f5607dce000 rw-p 00000000 00:00 0 
7f5607dce000-7f5607ddb000 ---p 00000000 00:00 0 
7f5607ddb000-7f5607ddc000 rw-p 00000000 00:00 0 
7f5607ddc000-7f560817f000 ---p 00000000 00:00 0 
7f560817f000-7f5608198000 rw-p 00000000 00:00 0 
7f5608198000-7f56081ae000 ---p 00000000 00:00 0 
7f56081ae000-7f56081b1000 rw-p 00000000 00:00 0 
7f56081b1000-7f56081be000 ---p 00000000 00:00 0 
7f56081be000-7f56081bf000 rw-p 00000000 00:00 0 
7f56081bf000-7f5608562000 ---p 00000000 00:00 0 
7f5608562000-7f560896c000 rw-p 00000000 00:00 0 
7f560896c000-7f5608a52000 ---p 00000000 00:00 0 
7f5608a52000-7f5608cc2000 rwxp 00000000 00:00 0 
7f5608cc2000-7f5608fe3000 ---p 00000000 00:00 0 
7f5608fe3000-7f5609763000 rwxp 00000000 00:00 0 
7f5609763000-7f561051a000 ---p 00000000 00:00 0 
7f561051a000-7f561078a000 rwxp 00000000 00:00 0 
7f561078a000-7f5617a52000 ---p 00000000 00:00 0 
7f5617a52000-7f5620000000 r--s 00000000 08:15 4203089                    /usr/lib/jvm/java-15-amazon-corretto/lib/modules
7f5620000000-7f562141f000 rw-p 00000000 00:00 0 
7f562141f000-7f5624000000 ---p 00000000 00:00 0 
7f5624037000-7f56240c7000 rw-p 00000000 00:00 0 
7f56240c7000-7f56241a3000 ---p 00000000 00:00 0 
7f56241a3000-7f56241ae000 r-xp 00000000 08:15 5510173                    /lib/x86_64-linux-gnu/libnss_files-2.27.so
7f56241ae000-7f56243ad000 ---p 0000b000 08:15 5510173                    /lib/x86_64-linux-gnu/libnss_files-2.27.so
7f56243ad000-7f56243ae000 r--p 0000a000 08:15 5510173                    /lib/x86_64-linux-gnu/libnss_files-2.27.so
7f56243ae000-7f56243af000 rw-p 0000b000 08:15 5510173                    /lib/x86_64-linux-gnu/libnss_files-2.27.so
7f56243af000-7f56243b5000 rw-p 00000000 00:00 0 
7f56243b5000-7f56243cc000 r-xp 00000000 08:15 5510167                    /lib/x86_64-linux-gnu/libnsl-2.27.so
7f56243cc000-7f56245cb000 ---p 00017000 08:15 5510167                    /lib/x86_64-linux-gnu/libnsl-2.27.so
7f56245cb000-7f56245cc000 r--p 00016000 08:15 5510167                    /lib/x86_64-linux-gnu/libnsl-2.27.so
7f56245cc000-7f56245cd000 rw-p 00017000 08:15 5510167                    /lib/x86_64-linux-gnu/libnsl-2.27.so
7f56245cd000-7f56245cf000 rw-p 00000000 00:00 0 
7f56245cf000-7f56245da000 r-xp 00000000 08:15 5510184                    /lib/x86_64-linux-gnu/libnss_nis-2.27.so
7f56245da000-7f56247d9000 ---p 0000b000 08:15 5510184                    /lib/x86_64-linux-gnu/libnss_nis-2.27.so
7f56247d9000-7f56247da000 r--p 0000a000 08:15 5510184                    /lib/x86_64-linux-gnu/libnss_nis-2.27.so
7f56247da000-7f56247db000 rw-p 0000b000 08:15 5510184                    /lib/x86_64-linux-gnu/libnss_nis-2.27.so
7f56247db000-7f56247e3000 r-xp 00000000 08:15 5510169                    /lib/x86_64-linux-gnu/libnss_compat-2.27.so
7f56247e3000-7f56249e3000 ---p 00008000 08:15 5510169                    /lib/x86_64-linux-gnu/libnss_compat-2.27.so
7f56249e3000-7f56249e4000 r--p 00008000 08:15 5510169                    /lib/x86_64-linux-gnu/libnss_compat-2.27.so
7f56249e4000-7f56249e5000 rw-p 00009000 08:15 5510169                    /lib/x86_64-linux-gnu/libnss_compat-2.27.so
7f56249e5000-7f5624a0a000 r-xp 00000000 08:15 4203129                    /usr/lib/jvm/java-15-amazon-corretto/lib/libjava.so
7f5624a0a000-7f5624c09000 ---p 00025000 08:15 4203129                    /usr/lib/jvm/java-15-amazon-corretto/lib/libjava.so
7f5624c09000-7f5624c0a000 r--p 00024000 08:15 4203129                    /usr/lib/jvm/java-15-amazon-corretto/lib/libjava.so
7f5624c0a000-7f5624c0b000 rw-p 00025000 08:15 4203129                    /usr/lib/jvm/java-15-amazon-corretto/lib/libjava.so
7f5624c0b000-7f5624c0c000 rw-p 00000000 00:00 0 
7f5624c0c000-7f5624c16000 r-xp 00000000 08:15 4203142                    /usr/lib/jvm/java-15-amazon-corretto/lib/libinstrument.so
7f5624c16000-7f5624e15000 ---p 0000a000 08:15 4203142                    /usr/lib/jvm/java-15-amazon-corretto/lib/libinstrument.so
7f5624e15000-7f5624e16000 r--p 00009000 08:15 4203142                    /usr/lib/jvm/java-15-amazon-corretto/lib/libinstrument.so
7f5624e16000-7f5624e17000 rw-p 0000a000 08:15 4203142                    /usr/lib/jvm/java-15-amazon-corretto/lib/libinstrument.so
7f5624e17000-7f5624e32000 r-xp 00000000 08:15 4203132                    /usr/lib/jvm/java-15-amazon-corretto/lib/libjimage.so
7f5624e32000-7f5625032000 ---p 0001b000 08:15 4203132                    /usr/lib/jvm/java-15-amazon-corretto/lib/libjimage.so
7f5625032000-7f5625034000 r--p 0001b000 08:15 4203132                    /usr/lib/jvm/java-15-amazon-corretto/lib/libjimage.so
7f5625034000-7f5625035000 rw-p 0001d000 08:15 4203132                    /usr/lib/jvm/java-15-amazon-corretto/lib/libjimage.so
7f5625035000-7f562503c000 r-xp 00000000 08:15 5510224                    /lib/x86_64-linux-gnu/librt-2.27.so
7f562503c000-7f562523b000 ---p 00007000 08:15 5510224                    /lib/x86_64-linux-gnu/librt-2.27.so
7f562523b000-7f562523c000 r--p 00006000 08:15 5510224                    /lib/x86_64-linux-gnu/librt-2.27.so
7f562523c000-7f562523d000 rw-p 00007000 08:15 5510224                    /lib/x86_64-linux-gnu/librt-2.27.so
7f562523d000-7f56253da000 r-xp 00000000 08:15 5510146                    /lib/x86_64-linux-gnu/libm-2.27.so
7f56253da000-7f56255d9000 ---p 0019d000 08:15 5510146                    /lib/x86_64-linux-gnu/libm-2.27.so
7f56255d9000-7f56255da000 r--p 0019c000 08:15 5510146                    /lib/x86_64-linux-gnu/libm-2.27.so
7f56255da000-7f56255db000 rw-p 0019d000 08:15 5510146                    /lib/x86_64-linux-gnu/libm-2.27.so
7f56255db000-7f56267c3000 r-xp 00000000 08:15 4203123                    /usr/lib/jvm/java-15-amazon-corretto/lib/server/libjvm.so
7f56267c3000-7f56269c3000 ---p 011e8000 08:15 4203123                    /usr/lib/jvm/java-15-amazon-corretto/lib/server/libjvm.so
7f56269c3000-7f5626a60000 r--p 011e8000 08:15 4203123                    /usr/lib/jvm/java-15-amazon-corretto/lib/server/libjvm.so
7f5626a60000-7f5626a99000 rw-p 01285000 08:15 4203123                    /usr/lib/jvm/java-15-amazon-corretto/lib/server/libjvm.so
7f5626a99000-7f5626b22000 rw-p 00000000 00:00 0 
7f5626b22000-7f5626d09000 r-xp 00000000 08:15 5510083                    /lib/x86_64-linux-gnu/libc-2.27.so
7f5626d09000-7f5626f09000 ---p 001e7000 08:15 5510083                    /lib/x86_64-linux-gnu/libc-2.27.so
7f5626f09000-7f5626f0d000 r--p 001e7000 08:15 5510083                    /lib/x86_64-linux-gnu/libc-2.27.so
7f5626f0d000-7f5626f0f000 rw-p 001eb000 08:15 5510083                    /lib/x86_64-linux-gnu/libc-2.27.so
7f5626f0f000-7f5626f13000 rw-p 00000000 00:00 0 
7f5626f13000-7f5626f16000 r-xp 00000000 08:15 5510106                    /lib/x86_64-linux-gnu/libdl-2.27.so
7f5626f16000-7f5627115000 ---p 00003000 08:15 5510106                    /lib/x86_64-linux-gnu/libdl-2.27.so
7f5627115000-7f5627116000 r--p 00002000 08:15 5510106                    /lib/x86_64-linux-gnu/libdl-2.27.so
7f5627116000-7f5627117000 rw-p 00003000 08:15 5510106                    /lib/x86_64-linux-gnu/libdl-2.27.so
7f5627117000-7f5627131000 r-xp 00000000 08:15 5510216                    /lib/x86_64-linux-gnu/libpthread-2.27.so
7f5627131000-7f5627330000 ---p 0001a000 08:15 5510216                    /lib/x86_64-linux-gnu/libpthread-2.27.so
7f5627330000-7f5627331000 r--p 00019000 08:15 5510216                    /lib/x86_64-linux-gnu/libpthread-2.27.so
7f5627331000-7f5627332000 rw-p 0001a000 08:15 5510216                    /lib/x86_64-linux-gnu/libpthread-2.27.so
7f5627332000-7f5627336000 rw-p 00000000 00:00 0 
7f5627336000-7f562734f000 r-xp 00000000 08:15 4203128                    /usr/lib/jvm/java-15-amazon-corretto/lib/libjli.so
7f562734f000-7f562754f000 ---p 00019000 08:15 4203128                    /usr/lib/jvm/java-15-amazon-corretto/lib/libjli.so
7f562754f000-7f5627550000 r--p 00019000 08:15 4203128                    /usr/lib/jvm/java-15-amazon-corretto/lib/libjli.so
7f5627550000-7f5627551000 rw-p 0001a000 08:15 4203128                    /usr/lib/jvm/java-15-amazon-corretto/lib/libjli.so
7f5627551000-7f5627578000 r-xp 00000000 08:15 5510055                    /lib/x86_64-linux-gnu/ld-2.27.so
7f562757d000-7f562765c000 rw-p 00000000 00:00 0 
7f562765c000-7f5627660000 ---p 00000000 00:00 0 
7f5627660000-7f5627764000 rw-p 00000000 00:00 0 
7f5627764000-7f562776b000 ---p 00000000 00:00 0 
7f562776b000-7f5627773000 rw-s 00000000 08:15 4327609                    /tmp/hsperfdata_shakhzod/5322
7f5627773000-7f5627774000 ---p 00000000 00:00 0 
7f5627774000-7f5627775000 r--p 00000000 00:00 0 
7f5627775000-7f5627776000 ---p 00000000 00:00 0 
7f5627776000-7f5627778000 rw-p 00000000 00:00 0 
7f5627778000-7f5627779000 r--p 00027000 08:15 5510055                    /lib/x86_64-linux-gnu/ld-2.27.so
7f5627779000-7f562777a000 rw-p 00028000 08:15 5510055                    /lib/x86_64-linux-gnu/ld-2.27.so
7f562777a000-7f562777b000 rw-p 00000000 00:00 0 
7ffd3f71f000-7ffd3f742000 rw-p 00000000 00:00 0                          [stack]
7ffd3f75b000-7ffd3f75e000 r--p 00000000 00:00 0                          [vvar]
7ffd3f75e000-7ffd3f75f000 r-xp 00000000 00:00 0                          [vdso]
ffffffffff600000-ffffffffff601000 r-xp 00000000 00:00 0                  [vsyscall]


VM Arguments:
jvm_args: -javaagent:/home/shakhzod/Downloads/idea-IC-201.7846.76/lib/idea_rt.jar=41189:/home/shakhzod/Downloads/idea-IC-201.7846.76/bin -Dfile.encoding=UTF-8 
java_command: io.shakhzod.whereis.WhereisApplication
java_class_path (initial): /home/shakhzod/Downloads/whereisbot/target/classes:/home/shakhzod/.m2/repository/org/springframework/boot/spring-boot-starter/2.3.5.RELEASE/spring-boot-starter-2.3.5.RELEASE.jar:/home/shakhzod/.m2/repository/org/springframework/boot/spring-boot/2.3.5.RELEASE/spring-boot-2.3.5.RELEASE.jar:/home/shakhzod/.m2/repository/org/springframework/spring-context/5.2.10.RELEASE/spring-context-5.2.10.RELEASE.jar:/home/shakhzod/.m2/repository/org/springframework/boot/spring-boot-autoconfigure/2.3.5.RELEASE/spring-boot-autoconfigure-2.3.5.RELEASE.jar:/home/shakhzod/.m2/repository/org/springframework/boot/spring-boot-starter-logging/2.3.5.RELEASE/spring-boot-starter-logging-2.3.5.RELEASE.jar:/home/shakhzod/.m2/repository/ch/qos/logback/logback-classic/1.2.3/logback-classic-1.2.3.jar:/home/shakhzod/.m2/repository/ch/qos/logback/logback-core/1.2.3/logback-core-1.2.3.jar:/home/shakhzod/.m2/repository/org/apache/logging/log4j/log4j-to-slf4j/2.13.3/log4j-to-slf4j-2.13.3.jar:/home/shakhzod/.m2/repository/org/apache/logging/log4j/log4j-api/2.13.3/log4j-api-2.13.3.jar:/home/shakhzod/.m2/repository/org/slf4j/jul-to-slf4j/1.7.30/jul-to-slf4j-1.7.30.jar:/home/shakhzod/.m2/repository/jakarta/annotation/jakarta.annotation-api/1.3.5/jakarta.annotation-api-1.3.5.jar:/home/shakhzod/.m2/repository/org/springframework/spring-core/5.2.10.RELEASE/spring-core-5.2.10.RELEASE.jar:/home/shakhzod/.m2/repository/org/springframework/spring-jcl/5.2.10.RELEASE/spring-jcl-5.2.10.RELEASE.jar:/home/shakhzod/.m2/repository/org/yaml/snakeyaml/1.26/snakeyaml-1.26.jar:/home/shakhzod/.m2/repository/org/springframework/boot/spring-boot-starter-web/2.3.5.RELEASE/spring-boot-starter-web-2.3.5.RELEASE.jar:/home/shakhzod/.m2/repository/org/springframework/boot/spring-boot-starter-json/2.3.5.RELEASE/spring-boot-starter-json-2.3.5.RELEASE.jar:/home/shakhzod/.m2/repository/com/fasterxml/jackson/core/jackson-databind/2.11.3/jackson-databind-2.11.3.jar:/home/shakhzod/.m2/repository/com/fasterxml/jac
Launcher Type: SUN_STANDARD

[Global flags]
     intx CICompilerCount                          = 3                                         {product} {ergonomic}
     uint ConcGCThreads                            = 1                                         {product} {ergonomic}
     uint G1ConcRefinementThreads                  = 4                                         {product} {ergonomic}
   size_t G1HeapRegionSize                         = 1048576                                   {product} {ergonomic}
    uintx GCDrainStackTargetSize                   = 64                                        {product} {ergonomic}
   size_t InitialHeapSize                          = 132120576                                 {product} {ergonomic}
   size_t MarkStackSize                            = 4194304                                   {product} {ergonomic}
   size_t MaxHeapSize                              = 2086666240                                {product} {ergonomic}
   size_t MaxNewSize                               = 1251999744                                {product} {ergonomic}
   size_t MinHeapDeltaBytes                        = 1048576                                   {product} {ergonomic}
   size_t MinHeapSize                              = 8388608                                   {product} {ergonomic}
    uintx NonNMethodCodeHeapSize                   = 5832780                                {pd product} {ergonomic}
    uintx NonProfiledCodeHeapSize                  = 122912730                              {pd product} {ergonomic}
    uintx ProfiledCodeHeapSize                     = 122912730                              {pd product} {ergonomic}
    uintx ReservedCodeCacheSize                    = 251658240                              {pd product} {ergonomic}
     bool SegmentedCodeCache                       = true                                      {product} {ergonomic}
   size_t SoftMaxHeapSize                          = 2086666240                             {manageable} {ergonomic}
     bool UseCompressedClassPointers               = true                                 {lp64_product} {ergonomic}
     bool UseCompressedOops                        = true                                 {lp64_product} {ergonomic}
     bool UseG1GC                                  = true                                      {product} {ergonomic}

Logging:
Log output configuration:
 #0: stdout all=warning uptime,level,tags
 #1: stderr all=off uptime,level,tags

Environment Variables:
PATH=/usr/local/sbin:/usr/local/bin:/usr/sbin:/usr/bin:/sbin:/bin:/usr/games:/usr/local/games
SHELL=/bin/bash
DISPLAY=:0
LANG=en_US.UTF-8

Signal Handlers:
SIGSEGV: [libjvm.so+0xec02c0], sa_mask[0]=11111111011111111101111111111110, sa_flags=SA_RESTART|SA_SIGINFO
SIGBUS: [libjvm.so+0xec02c0], sa_mask[0]=11111111011111111101111111111110, sa_flags=SA_RESTART|SA_SIGINFO
SIGFPE: [libjvm.so+0xec02c0], sa_mask[0]=11111111011111111101111111111110, sa_flags=SA_RESTART|SA_SIGINFO
SIGPIPE: [libjvm.so+0xbb9bc0], sa_mask[0]=11111111011111111101111111111110, sa_flags=SA_RESTART|SA_SIGINFO
SIGXFSZ: [libjvm.so+0xbb9bc0], sa_mask[0]=11111111011111111101111111111110, sa_flags=SA_RESTART|SA_SIGINFO
SIGILL: [libjvm.so+0xec02c0], sa_mask[0]=11111111011111111101111111111110, sa_flags=SA_RESTART|SA_SIGINFO
SIGUSR2: [libjvm.so+0xbb9a60], sa_mask[0]=00100000000000000000000000000000, sa_flags=SA_RESTART|SA_SIGINFO
SIGHUP: [libjvm.so+0xbba180], sa_mask[0]=11111111011111111101111111111110, sa_flags=SA_RESTART|SA_SIGINFO
SIGINT: [libjvm.so+0xbba180], sa_mask[0]=11111111011111111101111111111110, sa_flags=SA_RESTART|SA_SIGINFO
SIGTERM: [libjvm.so+0xbba180], sa_mask[0]=11111111011111111101111111111110, sa_flags=SA_RESTART|SA_SIGINFO
SIGQUIT: [libjvm.so+0xbba180], sa_mask[0]=11111111011111111101111111111110, sa_flags=SA_RESTART|SA_SIGINFO


---------------  S Y S T E M  ---------------

OS:
DISTRIB_ID=LinuxMint
DISTRIB_RELEASE=19.3
DISTRIB_CODENAME=tricia
DISTRIB_DESCRIPTION="Linux Mint 19.3 Tricia"
uname: Linux 5.0.0-32-generic #34~18.04.2-Ubuntu SMP Thu Oct 10 10:36:02 UTC 2019 x86_64
OS uptime: 0 days 0:45 hours
libc: glibc 2.27 NPTL 2.27 
rlimit (soft/hard): STACK 8192k/infinity , CORE 0k/infinity , NPROC 31551/31551 , NOFILE 1048576/1048576 , AS infinity/infinity , CPU infinity/infinity , DATA infinity/infinity , FSIZE infinity/infinity , MEMLOCK 16384k/16384k
load average: 1,95 1,30 0,99

/proc/meminfo:
MemTotal:        8147944 kB
MemFree:         2346724 kB
MemAvailable:    4028800 kB
Buffers:           78016 kB
Cached:          1858344 kB
SwapCached:            0 kB
Active:          4173708 kB
Inactive:        1251280 kB
Active(anon):    3495556 kB
Inactive(anon):    80800 kB
Active(file):     678152 kB
Inactive(file):  1170480 kB
Unevictable:          32 kB
Mlocked:              32 kB
SwapTotal:       2097148 kB
SwapFree:        2097148 kB
Dirty:               924 kB
Writeback:             0 kB
AnonPages:       3488560 kB
Mapped:           686464 kB
Shmem:             90392 kB
KReclaimable:     105732 kB
Slab:             200040 kB
SReclaimable:     105732 kB
SUnreclaim:        94308 kB
KernelStack:       15568 kB
PageTables:        57220 kB
NFS_Unstable:          0 kB
Bounce:                0 kB
WritebackTmp:          0 kB
CommitLimit:     6171120 kB
Committed_AS:    8888504 kB
VmallocTotal:   34359738367 kB
VmallocUsed:           0 kB
VmallocChunk:          0 kB
Percpu:             3936 kB
HardwareCorrupted:     0 kB
AnonHugePages:         0 kB
ShmemHugePages:        0 kB
ShmemPmdMapped:        0 kB
CmaTotal:              0 kB
CmaFree:               0 kB
HugePages_Total:       0
HugePages_Free:        0
HugePages_Rsvd:        0
HugePages_Surp:        0
Hugepagesize:       2048 kB
Hugetlb:               0 kB
DirectMap4k:      185920 kB
DirectMap2M:     8185856 kB

/sys/kernel/mm/transparent_hugepage/enabled: always [madvise] never
/sys/kernel/mm/transparent_hugepage/defrag (defrag/compaction efforts parameter): always defer defer+madvise [madvise] never

/proc/sys/kernel/threads-max (system-wide limit on the number of threads): 63102
/proc/sys/vm/max_map_count (maximum number of memory map areas a process may have): 65530
/proc/sys/kernel/pid_max (system-wide limit on number of process identifiers): 32768

container (cgroup) information:
container_type: cgroupv1
cpu_cpuset_cpus: 0-3
cpu_memory_nodes: 0
active_processor_count: 4
cpu_quota: no quota
cpu_period: 100000
cpu_shares: no shares
memory_limit_in_bytes: unlimited
memory_and_swap_limit_in_bytes: not supported
memory_soft_limit_in_bytes: unlimited
memory_usage_in_bytes: 5022683136
memory_max_usage_in_bytes: 5150810112

Steal ticks since vm start: 0
Steal ticks percentage since vm start:  0,000

CPU: total 4 (initial active 4) (4 cores per cpu, 1 threads per core) family 6 model 58 stepping 9 microcode 0xc, cmov, cx8, fxsr, mmx, sse, sse2, sse3, ssse3, sse4.1, sse4.2, popcnt, vzeroupper, avx, aes, clmul, erms, tsc, tscinvbit, tscinv, clflush
CPU Model and flags from /proc/cpuinfo:
model name	: Intel(R) Core(TM) i5-3470 CPU @ 3.20GHz
flags		: fpu vme de pse tsc msr pae mce cx8 apic sep mtrr pge mca cmov pat pse36 clflush dts acpi mmx fxsr sse sse2 ss ht tm pbe syscall nx rdtscp lm constant_tsc arch_perfmon pebs bts rep_good nopl xtopology nonstop_tsc cpuid aperfmperf pni pclmulqdq dtes64 monitor ds_cpl vmx smx est tm2 ssse3 cx16 xtpr pdcm pcid sse4_1 sse4_2 x2apic popcnt tsc_deadline_timer aes xsave avx f16c rdrand lahf_lm cpuid_fault epb pti tpr_shadow vnmi flexpriority ept vpid fsgsbase smep erms xsaveopt dtherm ida arat pln pts

Online cpus: 0-3
Offline cpus: 4-7
BIOS frequency limitation: <Not Available>
Frequency switch latency (ns): 0
Available cpu frequencies: <Not Available>
Current governor: powersave
Core performance/turbo boost: <Not Available>

Memory: 4k page, physical 8147944k(2346724k free), swap 2097148k(2097148k free)

vm_info: OpenJDK 64-Bit Server VM (15.0.1+9) for linux-amd64 JRE (15.0.1+9), built on Oct 22 2020 04:09:46 by "jenkins" with gcc 7.3.1 20180303 (Red Hat 7.3.1-5)

END.
