#
# A fatal error has been detected by the Java Runtime Environment:
#
#  SIGSEGV (0xb) at pc=0x00007f4028e7be3e, pid=5269, tid=5290
#
# JRE version: OpenJDK Runtime Environment Corretto-15.0.1.9.1 (15.0.1+9) (build 15.0.1+9)
# Java VM: OpenJDK 64-Bit Server VM Corretto-15.0.1.9.1 (15.0.1+9, mixed mode, sharing, tiered, compressed oops, g1 gc, linux-amd64)
# Problematic frame:
# V  [libjvm.so+0x535e3e]  PhaseConservativeCoalesce::coalesce(Block*)+0x6e
#
# Core dump will be written. Default location: Core dumps may be processed with "/lib/systemd/systemd-coredump %P %u %g %s %t 9223372036854775808 %e" (or dumping to /home/shakhzod/Downloads/whereisbot/core.5269)
#
# If you would like to submit a bug report, please visit:
#   https://bugreport.java.com/bugreport/crash.jsp
#

---------------  S U M M A R Y ------------

Command Line: -javaagent:/home/shakhzod/Downloads/idea-IC-201.7846.76/lib/idea_rt.jar=39469:/home/shakhzod/Downloads/idea-IC-201.7846.76/bin -Dfile.encoding=UTF-8 io.shakhzod.whereis.WhereisApplication

Host: Intel(R) Core(TM) i5-3470 CPU @ 3.20GHz, 4 cores, 7G, Linux Mint 19.3 Tricia
Time: Wed Nov 11 23:51:19 2020 CET elapsed time: 4.007131 seconds (0d 0h 0m 4s)

---------------  T H R E A D  ---------------

Current thread (0x00007f4024166170):  JavaThread "C2 CompilerThread0" daemon [_thread_in_native, id=5290, stack(0x00007f4004001000,0x00007f4004102000)]


Current CompileTask:
C2:   4007 4362       4       jdk.internal.org.objectweb.asm.Frame::execute (2305 bytes)

Stack: [0x00007f4004001000,0x00007f4004102000],  sp=0x00007f40040fd6c0,  free space=1009k
Native frames: (J=compiled Java code, A=aot compiled Java code, j=interpreted, Vv=VM code, C=native code)
V  [libjvm.so+0x535e3e]  PhaseConservativeCoalesce::coalesce(Block*)+0x6e
V  [libjvm.so+0x534a52]  PhaseCoalesce::coalesce_driver()+0x42
V  [libjvm.so+0x4c8ce0]  PhaseChaitin::Register_Allocate()+0x770
V  [libjvm.so+0x56558f]  Compile::Code_Gen()+0x28f
V  [libjvm.so+0x568188]  Compile::Compile(ciEnv*, ciMethod*, int, bool, bool, bool, DirectiveSet*)+0xb08
V  [libjvm.so+0x49ee0c]  C2Compiler::compile_method(ciEnv*, ciMethod*, int, DirectiveSet*)+0xac
V  [libjvm.so+0x57215c]  CompileBroker::invoke_compiler_on_method(CompileTask*)+0xcec
V  [libjvm.so+0x572f18]  CompileBroker::compiler_thread_loop()+0x5b8
V  [libjvm.so+0xe548e9]  JavaThread::run()+0x1f9
V  [libjvm.so+0xe5208f]  Thread::call_run()+0xff
V  [libjvm.so+0xbc4d87]  thread_native_entry(Thread*)+0xe7


siginfo: si_signo: 11 (SIGSEGV), si_code: 128 (SI_KERNEL), si_addr: 0x0000000000000000

Register to memory mapping:

RAX=0x0000000000000010 is an unknown value
RBX=0x0000ff3fa04ad3c0 is an unknown value
RCX=0x00007f3fd4366430 points into unknown readable memory: 0x00007f3fd0484018 | 18 40 48 d0 3f 7f 00 00
RDX=0x0000000000000001 is an unknown value
RSP=0x00007f40040fd6c0 is pointing into the stack for thread: 0x00007f4024166170
RBP=0x00007f40040fd7b0 is pointing into the stack for thread: 0x00007f4024166170
RSI=0x00007f40040fd720 is pointing into the stack for thread: 0x00007f4024166170
RDI=0x00007f3fa07f6fa8 points into unknown readable memory: 0x00007f4029db1a08 | 08 1a db 29 40 7f 00 00
R8 =0x0 is NULL
R9 =0x0000000000001c72 is an unknown value
R10=0x00007f3fd0484018 points into unknown readable memory: 0x00007f4029db5d90 | 90 5d db 29 40 7f 00 00
R11=0x0000000000077f88 is an unknown value
R12=0x00007f3fa07f6fa8 points into unknown readable memory: 0x00007f4029db1a08 | 08 1a db 29 40 7f 00 00
R13=0x0000000000000001 is an unknown value
R14=0x00007f40040fd9b0 is pointing into the stack for thread: 0x00007f4024166170
R15=0x00007f3fd0484080 points into unknown readable memory: 0x00007f4029d302d0 | d0 02 d3 29 40 7f 00 00


Registers:
RAX=0x0000000000000010, RBX=0x0000ff3fa04ad3c0, RCX=0x00007f3fd4366430, RDX=0x0000000000000001
RSP=0x00007f40040fd6c0, RBP=0x00007f40040fd7b0, RSI=0x00007f40040fd720, RDI=0x00007f3fa07f6fa8
R8 =0x0000000000000000, R9 =0x0000000000001c72, R10=0x00007f3fd0484018, R11=0x0000000000077f88
R12=0x00007f3fa07f6fa8, R13=0x0000000000000001, R14=0x00007f40040fd9b0, R15=0x00007f3fd0484080
RIP=0x00007f4028e7be3e, EFLAGS=0x0000000000010283, CSGSFS=0x002b000000000033, ERR=0x0000000000000000
  TRAPNO=0x000000000000000d

Top of Stack: (sp=0x00007f40040fd6c0)
0x00007f40040fd6c0:   00007f3fa04ad320 00007f3fd06a0db0
0x00007f40040fd6d0:   0000001600000015 0000000000077f88
0x00007f40040fd6e0:   0000000000077f88 0000000000000000
0x00007f40040fd6f0:   0000000000000b6d 000000000000166a 

Instructions: (pc=0x00007f4028e7be3e)
0x00007f4028e7bd3e:   05 48 03 42 10 48 8b 50 08 4a 03 34 0a 8b 16 41
0x00007f4028e7bd4e:   21 d0 41 85 d4 44 89 06 0f 84 e5 fc ff ff 83 28
0x00007f4028e7bd5e:   01 48 8d 14 b9 48 8b bd 78 ff ff ff 49 8b 45 18
0x00007f4028e7bd6e:   48 8b 40 70 48 8b 40 20 48 8d 14 d0 48 89 d6 48
0x00007f4028e7bd7e:   89 95 70 ff ff ff e8 97 d8 26 00 48 8b 95 70 ff
0x00007f4028e7bd8e:   ff ff 29 42 34 e9 a9 fc ff ff 0f 1f 84 00 00 00
0x00007f4028e7bd9e:   00 00 8b 75 84 48 89 d7 48 89 55 90 e8 e1 a2 27
0x00007f4028e7bdae:   00 48 01 d8 48 8b 55 90 8b 08 89 ce 44 09 f6 44
0x00007f4028e7bdbe:   85 f1 89 30 0f 84 1a ff ff ff e9 43 ff ff ff 90
0x00007f4028e7bdce:   66 90 55 48 89 e5 41 57 41 56 41 55 41 54 49 89
0x00007f4028e7bdde:   fe 53 49 89 f7 48 81 ec c8 00 00 00 48 8b 47 18
0x00007f4028e7bdee:   48 8b 78 48 e8 19 71 e8 ff 84 c0 0f 85 84 00 00
0x00007f4028e7bdfe:   00 49 8d 76 20 41 8b 47 18 41 bd 01 00 00 00 48
0x00007f4028e7be0e:   89 b5 50 ff ff ff 48 8d b5 70 ff ff ff 48 89 b5
0x00007f4028e7be1e:   60 ff ff ff eb 2f 0f 1f 40 00 41 8b 47 18 31 db
0x00007f4028e7be2e:   41 39 c5 73 0b 49 8b 4f 20 44 89 ea 48 8b 1c d1
0x00007f4028e7be3e:   f6 43 30 01 74 0b 8b 53 2c 83 e2 1f 83 fa 12 74
0x00007f4028e7be4e:   49 41 83 c5 01 41 8b 4f 28 45 31 e4 8d 59 ff 39
0x00007f4028e7be5e:   c3 73 0a 49 8b 57 20 89 d8 4c 8b 24 c2 49 8b 04
0x00007f4028e7be6e:   24 4c 89 e7 ff 50 20 49 39 c4 74 04 41 2b 5f 48
0x00007f4028e7be7e:   41 39 dd 72 a5 48 8d 65 d8 5b 41 5c 41 5d 41 5e
0x00007f4028e7be8e:   41 5f 5d c3 66 0f 1f 44 00 00 48 8b 43 08 49 8b
0x00007f4028e7be9e:   56 18 48 8b 40 08 48 8b 8a 20 01 00 00 48 8d ba
0x00007f4028e7beae:   e0 00 00 00 48 89 85 68 ff ff ff 48 63 43 28 4c
0x00007f4028e7bebe:   63 04 81 48 8b 82 00 01 00 00 46 8b 14 80 4c 89
0x00007f4028e7bece:   c6 45 39 d0 74 3e 48 89 95 58 ff ff ff e8 d0 d0
0x00007f4028e7bede:   f8 ff 48 8b 95 58 ff ff ff 48 63 4b 28 41 89 c2
0x00007f4028e7beee:   48 8b 82 20 01 00 00 44 89 14 88 49 8b 56 18 48
0x00007f4028e7befe:   8b 8a 20 01 00 00 48 8b 82 00 01 00 00 48 8d ba
0x00007f4028e7bf0e:   e0 00 00 00 48 8b b5 68 ff ff ff 48 89 95 58 ff
0x00007f4028e7bf1e:   ff ff 48 63 76 28 48 63 0c b1 44 8b 24 88 48 89
0x00007f4028e7bf2e:   ce 44 39 e1 74 33 44 89 95 48 ff ff ff e8 70 d0 


Stack slot to memory mapping:
stack at sp + 0 slots: 0x00007f3fa04ad320 points into unknown readable memory: 0x00007f4029d45f48 | 48 5f d4 29 40 7f 00 00
stack at sp + 1 slots: 0x00007f3fd06a0db0 points into unknown readable memory: 0x00007f4029da9c18 | 18 9c da 29 40 7f 00 00
stack at sp + 2 slots: 0x0000001600000015 is an unknown value
stack at sp + 3 slots: 0x0000000000077f88 is an unknown value
stack at sp + 4 slots: 0x0000000000077f88 is an unknown value
stack at sp + 5 slots: 0x0 is NULL
stack at sp + 6 slots: 0x0000000000000b6d is an unknown value
stack at sp + 7 slots: 0x000000000000166a is an unknown value


---------------  P R O C E S S  ---------------

Threads class SMR info:
_java_thread_list=0x00007f40254562a0, length=34, elements={
0x00007f402415ae20, 0x00007f402415c560, 0x00007f4024162e40, 0x00007f4024164550,
0x00007f4024166170, 0x00007f40241679a0, 0x00007f40241690a0, 0x00007f4024175e10,
0x00007f402450d330, 0x00007f4024514800, 0x00007f3fd4177280, 0x00007f3fd8000ce0,
0x00007f4024dfd8c0, 0x00007f4024dfe3c0, 0x00007f4024dff610, 0x00007f4025273270,
0x00007f4025268d80, 0x00007f3f880047f0, 0x00007f4025417050, 0x00007f40254204d0,
0x00007f4025443380, 0x00007f4025445910, 0x00007f4025446860, 0x00007f4025447fe0,
0x00007f4025449770, 0x00007f402544af00, 0x00007f402544c5c0, 0x00007f402544d890,
0x00007f402544eb60, 0x00007f4025450220, 0x00007f40254517d0, 0x00007f4025453c70,
0x00007f4025455780, 0x00007f402402dad0
}

Java Threads: ( => current thread )
  0x00007f402415ae20 JavaThread "Reference Handler" daemon [_thread_blocked, id=5277, stack(0x00007f4004405000,0x00007f4004506000)]
  0x00007f402415c560 JavaThread "Finalizer" daemon [_thread_blocked, id=5282, stack(0x00007f4004304000,0x00007f4004405000)]
  0x00007f4024162e40 JavaThread "Signal Dispatcher" daemon [_thread_blocked, id=5284, stack(0x00007f4004203000,0x00007f4004304000)]
  0x00007f4024164550 JavaThread "Service Thread" daemon [_thread_blocked, id=5289, stack(0x00007f4004102000,0x00007f4004203000)]
=>0x00007f4024166170 JavaThread "C2 CompilerThread0" daemon [_thread_in_native, id=5290, stack(0x00007f4004001000,0x00007f4004102000)]
  0x00007f40241679a0 JavaThread "C1 CompilerThread0" daemon [_thread_blocked, id=5291, stack(0x00007f3fef1be000,0x00007f3fef2bf000)]
  0x00007f40241690a0 JavaThread "Sweeper thread" daemon [_thread_blocked, id=5294, stack(0x00007f3fef0bd000,0x00007f3fef1be000)]
  0x00007f4024175e10 JavaThread "Common-Cleaner" daemon [_thread_blocked, id=5297, stack(0x00007f3feefbc000,0x00007f3fef0bd000)]
  0x00007f402450d330 JavaThread "Monitor Ctrl-Break" daemon [_thread_in_native, id=5302, stack(0x00007f3fee663000,0x00007f3fee764000)]
  0x00007f4024514800 JavaThread "Notification Thread" daemon [_thread_blocked, id=5303, stack(0x00007f3fee562000,0x00007f3fee663000)]
  0x00007f3fd4177280 JavaThread "C2 CompilerThread1" daemon [_thread_blocked, id=5316, stack(0x00007f3fed643000,0x00007f3fed744000)]
  0x00007f3fd8000ce0 JavaThread "Attach Listener" daemon [_thread_blocked, id=5318, stack(0x00007f3feda49000,0x00007f3fedb4a000)]
  0x00007f4024dfd8c0 JavaThread "Catalina-utility-1" [_thread_blocked, id=5322, stack(0x00007f3fed13f000,0x00007f3fed240000)]
  0x00007f4024dfe3c0 JavaThread "Catalina-utility-2" [_thread_blocked, id=5323, stack(0x00007f3fec83b000,0x00007f3fec93c000)]
  0x00007f4024dff610 JavaThread "container-0" [_thread_blocked, id=5324, stack(0x00007f3fec73a000,0x00007f3fec83b000)]
  0x00007f4025273270 JavaThread "PostgreSQL-JDBC-SharedTimer-1" daemon [_thread_blocked, id=5326, stack(0x00007f3fec037000,0x00007f3fec138000)]
  0x00007f4025268d80 JavaThread "HikariPool-1 housekeeper" daemon [_thread_blocked, id=5327, stack(0x00007f3f97cff000,0x00007f3f97e00000)]
  0x00007f3f880047f0 JavaThread "HikariPool-1 connection adder" daemon [_thread_blocked, id=5328, stack(0x00007f3f97bfe000,0x00007f3f97cff000)]
  0x00007f4025417050 JavaThread "Shakhzod Telegram Connection" [_thread_blocked, id=5338, stack(0x00007f3f96ed3000,0x00007f3f96fd4000)]
  0x00007f40254204d0 JavaThread "Shakhzod Telegram Executor" [_thread_blocked, id=5339, stack(0x00007f3f96dd2000,0x00007f3f96ed3000)]
  0x00007f4025443380 JavaThread "http-nio-8080-BlockPoller" daemon [_thread_in_native, id=5340, stack(0x00007f3f96cd1000,0x00007f3f96dd2000)]
  0x00007f4025445910 JavaThread "http-nio-8080-exec-1" daemon [_thread_blocked, id=5341, stack(0x00007f3f96bd0000,0x00007f3f96cd1000)]
  0x00007f4025446860 JavaThread "http-nio-8080-exec-2" daemon [_thread_blocked, id=5342, stack(0x00007f3f96acf000,0x00007f3f96bd0000)]
  0x00007f4025447fe0 JavaThread "http-nio-8080-exec-3" daemon [_thread_blocked, id=5343, stack(0x00007f3f969ce000,0x00007f3f96acf000)]
  0x00007f4025449770 JavaThread "http-nio-8080-exec-4" daemon [_thread_blocked, id=5344, stack(0x00007f3f968cd000,0x00007f3f969ce000)]
  0x00007f402544af00 JavaThread "http-nio-8080-exec-5" daemon [_thread_blocked, id=5345, stack(0x00007f3f967cc000,0x00007f3f968cd000)]
  0x00007f402544c5c0 JavaThread "http-nio-8080-exec-6" daemon [_thread_blocked, id=5346, stack(0x00007f3f966cb000,0x00007f3f967cc000)]
  0x00007f402544d890 JavaThread "http-nio-8080-exec-7" daemon [_thread_blocked, id=5347, stack(0x00007f3f965ca000,0x00007f3f966cb000)]
  0x00007f402544eb60 JavaThread "http-nio-8080-exec-8" daemon [_thread_blocked, id=5348, stack(0x00007f3f964c9000,0x00007f3f965ca000)]
  0x00007f4025450220 JavaThread "http-nio-8080-exec-9" daemon [_thread_blocked, id=5349, stack(0x00007f3f963c8000,0x00007f3f964c9000)]
  0x00007f40254517d0 JavaThread "http-nio-8080-exec-10" daemon [_thread_blocked, id=5350, stack(0x00007f3f962c7000,0x00007f3f963c8000)]
  0x00007f4025453c70 JavaThread "http-nio-8080-ClientPoller" daemon [_thread_in_native, id=5351, stack(0x00007f3f961c6000,0x00007f3f962c7000)]
  0x00007f4025455780 JavaThread "http-nio-8080-Acceptor" daemon [_thread_in_native, id=5352, stack(0x00007f3f960c5000,0x00007f3f961c6000)]
  0x00007f402402dad0 JavaThread "DestroyJavaVM" [_thread_blocked, id=5270, stack(0x00007f402a9c7000,0x00007f402aac8000)]

Other Threads:
  0x00007f40241580d0 VMThread "VM Thread" [stack: 0x00007f4004508000,0x00007f4004608000] [id=5276]
  0x00007f402402f3a0 WatcherThread [stack: 0x00007f3fee462000,0x00007f3fee562000] [id=5304]
  0x00007f402406b420 GCTaskThread "GC Thread#0" [stack: 0x00007f4006e16000,0x00007f4006f16000] [id=5271]
  0x00007f3fe8000f30 GCTaskThread "GC Thread#1" [stack: 0x00007f3fee15d000,0x00007f3fee25d000] [id=5305]
  0x00007f3fe8001c90 GCTaskThread "GC Thread#2" [stack: 0x00007f3fee05b000,0x00007f3fee15b000] [id=5306]
  0x00007f3fe8005be0 GCTaskThread "GC Thread#3" [stack: 0x00007f3fed949000,0x00007f3feda49000] [id=5313]
  0x00007f402407c640 ConcurrentGCThread "G1 Main Marker" [stack: 0x00007f4006d14000,0x00007f4006e14000] [id=5272]
  0x00007f402407d8d0 ConcurrentGCThread "G1 Conc#0" [stack: 0x00007f4006c12000,0x00007f4006d12000] [id=5273]
  0x00007f40240e47e0 ConcurrentGCThread "G1 Refine#0" [stack: 0x00007f400470c000,0x00007f400480c000] [id=5274]
  0x00007f3ff0000ce0 ConcurrentGCThread "G1 Refine#1" [stack: 0x00007f3fedf59000,0x00007f3fee059000] [id=5307]
  0x00007f40240e59f0 ConcurrentGCThread "G1 Young RemSet Sampling" [stack: 0x00007f400460a000,0x00007f400470a000] [id=5275]

Threads with active compile tasks:
C2 CompilerThread0     4014 4362       4       jdk.internal.org.objectweb.asm.Frame::execute (2305 bytes)

VM state: not at safepoint (normal execution)

VM Mutex/Monitor currently owned by a thread: None

Heap address: 0x0000000083a00000, size: 1990 MB, Compressed Oops mode: 32-bit
CDS archive(s) mapped at: [0x0000000800000000-0x0000000800b36000-0x0000000800b36000), size 11755520, SharedBaseAddress: 0x0000000800000000, ArchiveRelocationMode: 0.
Compressed class space mapped at: 0x0000000800b38000-0x0000000840b38000, size: 1073741824
Narrow klass base: 0x0000000800000000, Narrow klass shift: 3, Narrow klass range: 0x100000000

GC Precious Log:
 CPUs: 4 total, 4 available
 Memory: 7957M
 Large Page Support: Disabled
 NUMA Support: Disabled
 Compressed Oops: Enabled (32-bit)
 Heap Region Size: 1M
 Heap Min Capacity: 8M
 Heap Initial Capacity: 126M
 Heap Max Capacity: 1990M
 Pre-touch: Disabled
 Parallel Workers: 4
 Concurrent Workers: 1
 Concurrent Refinement Workers: 4
 Periodic GC: Disabled

Heap:
 garbage-first heap   total 58368K, used 27179K [0x0000000083a00000, 0x0000000100000000)
  region size 1024K, 10 young (10240K), 3 survivors (3072K)
 Metaspace       used 41565K, capacity 41945K, committed 42544K, reserved 1087488K
  class space    used 5011K, capacity 5150K, committed 5248K, reserved 1048576K

Heap Regions: E=young(eden), S=young(survivor), O=old, HS=humongous(starts), HC=humongous(continues), CS=collection set, F=free, OA=open archive, CA=closed archive, TAMS=top-at-mark-start (previous, next)
|   0|0x0000000083a00000, 0x0000000083b00000, 0x0000000083b00000|100%| O|  |TAMS 0x0000000083b00000, 0x0000000083a00000| Untracked 
|   1|0x0000000083b00000, 0x0000000083c00000, 0x0000000083c00000|100%| O|  |TAMS 0x0000000083c00000, 0x0000000083b00000| Untracked 
|   2|0x0000000083c00000, 0x0000000083d00000, 0x0000000083d00000|100%| O|  |TAMS 0x0000000083d00000, 0x0000000083c00000| Untracked 
|   3|0x0000000083d00000, 0x0000000083e00000, 0x0000000083e00000|100%| O|  |TAMS 0x0000000083e00000, 0x0000000083d00000| Untracked 
|   4|0x0000000083e00000, 0x0000000083eada00, 0x0000000083f00000| 67%| O|  |TAMS 0x0000000083eada00, 0x0000000083e00000| Untracked 
|   5|0x0000000083f00000, 0x0000000084000000, 0x0000000084000000|100%| O|  |TAMS 0x0000000084000000, 0x0000000083f00000| Untracked 
|   6|0x0000000084000000, 0x0000000084100000, 0x0000000084100000|100%| O|  |TAMS 0x0000000084100000, 0x0000000084000000| Untracked 
|   7|0x0000000084100000, 0x0000000084200000, 0x0000000084200000|100%| O|  |TAMS 0x0000000084200000, 0x0000000084100000| Untracked 
|   8|0x0000000084200000, 0x0000000084300000, 0x0000000084300000|100%| O|  |TAMS 0x0000000084300000, 0x0000000084200000| Untracked 
|   9|0x0000000084300000, 0x0000000084400000, 0x0000000084400000|100%| O|  |TAMS 0x0000000084400000, 0x0000000084300000| Untracked 
|  10|0x0000000084400000, 0x0000000084500000, 0x0000000084500000|100%| O|  |TAMS 0x0000000084500000, 0x0000000084400000| Untracked 
|  11|0x0000000084500000, 0x0000000084600000, 0x0000000084600000|100%| O|  |TAMS 0x0000000084600000, 0x0000000084500000| Untracked 
|  12|0x0000000084600000, 0x0000000084700000, 0x0000000084700000|100%| O|  |TAMS 0x0000000084700000, 0x0000000084600000| Untracked 
|  13|0x0000000084700000, 0x0000000084800000, 0x0000000084800000|100%| O|  |TAMS 0x0000000084800000, 0x0000000084700000| Untracked 
|  14|0x0000000084800000, 0x0000000084900000, 0x0000000084900000|100%| O|  |TAMS 0x0000000084900000, 0x0000000084800000| Untracked 
|  15|0x0000000084900000, 0x0000000084a00000, 0x0000000084a00000|100%| O|  |TAMS 0x0000000084900000, 0x0000000084900000| Untracked 
|  16|0x0000000084a00000, 0x0000000084b00000, 0x0000000084b00000|100%| O|  |TAMS 0x0000000084a00000, 0x0000000084a00000| Untracked 
|  17|0x0000000084b00000, 0x0000000084ba7600, 0x0000000084c00000| 65%| O|  |TAMS 0x0000000084b00000, 0x0000000084b00000| Untracked 
|  18|0x0000000084c00000, 0x0000000084c00000, 0x0000000084d00000|  0%| F|  |TAMS 0x0000000084c00000, 0x0000000084c00000| Untracked 
|  19|0x0000000084d00000, 0x0000000084d00000, 0x0000000084e00000|  0%| F|  |TAMS 0x0000000084d00000, 0x0000000084d00000| Untracked 
|  20|0x0000000084e00000, 0x0000000084e00000, 0x0000000084f00000|  0%| F|  |TAMS 0x0000000084e00000, 0x0000000084e00000| Untracked 
|  21|0x0000000084f00000, 0x0000000084f00000, 0x0000000085000000|  0%| F|  |TAMS 0x0000000084f00000, 0x0000000084f00000| Untracked 
|  22|0x0000000085000000, 0x0000000085000000, 0x0000000085100000|  0%| F|  |TAMS 0x0000000085000000, 0x0000000085000000| Untracked 
|  23|0x0000000085100000, 0x0000000085100000, 0x0000000085200000|  0%| F|  |TAMS 0x0000000085100000, 0x0000000085100000| Untracked 
|  24|0x0000000085200000, 0x0000000085200000, 0x0000000085300000|  0%| F|  |TAMS 0x0000000085200000, 0x0000000085200000| Untracked 
|  25|0x0000000085300000, 0x0000000085300000, 0x0000000085400000|  0%| F|  |TAMS 0x0000000085300000, 0x0000000085300000| Untracked 
|  26|0x0000000085400000, 0x0000000085467c38, 0x0000000085500000| 40%| S|CS|TAMS 0x0000000085400000, 0x0000000085400000| Complete 
|  27|0x0000000085500000, 0x0000000085600000, 0x0000000085600000|100%| S|CS|TAMS 0x0000000085500000, 0x0000000085500000| Complete 
|  28|0x0000000085600000, 0x0000000085600000, 0x0000000085700000|  0%| F|  |TAMS 0x0000000085600000, 0x0000000085600000| Untracked 
|  29|0x0000000085700000, 0x0000000085700000, 0x0000000085800000|  0%| F|  |TAMS 0x0000000085700000, 0x0000000085700000| Untracked 
|  30|0x0000000085800000, 0x0000000085800000, 0x0000000085900000|  0%| F|  |TAMS 0x0000000085800000, 0x0000000085800000| Untracked 
|  31|0x0000000085900000, 0x0000000085a00000, 0x0000000085a00000|100%| S|CS|TAMS 0x0000000085900000, 0x0000000085900000| Complete 
|  32|0x0000000085a00000, 0x0000000085a00000, 0x0000000085b00000|  0%| F|  |TAMS 0x0000000085a00000, 0x0000000085a00000| Untracked 
|  33|0x0000000085b00000, 0x0000000085b00000, 0x0000000085c00000|  0%| F|  |TAMS 0x0000000085b00000, 0x0000000085b00000| Untracked 
|  34|0x0000000085c00000, 0x0000000085c00000, 0x0000000085d00000|  0%| F|  |TAMS 0x0000000085c00000, 0x0000000085c00000| Untracked 
|  35|0x0000000085d00000, 0x0000000085d00000, 0x0000000085e00000|  0%| F|  |TAMS 0x0000000085d00000, 0x0000000085d00000| Untracked 
|  36|0x0000000085e00000, 0x0000000085e00000, 0x0000000085f00000|  0%| F|  |TAMS 0x0000000085e00000, 0x0000000085e00000| Untracked 
|  37|0x0000000085f00000, 0x0000000085f00000, 0x0000000086000000|  0%| F|  |TAMS 0x0000000085f00000, 0x0000000085f00000| Untracked 
|  38|0x0000000086000000, 0x0000000086000000, 0x0000000086100000|  0%| F|  |TAMS 0x0000000086000000, 0x0000000086000000| Untracked 
|  39|0x0000000086100000, 0x0000000086100000, 0x0000000086200000|  0%| F|  |TAMS 0x0000000086100000, 0x0000000086100000| Untracked 
|  40|0x0000000086200000, 0x0000000086200000, 0x0000000086300000|  0%| F|  |TAMS 0x0000000086200000, 0x0000000086200000| Untracked 
|  41|0x0000000086300000, 0x0000000086300000, 0x0000000086400000|  0%| F|  |TAMS 0x0000000086300000, 0x0000000086300000| Untracked 
|  42|0x0000000086400000, 0x0000000086400000, 0x0000000086500000|  0%| F|  |TAMS 0x0000000086400000, 0x0000000086400000| Untracked 
|  43|0x0000000086500000, 0x0000000086500000, 0x0000000086600000|  0%| F|  |TAMS 0x0000000086500000, 0x0000000086500000| Untracked 
|  44|0x0000000086600000, 0x0000000086600000, 0x0000000086700000|  0%| F|  |TAMS 0x0000000086600000, 0x0000000086600000| Untracked 
|  45|0x0000000086700000, 0x0000000086700000, 0x0000000086800000|  0%| F|  |TAMS 0x0000000086700000, 0x0000000086700000| Untracked 
|  46|0x0000000086800000, 0x0000000086800000, 0x0000000086900000|  0%| F|  |TAMS 0x0000000086800000, 0x0000000086800000| Untracked 
|  47|0x0000000086900000, 0x0000000086900000, 0x0000000086a00000|  0%| F|  |TAMS 0x0000000086900000, 0x0000000086900000| Untracked 
|  79|0x0000000088900000, 0x00000000889af980, 0x0000000088a00000| 68%| E|  |TAMS 0x0000000088900000, 0x0000000088900000| Complete 
|  80|0x0000000088a00000, 0x0000000088b00000, 0x0000000088b00000|100%| E|CS|TAMS 0x0000000088a00000, 0x0000000088a00000| Complete 
|  81|0x0000000088b00000, 0x0000000088c00000, 0x0000000088c00000|100%| E|CS|TAMS 0x0000000088b00000, 0x0000000088b00000| Complete 
|  82|0x0000000088c00000, 0x0000000088d00000, 0x0000000088d00000|100%| E|CS|TAMS 0x0000000088c00000, 0x0000000088c00000| Complete 
|  83|0x0000000088d00000, 0x0000000088e00000, 0x0000000088e00000|100%| E|CS|TAMS 0x0000000088d00000, 0x0000000088d00000| Complete 
|  84|0x0000000088e00000, 0x0000000088f00000, 0x0000000088f00000|100%| E|CS|TAMS 0x0000000088e00000, 0x0000000088e00000| Complete 
| 125|0x000000008b700000, 0x000000008b800000, 0x000000008b800000|100%| E|CS|TAMS 0x000000008b700000, 0x000000008b700000| Complete 
|1988|0x00000000ffe00000, 0x00000000ffe52000, 0x00000000fff00000| 32%|OA|  |TAMS 0x00000000ffe52000, 0x00000000ffe00000| Untracked 
|1989|0x00000000fff00000, 0x00000000fff7c000, 0x0000000100000000| 48%|CA|  |TAMS 0x00000000fff7c000, 0x00000000fff00000| Untracked 

Card table byte_map: [0x00007f400b129000,0x00007f400b50c000] _byte_map_base: 0x00007f400ad0c000

Marking Bits (Prev, Next): (CMBitMap*) 0x00007f402406c200, (CMBitMap*) 0x00007f402406c1c0
 Prev Bits: [0x00007f4006f16000, 0x00007f4008e2e000)
 Next Bits: [0x00007f4008e2e000, 0x00007f400ad46000)

Polling page: 0x00007f402aade000

Metaspace:

Usage:
  Non-class:     35,93 MB capacity,    35,70 MB (>99%) used,   186,58 KB ( <1%) free+waste,    54,38 KB ( <1%) overhead. 
      Class:      5,03 MB capacity,     4,89 MB ( 97%) used,   118,21 KB (  2%) free+waste,    20,12 KB ( <1%) overhead. 
       Both:     40,96 MB capacity,    40,59 MB (>99%) used,   304,79 KB ( <1%) free+waste,    74,50 KB ( <1%) overhead. 

Virtual space:
  Non-class space:       38,00 MB reserved,      36,42 MB ( 96%) committed 
      Class space:        1,00 GB reserved,       5,12 MB ( <1%) committed 
             Both:        1,04 GB reserved,      41,55 MB (  4%) committed 

Chunk freelists:
   Non-Class:  485,00 KB
       Class:  2,00 KB
        Both:  487,00 KB

MaxMetaspaceSize: 17179869184,00 GB
CompressedClassSpaceSize: 1,00 GB

CodeHeap 'non-profiled nmethods': size=120032Kb used=2109Kb max_used=2109Kb free=117923Kb
 bounds [0x00007f40138a6000, 0x00007f4013b16000, 0x00007f401adde000]
CodeHeap 'profiled nmethods': size=120028Kb used=8723Kb max_used=8723Kb free=111304Kb
 bounds [0x00007f400c36f000, 0x00007f400cbff000, 0x00007f40138a6000]
CodeHeap 'non-nmethods': size=5700Kb used=1267Kb max_used=1309Kb free=4432Kb
 bounds [0x00007f400bdde000, 0x00007f400c04e000, 0x00007f400c36f000]
 total_blobs=5023 nmethods=4471 adapters=465
 compilation: enabled
              stopped_count=0, restarted_count=0
 full_count=0

Compilation events (20 events):
Event: 3,826 Thread 0x00007f40241679a0 nmethod 4495 0x00007f400cbe8710 code [0x00007f400cbe8a00, 0x00007f400cbe9f20]
Event: 3,826 Thread 0x00007f40241679a0 4492       3       com.fasterxml.jackson.databind.introspect.AnnotatedMethod::hasReturnType (24 bytes)
Event: 3,826 Thread 0x00007f40241679a0 nmethod 4492 0x00007f400cbea490 code [0x00007f400cbea640, 0x00007f400cbea870]
Event: 3,826 Thread 0x00007f40241679a0 4493       3       com.fasterxml.jackson.databind.introspect.AnnotatedMethod::getRawReturnType (8 bytes)
Event: 3,826 Thread 0x00007f40241679a0 nmethod 4493 0x00007f400cbea990 code [0x00007f400cbeab20, 0x00007f400cbeac30]
Event: 3,826 Thread 0x00007f40241679a0 4496       3       com.fasterxml.jackson.databind.introspect.JacksonAnnotationIntrospector::hasAnyGetter (27 bytes)
Event: 3,826 Thread 0x00007f40241679a0 nmethod 4496 0x00007f400cbead10 code [0x00007f400cbeaee0, 0x00007f400cbeb490]
Event: 3,826 Thread 0x00007f40241679a0 4497   !   3       com.fasterxml.jackson.databind.introspect.JacksonAnnotationIntrospector::refineDeserializationType (389 bytes)
Event: 3,829 Thread 0x00007f40241679a0 nmethod 4497 0x00007f400cbeb610 code [0x00007f400cbebda0, 0x00007f400cbf0e00]
Event: 3,829 Thread 0x00007f40241679a0 4501       3       com.fasterxml.jackson.databind.introspect.AnnotatedClassResolver::_addSuperTypes (103 bytes)
Event: 3,830 Thread 0x00007f40241679a0 nmethod 4501 0x00007f400cbf2710 code [0x00007f400cbf2960, 0x00007f400cbf32c0]
Event: 3,830 Thread 0x00007f40241679a0 4498       3       com.fasterxml.jackson.databind.introspect.JacksonAnnotationIntrospector::findDeserializer (32 bytes)
Event: 3,830 Thread 0x00007f40241679a0 nmethod 4498 0x00007f400cbf3510 code [0x00007f400cbf36e0, 0x00007f400cbf3bd0]
Event: 3,830 Thread 0x00007f40241679a0 4499       1       com.fasterxml.jackson.databind.deser.impl.MethodProperty::getMember (5 bytes)
Event: 3,830 Thread 0x00007f40241679a0 nmethod 4499 0x00007f4013ab2490 code [0x00007f4013ab2620, 0x00007f4013ab26d0]
Event: 3,830 Thread 0x00007f40241679a0 4500       1       com.fasterxml.jackson.annotation.JsonIgnoreProperties$Value::getIgnoreUnknown (5 bytes)
Event: 3,830 Thread 0x00007f40241679a0 nmethod 4500 0x00007f4013ab2790 code [0x00007f4013ab2920, 0x00007f4013ab29d0]
Event: 3,834 Thread 0x00007f3fd4177280 nmethod 4464 0x00007f4013ab2a90 code [0x00007f4013ab2cc0, 0x00007f4013ab4600]
Event: 3,834 Thread 0x00007f3fd4177280 4457       4       java.lang.reflect.Method::isBridge (16 bytes)
Event: 3,834 Thread 0x00007f3fd4177280 nmethod 4457 0x00007f4013ab5110 code [0x00007f4013ab5280, 0x00007f4013ab52f8]

GC Heap History (16 events):
Event: 0,389 GC heap before
{Heap before GC invocations=0 (full 0):
 garbage-first heap   total 131072K, used 13112K [0x0000000083a00000, 0x0000000100000000)
  region size 1024K, 13 young (13312K), 0 survivors (0K)
 Metaspace       used 3751K, capacity 5986K, committed 6272K, reserved 1056768K
  class space    used 387K, capacity 566K, committed 640K, reserved 1048576K
}
Event: 0,394 GC heap after
{Heap after GC invocations=1 (full 0):
 garbage-first heap   total 131072K, used 5366K [0x0000000083a00000, 0x0000000100000000)
  region size 1024K, 2 young (2048K), 2 survivors (2048K)
 Metaspace       used 3751K, capacity 5986K, committed 6272K, reserved 1056768K
  class space    used 387K, capacity 566K, committed 640K, reserved 1048576K
}
Event: 0,706 GC heap before
{Heap before GC invocations=1 (full 0):
 garbage-first heap   total 131072K, used 17654K [0x0000000083a00000, 0x0000000100000000)
  region size 1024K, 14 young (14336K), 2 survivors (2048K)
 Metaspace       used 7343K, capacity 8283K, committed 8448K, reserved 1056768K
  class space    used 895K, capacity 966K, committed 1024K, reserved 1048576K
}
Event: 0,709 GC heap after
{Heap after GC invocations=2 (full 0):
 garbage-first heap   total 131072K, used 6722K [0x0000000083a00000, 0x0000000100000000)
  region size 1024K, 2 young (2048K), 2 survivors (2048K)
 Metaspace       used 7343K, capacity 8283K, committed 8448K, reserved 1056768K
  class space    used 895K, capacity 966K, committed 1024K, reserved 1048576K
}
Event: 1,194 GC heap before
{Heap before GC invocations=2 (full 0):
 garbage-first heap   total 131072K, used 34370K [0x0000000083a00000, 0x0000000100000000)
  region size 1024K, 30 young (30720K), 2 survivors (2048K)
 Metaspace       used 14911K, capacity 15162K, committed 15232K, reserved 1062912K
  class space    used 1802K, capacity 1865K, committed 1920K, reserved 1048576K
}
Event: 1,201 GC heap after
{Heap after GC invocations=3 (full 0):
 garbage-first heap   total 131072K, used 8152K [0x0000000083a00000, 0x0000000100000000)
  region size 1024K, 3 young (3072K), 3 survivors (3072K)
 Metaspace       used 14911K, capacity 15162K, committed 15232K, reserved 1062912K
  class space    used 1802K, capacity 1865K, committed 1920K, reserved 1048576K
}
Event: 1,968 GC heap before
{Heap before GC invocations=3 (full 0):
 garbage-first heap   total 131072K, used 45016K [0x0000000083a00000, 0x0000000100000000)
  region size 1024K, 41 young (41984K), 3 survivors (3072K)
 Metaspace       used 20821K, capacity 21083K, committed 21296K, reserved 1069056K
  class space    used 2530K, capacity 2635K, committed 2688K, reserved 1048576K
}
Event: 1,976 GC heap after
{Heap after GC invocations=4 (full 0):
 garbage-first heap   total 131072K, used 10870K [0x0000000083a00000, 0x0000000100000000)
  region size 1024K, 6 young (6144K), 6 survivors (6144K)
 Metaspace       used 20821K, capacity 21083K, committed 21296K, reserved 1069056K
  class space    used 2530K, capacity 2635K, committed 2688K, reserved 1048576K
}
Event: 2,253 GC heap before
{Heap before GC invocations=5 (full 0):
 garbage-first heap   total 48128K, used 33398K [0x0000000083a00000, 0x0000000100000000)
  region size 1024K, 28 young (28672K), 6 survivors (6144K)
 Metaspace       used 24921K, capacity 25183K, committed 25648K, reserved 1071104K
  class space    used 2997K, capacity 3084K, committed 3200K, reserved 1048576K
}
Event: 2,261 GC heap after
{Heap after GC invocations=6 (full 0):
 garbage-first heap   total 58368K, used 12735K [0x0000000083a00000, 0x0000000100000000)
  region size 1024K, 2 young (2048K), 2 survivors (2048K)
 Metaspace       used 24921K, capacity 25183K, committed 25648K, reserved 1071104K
  class space    used 2997K, capacity 3084K, committed 3200K, reserved 1048576K
}
Event: 2,673 GC heap before
{Heap before GC invocations=6 (full 0):
 garbage-first heap   total 58368K, used 40383K [0x0000000083a00000, 0x0000000100000000)
  region size 1024K, 29 young (29696K), 2 survivors (2048K)
 Metaspace       used 30832K, capacity 31148K, committed 31664K, reserved 1077248K
  class space    used 3722K, capacity 3829K, committed 3840K, reserved 1048576K
}
Event: 2,682 GC heap after
{Heap after GC invocations=7 (full 0):
 garbage-first heap   total 58368K, used 15743K [0x0000000083a00000, 0x0000000100000000)
  region size 1024K, 4 young (4096K), 4 survivors (4096K)
 Metaspace       used 30832K, capacity 31148K, committed 31664K, reserved 1077248K
  class space    used 3722K, capacity 3829K, committed 3840K, reserved 1048576K
}
Event: 3,101 GC heap before
{Heap before GC invocations=7 (full 0):
 garbage-first heap   total 58368K, used 39295K [0x0000000083a00000, 0x0000000100000000)
  region size 1024K, 28 young (28672K), 4 survivors (4096K)
 Metaspace       used 35154K, capacity 35501K, committed 35920K, reserved 1081344K
  class space    used 4226K, capacity 4334K, committed 4352K, reserved 1048576K
}
Event: 3,106 GC heap after
{Heap after GC invocations=8 (full 0):
 garbage-first heap   total 58368K, used 18812K [0x0000000083a00000, 0x0000000100000000)
  region size 1024K, 3 young (3072K), 3 survivors (3072K)
 Metaspace       used 35154K, capacity 35501K, committed 35920K, reserved 1081344K
  class space    used 4226K, capacity 4334K, committed 4352K, reserved 1048576K
}
Event: 3,635 GC heap before
{Heap before GC invocations=9 (full 0):
 garbage-first heap   total 58368K, used 41340K [0x0000000083a00000, 0x0000000100000000)
  region size 1024K, 26 young (26624K), 3 survivors (3072K)
 Metaspace       used 40949K, capacity 41357K, committed 41904K, reserved 1085440K
  class space    used 4950K, capacity 5084K, committed 5120K, reserved 1048576K
}
Event: 3,640 GC heap after
{Heap after GC invocations=10 (full 0):
 garbage-first heap   total 58368K, used 21035K [0x0000000083a00000, 0x0000000100000000)
  region size 1024K, 3 young (3072K), 3 survivors (3072K)
 Metaspace       used 40949K, capacity 41357K, committed 41904K, reserved 1085440K
  class space    used 4950K, capacity 5084K, committed 5120K, reserved 1048576K
}

Deoptimization events (20 events):
Event: 3,714 Thread 0x00007f4025417050 Uncommon trap: trap_request=0xffffffde fr.pc=0x00007f4013a82190 relative=0x00000000000022b0
Event: 3,714 Thread 0x00007f4025417050 Uncommon trap: reason=class_check action=maybe_recompile pc=0x00007f4013a82190 method=sun.security.util.AbstractAlgorithmConstraints.checkAlgorithm(Ljava/util/List;Ljava/lang/String;Lsun/security/util/AlgorithmDecomposer;)Z @ 86 c2
Event: 3,714 Thread 0x00007f4025417050 DEOPT PACKING pc=0x00007f4013a82190 sp=0x00007f3f96fd12b0
Event: 3,714 Thread 0x00007f4025417050 DEOPT UNPACKING pc=0x00007f400be2c125 sp=0x00007f3f96fd1278 mode 2
Event: 3,714 Thread 0x00007f4025417050 Uncommon trap: trap_request=0xffffffde fr.pc=0x00007f4013a82190 relative=0x00000000000022b0
Event: 3,714 Thread 0x00007f4025417050 Uncommon trap: reason=class_check action=maybe_recompile pc=0x00007f4013a82190 method=sun.security.util.AbstractAlgorithmConstraints.checkAlgorithm(Ljava/util/List;Ljava/lang/String;Lsun/security/util/AlgorithmDecomposer;)Z @ 86 c2
Event: 3,714 Thread 0x00007f4025417050 DEOPT PACKING pc=0x00007f4013a82190 sp=0x00007f3f96fd1190
Event: 3,714 Thread 0x00007f4025417050 DEOPT UNPACKING pc=0x00007f400be2c125 sp=0x00007f3f96fd1158 mode 2
Event: 3,714 Thread 0x00007f4025417050 Uncommon trap: trap_request=0xffffffde fr.pc=0x00007f4013a82190 relative=0x00000000000022b0
Event: 3,714 Thread 0x00007f4025417050 Uncommon trap: reason=class_check action=maybe_recompile pc=0x00007f4013a82190 method=sun.security.util.AbstractAlgorithmConstraints.checkAlgorithm(Ljava/util/List;Ljava/lang/String;Lsun/security/util/AlgorithmDecomposer;)Z @ 86 c2
Event: 3,714 Thread 0x00007f4025417050 DEOPT PACKING pc=0x00007f4013a82190 sp=0x00007f3f96fd1190
Event: 3,714 Thread 0x00007f4025417050 DEOPT UNPACKING pc=0x00007f400be2c125 sp=0x00007f3f96fd1158 mode 2
Event: 3,715 Thread 0x00007f4025417050 Uncommon trap: trap_request=0xffffffde fr.pc=0x00007f4013a82190 relative=0x00000000000022b0
Event: 3,715 Thread 0x00007f4025417050 Uncommon trap: reason=class_check action=maybe_recompile pc=0x00007f4013a82190 method=sun.security.util.AbstractAlgorithmConstraints.checkAlgorithm(Ljava/util/List;Ljava/lang/String;Lsun/security/util/AlgorithmDecomposer;)Z @ 86 c2
Event: 3,715 Thread 0x00007f4025417050 DEOPT PACKING pc=0x00007f4013a82190 sp=0x00007f3f96fd12b0
Event: 3,715 Thread 0x00007f4025417050 DEOPT UNPACKING pc=0x00007f400be2c125 sp=0x00007f3f96fd1278 mode 2
Event: 3,717 Thread 0x00007f4025417050 DEOPT PACKING pc=0x00007f400cb49288 sp=0x00007f3f96fd14f0
Event: 3,717 Thread 0x00007f4025417050 DEOPT UNPACKING pc=0x00007f400be2bf2b sp=0x00007f3f96fd09c8 mode 0
Event: 3,761 Thread 0x00007f4025417050 DEOPT PACKING pc=0x00007f400cb52c66 sp=0x00007f3f96fd1340
Event: 3,761 Thread 0x00007f4025417050 DEOPT UNPACKING pc=0x00007f400be2bf2b sp=0x00007f3f96fd0790 mode 0

Classes unloaded (0 events):
No events

Classes redefined (0 events):
No events

Internal exceptions (20 events):
Event: 2,664 Thread 0x00007f402402dad0 Exception <a 'java/lang/NoSuchMethodError'{0x000000008567ea10}: 'void java.lang.invoke.DirectMethodHandle$Holder.invokeVirtual(java.lang.Object, java.lang.Object, java.lang.Object, java.lang.Object)'> (0x000000008567ea10) 
thrown [./src/hotspot/share/interpreter/linkResolver.cpp, line 782]
Event: 2,707 Thread 0x00007f402402dad0 Exception <a 'java/lang/NoSuchMethodError'{0x0000000088d22ea8}: 'java.lang.Object java.lang.invoke.DirectMethodHandle$Holder.invokeVirtual(java.lang.Object, java.lang.Object, int)'> (0x0000000088d22ea8) 
thrown [./src/hotspot/share/interpreter/linkResolver.cpp, line 782]
Event: 2,716 Thread 0x00007f402402dad0 Exception <a 'java/lang/NoSuchMethodError'{0x0000000088da0500}: 'int java.lang.invoke.DirectMethodHandle$Holder.invokeSpecialIFC(java.lang.Object, java.lang.Object, java.lang.Object)'> (0x0000000088da0500) 
thrown [./src/hotspot/share/interpreter/linkResolver.cpp, line 782]
Event: 2,741 Thread 0x00007f402402dad0 Implicit null exception at 0x00007f4013995267 to 0x00007f40139956e4
Event: 2,831 Thread 0x00007f402402dad0 Implicit null exception at 0x00007f40138d4554 to 0x00007f40138d4a40
Event: 2,871 Thread 0x00007f402402dad0 Exception <a 'java/lang/NoSuchMethodError'{0x0000000086654008}: 'java.lang.Object java.lang.invoke.DirectMethodHandle$Holder.invokeStaticInit(java.lang.Object, java.lang.Object, java.lang.Object, java.lang.Object)'> (0x0000000086654008) 
thrown [./src/hotspot/share/interpreter/linkResolver.cpp, line 782]
Event: 2,964 Thread 0x00007f402402dad0 Exception <a 'java/lang/ClassNotFoundException'{0x00000000861463d8}: java/lang/ObjectCustomizer> (0x00000000861463d8) 
thrown [./src/hotspot/share/classfile/systemDictionary.cpp, line 295]
Event: 2,966 Thread 0x00007f402402dad0 Exception <a 'java/lang/ClassNotFoundException'{0x000000008614c6a0}: org/springframework/web/servlet/config/annotation/WebMvcConfigurationSupportCustomizer> (0x000000008614c6a0) 
thrown [./src/hotspot/share/classfile/systemDictionary.cpp, line 295]
Event: 2,969 Thread 0x00007f402402dad0 Exception <a 'java/lang/ClassNotFoundException'{0x000000008615d540}: org/springframework/web/servlet/config/annotation/DelegatingWebMvcConfigurationCustomizer> (0x000000008615d540) 
thrown [./src/hotspot/share/classfile/systemDictionary.cpp, line 295]
Event: 2,970 Thread 0x00007f402402dad0 Exception <a 'java/lang/ClassNotFoundException'{0x0000000086164d00}: org/springframework/boot/autoconfigure/web/servlet/WebMvcAutoConfiguration$EnableWebMvcConfigurationCustomizer> (0x0000000086164d00) 
thrown [./src/hotspot/share/classfile/systemDictionary.cpp, line 295]
Event: 2,972 Thread 0x00007f402402dad0 Exception <a 'java/lang/ClassNotFoundException'{0x00000000861752e8}: org/springframework/context/ResourceLoaderAwareCustomizer> (0x00000000861752e8) 
thrown [./src/hotspot/share/classfile/systemDictionary.cpp, line 295]
Event: 2,974 Thread 0x00007f402402dad0 Exception <a 'java/lang/ClassNotFoundException'{0x0000000086178d28}: org/springframework/beans/factory/AwareCustomizer> (0x0000000086178d28) 
thrown [./src/hotspot/share/classfile/systemDictionary.cpp, line 295]
Event: 2,975 Thread 0x00007f402402dad0 Exception <a 'java/lang/ClassNotFoundException'{0x000000008617b820}: org/springframework/context/ApplicationContextAwareCustomizer> (0x000000008617b820) 
thrown [./src/hotspot/share/classfile/systemDictionary.cpp, line 295]
Event: 2,976 Thread 0x00007f402402dad0 Exception <a 'java/lang/ClassNotFoundException'{0x000000008617fbe8}: org/springframework/beans/factory/AwareCustomizer> (0x000000008617fbe8) 
thrown [./src/hotspot/share/classfile/systemDictionary.cpp, line 295]
Event: 2,976 Thread 0x00007f402402dad0 Exception <a 'java/lang/ClassNotFoundException'{0x00000000861826b8}: org/springframework/web/context/ServletContextAwareCustomizer> (0x00000000861826b8) 
thrown [./src/hotspot/share/classfile/systemDictionary.cpp, line 295]
Event: 2,978 Thread 0x00007f402402dad0 Exception <a 'java/lang/ClassNotFoundException'{0x0000000086186308}: org/springframework/beans/factory/AwareCustomizer> (0x0000000086186308) 
thrown [./src/hotspot/share/classfile/systemDictionary.cpp, line 295]
Event: 3,089 Thread 0x00007f402402dad0 Exception <a 'java/lang/NoSuchMethodError'{0x0000000085a77c40}: 'void java.lang.invoke.DirectMethodHandle$Holder.invokeVirtual(java.lang.Object, java.lang.Object, int)'> (0x0000000085a77c40) 
thrown [./src/hotspot/share/interpreter/linkResolver.cpp, line 782]
Event: 3,091 Thread 0x00007f402402dad0 Exception <a 'java/lang/NoSuchMethodError'{0x0000000085a93ec0}: 'void java.lang.invoke.DirectMethodHandle$Holder.invokeVirtual(java.lang.Object, java.lang.Object, long)'> (0x0000000085a93ec0) 
thrown [./src/hotspot/share/interpreter/linkResolver.cpp, line 782]
Event: 3,179 Thread 0x00007f402402dad0 Exception <a 'java/lang/NoSuchMethodError'{0x0000000088c71a28}: 'java.lang.Object java.lang.invoke.DirectMethodHandle$Holder.invokeInterface(java.lang.Object, java.lang.Object, java.lang.Object)'> (0x0000000088c71a28) 
thrown [./src/hotspot/share/interpreter/linkResolver.cpp, line 782]
Event: 3,179 Thread 0x00007f402402dad0 Exception <a 'java/lang/IncompatibleClassChangeError'{0x0000000088c752c0}: Found class java.lang.Object, but interface was expected> (0x0000000088c752c0) 
thrown [./src/hotspot/share/interpreter/linkResolver.cpp, line 848]

Events (20 events):
Event: 3,633 Thread 0x00007f4025453c70 Thread added: 0x00007f4025453c70
Event: 3,634 Protecting memory [0x00007f3f961c6000,0x00007f3f961ca000] with protection modes 0
Event: 3,634 Thread 0x00007f4025455780 Thread added: 0x00007f4025455780
Event: 3,634 Protecting memory [0x00007f3f960c5000,0x00007f3f960c9000] with protection modes 0
Event: 3,634 loading class java/nio/channels/spi/AbstractInterruptibleChannel$1
Event: 3,634 loading class java/nio/channels/spi/AbstractInterruptibleChannel$1 done
Event: 3,634 Executing VM operation: G1CollectForAllocation
Event: 3,640 Executing VM operation: G1CollectForAllocation done
Event: 3,641 loading class java/util/TreeMap$ValueSpliterator
Event: 3,641 loading class java/util/TreeMap$TreeMapSpliterator
Event: 3,641 loading class java/util/TreeMap$TreeMapSpliterator done
Event: 3,641 loading class java/util/TreeMap$ValueSpliterator done
Event: 3,671 Thread 0x00007f402402dad0 Thread exited: 0x00007f402402dad0
Event: 3,671 Protecting memory [0x00007f402a9c7000,0x00007f402a9cb000] with protection modes 0
Event: 3,671 Thread 0x00007f402402dad0 Thread added: 0x00007f402402dad0
Event: 3,680 Executing VM operation: G1Concurrent
Event: 3,683 Executing VM operation: G1Concurrent done
Event: 3,698 Executing VM operation: G1Concurrent
Event: 3,698 Executing VM operation: G1Concurrent done
Event: 3,761 Loaded shared library /usr/lib/jvm/java-15-amazon-corretto/lib/libnio.so


Dynamic libraries:
83a00000-86a00000 rw-p 00000000 00:00 0 
86a00000-88900000 ---p 00000000 00:00 0 
88900000-88f00000 rw-p 00000000 00:00 0 
88f00000-8b700000 ---p 00000000 00:00 0 
8b700000-8b800000 rw-p 00000000 00:00 0 
8b800000-ffe00000 ---p 00000000 00:00 0 
ffe00000-ffe52000 rw-p 00be7000 08:15 4203126                            /usr/lib/jvm/java-15-amazon-corretto/lib/server/classes.jsa
ffe52000-fff00000 rw-p 00000000 00:00 0 
fff00000-fff7c000 rw-p 00b6b000 08:15 4203126                            /usr/lib/jvm/java-15-amazon-corretto/lib/server/classes.jsa
fff7c000-100000000 rw-p 00000000 00:00 0 
800000000-800003000 rwxp 00001000 08:15 4203126                          /usr/lib/jvm/java-15-amazon-corretto/lib/server/classes.jsa
800003000-8003e7000 rw-p 00004000 08:15 4203126                          /usr/lib/jvm/java-15-amazon-corretto/lib/server/classes.jsa
8003e7000-800b36000 r--p 003e8000 08:15 4203126                          /usr/lib/jvm/java-15-amazon-corretto/lib/server/classes.jsa
800b36000-800b38000 ---p 00000000 00:00 0 
800b38000-801058000 rw-p 00000000 00:00 0 
801058000-840b38000 ---p 00000000 00:00 0 
55cff0431000-55cff0432000 r-xp 00000000 08:15 4203422                    /usr/lib/jvm/java-15-amazon-corretto/bin/java
55cff0632000-55cff0633000 r--p 00001000 08:15 4203422                    /usr/lib/jvm/java-15-amazon-corretto/bin/java
55cff0633000-55cff0634000 rw-p 00002000 08:15 4203422                    /usr/lib/jvm/java-15-amazon-corretto/bin/java
55cff0e19000-55cff0e5d000 rw-p 00000000 00:00 0                          [heap]
7f3f80000000-7f3f8002b000 rw-p 00000000 00:00 0 
7f3f8002b000-7f3f84000000 ---p 00000000 00:00 0 
7f3f88000000-7f3f88021000 rw-p 00000000 00:00 0 
7f3f88021000-7f3f8c000000 ---p 00000000 00:00 0 
7f3f8c000000-7f3f8c021000 rw-p 00000000 00:00 0 
7f3f8c021000-7f3f90000000 ---p 00000000 00:00 0 
7f3f90000000-7f3f90021000 rw-p 00000000 00:00 0 
7f3f90021000-7f3f94000000 ---p 00000000 00:00 0 
7f3f95c66000-7f3f95f44000 rw-p 00000000 00:00 0 
7f3f95f44000-7f3f960c4000 ---p 00000000 00:00 0 
7f3f960c5000-7f3f960c9000 ---p 00000000 00:00 0 
7f3f960c9000-7f3f961c6000 rw-p 00000000 00:00 0 
7f3f961c6000-7f3f961ca000 ---p 00000000 00:00 0 
7f3f961ca000-7f3f962c7000 rw-p 00000000 00:00 0 
7f3f962c7000-7f3f962cb000 ---p 00000000 00:00 0 
7f3f962cb000-7f3f963c8000 rw-p 00000000 00:00 0 
7f3f963c8000-7f3f963cc000 ---p 00000000 00:00 0 
7f3f963cc000-7f3f964c9000 rw-p 00000000 00:00 0 
7f3f964c9000-7f3f964cd000 ---p 00000000 00:00 0 
7f3f964cd000-7f3f965ca000 rw-p 00000000 00:00 0 
7f3f965ca000-7f3f965ce000 ---p 00000000 00:00 0 
7f3f965ce000-7f3f966cb000 rw-p 00000000 00:00 0 
7f3f966cb000-7f3f966cf000 ---p 00000000 00:00 0 
7f3f966cf000-7f3f967cc000 rw-p 00000000 00:00 0 
7f3f967cc000-7f3f967d0000 ---p 00000000 00:00 0 
7f3f967d0000-7f3f968cd000 rw-p 00000000 00:00 0 
7f3f968cd000-7f3f968d1000 ---p 00000000 00:00 0 
7f3f968d1000-7f3f969ce000 rw-p 00000000 00:00 0 
7f3f969ce000-7f3f969d2000 ---p 00000000 00:00 0 
7f3f969d2000-7f3f96acf000 rw-p 00000000 00:00 0 
7f3f96acf000-7f3f96ad3000 ---p 00000000 00:00 0 
7f3f96ad3000-7f3f96bd0000 rw-p 00000000 00:00 0 
7f3f96bd0000-7f3f96bd4000 ---p 00000000 00:00 0 
7f3f96bd4000-7f3f96cd1000 rw-p 00000000 00:00 0 
7f3f96cd1000-7f3f96cd5000 ---p 00000000 00:00 0 
7f3f96cd5000-7f3f96dd2000 rw-p 00000000 00:00 0 
7f3f96dd2000-7f3f96dd6000 ---p 00000000 00:00 0 
7f3f96dd6000-7f3f96ed3000 rw-p 00000000 00:00 0 
7f3f96ed3000-7f3f96ed7000 ---p 00000000 00:00 0 
7f3f96ed7000-7f3f971d4000 rw-p 00000000 00:00 0 
7f3f971d7000-7f3f971ee000 r-xp 00000000 08:15 5510222                    /lib/x86_64-linux-gnu/libresolv-2.27.so
7f3f971ee000-7f3f973ee000 ---p 00017000 08:15 5510222                    /lib/x86_64-linux-gnu/libresolv-2.27.so
7f3f973ee000-7f3f973ef000 r--p 00017000 08:15 5510222                    /lib/x86_64-linux-gnu/libresolv-2.27.so
7f3f973ef000-7f3f973f0000 rw-p 00018000 08:15 5510222                    /lib/x86_64-linux-gnu/libresolv-2.27.so
7f3f973f0000-7f3f973f2000 rw-p 00000000 00:00 0 
7f3f973f2000-7f3f973f7000 r-xp 00000000 08:15 5510171                    /lib/x86_64-linux-gnu/libnss_dns-2.27.so
7f3f973f7000-7f3f975f7000 ---p 00005000 08:15 5510171                    /lib/x86_64-linux-gnu/libnss_dns-2.27.so
7f3f975f7000-7f3f975f8000 r--p 00005000 08:15 5510171                    /lib/x86_64-linux-gnu/libnss_dns-2.27.so
7f3f975f8000-7f3f975f9000 rw-p 00006000 08:15 5510171                    /lib/x86_64-linux-gnu/libnss_dns-2.27.so
7f3f975f9000-7f3f975fb000 r-xp 00000000 08:15 5510179                    /lib/x86_64-linux-gnu/libnss_mdns4_minimal.so.2
7f3f975fb000-7f3f977fa000 ---p 00002000 08:15 5510179                    /lib/x86_64-linux-gnu/libnss_mdns4_minimal.so.2
7f3f977fa000-7f3f977fb000 r--p 00001000 08:15 5510179                    /lib/x86_64-linux-gnu/libnss_mdns4_minimal.so.2
7f3f977fb000-7f3f977fc000 rw-p 00002000 08:15 5510179                    /lib/x86_64-linux-gnu/libnss_mdns4_minimal.so.2
7f3f977fc000-7f3f979fc000 rw-p 00000000 00:00 0 
7f3f979fc000-7f3f97bfc000 rw-p 00000000 00:00 0 
7f3f97bfe000-7f3f97c02000 ---p 00000000 00:00 0 
7f3f97c02000-7f3f97cff000 rw-p 00000000 00:00 0 
7f3f97cff000-7f3f97d03000 ---p 00000000 00:00 0 
7f3f97d03000-7f3f98000000 rw-p 00000000 00:00 0 
7f3f98000000-7f3f98021000 rw-p 00000000 00:00 0 
7f3f98021000-7f3f9c000000 ---p 00000000 00:00 0 
7f3f9c000000-7f3f9c021000 rw-p 00000000 00:00 0 
7f3f9c021000-7f3fa0000000 ---p 00000000 00:00 0 
7f3fa0000000-7f3fa1804000 rw-p 00000000 00:00 0 
7f3fa1804000-7f3fa4000000 ---p 00000000 00:00 0 
7f3fa4000000-7f3fa405a000 rw-p 00000000 00:00 0 
7f3fa405a000-7f3fa8000000 ---p 00000000 00:00 0 
7f3fa8000000-7f3fa8248000 rw-p 00000000 00:00 0 
7f3fa8248000-7f3fac000000 ---p 00000000 00:00 0 
7f3fac000000-7f3fac021000 rw-p 00000000 00:00 0 
7f3fac021000-7f3fb0000000 ---p 00000000 00:00 0 
7f3fb0000000-7f3fb0021000 rw-p 00000000 00:00 0 
7f3fb0021000-7f3fb4000000 ---p 00000000 00:00 0 
7f3fb4000000-7f3fb4021000 rw-p 00000000 00:00 0 
7f3fb4021000-7f3fb8000000 ---p 00000000 00:00 0 
7f3fb8000000-7f3fb8021000 rw-p 00000000 00:00 0 
7f3fb8021000-7f3fbc000000 ---p 00000000 00:00 0 
7f3fbc000000-7f3fbc021000 rw-p 00000000 00:00 0 
7f3fbc021000-7f3fc0000000 ---p 00000000 00:00 0 
7f3fc0000000-7f3fc0021000 rw-p 00000000 00:00 0 
7f3fc0021000-7f3fc4000000 ---p 00000000 00:00 0 
7f3fc4000000-7f3fc4021000 rw-p 00000000 00:00 0 
7f3fc4021000-7f3fc8000000 ---p 00000000 00:00 0 
7f3fc8000000-7f3fc8021000 rw-p 00000000 00:00 0 
7f3fc8021000-7f3fcc000000 ---p 00000000 00:00 0 
7f3fcc000000-7f3fcc021000 rw-p 00000000 00:00 0 
7f3fcc021000-7f3fd0000000 ---p 00000000 00:00 0 
7f3fd0000000-7f3fd1359000 rw-p 00000000 00:00 0 
7f3fd1359000-7f3fd4000000 ---p 00000000 00:00 0 
7f3fd4000000-7f3fd4814000 rw-p 00000000 00:00 0 
7f3fd4814000-7f3fd8000000 ---p 00000000 00:00 0 
7f3fd8000000-7f3fd8021000 rw-p 00000000 00:00 0 
7f3fd8021000-7f3fdc000000 ---p 00000000 00:00 0 
7f3fdc000000-7f3fdc021000 rw-p 00000000 00:00 0 
7f3fdc021000-7f3fe0000000 ---p 00000000 00:00 0 
7f3fe0000000-7f3fe0021000 rw-p 00000000 00:00 0 
7f3fe0021000-7f3fe4000000 ---p 00000000 00:00 0 
7f3fe4000000-7f3fe4021000 rw-p 00000000 00:00 0 
7f3fe4021000-7f3fe8000000 ---p 00000000 00:00 0 
7f3fe8000000-7f3fe8021000 rw-p 00000000 00:00 0 
7f3fe8021000-7f3fec000000 ---p 00000000 00:00 0 
7f3fec037000-7f3fec03b000 ---p 00000000 00:00 0 
7f3fec03b000-7f3fec338000 rw-p 00000000 00:00 0 
7f3fec338000-7f3fec538000 rw-p 00000000 00:00 0 
7f3fec538000-7f3fec738000 rw-p 00000000 00:00 0 
7f3fec73a000-7f3fec73e000 ---p 00000000 00:00 0 
7f3fec73e000-7f3fec83b000 rw-p 00000000 00:00 0 
7f3fec83b000-7f3fec83f000 ---p 00000000 00:00 0 
7f3fec83f000-7f3fecb3c000 rw-p 00000000 00:00 0 
7f3fecb3c000-7f3fecd28000 rw-p 00000000 00:00 0 
7f3fecd28000-7f3fecd3c000 ---p 00000000 00:00 0 
7f3fecd3c000-7f3fecf3c000 rw-p 00000000 00:00 0 
7f3fecf3c000-7f3fed13c000 rw-p 00000000 00:00 0 
7f3fed13f000-7f3fed143000 ---p 00000000 00:00 0 
7f3fed143000-7f3fed440000 rw-p 00000000 00:00 0 
7f3fed440000-7f3fed640000 rw-p 00000000 00:00 0 
7f3fed643000-7f3fed647000 ---p 00000000 00:00 0 
7f3fed647000-7f3fed944000 rw-p 00000000 00:00 0 
7f3fed947000-7f3fed948000 ---p 00000000 00:00 0 
7f3fed948000-7f3feda49000 rw-p 00000000 00:00 0 
7f3feda49000-7f3feda4d000 ---p 00000000 00:00 0 
7f3feda4d000-7f3fedb4a000 rw-p 00000000 00:00 0 
7f3fedb4a000-7f3fedb50000 r-xp 00000000 08:15 4203091                    /usr/lib/jvm/java-15-amazon-corretto/lib/libmanagement_ext.so
7f3fedb50000-7f3fedd4f000 ---p 00006000 08:15 4203091                    /usr/lib/jvm/java-15-amazon-corretto/lib/libmanagement_ext.so
7f3fedd4f000-7f3fedd50000 r--p 00005000 08:15 4203091                    /usr/lib/jvm/java-15-amazon-corretto/lib/libmanagement_ext.so
7f3fedd50000-7f3fedd51000 rw-p 00000000 00:00 0 
7f3fedd51000-7f3fedd55000 r-xp 00000000 08:15 4203146                    /usr/lib/jvm/java-15-amazon-corretto/lib/libmanagement.so
7f3fedd55000-7f3fedf55000 ---p 00004000 08:15 4203146                    /usr/lib/jvm/java-15-amazon-corretto/lib/libmanagement.so
7f3fedf55000-7f3fedf56000 r--p 00004000 08:15 4203146                    /usr/lib/jvm/java-15-amazon-corretto/lib/libmanagement.so
7f3fedf56000-7f3fedf57000 rw-p 00000000 00:00 0 
7f3fedf57000-7f3fedf58000 ---p 00000000 00:00 0 
7f3fedf58000-7f3fee059000 rw-p 00000000 00:00 0 
7f3fee059000-7f3fee05a000 ---p 00000000 00:00 0 
7f3fee05a000-7f3fee15b000 rw-p 00000000 00:00 0 
7f3fee15b000-7f3fee15c000 ---p 00000000 00:00 0 
7f3fee15c000-7f3fee25d000 rw-p 00000000 00:00 0 
7f3fee25d000-7f3fee25f000 r-xp 00000000 08:15 4203096                    /usr/lib/jvm/java-15-amazon-corretto/lib/libextnet.so
7f3fee25f000-7f3fee45e000 ---p 00002000 08:15 4203096                    /usr/lib/jvm/java-15-amazon-corretto/lib/libextnet.so
7f3fee45e000-7f3fee45f000 r--p 00001000 08:15 4203096                    /usr/lib/jvm/java-15-amazon-corretto/lib/libextnet.so
7f3fee45f000-7f3fee460000 rw-p 00000000 00:00 0 
7f3fee460000-7f3fee461000 ---p 00000000 00:00 0 
7f3fee461000-7f3fee562000 rw-p 00000000 00:00 0 
7f3fee562000-7f3fee566000 ---p 00000000 00:00 0 
7f3fee566000-7f3fee663000 rw-p 00000000 00:00 0 
7f3fee663000-7f3fee667000 ---p 00000000 00:00 0 
7f3fee667000-7f3fee764000 rw-p 00000000 00:00 0 
7f3fee764000-7f3fee775000 r-xp 00000000 08:15 4203127                    /usr/lib/jvm/java-15-amazon-corretto/lib/libverify.so
7f3fee775000-7f3fee974000 ---p 00011000 08:15 4203127                    /usr/lib/jvm/java-15-amazon-corretto/lib/libverify.so
7f3fee974000-7f3fee976000 r--p 00010000 08:15 4203127                    /usr/lib/jvm/java-15-amazon-corretto/lib/libverify.so
7f3fee976000-7f3fee977000 rw-p 00000000 00:00 0 
7f3fee977000-7f3fee98c000 r-xp 00000000 08:15 4203133                    /usr/lib/jvm/java-15-amazon-corretto/lib/libnet.so
7f3fee98c000-7f3feeb8b000 ---p 00015000 08:15 4203133                    /usr/lib/jvm/java-15-amazon-corretto/lib/libnet.so
7f3feeb8b000-7f3feeb8c000 r--p 00014000 08:15 4203133                    /usr/lib/jvm/java-15-amazon-corretto/lib/libnet.so
7f3feeb8c000-7f3feeb8d000 rw-p 00015000 08:15 4203133                    /usr/lib/jvm/java-15-amazon-corretto/lib/libnet.so
7f3feeb8d000-7f3feeb9f000 r-xp 00000000 08:15 4203134                    /usr/lib/jvm/java-15-amazon-corretto/lib/libnio.so
7f3feeb9f000-7f3feed9e000 ---p 00012000 08:15 4203134                    /usr/lib/jvm/java-15-amazon-corretto/lib/libnio.so
7f3feed9e000-7f3feed9f000 r--p 00011000 08:15 4203134                    /usr/lib/jvm/java-15-amazon-corretto/lib/libnio.so
7f3feed9f000-7f3feeda0000 rw-p 00012000 08:15 4203134                    /usr/lib/jvm/java-15-amazon-corretto/lib/libnio.so
7f3feeda0000-7f3feedba000 r-xp 00000000 08:15 4203131                    /usr/lib/jvm/java-15-amazon-corretto/lib/libzip.so
7f3feedba000-7f3feefba000 ---p 0001a000 08:15 4203131                    /usr/lib/jvm/java-15-amazon-corretto/lib/libzip.so
7f3feefba000-7f3feefbb000 r--p 0001a000 08:15 4203131                    /usr/lib/jvm/java-15-amazon-corretto/lib/libzip.so
7f3feefbb000-7f3feefbc000 rw-p 00000000 00:00 0 
7f3feefbc000-7f3feefc0000 ---p 00000000 00:00 0 
7f3feefc0000-7f3fef0bd000 rw-p 00000000 00:00 0 
7f3fef0bd000-7f3fef0c1000 ---p 00000000 00:00 0 
7f3fef0c1000-7f3fef1be000 rw-p 00000000 00:00 0 
7f3fef1be000-7f3fef1c2000 ---p 00000000 00:00 0 
7f3fef1c2000-7f3fef2bf000 rw-p 00000000 00:00 0 
7f3fef2bf000-7f3fef800000 r--p 00000000 08:15 4069564                    /usr/lib/locale/locale-archive
7f3fef800000-7f3ff0000000 rw-p 00000000 00:00 0 
7f3ff0000000-7f3ff0021000 rw-p 00000000 00:00 0 
7f3ff0021000-7f3ff4000000 ---p 00000000 00:00 0 
7f3ff4000000-7f3ff4021000 rw-p 00000000 00:00 0 
7f3ff4021000-7f3ff8000000 ---p 00000000 00:00 0 
7f3ff8000000-7f3ff8021000 rw-p 00000000 00:00 0 
7f3ff8021000-7f3ffc000000 ---p 00000000 00:00 0 
7f3ffc000000-7f3ffc021000 rw-p 00000000 00:00 0 
7f3ffc021000-7f4000000000 ---p 00000000 00:00 0 
7f4000000000-7f4000033000 rw-p 00000000 00:00 0 
7f4000033000-7f4004000000 ---p 00000000 00:00 0 
7f4004001000-7f4004005000 ---p 00000000 00:00 0 
7f4004005000-7f4004102000 rw-p 00000000 00:00 0 
7f4004102000-7f4004106000 ---p 00000000 00:00 0 
7f4004106000-7f4004203000 rw-p 00000000 00:00 0 
7f4004203000-7f4004207000 ---p 00000000 00:00 0 
7f4004207000-7f4004304000 rw-p 00000000 00:00 0 
7f4004304000-7f4004308000 ---p 00000000 00:00 0 
7f4004308000-7f4004405000 rw-p 00000000 00:00 0 
7f4004405000-7f4004409000 ---p 00000000 00:00 0 
7f4004409000-7f4004506000 rw-p 00000000 00:00 0 
7f4004506000-7f4004507000 ---p 00000000 00:00 0 
7f4004507000-7f4004608000 rw-p 00000000 00:00 0 
7f4004608000-7f4004609000 ---p 00000000 00:00 0 
7f4004609000-7f400470a000 rw-p 00000000 00:00 0 
7f400470a000-7f400470b000 ---p 00000000 00:00 0 
7f400470b000-7f4006c10000 rw-p 00000000 00:00 0 
7f4006c10000-7f4006c11000 ---p 00000000 00:00 0 
7f4006c11000-7f4006d12000 rw-p 00000000 00:00 0 
7f4006d12000-7f4006d13000 ---p 00000000 00:00 0 
7f4006d13000-7f4006e14000 rw-p 00000000 00:00 0 
7f4006e14000-7f4006e15000 ---p 00000000 00:00 0 
7f4006e15000-7f4006fd6000 rw-p 00000000 00:00 0 
7f4006fd6000-7f4007052000 ---p 00000000 00:00 0 
7f4007052000-7f400706a000 rw-p 00000000 00:00 0 
7f400706a000-7f400710a000 ---p 00000000 00:00 0 
7f400710a000-7f400710e000 rw-p 00000000 00:00 0 
7f400710e000-7f4008e26000 ---p 00000000 00:00 0 
7f4008e26000-7f4008eee000 rw-p 00000000 00:00 0 
7f4008eee000-7f4008f6a000 ---p 00000000 00:00 0 
7f4008f6a000-7f4008f82000 rw-p 00000000 00:00 0 
7f4008f82000-7f4009022000 ---p 00000000 00:00 0 
7f4009022000-7f4009026000 rw-p 00000000 00:00 0 
7f4009026000-7f400ad3e000 ---p 00000000 00:00 0 
7f400ad3e000-7f400ad5e000 rw-p 00000000 00:00 0 
7f400ad5e000-7f400ad6d000 ---p 00000000 00:00 0 
7f400ad6d000-7f400ad71000 rw-p 00000000 00:00 0 
7f400ad71000-7f400ad84000 ---p 00000000 00:00 0 
7f400ad84000-7f400ad85000 rw-p 00000000 00:00 0 
7f400ad85000-7f400b128000 ---p 00000000 00:00 0 
7f400b128000-7f400b141000 rw-p 00000000 00:00 0 
7f400b141000-7f400b150000 ---p 00000000 00:00 0 
7f400b150000-7f400b154000 rw-p 00000000 00:00 0 
7f400b154000-7f400b167000 ---p 00000000 00:00 0 
7f400b167000-7f400b168000 rw-p 00000000 00:00 0 
7f400b168000-7f400b50b000 ---p 00000000 00:00 0 
7f400b50b000-7f400b524000 rw-p 00000000 00:00 0 
7f400b524000-7f400b533000 ---p 00000000 00:00 0 
7f400b533000-7f400b537000 rw-p 00000000 00:00 0 
7f400b537000-7f400b54a000 ---p 00000000 00:00 0 
7f400b54a000-7f400b54b000 rw-p 00000000 00:00 0 
7f400b54b000-7f400b8ee000 ---p 00000000 00:00 0 
7f400b8ee000-7f400bcf8000 rw-p 00000000 00:00 0 
7f400bcf8000-7f400bdde000 ---p 00000000 00:00 0 
7f400bdde000-7f400c04e000 rwxp 00000000 00:00 0 
7f400c04e000-7f400c36f000 ---p 00000000 00:00 0 
7f400c36f000-7f400cbff000 rwxp 00000000 00:00 0 
7f400cbff000-7f40138a6000 ---p 00000000 00:00 0 
7f40138a6000-7f4013b16000 rwxp 00000000 00:00 0 
7f4013b16000-7f401adde000 ---p 00000000 00:00 0 
7f401adde000-7f402338c000 r--s 00000000 08:15 4203089                    /usr/lib/jvm/java-15-amazon-corretto/lib/modules
7f402338c000-7f4023397000 r-xp 00000000 08:15 5510173                    /lib/x86_64-linux-gnu/libnss_files-2.27.so
7f4023397000-7f4023596000 ---p 0000b000 08:15 5510173                    /lib/x86_64-linux-gnu/libnss_files-2.27.so
7f4023596000-7f4023597000 r--p 0000a000 08:15 5510173                    /lib/x86_64-linux-gnu/libnss_files-2.27.so
7f4023597000-7f4023598000 rw-p 0000b000 08:15 5510173                    /lib/x86_64-linux-gnu/libnss_files-2.27.so
7f4023598000-7f402359e000 rw-p 00000000 00:00 0 
7f402359e000-7f40235b5000 r-xp 00000000 08:15 5510167                    /lib/x86_64-linux-gnu/libnsl-2.27.so
7f40235b5000-7f40237b4000 ---p 00017000 08:15 5510167                    /lib/x86_64-linux-gnu/libnsl-2.27.so
7f40237b4000-7f40237b5000 r--p 00016000 08:15 5510167                    /lib/x86_64-linux-gnu/libnsl-2.27.so
7f40237b5000-7f40237b6000 rw-p 00017000 08:15 5510167                    /lib/x86_64-linux-gnu/libnsl-2.27.so
7f40237b6000-7f40237b8000 rw-p 00000000 00:00 0 
7f40237b8000-7f40237c3000 r-xp 00000000 08:15 5510184                    /lib/x86_64-linux-gnu/libnss_nis-2.27.so
7f40237c3000-7f40239c2000 ---p 0000b000 08:15 5510184                    /lib/x86_64-linux-gnu/libnss_nis-2.27.so
7f40239c2000-7f40239c3000 r--p 0000a000 08:15 5510184                    /lib/x86_64-linux-gnu/libnss_nis-2.27.so
7f40239c3000-7f40239c4000 rw-p 0000b000 08:15 5510184                    /lib/x86_64-linux-gnu/libnss_nis-2.27.so
7f40239c4000-7f40239cc000 r-xp 00000000 08:15 5510169                    /lib/x86_64-linux-gnu/libnss_compat-2.27.so
7f40239cc000-7f4023bcc000 ---p 00008000 08:15 5510169                    /lib/x86_64-linux-gnu/libnss_compat-2.27.so
7f4023bcc000-7f4023bcd000 r--p 00008000 08:15 5510169                    /lib/x86_64-linux-gnu/libnss_compat-2.27.so
7f4023bcd000-7f4023bce000 rw-p 00009000 08:15 5510169                    /lib/x86_64-linux-gnu/libnss_compat-2.27.so
7f4023bce000-7f4023bf3000 r-xp 00000000 08:15 4203129                    /usr/lib/jvm/java-15-amazon-corretto/lib/libjava.so
7f4023bf3000-7f4023df2000 ---p 00025000 08:15 4203129                    /usr/lib/jvm/java-15-amazon-corretto/lib/libjava.so
7f4023df2000-7f4023df3000 r--p 00024000 08:15 4203129                    /usr/lib/jvm/java-15-amazon-corretto/lib/libjava.so
7f4023df3000-7f4023df4000 rw-p 00025000 08:15 4203129                    /usr/lib/jvm/java-15-amazon-corretto/lib/libjava.so
7f4023df4000-7f4023df5000 rw-p 00000000 00:00 0 
7f4023df5000-7f4023dff000 r-xp 00000000 08:15 4203142                    /usr/lib/jvm/java-15-amazon-corretto/lib/libinstrument.so
7f4023dff000-7f4023ffe000 ---p 0000a000 08:15 4203142                    /usr/lib/jvm/java-15-amazon-corretto/lib/libinstrument.so
7f4023ffe000-7f4023fff000 r--p 00009000 08:15 4203142                    /usr/lib/jvm/java-15-amazon-corretto/lib/libinstrument.so
7f4023fff000-7f4024000000 rw-p 0000a000 08:15 4203142                    /usr/lib/jvm/java-15-amazon-corretto/lib/libinstrument.so
7f4024000000-7f4025463000 rw-p 00000000 00:00 0 
7f4025463000-7f4028000000 ---p 00000000 00:00 0 
7f4028016000-7f40280a9000 rw-p 00000000 00:00 0 
7f40280a9000-7f4028182000 ---p 00000000 00:00 0 
7f4028182000-7f402819d000 r-xp 00000000 08:15 4203132                    /usr/lib/jvm/java-15-amazon-corretto/lib/libjimage.so
7f402819d000-7f402839d000 ---p 0001b000 08:15 4203132                    /usr/lib/jvm/java-15-amazon-corretto/lib/libjimage.so
7f402839d000-7f402839f000 r--p 0001b000 08:15 4203132                    /usr/lib/jvm/java-15-amazon-corretto/lib/libjimage.so
7f402839f000-7f40283a0000 rw-p 0001d000 08:15 4203132                    /usr/lib/jvm/java-15-amazon-corretto/lib/libjimage.so
7f40283a0000-7f40283a7000 r-xp 00000000 08:15 5510224                    /lib/x86_64-linux-gnu/librt-2.27.so
7f40283a7000-7f40285a6000 ---p 00007000 08:15 5510224                    /lib/x86_64-linux-gnu/librt-2.27.so
7f40285a6000-7f40285a7000 r--p 00006000 08:15 5510224                    /lib/x86_64-linux-gnu/librt-2.27.so
7f40285a7000-7f40285a8000 rw-p 00007000 08:15 5510224                    /lib/x86_64-linux-gnu/librt-2.27.so
7f40285a8000-7f4028745000 r-xp 00000000 08:15 5510146                    /lib/x86_64-linux-gnu/libm-2.27.so
7f4028745000-7f4028944000 ---p 0019d000 08:15 5510146                    /lib/x86_64-linux-gnu/libm-2.27.so
7f4028944000-7f4028945000 r--p 0019c000 08:15 5510146                    /lib/x86_64-linux-gnu/libm-2.27.so
7f4028945000-7f4028946000 rw-p 0019d000 08:15 5510146                    /lib/x86_64-linux-gnu/libm-2.27.so
7f4028946000-7f4029b2e000 r-xp 00000000 08:15 4203123                    /usr/lib/jvm/java-15-amazon-corretto/lib/server/libjvm.so
7f4029b2e000-7f4029d2e000 ---p 011e8000 08:15 4203123                    /usr/lib/jvm/java-15-amazon-corretto/lib/server/libjvm.so
7f4029d2e000-7f4029dcb000 r--p 011e8000 08:15 4203123                    /usr/lib/jvm/java-15-amazon-corretto/lib/server/libjvm.so
7f4029dcb000-7f4029e04000 rw-p 01285000 08:15 4203123                    /usr/lib/jvm/java-15-amazon-corretto/lib/server/libjvm.so
7f4029e04000-7f4029e8d000 rw-p 00000000 00:00 0 
7f4029e8d000-7f402a074000 r-xp 00000000 08:15 5510083                    /lib/x86_64-linux-gnu/libc-2.27.so
7f402a074000-7f402a274000 ---p 001e7000 08:15 5510083                    /lib/x86_64-linux-gnu/libc-2.27.so
7f402a274000-7f402a278000 r--p 001e7000 08:15 5510083                    /lib/x86_64-linux-gnu/libc-2.27.so
7f402a278000-7f402a27a000 rw-p 001eb000 08:15 5510083                    /lib/x86_64-linux-gnu/libc-2.27.so
7f402a27a000-7f402a27e000 rw-p 00000000 00:00 0 
7f402a27e000-7f402a281000 r-xp 00000000 08:15 5510106                    /lib/x86_64-linux-gnu/libdl-2.27.so
7f402a281000-7f402a480000 ---p 00003000 08:15 5510106                    /lib/x86_64-linux-gnu/libdl-2.27.so
7f402a480000-7f402a481000 r--p 00002000 08:15 5510106                    /lib/x86_64-linux-gnu/libdl-2.27.so
7f402a481000-7f402a482000 rw-p 00003000 08:15 5510106                    /lib/x86_64-linux-gnu/libdl-2.27.so
7f402a482000-7f402a49c000 r-xp 00000000 08:15 5510216                    /lib/x86_64-linux-gnu/libpthread-2.27.so
7f402a49c000-7f402a69b000 ---p 0001a000 08:15 5510216                    /lib/x86_64-linux-gnu/libpthread-2.27.so
7f402a69b000-7f402a69c000 r--p 00019000 08:15 5510216                    /lib/x86_64-linux-gnu/libpthread-2.27.so
7f402a69c000-7f402a69d000 rw-p 0001a000 08:15 5510216                    /lib/x86_64-linux-gnu/libpthread-2.27.so
7f402a69d000-7f402a6a1000 rw-p 00000000 00:00 0 
7f402a6a1000-7f402a6ba000 r-xp 00000000 08:15 4203128                    /usr/lib/jvm/java-15-amazon-corretto/lib/libjli.so
7f402a6ba000-7f402a8ba000 ---p 00019000 08:15 4203128                    /usr/lib/jvm/java-15-amazon-corretto/lib/libjli.so
7f402a8ba000-7f402a8bb000 r--p 00019000 08:15 4203128                    /usr/lib/jvm/java-15-amazon-corretto/lib/libjli.so
7f402a8bb000-7f402a8bc000 rw-p 0001a000 08:15 4203128                    /usr/lib/jvm/java-15-amazon-corretto/lib/libjli.so
7f402a8bc000-7f402a8e3000 r-xp 00000000 08:15 5510055                    /lib/x86_64-linux-gnu/ld-2.27.so
7f402a8e8000-7f402a9c7000 rw-p 00000000 00:00 0 
7f402a9c7000-7f402a9cb000 ---p 00000000 00:00 0 
7f402a9cb000-7f402aacf000 rw-p 00000000 00:00 0 
7f402aacf000-7f402aad6000 ---p 00000000 00:00 0 
7f402aad6000-7f402aade000 rw-s 00000000 08:15 4327609                    /tmp/hsperfdata_shakhzod/5269
7f402aade000-7f402aadf000 ---p 00000000 00:00 0 
7f402aadf000-7f402aae0000 r--p 00000000 00:00 0 
7f402aae0000-7f402aae1000 ---p 00000000 00:00 0 
7f402aae1000-7f402aae3000 rw-p 00000000 00:00 0 
7f402aae3000-7f402aae4000 r--p 00027000 08:15 5510055                    /lib/x86_64-linux-gnu/ld-2.27.so
7f402aae4000-7f402aae5000 rw-p 00028000 08:15 5510055                    /lib/x86_64-linux-gnu/ld-2.27.so
7f402aae5000-7f402aae6000 rw-p 00000000 00:00 0 
7ffc4ac07000-7ffc4ac2a000 rw-p 00000000 00:00 0                          [stack]
7ffc4ac85000-7ffc4ac88000 r--p 00000000 00:00 0                          [vvar]
7ffc4ac88000-7ffc4ac89000 r-xp 00000000 00:00 0                          [vdso]
ffffffffff600000-ffffffffff601000 r-xp 00000000 00:00 0                  [vsyscall]


VM Arguments:
jvm_args: -javaagent:/home/shakhzod/Downloads/idea-IC-201.7846.76/lib/idea_rt.jar=39469:/home/shakhzod/Downloads/idea-IC-201.7846.76/bin -Dfile.encoding=UTF-8 
java_command: io.shakhzod.whereis.WhereisApplication
java_class_path (initial): /home/shakhzod/Downloads/whereisbot/target/classes:/home/shakhzod/.m2/repository/org/springframework/boot/spring-boot-starter/2.3.5.RELEASE/spring-boot-starter-2.3.5.RELEASE.jar:/home/shakhzod/.m2/repository/org/springframework/boot/spring-boot/2.3.5.RELEASE/spring-boot-2.3.5.RELEASE.jar:/home/shakhzod/.m2/repository/org/springframework/spring-context/5.2.10.RELEASE/spring-context-5.2.10.RELEASE.jar:/home/shakhzod/.m2/repository/org/springframework/boot/spring-boot-autoconfigure/2.3.5.RELEASE/spring-boot-autoconfigure-2.3.5.RELEASE.jar:/home/shakhzod/.m2/repository/org/springframework/boot/spring-boot-starter-logging/2.3.5.RELEASE/spring-boot-starter-logging-2.3.5.RELEASE.jar:/home/shakhzod/.m2/repository/ch/qos/logback/logback-classic/1.2.3/logback-classic-1.2.3.jar:/home/shakhzod/.m2/repository/ch/qos/logback/logback-core/1.2.3/logback-core-1.2.3.jar:/home/shakhzod/.m2/repository/org/apache/logging/log4j/log4j-to-slf4j/2.13.3/log4j-to-slf4j-2.13.3.jar:/home/shakhzod/.m2/repository/org/apache/logging/log4j/log4j-api/2.13.3/log4j-api-2.13.3.jar:/home/shakhzod/.m2/repository/org/slf4j/jul-to-slf4j/1.7.30/jul-to-slf4j-1.7.30.jar:/home/shakhzod/.m2/repository/jakarta/annotation/jakarta.annotation-api/1.3.5/jakarta.annotation-api-1.3.5.jar:/home/shakhzod/.m2/repository/org/springframework/spring-core/5.2.10.RELEASE/spring-core-5.2.10.RELEASE.jar:/home/shakhzod/.m2/repository/org/springframework/spring-jcl/5.2.10.RELEASE/spring-jcl-5.2.10.RELEASE.jar:/home/shakhzod/.m2/repository/org/yaml/snakeyaml/1.26/snakeyaml-1.26.jar:/home/shakhzod/.m2/repository/org/springframework/boot/spring-boot-starter-web/2.3.5.RELEASE/spring-boot-starter-web-2.3.5.RELEASE.jar:/home/shakhzod/.m2/repository/org/springframework/boot/spring-boot-starter-json/2.3.5.RELEASE/spring-boot-starter-json-2.3.5.RELEASE.jar:/home/shakhzod/.m2/repository/com/fasterxml/jackson/core/jackson-databind/2.11.3/jackson-databind-2.11.3.jar:/home/shakhzod/.m2/repository/com/fasterxml/jac
Launcher Type: SUN_STANDARD

[Global flags]
     intx CICompilerCount                          = 3                                         {product} {ergonomic}
     uint ConcGCThreads                            = 1                                         {product} {ergonomic}
     uint G1ConcRefinementThreads                  = 4                                         {product} {ergonomic}
   size_t G1HeapRegionSize                         = 1048576                                   {product} {ergonomic}
    uintx GCDrainStackTargetSize                   = 64                                        {product} {ergonomic}
   size_t InitialHeapSize                          = 132120576                                 {product} {ergonomic}
   size_t MarkStackSize                            = 4194304                                   {product} {ergonomic}
   size_t MaxHeapSize                              = 2086666240                                {product} {ergonomic}
   size_t MaxNewSize                               = 1251999744                                {product} {ergonomic}
   size_t MinHeapDeltaBytes                        = 1048576                                   {product} {ergonomic}
   size_t MinHeapSize                              = 8388608                                   {product} {ergonomic}
    uintx NonNMethodCodeHeapSize                   = 5832780                                {pd product} {ergonomic}
    uintx NonProfiledCodeHeapSize                  = 122912730                              {pd product} {ergonomic}
    uintx ProfiledCodeHeapSize                     = 122912730                              {pd product} {ergonomic}
    uintx ReservedCodeCacheSize                    = 251658240                              {pd product} {ergonomic}
     bool SegmentedCodeCache                       = true                                      {product} {ergonomic}
   size_t SoftMaxHeapSize                          = 2086666240                             {manageable} {ergonomic}
     bool UseCompressedClassPointers               = true                                 {lp64_product} {ergonomic}
     bool UseCompressedOops                        = true                                 {lp64_product} {ergonomic}
     bool UseG1GC                                  = true                                      {product} {ergonomic}

Logging:
Log output configuration:
 #0: stdout all=warning uptime,level,tags
 #1: stderr all=off uptime,level,tags

Environment Variables:
PATH=/usr/local/sbin:/usr/local/bin:/usr/sbin:/usr/bin:/sbin:/bin:/usr/games:/usr/local/games
SHELL=/bin/bash
DISPLAY=:0
LANG=en_US.UTF-8

Signal Handlers:
SIGSEGV: [libjvm.so+0xec02c0], sa_mask[0]=11111111011111111101111111111110, sa_flags=SA_RESTART|SA_SIGINFO
SIGBUS: [libjvm.so+0xec02c0], sa_mask[0]=11111111011111111101111111111110, sa_flags=SA_RESTART|SA_SIGINFO
SIGFPE: [libjvm.so+0xec02c0], sa_mask[0]=11111111011111111101111111111110, sa_flags=SA_RESTART|SA_SIGINFO
SIGPIPE: [libjvm.so+0xbb9bc0], sa_mask[0]=11111111011111111101111111111110, sa_flags=SA_RESTART|SA_SIGINFO
SIGXFSZ: [libjvm.so+0xbb9bc0], sa_mask[0]=11111111011111111101111111111110, sa_flags=SA_RESTART|SA_SIGINFO
SIGILL: [libjvm.so+0xec02c0], sa_mask[0]=11111111011111111101111111111110, sa_flags=SA_RESTART|SA_SIGINFO
SIGUSR2: [libjvm.so+0xbb9a60], sa_mask[0]=00100000000000000000000000000000, sa_flags=SA_RESTART|SA_SIGINFO
SIGHUP: [libjvm.so+0xbba180], sa_mask[0]=11111111011111111101111111111110, sa_flags=SA_RESTART|SA_SIGINFO
SIGINT: [libjvm.so+0xbba180], sa_mask[0]=11111111011111111101111111111110, sa_flags=SA_RESTART|SA_SIGINFO
SIGTERM: [libjvm.so+0xbba180], sa_mask[0]=11111111011111111101111111111110, sa_flags=SA_RESTART|SA_SIGINFO
SIGQUIT: [libjvm.so+0xbba180], sa_mask[0]=11111111011111111101111111111110, sa_flags=SA_RESTART|SA_SIGINFO


---------------  S Y S T E M  ---------------

OS:
DISTRIB_ID=LinuxMint
DISTRIB_RELEASE=19.3
DISTRIB_CODENAME=tricia
DISTRIB_DESCRIPTION="Linux Mint 19.3 Tricia"
uname: Linux 5.0.0-32-generic #34~18.04.2-Ubuntu SMP Thu Oct 10 10:36:02 UTC 2019 x86_64
OS uptime: 0 days 0:19 hours
libc: glibc 2.27 NPTL 2.27 
rlimit (soft/hard): STACK 8192k/infinity , CORE 0k/infinity , NPROC 31552/31552 , NOFILE 1048576/1048576 , AS infinity/infinity , CPU infinity/infinity , DATA infinity/infinity , FSIZE infinity/infinity , MEMLOCK 16384k/16384k
load average: 1,86 1,28 1,17

/proc/meminfo:
MemTotal:        8148168 kB
MemFree:         2482180 kB
MemAvailable:    4250500 kB
Buffers:           72096 kB
Cached:          2025964 kB
SwapCached:            0 kB
Active:          3894968 kB
Inactive:        1408704 kB
Active(anon):    3211620 kB
Inactive(anon):   157268 kB
Active(file):     683348 kB
Inactive(file):  1251436 kB
Unevictable:          32 kB
Mlocked:              32 kB
SwapTotal:       2097148 kB
SwapFree:        2097148 kB
Dirty:             15248 kB
Writeback:             0 kB
AnonPages:       3205728 kB
Mapped:           738440 kB
Shmem:            166372 kB
KReclaimable:     105644 kB
Slab:             199172 kB
SReclaimable:     105644 kB
SUnreclaim:        93528 kB
KernelStack:       15760 kB
PageTables:        55136 kB
NFS_Unstable:          0 kB
Bounce:                0 kB
WritebackTmp:          0 kB
CommitLimit:     6171232 kB
Committed_AS:    8338424 kB
VmallocTotal:   34359738367 kB
VmallocUsed:           0 kB
VmallocChunk:          0 kB
Percpu:             3936 kB
HardwareCorrupted:     0 kB
AnonHugePages:         0 kB
ShmemHugePages:        0 kB
ShmemPmdMapped:        0 kB
CmaTotal:              0 kB
CmaFree:               0 kB
HugePages_Total:       0
HugePages_Free:        0
HugePages_Rsvd:        0
HugePages_Surp:        0
Hugepagesize:       2048 kB
Hugetlb:               0 kB
DirectMap4k:      210496 kB
DirectMap2M:     8161280 kB

/sys/kernel/mm/transparent_hugepage/enabled: always [madvise] never
/sys/kernel/mm/transparent_hugepage/defrag (defrag/compaction efforts parameter): always defer defer+madvise [madvise] never

/proc/sys/kernel/threads-max (system-wide limit on the number of threads): 63104
/proc/sys/vm/max_map_count (maximum number of memory map areas a process may have): 65530
/proc/sys/kernel/pid_max (system-wide limit on number of process identifiers): 32768

container (cgroup) information:
container_type: cgroupv1
cpu_cpuset_cpus: 0-3
cpu_memory_nodes: 0
active_processor_count: 4
cpu_quota: no quota
cpu_period: 100000
cpu_shares: no shares
memory_limit_in_bytes: unlimited
memory_and_swap_limit_in_bytes: not supported
memory_soft_limit_in_bytes: unlimited
memory_usage_in_bytes: 4693520384
memory_max_usage_in_bytes: 4935884800

Steal ticks since vm start: 0
Steal ticks percentage since vm start:  0,000

CPU: total 4 (initial active 4) (4 cores per cpu, 1 threads per core) family 6 model 58 stepping 9 microcode 0xc, cmov, cx8, fxsr, mmx, sse, sse2, sse3, ssse3, sse4.1, sse4.2, popcnt, vzeroupper, avx, aes, clmul, erms, tsc, tscinvbit, tscinv, clflush
CPU Model and flags from /proc/cpuinfo:
model name	: Intel(R) Core(TM) i5-3470 CPU @ 3.20GHz
flags		: fpu vme de pse tsc msr pae mce cx8 apic sep mtrr pge mca cmov pat pse36 clflush dts acpi mmx fxsr sse sse2 ss ht tm pbe syscall nx rdtscp lm constant_tsc arch_perfmon pebs bts rep_good nopl xtopology nonstop_tsc cpuid aperfmperf pni pclmulqdq dtes64 monitor ds_cpl vmx smx est tm2 ssse3 cx16 xtpr pdcm pcid sse4_1 sse4_2 x2apic popcnt tsc_deadline_timer aes xsave avx f16c rdrand lahf_lm cpuid_fault epb pti tpr_shadow vnmi flexpriority ept vpid fsgsbase smep erms xsaveopt dtherm ida arat pln pts

Online cpus: 0-3
Offline cpus: 4-7
BIOS frequency limitation: <Not Available>
Frequency switch latency (ns): 0
Available cpu frequencies: <Not Available>
Current governor: powersave
Core performance/turbo boost: <Not Available>

Memory: 4k page, physical 8148168k(2482180k free), swap 2097148k(2097148k free)

vm_info: OpenJDK 64-Bit Server VM (15.0.1+9) for linux-amd64 JRE (15.0.1+9), built on Oct 22 2020 04:09:46 by "jenkins" with gcc 7.3.1 20180303 (Red Hat 7.3.1-5)

END.
