#
# A fatal error has been detected by the Java Runtime Environment:
#
#  SIGSEGV (0xb) at pc=0x00007fb5c96327a2, pid=8076, tid=8103
#
# JRE version: OpenJDK Runtime Environment Corretto-15.0.1.9.1 (15.0.1+9) (build 15.0.1+9)
# Java VM: OpenJDK 64-Bit Server VM Corretto-15.0.1.9.1 (15.0.1+9, mixed mode, sharing, tiered, compressed oops, g1 gc, linux-amd64)
# Problematic frame:
# V  [libjvm.so+0xe6c7a2]  TypeTuple::hash() const+0x32
#
# Core dump will be written. Default location: Core dumps may be processed with "/lib/systemd/systemd-coredump %P %u %g %s %t 9223372036854775808 %e" (or dumping to /home/shakhzod/Downloads/whereisbot/core.8076)
#
# If you would like to submit a bug report, please visit:
#   https://bugreport.java.com/bugreport/crash.jsp
#

---------------  S U M M A R Y ------------

Command Line: -javaagent:/home/shakhzod/Downloads/idea-IC-201.7846.76/lib/idea_rt.jar=40667:/home/shakhzod/Downloads/idea-IC-201.7846.76/bin -Dfile.encoding=UTF-8 io.shakhzod.whereis.WhereisApplication

Host: Intel(R) Core(TM) i5-3470 CPU @ 3.20GHz, 4 cores, 7G, Linux Mint 19.3 Tricia
Time: Wed Nov 11 20:25:54 2020 CET elapsed time: 2.636076 seconds (0d 0h 0m 2s)

---------------  T H R E A D  ---------------

Current thread (0x00007fb5c4166170):  JavaThread "C2 CompilerThread0" daemon [_thread_in_native, id=8103, stack(0x00007fb58f0bd000,0x00007fb58f1be000)]


Current CompileTask:
C2:   2636 3021   !   4       jdk.internal.loader.BuiltinClassLoader::loadClassOrNull (143 bytes)

Stack: [0x00007fb58f0bd000,0x00007fb58f1be000],  sp=0x00007fb58f1b9c10,  free space=1011k
Native frames: (J=compiled Java code, A=aot compiled Java code, j=interpreted, Vv=VM code, C=native code)
V  [libjvm.so+0xe6c7a2]  TypeTuple::hash() const+0x32
V  [libjvm.so+0x6291a6]  Dict::doubhash()+0x146
V  [libjvm.so+0x629858]  Dict::Insert(void*, void*, bool)+0x148
V  [libjvm.so+0xe6eac8]  Type::hashcons()+0xb8
V  [libjvm.so+0xc19a99]  PhaseCCP::analyze()+0x1c9
V  [libjvm.so+0x566b2d]  Compile::Optimize()+0x57d
V  [libjvm.so+0x5680fa]  Compile::Compile(ciEnv*, ciMethod*, int, bool, bool, bool, DirectiveSet*)+0xa7a
V  [libjvm.so+0x49ee0c]  C2Compiler::compile_method(ciEnv*, ciMethod*, int, DirectiveSet*)+0xac
V  [libjvm.so+0x57215c]  CompileBroker::invoke_compiler_on_method(CompileTask*)+0xcec
V  [libjvm.so+0x572f18]  CompileBroker::compiler_thread_loop()+0x5b8
V  [libjvm.so+0xe548e9]  JavaThread::run()+0x1f9
V  [libjvm.so+0xe5208f]  Thread::call_run()+0xff
V  [libjvm.so+0xbc4d87]  thread_native_entry(Thread*)+0xe7


siginfo: si_signo: 11 (SIGSEGV), si_code: 128 (SI_KERNEL), si_addr: 0x0000000000000000

Register to memory mapping:

RAX=0x0000000000000007 is an unknown value
RBX=0x00007fb57055f870 points into unknown readable memory: 0x0000000200000002 | 02 00 00 00 02 00 00 00
RCX=0x0000000000000006 is an unknown value
RDX=0x0000000000000001 is an unknown value
RSP=0x00007fb58f1b9c10 is pointing into the stack for thread: 0x00007fb5c4166170
RBP=0x00007fb58f1b9c10 is pointing into the stack for thread: 0x00007fb5c4166170
RSI=0x0 is NULL
RDI=0x00007fb570d03b20 points into unknown readable memory: 0x00007fb5c9bc28f0 | f0 28 bc c9 b5 7f 00 00
R8 =0x0000000000000007 is an unknown value
R9 =0x0000ffb570d03ae8 is an unknown value
R10=0x0000000000000008 is an unknown value
R11=0x00007fb570557900 points into unknown readable memory: 0x0000002000000012 | 12 00 00 00 20 00 00 00
R12=0x0 is NULL
R13=0x0 is NULL
R14=0x0 is NULL
R15=0x0 is NULL


Registers:
RAX=0x0000000000000007, RBX=0x00007fb57055f870, RCX=0x0000000000000006, RDX=0x0000000000000001
RSP=0x00007fb58f1b9c10, RBP=0x00007fb58f1b9c10, RSI=0x0000000000000000, RDI=0x00007fb570d03b20
R8 =0x0000000000000007, R9 =0x0000ffb570d03ae8, R10=0x0000000000000008, R11=0x00007fb570557900
R12=0x0000000000000000, R13=0x0000000000000000, R14=0x0000000000000000, R15=0x0000000000000000
RIP=0x00007fb5c96327a2, EFLAGS=0x0000000000010202, CSGSFS=0x002b000000000033, ERR=0x0000000000000000
  TRAPNO=0x000000000000000d

Top of Stack: (sp=0x00007fb58f1b9c10)
0x00007fb58f1b9c10:   00007fb58f1b9c80 00007fb5c8def1a6
0x00007fb58f1b9c20:   0000000000000800 00000000000007f7
0x00007fb58f1b9c30:   000007f700000800 00007fb570d03b20
0x00007fb58f1b9c40:   00007fb5745ce700 00007fb570567870 

Instructions: (pc=0x00007fb5c96327a2)
0x00007fb5c96326a2:   47 20 0f bf 57 28 03 47 18 55 48 89 e5 5d 8d 44
0x00007fb5c96326b2:   10 04 c3 90 66 2e 0f 1f 84 00 00 00 00 00 48 8b
0x00007fb5c96326c2:   47 20 48 39 47 18 55 48 89 e5 0f 9d c0 5d c3 90
0x00007fb5c96326d2:   0f 1f 40 00 66 2e 0f 1f 84 00 00 00 00 00 48 8b
0x00007fb5c96326e2:   47 20 48 39 47 18 55 48 89 e5 0f 9f c0 5d c3 90
0x00007fb5c96326f2:   0f 1f 40 00 66 2e 0f 1f 84 00 00 00 00 00 55 31
0x00007fb5c9632702:   c0 8b 57 14 3b 56 14 48 89 e5 74 02 5d c3 85 d2
0x00007fb5c9632712:   74 40 48 8b 4f 18 48 8b 76 18 48 8b 3e 48 39 39
0x00007fb5c9632722:   75 ea 8d 42 ff 48 8d 3c c5 08 00 00 00 b8 08 00
0x00007fb5c9632732:   00 00 eb 19 66 2e 0f 1f 84 00 00 00 00 00 48 8b
0x00007fb5c9632742:   14 01 48 83 c0 08 48 39 54 06 f8 75 11 48 39 c7
0x00007fb5c9632752:   75 ec b8 01 00 00 00 5d c3 0f 1f 44 00 00 31 c0
0x00007fb5c9632762:   5d c3 66 90 66 2e 0f 1f 84 00 00 00 00 00 55 8b
0x00007fb5c9632772:   47 14 48 89 e5 85 c0 0f 84 99 00 00 00 4c 8b 4f
0x00007fb5c9632782:   18 8d 48 ff 49 89 c0 4c 89 ca 48 c1 ea 03 83 e2
0x00007fb5c9632792:   01 83 f9 02 0f 86 84 00 00 00 31 f6 85 d2 74 08
0x00007fb5c96327a2:   49 03 01 be 01 00 00 00 45 89 c2 66 0f ef c0 41
0x00007fb5c96327b2:   29 d2 49 8d 0c d1 31 d2 44 89 d7 d1 ef 90 83 c2
0x00007fb5c96327c2:   01 66 0f d4 01 48 83 c1 10 39 fa 72 f1 66 0f 6f
0x00007fb5c96327d2:   c8 44 89 d1 83 e1 fe 66 0f 73 d9 08 66 0f d4 c1
0x00007fb5c96327e2:   66 48 0f 7e c2 48 01 d0 41 39 ca 8d 14 0e 74 1e
0x00007fb5c96327f2:   89 d1 49 03 04 c9 8d 4a 01 41 39 c8 76 10 83 c2
0x00007fb5c9632802:   02 49 03 04 c9 41 39 d0 76 04 49 03 04 d1 5d c3
0x00007fb5c9632812:   66 0f 1f 44 00 00 31 c0 5d c3 0f 1f 40 00 31 d2
0x00007fb5c9632822:   eb ce 66 90 66 2e 0f 1f 84 00 00 00 00 00 8b 47
0x00007fb5c9632832:   14 85 c0 74 49 55 48 89 e5 41 54 49 89 fc 53 31
0x00007fb5c9632842:   db eb 0d 0f 1f 00 83 c3 01 41 39 5c 24 14 76 1e
0x00007fb5c9632852:   49 8b 54 24 18 89 d8 48 8b 3c c2 48 8b 07 ff 50
0x00007fb5c9632862:   48 84 c0 74 e1 5b 41 5c 5d c3 0f 1f 40 00 5b 31
0x00007fb5c9632872:   c0 41 5c 5d c3 66 0f 1f 84 00 00 00 00 00 31 c0
0x00007fb5c9632882:   c3 90 66 90 66 2e 0f 1f 84 00 00 00 00 00 31 c0
0x00007fb5c9632892:   48 8b 56 18 48 39 57 18 55 48 89 e5 74 08 5d c3 


Stack slot to memory mapping:
stack at sp + 0 slots: 0x00007fb58f1b9c80 is pointing into the stack for thread: 0x00007fb5c4166170
stack at sp + 1 slots: 0x00007fb5c8def1a6: <offset 0x00000000006291a6> in /usr/lib/jvm/java-15-amazon-corretto/lib/server/libjvm.so at 0x00007fb5c87c6000
stack at sp + 2 slots: 0x0000000000000800 is an unknown value
stack at sp + 3 slots: 0x00000000000007f7 is an unknown value
stack at sp + 4 slots: 0x000007f700000800 is an unknown value
stack at sp + 5 slots: 0x00007fb570d03b20 points into unknown readable memory: 0x00007fb5c9bc28f0 | f0 28 bc c9 b5 7f 00 00
stack at sp + 6 slots: 0x00007fb5745ce700 points into unknown readable memory: 0x00007fb58f1bc330 | 30 c3 1b 8f b5 7f 00 00
stack at sp + 7 slots: 0x00007fb570567870 points into unknown readable memory: 0x0000000400000000 | 00 00 00 00 04 00 00 00


---------------  P R O C E S S  ---------------

Threads class SMR info:
_java_thread_list=0x00007fb5c4d967b0, length=16, elements={
0x00007fb5c402dad0, 0x00007fb5c415ae20, 0x00007fb5c415c560, 0x00007fb5c4162e40,
0x00007fb5c4164550, 0x00007fb5c4166170, 0x00007fb5c41679a0, 0x00007fb5c41690a0,
0x00007fb5c4175cb0, 0x00007fb5c42aa770, 0x00007fb5c4232b90, 0x00007fb57419f840,
0x00007fb578001640, 0x00007fb5c4d93870, 0x00007fb5481d32d0, 0x00007fb5c4d94ca0
}

Java Threads: ( => current thread )
  0x00007fb5c402dad0 JavaThread "main" [_thread_in_vm, id=8077, stack(0x00007fb5ca847000,0x00007fb5ca948000)]
  0x00007fb5c415ae20 JavaThread "Reference Handler" daemon [_thread_blocked, id=8096, stack(0x00007fb5a4299000,0x00007fb5a439a000)]
  0x00007fb5c415c560 JavaThread "Finalizer" daemon [_thread_blocked, id=8097, stack(0x00007fb5a4198000,0x00007fb5a4299000)]
  0x00007fb5c4162e40 JavaThread "Signal Dispatcher" daemon [_thread_blocked, id=8099, stack(0x00007fb5a4097000,0x00007fb5a4198000)]
  0x00007fb5c4164550 JavaThread "Service Thread" daemon [_thread_blocked, id=8100, stack(0x00007fb58f1be000,0x00007fb58f2bf000)]
=>0x00007fb5c4166170 JavaThread "C2 CompilerThread0" daemon [_thread_in_native, id=8103, stack(0x00007fb58f0bd000,0x00007fb58f1be000)]
  0x00007fb5c41679a0 JavaThread "C1 CompilerThread0" daemon [_thread_blocked, id=8104, stack(0x00007fb58efbc000,0x00007fb58f0bd000)]
  0x00007fb5c41690a0 JavaThread "Sweeper thread" daemon [_thread_blocked, id=8106, stack(0x00007fb58eebb000,0x00007fb58efbc000)]
  0x00007fb5c4175cb0 JavaThread "Common-Cleaner" daemon [_thread_blocked, id=8107, stack(0x00007fb58edba000,0x00007fb58eebb000)]
  0x00007fb5c42aa770 JavaThread "Monitor Ctrl-Break" daemon [_thread_in_native, id=8108, stack(0x00007fb58e461000,0x00007fb58e562000)]
  0x00007fb5c4232b90 JavaThread "Notification Thread" daemon [_thread_blocked, id=8109, stack(0x00007fb58e360000,0x00007fb58e461000)]
  0x00007fb57419f840 JavaThread "C2 CompilerThread1" daemon [_thread_in_native, id=8118, stack(0x00007fb58dd56000,0x00007fb58de57000)]
  0x00007fb578001640 JavaThread "Attach Listener" daemon [_thread_blocked, id=8125, stack(0x00007fb58d043000,0x00007fb58d144000)]
  0x00007fb5c4d93870 JavaThread "Catalina-utility-1" [_thread_blocked, id=8130, stack(0x00007fb58d848000,0x00007fb58d949000)]
  0x00007fb5481d32d0 JavaThread "Catalina-utility-2" [_thread_blocked, id=8131, stack(0x00007fb58c73f000,0x00007fb58c840000)]
  0x00007fb5c4d94ca0 JavaThread "container-0" [_thread_blocked, id=8132, stack(0x00007fb58c63e000,0x00007fb58c73f000)]

Other Threads:
  0x00007fb5c41580d0 VMThread "VM Thread" [stack: 0x00007fb5a439c000,0x00007fb5a449c000] [id=8091]
  0x00007fb5c402f320 WatcherThread [stack: 0x00007fb58e260000,0x00007fb58e360000] [id=8110]
  0x00007fb5c406b420 GCTaskThread "GC Thread#0" [stack: 0x00007fb5a6d2b000,0x00007fb5a6e2b000] [id=8082]
  0x00007fb588000f30 GCTaskThread "GC Thread#1" [stack: 0x00007fb58df5b000,0x00007fb58e05b000] [id=8112]
  0x00007fb588001c90 GCTaskThread "GC Thread#2" [stack: 0x00007fb58de59000,0x00007fb58df59000] [id=8113]
  0x00007fb588005fd0 GCTaskThread "GC Thread#3" [stack: 0x00007fb58d748000,0x00007fb58d848000] [id=8122]
  0x00007fb5c407c640 ConcurrentGCThread "G1 Main Marker" [stack: 0x00007fb5a6c29000,0x00007fb5a6d29000] [id=8084]
  0x00007fb5c407d8d0 ConcurrentGCThread "G1 Conc#0" [stack: 0x00007fb5a6b27000,0x00007fb5a6c27000] [id=8085]
  0x00007fb5c40e47e0 ConcurrentGCThread "G1 Refine#0" [stack: 0x00007fb5a4621000,0x00007fb5a4721000] [id=8086]
  0x00007fb5c40e59f0 ConcurrentGCThread "G1 Young RemSet Sampling" [stack: 0x00007fb5a451f000,0x00007fb5a461f000] [id=8087]

Threads with active compile tasks:
C2 CompilerThread0     2640 3021   !   4       jdk.internal.loader.BuiltinClassLoader::loadClassOrNull (143 bytes)
C2 CompilerThread1     2640 3041   !   4       java.util.zip.InflaterInputStream::read (138 bytes)

VM state: not at safepoint (normal execution)

VM Mutex/Monitor currently owned by a thread: None

Heap address: 0x0000000083a00000, size: 1990 MB, Compressed Oops mode: 32-bit
CDS archive(s) mapped at: [0x0000000800000000-0x0000000800b36000-0x0000000800b36000), size 11755520, SharedBaseAddress: 0x0000000800000000, ArchiveRelocationMode: 0.
Compressed class space mapped at: 0x0000000800b38000-0x0000000840b38000, size: 1073741824
Narrow klass base: 0x0000000800000000, Narrow klass shift: 3, Narrow klass range: 0x100000000

GC Precious Log:
 CPUs: 4 total, 4 available
 Memory: 7956M
 Large Page Support: Disabled
 NUMA Support: Disabled
 Compressed Oops: Enabled (32-bit)
 Heap Region Size: 1M
 Heap Min Capacity: 8M
 Heap Initial Capacity: 126M
 Heap Max Capacity: 1990M
 Pre-touch: Disabled
 Parallel Workers: 4
 Concurrent Workers: 1
 Concurrent Refinement Workers: 4
 Periodic GC: Disabled

Heap:
 garbage-first heap   total 48128K, used 24725K [0x0000000083a00000, 0x0000000100000000)
  region size 1024K, 15 young (15360K), 2 survivors (2048K)
 Metaspace       used 28665K, capacity 29025K, committed 29488K, reserved 1075200K
  class space    used 3468K, capacity 3597K, committed 3712K, reserved 1048576K

Heap Regions: E=young(eden), S=young(survivor), O=old, HS=humongous(starts), HC=humongous(continues), CS=collection set, F=free, OA=open archive, CA=closed archive, TAMS=top-at-mark-start (previous, next)
|   0|0x0000000083a00000, 0x0000000083b00000, 0x0000000083b00000|100%| O|  |TAMS 0x0000000083b00000, 0x0000000083a00000| Untracked 
|   1|0x0000000083b00000, 0x0000000083c00000, 0x0000000083c00000|100%| O|  |TAMS 0x0000000083c00000, 0x0000000083b00000| Untracked 
|   2|0x0000000083c00000, 0x0000000083d00000, 0x0000000083d00000|100%| O|  |TAMS 0x0000000083d00000, 0x0000000083c00000| Untracked 
|   3|0x0000000083d00000, 0x0000000083e00000, 0x0000000083e00000|100%| O|  |TAMS 0x0000000083e00000, 0x0000000083d00000| Untracked 
|   4|0x0000000083e00000, 0x0000000083e76800, 0x0000000083f00000| 46%| O|  |TAMS 0x0000000083e76800, 0x0000000083e00000| Untracked 
|   5|0x0000000083f00000, 0x0000000084000000, 0x0000000084000000|100%| O|  |TAMS 0x0000000083f00000, 0x0000000083f00000| Untracked 
|   6|0x0000000084000000, 0x0000000084100000, 0x0000000084100000|100%| O|  |TAMS 0x0000000084000000, 0x0000000084000000| Untracked 
|   7|0x0000000084100000, 0x0000000084200000, 0x0000000084200000|100%| O|  |TAMS 0x0000000084100000, 0x0000000084100000| Untracked 
|   8|0x0000000084200000, 0x0000000084300000, 0x0000000084300000|100%| O|  |TAMS 0x0000000084200000, 0x0000000084200000| Untracked 
|   9|0x0000000084300000, 0x00000000843e2400, 0x0000000084400000| 88%| O|  |TAMS 0x0000000084300000, 0x0000000084300000| Untracked 
|  10|0x0000000084400000, 0x0000000084400000, 0x0000000084500000|  0%| F|  |TAMS 0x0000000084400000, 0x0000000084400000| Untracked 
|  11|0x0000000084500000, 0x0000000084500000, 0x0000000084600000|  0%| F|  |TAMS 0x0000000084500000, 0x0000000084500000| Untracked 
|  12|0x0000000084600000, 0x0000000084600000, 0x0000000084700000|  0%| F|  |TAMS 0x0000000084600000, 0x0000000084600000| Untracked 
|  13|0x0000000084700000, 0x0000000084700000, 0x0000000084800000|  0%| F|  |TAMS 0x0000000084700000, 0x0000000084700000| Untracked 
|  14|0x0000000084800000, 0x0000000084800000, 0x0000000084900000|  0%| F|  |TAMS 0x0000000084800000, 0x0000000084800000| Untracked 
|  15|0x0000000084900000, 0x00000000849fea38, 0x0000000084a00000| 99%| S|CS|TAMS 0x0000000084900000, 0x0000000084900000| Complete 
|  16|0x0000000084a00000, 0x0000000084b00000, 0x0000000084b00000|100%| S|CS|TAMS 0x0000000084a00000, 0x0000000084a00000| Complete 
|  17|0x0000000084b00000, 0x0000000084b00000, 0x0000000084c00000|  0%| F|  |TAMS 0x0000000084b00000, 0x0000000084b00000| Untracked 
|  18|0x0000000084c00000, 0x0000000084c00000, 0x0000000084d00000|  0%| F|  |TAMS 0x0000000084c00000, 0x0000000084c00000| Untracked 
|  19|0x0000000084d00000, 0x0000000084d00000, 0x0000000084e00000|  0%| F|  |TAMS 0x0000000084d00000, 0x0000000084d00000| Untracked 
|  20|0x0000000084e00000, 0x0000000084e00000, 0x0000000084f00000|  0%| F|  |TAMS 0x0000000084e00000, 0x0000000084e00000| Untracked 
|  21|0x0000000084f00000, 0x0000000084f00000, 0x0000000085000000|  0%| F|  |TAMS 0x0000000084f00000, 0x0000000084f00000| Untracked 
|  22|0x0000000085000000, 0x0000000085000000, 0x0000000085100000|  0%| F|  |TAMS 0x0000000085000000, 0x0000000085000000| Untracked 
|  23|0x0000000085100000, 0x0000000085100000, 0x0000000085200000|  0%| F|  |TAMS 0x0000000085100000, 0x0000000085100000| Untracked 
|  24|0x0000000085200000, 0x0000000085200000, 0x0000000085300000|  0%| F|  |TAMS 0x0000000085200000, 0x0000000085200000| Untracked 
|  25|0x0000000085300000, 0x0000000085300000, 0x0000000085400000|  0%| F|  |TAMS 0x0000000085300000, 0x0000000085300000| Untracked 
|  26|0x0000000085400000, 0x0000000085400000, 0x0000000085500000|  0%| F|  |TAMS 0x0000000085400000, 0x0000000085400000| Untracked 
|  27|0x0000000085500000, 0x0000000085500000, 0x0000000085600000|  0%| F|  |TAMS 0x0000000085500000, 0x0000000085500000| Untracked 
|  28|0x0000000085600000, 0x0000000085600000, 0x0000000085700000|  0%| F|  |TAMS 0x0000000085600000, 0x0000000085600000| Untracked 
|  29|0x0000000085700000, 0x0000000085700000, 0x0000000085800000|  0%| F|  |TAMS 0x0000000085700000, 0x0000000085700000| Untracked 
|  30|0x0000000085800000, 0x0000000085800000, 0x0000000085900000|  0%| F|  |TAMS 0x0000000085800000, 0x0000000085800000| Untracked 
|  31|0x0000000085900000, 0x0000000085900000, 0x0000000085a00000|  0%| F|  |TAMS 0x0000000085900000, 0x0000000085900000| Untracked 
|  32|0x0000000085a00000, 0x0000000085a59030, 0x0000000085b00000| 34%| E|  |TAMS 0x0000000085a00000, 0x0000000085a00000| Complete 
|  33|0x0000000085b00000, 0x0000000085c00000, 0x0000000085c00000|100%| E|CS|TAMS 0x0000000085b00000, 0x0000000085b00000| Complete 
|  34|0x0000000085c00000, 0x0000000085d00000, 0x0000000085d00000|100%| E|CS|TAMS 0x0000000085c00000, 0x0000000085c00000| Complete 
|  35|0x0000000085d00000, 0x0000000085e00000, 0x0000000085e00000|100%| E|CS|TAMS 0x0000000085d00000, 0x0000000085d00000| Complete 
|  36|0x0000000085e00000, 0x0000000085f00000, 0x0000000085f00000|100%| E|CS|TAMS 0x0000000085e00000, 0x0000000085e00000| Complete 
|  37|0x0000000085f00000, 0x0000000086000000, 0x0000000086000000|100%| E|CS|TAMS 0x0000000085f00000, 0x0000000085f00000| Complete 
|  55|0x0000000087100000, 0x0000000087200000, 0x0000000087200000|100%| E|CS|TAMS 0x0000000087100000, 0x0000000087100000| Complete 
|  56|0x0000000087200000, 0x0000000087300000, 0x0000000087300000|100%| E|CS|TAMS 0x0000000087200000, 0x0000000087200000| Complete 
|  57|0x0000000087300000, 0x0000000087400000, 0x0000000087400000|100%| E|CS|TAMS 0x0000000087300000, 0x0000000087300000| Complete 
|  58|0x0000000087400000, 0x0000000087500000, 0x0000000087500000|100%| E|CS|TAMS 0x0000000087400000, 0x0000000087400000| Complete 
|  59|0x0000000087500000, 0x0000000087600000, 0x0000000087600000|100%| E|CS|TAMS 0x0000000087500000, 0x0000000087500000| Complete 
|  60|0x0000000087600000, 0x0000000087700000, 0x0000000087700000|100%| E|CS|TAMS 0x0000000087600000, 0x0000000087600000| Complete 
| 125|0x000000008b700000, 0x000000008b800000, 0x000000008b800000|100%| E|CS|TAMS 0x000000008b700000, 0x000000008b700000| Complete 
|1988|0x00000000ffe00000, 0x00000000ffe52000, 0x00000000fff00000| 32%|OA|  |TAMS 0x00000000ffe52000, 0x00000000ffe00000| Untracked 
|1989|0x00000000fff00000, 0x00000000fff7c000, 0x0000000100000000| 48%|CA|  |TAMS 0x00000000fff7c000, 0x00000000fff00000| Untracked 

Card table byte_map: [0x00007fb5ab03e000,0x00007fb5ab421000] _byte_map_base: 0x00007fb5aac21000

Marking Bits (Prev, Next): (CMBitMap*) 0x00007fb5c406c200, (CMBitMap*) 0x00007fb5c406c1c0
 Prev Bits: [0x00007fb5a6e2b000, 0x00007fb5a8d43000)
 Next Bits: [0x00007fb5a8d43000, 0x00007fb5aac5b000)

Polling page: 0x00007fb5ca95e000

Metaspace:

Usage:
  Non-class:     24,83 MB capacity,    24,61 MB (>99%) used,   193,78 KB ( <1%) free+waste,    37,12 KB ( <1%) overhead. 
      Class:      3,51 MB capacity,     3,39 MB ( 96%) used,   113,52 KB (  3%) free+waste,    14,12 KB ( <1%) overhead. 
       Both:     28,34 MB capacity,    27,99 MB ( 99%) used,   307,30 KB (  1%) free+waste,    51,25 KB ( <1%) overhead. 

Virtual space:
  Non-class space:       26,00 MB reserved,      25,17 MB ( 97%) committed 
      Class space:        1,00 GB reserved,       3,62 MB ( <1%) committed 
             Both:        1,03 GB reserved,      28,80 MB (  3%) committed 

Chunk freelists:
   Non-Class:  172,00 KB
       Class:  19,00 KB
        Both:  191,00 KB

MaxMetaspaceSize: 17179869184,00 GB
CompressedClassSpaceSize: 1,00 GB

CodeHeap 'non-profiled nmethods': size=120032Kb used=1347Kb max_used=1347Kb free=118684Kb
 bounds [0x00007fb5b38a6000, 0x00007fb5b3b16000, 0x00007fb5badde000]
CodeHeap 'profiled nmethods': size=120028Kb used=6448Kb max_used=6448Kb free=113579Kb
 bounds [0x00007fb5ac36f000, 0x00007fb5ac9bf000, 0x00007fb5b38a6000]
CodeHeap 'non-nmethods': size=5700Kb used=1233Kb max_used=1272Kb free=4467Kb
 bounds [0x00007fb5abdde000, 0x00007fb5ac04e000, 0x00007fb5ac36f000]
 total_blobs=3646 nmethods=3139 adapters=419
 compilation: enabled
              stopped_count=0, restarted_count=0
 full_count=0

Compilation events (20 events):
Event: 2,542 Thread 0x00007fb5c41679a0 3035  s    3       java.lang.StringBuffer::append (13 bytes)
Event: 2,542 Thread 0x00007fb5c41679a0 nmethod 3035 0x00007fb5ac982190 code [0x00007fb5ac982340, 0x00007fb5ac982560]
Event: 2,542 Thread 0x00007fb5c41679a0 3036       3       java.lang.StringBuffer::<init> (7 bytes)
Event: 2,542 Thread 0x00007fb5c41679a0 nmethod 3036 0x00007fb5ac982610 code [0x00007fb5ac9827a0, 0x00007fb5ac9828c0]
Event: 2,544 Thread 0x00007fb5c41679a0 3037       3       com.google.inject.internal.asm.$Frame::merge (322 bytes)
Event: 2,545 Thread 0x00007fb5c41679a0 nmethod 3037 0x00007fb5ac982990 code [0x00007fb5ac982ba0, 0x00007fb5ac9834c0]
Event: 2,545 Thread 0x00007fb5c41679a0 3038       3       com.google.inject.internal.asm.$ByteVector::putByte (39 bytes)
Event: 2,545 Thread 0x00007fb5c41679a0 nmethod 3038 0x00007fb5ac983710 code [0x00007fb5ac9838c0, 0x00007fb5ac983aa0]
Event: 2,545 Thread 0x00007fb5c41679a0 3039       3       com.google.inject.internal.asm.$SymbolTable::get (13 bytes)
Event: 2,545 Thread 0x00007fb5c41679a0 nmethod 3039 0x00007fb5ac983c10 code [0x00007fb5ac983da0, 0x00007fb5ac983ef0]
Event: 2,545 Thread 0x00007fb5c41679a0 3040       3       com.google.inject.internal.asm.$ByteVector::putShort (52 bytes)
Event: 2,545 Thread 0x00007fb5c41679a0 nmethod 3040 0x00007fb5ac984010 code [0x00007fb5ac9841c0, 0x00007fb5ac9843c0]
Event: 2,552 Thread 0x00007fb5c41679a0 3042       3       com.google.inject.internal.asm.$Frame::execute (2318 bytes)
Event: 2,556 Thread 0x00007fb5c41679a0 nmethod 3042 0x00007fb5ac984510 code [0x00007fb5ac985240, 0x00007fb5ac98b390]
Event: 2,556 Thread 0x00007fb5c41679a0 3044       3       com.google.inject.internal.asm.$SymbolTable::hash (10 bytes)
Event: 2,556 Thread 0x00007fb5c41679a0 nmethod 3044 0x00007fb5ac98cf90 code [0x00007fb5ac98d120, 0x00007fb5ac98d240]
Event: 2,556 Thread 0x00007fb5c41679a0 3043       3       com.google.inject.internal.asm.$Label::getCanonicalInstance (19 bytes)
Event: 2,556 Thread 0x00007fb5c41679a0 nmethod 3043 0x00007fb5ac98d310 code [0x00007fb5ac98d4a0, 0x00007fb5ac98d5f0]
Event: 2,557 Thread 0x00007fb5c41679a0 3045       1       com.google.inject.internal.cglib.core.$Signature::getName (5 bytes)
Event: 2,557 Thread 0x00007fb5c41679a0 nmethod 3045 0x00007fb5b39e7310 code [0x00007fb5b39e74a0, 0x00007fb5b39e7550]

GC Heap History (8 events):
Event: 0,456 GC heap before
{Heap before GC invocations=0 (full 0):
 garbage-first heap   total 131072K, used 13112K [0x0000000083a00000, 0x0000000100000000)
  region size 1024K, 13 young (13312K), 0 survivors (0K)
 Metaspace       used 3755K, capacity 5986K, committed 6272K, reserved 1056768K
  class space    used 387K, capacity 566K, committed 640K, reserved 1048576K
}
Event: 0,463 GC heap after
{Heap after GC invocations=1 (full 0):
 garbage-first heap   total 131072K, used 5363K [0x0000000083a00000, 0x0000000100000000)
  region size 1024K, 2 young (2048K), 2 survivors (2048K)
 Metaspace       used 3755K, capacity 5986K, committed 6272K, reserved 1056768K
  class space    used 387K, capacity 566K, committed 640K, reserved 1048576K
}
Event: 0,832 GC heap before
{Heap before GC invocations=1 (full 0):
 garbage-first heap   total 131072K, used 19699K [0x0000000083a00000, 0x0000000100000000)
  region size 1024K, 17 young (17408K), 2 survivors (2048K)
 Metaspace       used 8156K, capacity 9019K, committed 9344K, reserved 1056768K
  class space    used 990K, capacity 1062K, committed 1152K, reserved 1048576K
}
Event: 0,836 GC heap after
{Heap after GC invocations=2 (full 0):
 garbage-first heap   total 131072K, used 6575K [0x0000000083a00000, 0x0000000100000000)
  region size 1024K, 2 young (2048K), 2 survivors (2048K)
 Metaspace       used 8156K, capacity 9019K, committed 9344K, reserved 1056768K
  class space    used 990K, capacity 1062K, committed 1152K, reserved 1048576K
}
Event: 2,095 GC heap before
{Heap before GC invocations=2 (full 0):
 garbage-first heap   total 131072K, used 69039K [0x0000000083a00000, 0x0000000100000000)
  region size 1024K, 65 young (66560K), 2 survivors (2048K)
 Metaspace       used 20888K, capacity 21146K, committed 21296K, reserved 1069056K
  class space    used 2534K, capacity 2635K, committed 2688K, reserved 1048576K
}
Event: 2,105 GC heap after
{Heap after GC invocations=3 (full 0):
 garbage-first heap   total 131072K, used 10627K [0x0000000083a00000, 0x0000000100000000)
  region size 1024K, 6 young (6144K), 6 survivors (6144K)
 Metaspace       used 20888K, capacity 21146K, committed 21296K, reserved 1069056K
  class space    used 2534K, capacity 2635K, committed 2688K, reserved 1048576K
}
Event: 2,422 GC heap before
{Heap before GC invocations=4 (full 0):
 garbage-first heap   total 48128K, used 33155K [0x0000000083a00000, 0x0000000100000000)
  region size 1024K, 28 young (28672K), 6 survivors (6144K)
 Metaspace       used 24930K, capacity 25246K, committed 25648K, reserved 1071104K
  class space    used 2991K, capacity 3084K, committed 3200K, reserved 1048576K
}
Event: 2,428 GC heap after
{Heap after GC invocations=5 (full 0):
 garbage-first heap   total 48128K, used 12437K [0x0000000083a00000, 0x0000000100000000)
  region size 1024K, 2 young (2048K), 2 survivors (2048K)
 Metaspace       used 24930K, capacity 25246K, committed 25648K, reserved 1071104K
  class space    used 2991K, capacity 3084K, committed 3200K, reserved 1048576K
}

Deoptimization events (20 events):
Event: 2,357 Thread 0x00007fb5c402dad0 DEOPT PACKING pc=0x00007fb5ac89c869 sp=0x00007fb5ca944710
Event: 2,357 Thread 0x00007fb5c402dad0 DEOPT UNPACKING pc=0x00007fb5abe2bf2b sp=0x00007fb5ca943c28 mode 0
Event: 2,389 Thread 0x00007fb5c4d93870 Uncommon trap: trap_request=0xffffff45 fr.pc=0x00007fb5b39c7fcc relative=0x0000000000004a2c
Event: 2,389 Thread 0x00007fb5c4d93870 Uncommon trap: reason=unstable_if action=reinterpret pc=0x00007fb5b39c7fcc method=java.lang.invoke.MethodType.makeImpl(Ljava/lang/Class;[Ljava/lang/Class;Z)Ljava/lang/invoke/MethodType; @ 46 c2
Event: 2,389 Thread 0x00007fb5c4d93870 DEOPT PACKING pc=0x00007fb5b39c7fcc sp=0x00007fb58d9466e0
Event: 2,389 Thread 0x00007fb5c4d93870 DEOPT UNPACKING pc=0x00007fb5abe2c125 sp=0x00007fb58d946710 mode 2
Event: 2,402 Thread 0x00007fb5c402dad0 DEOPT PACKING pc=0x00007fb5ac901380 sp=0x00007fb5ca940c50
Event: 2,402 Thread 0x00007fb5c402dad0 DEOPT UNPACKING pc=0x00007fb5abe2bf2b sp=0x00007fb5ca940188 mode 0
Event: 2,465 Thread 0x00007fb5c402dad0 Uncommon trap: trap_request=0xffffff45 fr.pc=0x00007fb5b38f9fd4 relative=0x0000000000000294
Event: 2,465 Thread 0x00007fb5c402dad0 Uncommon trap: reason=unstable_if action=reinterpret pc=0x00007fb5b38f9fd4 method=java.util.HashMap.getNode(Ljava/lang/Object;)Ljava/util/HashMap$Node; @ 66 c2
Event: 2,465 Thread 0x00007fb5c402dad0 DEOPT PACKING pc=0x00007fb5b38f9fd4 sp=0x00007fb5ca944f20
Event: 2,465 Thread 0x00007fb5c402dad0 DEOPT UNPACKING pc=0x00007fb5abe2c125 sp=0x00007fb5ca944ec0 mode 2
Event: 2,465 Thread 0x00007fb5c402dad0 Uncommon trap: trap_request=0xffffff45 fr.pc=0x00007fb5b3966b10 relative=0x0000000000000f30
Event: 2,465 Thread 0x00007fb5c402dad0 Uncommon trap: reason=unstable_if action=reinterpret pc=0x00007fb5b3966b10 method=java.util.HashMap.putVal(ILjava/lang/Object;Ljava/lang/Object;ZZ)Ljava/lang/Object; @ 94 c2
Event: 2,465 Thread 0x00007fb5c402dad0 DEOPT PACKING pc=0x00007fb5b3966b10 sp=0x00007fb5ca944f40
Event: 2,465 Thread 0x00007fb5c402dad0 DEOPT UNPACKING pc=0x00007fb5abe2c125 sp=0x00007fb5ca944e70 mode 2
Event: 2,472 Thread 0x00007fb5c402dad0 Uncommon trap: trap_request=0xffffff45 fr.pc=0x00007fb5b39afb60 relative=0x0000000000001080
Event: 2,472 Thread 0x00007fb5c402dad0 Uncommon trap: reason=unstable_if action=reinterpret pc=0x00007fb5b39afb60 method=java.util.HashMap.putVal(ILjava/lang/Object;Ljava/lang/Object;ZZ)Ljava/lang/Object; @ 94 c2
Event: 2,472 Thread 0x00007fb5c402dad0 DEOPT PACKING pc=0x00007fb5b39afb60 sp=0x00007fb5ca944eb0
Event: 2,472 Thread 0x00007fb5c402dad0 DEOPT UNPACKING pc=0x00007fb5abe2c125 sp=0x00007fb5ca944e78 mode 2

Classes unloaded (0 events):
No events

Classes redefined (0 events):
No events

Internal exceptions (20 events):
Event: 1,948 Thread 0x00007fb5c402dad0 Exception <a 'java/lang/ClassNotFoundException'{0x0000000087e858f0}: org/springframework/beans/factory/AwareCustomizer> (0x0000000087e858f0) 
thrown [./src/hotspot/share/classfile/systemDictionary.cpp, line 295]
Event: 1,948 Thread 0x00007fb5c402dad0 Exception <a 'java/lang/ClassNotFoundException'{0x0000000087e88030}: org/springframework/core/OrderedCustomizer> (0x0000000087e88030) 
thrown [./src/hotspot/share/classfile/systemDictionary.cpp, line 295]
Event: 1,949 Thread 0x00007fb5c402dad0 Exception <a 'java/lang/ClassNotFoundException'{0x0000000087e8b6d0}: org/springframework/beans/factory/BeanClassLoaderAwareCustomizer> (0x0000000087e8b6d0) 
thrown [./src/hotspot/share/classfile/systemDictionary.cpp, line 295]
Event: 1,949 Thread 0x00007fb5c402dad0 Exception <a 'java/lang/ClassNotFoundException'{0x0000000087e8ef20}: org/springframework/beans/factory/AwareCustomizer> (0x0000000087e8ef20) 
thrown [./src/hotspot/share/classfile/systemDictionary.cpp, line 295]
Event: 1,949 Thread 0x00007fb5c402dad0 Exception <a 'java/lang/ClassNotFoundException'{0x0000000087e91a60}: org/springframework/aop/framework/AopInfrastructureBeanCustomizer> (0x0000000087e91a60) 
thrown [./src/hotspot/share/classfile/systemDictionary.cpp, line 295]
Event: 1,956 Thread 0x00007fb5c402dad0 Exception <a 'java/lang/ClassNotFoundException'{0x0000000087ec44a8}: java/lang/ObjectCustomizer> (0x0000000087ec44a8) 
thrown [./src/hotspot/share/classfile/systemDictionary.cpp, line 295]
Event: 1,957 Thread 0x00007fb5c402dad0 Exception <a 'java/lang/ClassNotFoundException'{0x0000000087ecb028}: org/springframework/transaction/annotation/AbstractTransactionManagementConfigurationCustomizer> (0x0000000087ecb028) 
thrown [./src/hotspot/share/classfile/systemDictionary.cpp, line 295]
Event: 1,957 Thread 0x00007fb5c402dad0 Exception <a 'java/lang/ClassNotFoundException'{0x0000000087ed11e0}: org/springframework/transaction/annotation/ProxyTransactionManagementConfigurationCustomizer> (0x0000000087ed11e0) 
thrown [./src/hotspot/share/classfile/systemDictionary.cpp, line 295]
Event: 1,958 Thread 0x00007fb5c402dad0 Exception <a 'java/lang/ClassNotFoundException'{0x0000000087ed8d70}: org/springframework/context/annotation/ImportAwareCustomizer> (0x0000000087ed8d70) 
thrown [./src/hotspot/share/classfile/systemDictionary.cpp, line 295]
Event: 1,958 Thread 0x00007fb5c402dad0 Exception <a 'java/lang/ClassNotFoundException'{0x0000000087edd200}: org/springframework/beans/factory/AwareCustomizer> (0x0000000087edd200) 
thrown [./src/hotspot/share/classfile/systemDictionary.cpp, line 295]
Event: 1,998 Thread 0x00007fb5c402dad0 Exception <a 'java/lang/NoSuchMethodError'{0x0000000087c7abd0}: 'int java.lang.invoke.DirectMethodHandle$Holder.invokeSpecial(java.lang.Object, java.lang.Object, java.lang.Object, java.lang.Object, java.lang.Object)'> (0x0000000087c7abd0) 
thrown [./src/hotspot/share/interpreter/linkResolver.cpp, line 782]
Event: 1,999 Thread 0x00007fb5c402dad0 Exception <a 'java/lang/NoSuchMethodError'{0x0000000087c82cd8}: 'void java.lang.invoke.DirectMethodHandle$Holder.invokeInterface(java.lang.Object, java.lang.Object, java.lang.Object)'> (0x0000000087c82cd8) 
thrown [./src/hotspot/share/interpreter/linkResolver.cpp, line 782]
Event: 2,026 Thread 0x00007fb5c402dad0 Implicit null exception at 0x00007fb5b39a4c07 to 0x00007fb5b39a4f2c
Event: 2,057 Thread 0x00007fb5c402dad0 Exception <a 'java/lang/NoSuchMethodError'{0x000000008793f2b0}: 'void java.lang.invoke.DirectMethodHandle$Holder.invokeInterface(java.lang.Object, java.lang.Object, int)'> (0x000000008793f2b0) 
thrown [./src/hotspot/share/interpreter/linkResolver.cpp, line 782]
Event: 2,063 Thread 0x00007fb5c402dad0 Exception <a 'java/lang/IncompatibleClassChangeError'{0x0000000087994d60}: Found class java.lang.Object, but interface was expected> (0x0000000087994d60) 
thrown [./src/hotspot/share/interpreter/linkResolver.cpp, line 848]
Event: 2,063 Thread 0x00007fb5c402dad0 Exception <a 'java/lang/NoSuchMethodError'{0x000000008799a5b0}: 'void java.lang.invoke.DirectMethodHandle$Holder.invokeStatic(java.lang.Object, int, java.lang.Object)'> (0x000000008799a5b0) 
thrown [./src/hotspot/share/interpreter/linkResolver.cpp, line 782]
Event: 2,067 Thread 0x00007fb5c402dad0 Exception <a 'java/lang/NoSuchMethodError'{0x00000000879cd048}: 'int java.lang.invoke.DirectMethodHandle$Holder.invokeSpecial(java.lang.Object, java.lang.Object, int)'> (0x00000000879cd048) 
thrown [./src/hotspot/share/interpreter/linkResolver.cpp, line 782]
Event: 2,308 Thread 0x00007fb5c402dad0 Exception <a 'java/io/FileNotFoundException'{0x00000000850c7ac0}> (0x00000000850c7ac0) 
thrown [./src/hotspot/share/prims/jni.cpp, line 578]
Event: 2,327 Thread 0x00007fb5c402dad0 Exception <a 'java/lang/NoSuchMethodError'{0x0000000084e2de60}: 'int java.lang.invoke.DirectMethodHandle$Holder.invokeInterface(java.lang.Object, java.lang.Object, java.lang.Object, java.lang.Object)'> (0x0000000084e2de60) 
thrown [./src/hotspot/share/interpreter/linkResolver.cpp, line 782]
Event: 2,360 Thread 0x00007fb5c402dad0 Exception <a 'java/io/FileNotFoundException'{0x0000000084d9cf90}> (0x0000000084d9cf90) 
thrown [./src/hotspot/share/prims/jni.cpp, line 578]

Events (20 events):
Event: 2,422 Executing VM operation: G1CollectForAllocation
Event: 2,428 Executing VM operation: G1CollectForAllocation done
Event: 2,428 Executing VM operation: HandshakeAllThreads
Event: 2,428 Executing VM operation: HandshakeAllThreads done
Event: 2,451 loading class java/util/concurrent/atomic/AtomicReferenceArray
Event: 2,451 loading class java/util/concurrent/atomic/AtomicReferenceArray done
Event: 2,466 loading class java/io/InvalidObjectException
Event: 2,466 loading class java/io/InvalidObjectException done
Event: 2,487 loading class java/util/concurrent/CancellationException
Event: 2,487 loading class java/util/concurrent/CancellationException done
Event: 2,487 loading class sun/misc/Unsafe
Event: 2,487 loading class sun/misc/Unsafe done
Event: 2,489 loading class jdk/internal/reflect/UnsafeQualifiedStaticObjectFieldAccessorImpl
Event: 2,489 loading class jdk/internal/reflect/UnsafeQualifiedStaticObjectFieldAccessorImpl done
Event: 2,502 loading class java/security/InvalidParameterException
Event: 2,502 loading class java/security/InvalidParameterException done
Event: 2,505 loading class java/util/concurrent/ConcurrentLinkedDeque
Event: 2,505 loading class java/util/concurrent/ConcurrentLinkedDeque done
Event: 2,505 Executing VM operation: HandshakeAllThreads
Event: 2,505 Executing VM operation: HandshakeAllThreads done


Dynamic libraries:
83a00000-86000000 rw-p 00000000 00:00 0 
86000000-87100000 ---p 00000000 00:00 0 
87100000-87700000 rw-p 00000000 00:00 0 
87700000-8b700000 ---p 00000000 00:00 0 
8b700000-8b800000 rw-p 00000000 00:00 0 
8b800000-ffe00000 ---p 00000000 00:00 0 
ffe00000-ffe52000 rw-p 00be7000 08:15 4203126                            /usr/lib/jvm/java-15-amazon-corretto/lib/server/classes.jsa
ffe52000-fff00000 rw-p 00000000 00:00 0 
fff00000-fff7c000 rw-p 00b6b000 08:15 4203126                            /usr/lib/jvm/java-15-amazon-corretto/lib/server/classes.jsa
fff7c000-100000000 rw-p 00000000 00:00 0 
800000000-800003000 rwxp 00001000 08:15 4203126                          /usr/lib/jvm/java-15-amazon-corretto/lib/server/classes.jsa
800003000-8003e7000 rw-p 00004000 08:15 4203126                          /usr/lib/jvm/java-15-amazon-corretto/lib/server/classes.jsa
8003e7000-800b36000 r--p 003e8000 08:15 4203126                          /usr/lib/jvm/java-15-amazon-corretto/lib/server/classes.jsa
800b36000-800b38000 ---p 00000000 00:00 0 
800b38000-800ed8000 rw-p 00000000 00:00 0 
800ed8000-840b38000 ---p 00000000 00:00 0 
559f2dbaf000-559f2dbb0000 r-xp 00000000 08:15 4203422                    /usr/lib/jvm/java-15-amazon-corretto/bin/java
559f2ddb0000-559f2ddb1000 r--p 00001000 08:15 4203422                    /usr/lib/jvm/java-15-amazon-corretto/bin/java
559f2ddb1000-559f2ddb2000 rw-p 00002000 08:15 4203422                    /usr/lib/jvm/java-15-amazon-corretto/bin/java
559f2f6b5000-559f2f6d6000 rw-p 00000000 00:00 0                          [heap]
7fb538000000-7fb538021000 rw-p 00000000 00:00 0 
7fb538021000-7fb53c000000 ---p 00000000 00:00 0 
7fb53fda2000-7fb540000000 rw-p 00000000 00:00 0 
7fb540000000-7fb540025000 rw-p 00000000 00:00 0 
7fb540025000-7fb544000000 ---p 00000000 00:00 0 
7fb544000000-7fb544021000 rw-p 00000000 00:00 0 
7fb544021000-7fb548000000 ---p 00000000 00:00 0 
7fb548000000-7fb5481e0000 rw-p 00000000 00:00 0 
7fb5481e0000-7fb54c000000 ---p 00000000 00:00 0 
7fb54c000000-7fb54c021000 rw-p 00000000 00:00 0 
7fb54c021000-7fb550000000 ---p 00000000 00:00 0 
7fb550000000-7fb550021000 rw-p 00000000 00:00 0 
7fb550021000-7fb554000000 ---p 00000000 00:00 0 
7fb554000000-7fb554d82000 rw-p 00000000 00:00 0 
7fb554d82000-7fb558000000 ---p 00000000 00:00 0 
7fb558000000-7fb558021000 rw-p 00000000 00:00 0 
7fb558021000-7fb55c000000 ---p 00000000 00:00 0 
7fb55c000000-7fb55c021000 rw-p 00000000 00:00 0 
7fb55c021000-7fb560000000 ---p 00000000 00:00 0 
7fb560000000-7fb560021000 rw-p 00000000 00:00 0 
7fb560021000-7fb564000000 ---p 00000000 00:00 0 
7fb564000000-7fb564021000 rw-p 00000000 00:00 0 
7fb564021000-7fb568000000 ---p 00000000 00:00 0 
7fb568000000-7fb568021000 rw-p 00000000 00:00 0 
7fb568021000-7fb56c000000 ---p 00000000 00:00 0 
7fb56c000000-7fb56c021000 rw-p 00000000 00:00 0 
7fb56c021000-7fb570000000 ---p 00000000 00:00 0 
7fb570000000-7fb5714b5000 rw-p 00000000 00:00 0 
7fb5714b5000-7fb574000000 ---p 00000000 00:00 0 
7fb574000000-7fb574698000 rw-p 00000000 00:00 0 
7fb574698000-7fb578000000 ---p 00000000 00:00 0 
7fb578000000-7fb578021000 rw-p 00000000 00:00 0 
7fb578021000-7fb57c000000 ---p 00000000 00:00 0 
7fb57c000000-7fb57c021000 rw-p 00000000 00:00 0 
7fb57c021000-7fb580000000 ---p 00000000 00:00 0 
7fb580000000-7fb580021000 rw-p 00000000 00:00 0 
7fb580021000-7fb584000000 ---p 00000000 00:00 0 
7fb584000000-7fb584021000 rw-p 00000000 00:00 0 
7fb584021000-7fb588000000 ---p 00000000 00:00 0 
7fb588000000-7fb588021000 rw-p 00000000 00:00 0 
7fb588021000-7fb58c000000 ---p 00000000 00:00 0 
7fb58c23c000-7fb58c37c000 rw-p 00000000 00:00 0 
7fb58c37c000-7fb58c43c000 ---p 00000000 00:00 0 
7fb58c43c000-7fb58c63c000 rw-p 00000000 00:00 0 
7fb58c63e000-7fb58c642000 ---p 00000000 00:00 0 
7fb58c642000-7fb58c73f000 rw-p 00000000 00:00 0 
7fb58c73f000-7fb58c743000 ---p 00000000 00:00 0 
7fb58c743000-7fb58ca40000 rw-p 00000000 00:00 0 
7fb58ca40000-7fb58cc2c000 rw-p 00000000 00:00 0 
7fb58cc2c000-7fb58cc40000 ---p 00000000 00:00 0 
7fb58cc40000-7fb58ce40000 rw-p 00000000 00:00 0 
7fb58ce40000-7fb58d040000 rw-p 00000000 00:00 0 
7fb58d043000-7fb58d047000 ---p 00000000 00:00 0 
7fb58d047000-7fb58d344000 rw-p 00000000 00:00 0 
7fb58d344000-7fb58d544000 rw-p 00000000 00:00 0 
7fb58d544000-7fb58d744000 rw-p 00000000 00:00 0 
7fb58d746000-7fb58d747000 ---p 00000000 00:00 0 
7fb58d747000-7fb58d848000 rw-p 00000000 00:00 0 
7fb58d848000-7fb58d84c000 ---p 00000000 00:00 0 
7fb58d84c000-7fb58d949000 rw-p 00000000 00:00 0 
7fb58d949000-7fb58d94f000 r-xp 00000000 08:15 4203091                    /usr/lib/jvm/java-15-amazon-corretto/lib/libmanagement_ext.so
7fb58d94f000-7fb58db4e000 ---p 00006000 08:15 4203091                    /usr/lib/jvm/java-15-amazon-corretto/lib/libmanagement_ext.so
7fb58db4e000-7fb58db4f000 r--p 00005000 08:15 4203091                    /usr/lib/jvm/java-15-amazon-corretto/lib/libmanagement_ext.so
7fb58db4f000-7fb58db50000 rw-p 00000000 00:00 0 
7fb58db50000-7fb58db54000 r-xp 00000000 08:15 4203146                    /usr/lib/jvm/java-15-amazon-corretto/lib/libmanagement.so
7fb58db54000-7fb58dd54000 ---p 00004000 08:15 4203146                    /usr/lib/jvm/java-15-amazon-corretto/lib/libmanagement.so
7fb58dd54000-7fb58dd55000 r--p 00004000 08:15 4203146                    /usr/lib/jvm/java-15-amazon-corretto/lib/libmanagement.so
7fb58dd55000-7fb58dd56000 rw-p 00000000 00:00 0 
7fb58dd56000-7fb58dd5a000 ---p 00000000 00:00 0 
7fb58dd5a000-7fb58de57000 rw-p 00000000 00:00 0 
7fb58de57000-7fb58de58000 ---p 00000000 00:00 0 
7fb58de58000-7fb58df59000 rw-p 00000000 00:00 0 
7fb58df59000-7fb58df5a000 ---p 00000000 00:00 0 
7fb58df5a000-7fb58e05b000 rw-p 00000000 00:00 0 
7fb58e05b000-7fb58e05d000 r-xp 00000000 08:15 4203096                    /usr/lib/jvm/java-15-amazon-corretto/lib/libextnet.so
7fb58e05d000-7fb58e25c000 ---p 00002000 08:15 4203096                    /usr/lib/jvm/java-15-amazon-corretto/lib/libextnet.so
7fb58e25c000-7fb58e25d000 r--p 00001000 08:15 4203096                    /usr/lib/jvm/java-15-amazon-corretto/lib/libextnet.so
7fb58e25d000-7fb58e25e000 rw-p 00000000 00:00 0 
7fb58e25e000-7fb58e25f000 ---p 00000000 00:00 0 
7fb58e25f000-7fb58e360000 rw-p 00000000 00:00 0 
7fb58e360000-7fb58e364000 ---p 00000000 00:00 0 
7fb58e364000-7fb58e461000 rw-p 00000000 00:00 0 
7fb58e461000-7fb58e465000 ---p 00000000 00:00 0 
7fb58e465000-7fb58e562000 rw-p 00000000 00:00 0 
7fb58e562000-7fb58e573000 r-xp 00000000 08:15 4203127                    /usr/lib/jvm/java-15-amazon-corretto/lib/libverify.so
7fb58e573000-7fb58e772000 ---p 00011000 08:15 4203127                    /usr/lib/jvm/java-15-amazon-corretto/lib/libverify.so
7fb58e772000-7fb58e774000 r--p 00010000 08:15 4203127                    /usr/lib/jvm/java-15-amazon-corretto/lib/libverify.so
7fb58e774000-7fb58e775000 rw-p 00000000 00:00 0 
7fb58e775000-7fb58e78a000 r-xp 00000000 08:15 4203133                    /usr/lib/jvm/java-15-amazon-corretto/lib/libnet.so
7fb58e78a000-7fb58e989000 ---p 00015000 08:15 4203133                    /usr/lib/jvm/java-15-amazon-corretto/lib/libnet.so
7fb58e989000-7fb58e98a000 r--p 00014000 08:15 4203133                    /usr/lib/jvm/java-15-amazon-corretto/lib/libnet.so
7fb58e98a000-7fb58e98b000 rw-p 00015000 08:15 4203133                    /usr/lib/jvm/java-15-amazon-corretto/lib/libnet.so
7fb58e98b000-7fb58e99d000 r-xp 00000000 08:15 4203134                    /usr/lib/jvm/java-15-amazon-corretto/lib/libnio.so
7fb58e99d000-7fb58eb9c000 ---p 00012000 08:15 4203134                    /usr/lib/jvm/java-15-amazon-corretto/lib/libnio.so
7fb58eb9c000-7fb58eb9d000 r--p 00011000 08:15 4203134                    /usr/lib/jvm/java-15-amazon-corretto/lib/libnio.so
7fb58eb9d000-7fb58eb9e000 rw-p 00012000 08:15 4203134                    /usr/lib/jvm/java-15-amazon-corretto/lib/libnio.so
7fb58eb9e000-7fb58ebb8000 r-xp 00000000 08:15 4203131                    /usr/lib/jvm/java-15-amazon-corretto/lib/libzip.so
7fb58ebb8000-7fb58edb8000 ---p 0001a000 08:15 4203131                    /usr/lib/jvm/java-15-amazon-corretto/lib/libzip.so
7fb58edb8000-7fb58edb9000 r--p 0001a000 08:15 4203131                    /usr/lib/jvm/java-15-amazon-corretto/lib/libzip.so
7fb58edb9000-7fb58edba000 rw-p 00000000 00:00 0 
7fb58edba000-7fb58edbe000 ---p 00000000 00:00 0 
7fb58edbe000-7fb58eebb000 rw-p 00000000 00:00 0 
7fb58eebb000-7fb58eebf000 ---p 00000000 00:00 0 
7fb58eebf000-7fb58efbc000 rw-p 00000000 00:00 0 
7fb58efbc000-7fb58efc0000 ---p 00000000 00:00 0 
7fb58efc0000-7fb58f0bd000 rw-p 00000000 00:00 0 
7fb58f0bd000-7fb58f0c1000 ---p 00000000 00:00 0 
7fb58f0c1000-7fb58f1be000 rw-p 00000000 00:00 0 
7fb58f1be000-7fb58f1c2000 ---p 00000000 00:00 0 
7fb58f1c2000-7fb58f2bf000 rw-p 00000000 00:00 0 
7fb58f2bf000-7fb58f800000 r--p 00000000 08:15 4069564                    /usr/lib/locale/locale-archive
7fb58f800000-7fb590000000 rw-p 00000000 00:00 0 
7fb590000000-7fb590021000 rw-p 00000000 00:00 0 
7fb590021000-7fb594000000 ---p 00000000 00:00 0 
7fb594000000-7fb594021000 rw-p 00000000 00:00 0 
7fb594021000-7fb598000000 ---p 00000000 00:00 0 
7fb598000000-7fb598021000 rw-p 00000000 00:00 0 
7fb598021000-7fb59c000000 ---p 00000000 00:00 0 
7fb59c000000-7fb59c021000 rw-p 00000000 00:00 0 
7fb59c021000-7fb5a0000000 ---p 00000000 00:00 0 
7fb5a0000000-7fb5a0021000 rw-p 00000000 00:00 0 
7fb5a0021000-7fb5a4000000 ---p 00000000 00:00 0 
7fb5a4097000-7fb5a409b000 ---p 00000000 00:00 0 
7fb5a409b000-7fb5a4198000 rw-p 00000000 00:00 0 
7fb5a4198000-7fb5a419c000 ---p 00000000 00:00 0 
7fb5a419c000-7fb5a4299000 rw-p 00000000 00:00 0 
7fb5a4299000-7fb5a429d000 ---p 00000000 00:00 0 
7fb5a429d000-7fb5a439a000 rw-p 00000000 00:00 0 
7fb5a439a000-7fb5a439b000 ---p 00000000 00:00 0 
7fb5a439b000-7fb5a451d000 rw-p 00000000 00:00 0 
7fb5a451d000-7fb5a451e000 ---p 00000000 00:00 0 
7fb5a451e000-7fb5a461f000 rw-p 00000000 00:00 0 
7fb5a461f000-7fb5a4620000 ---p 00000000 00:00 0 
7fb5a4620000-7fb5a6b25000 rw-p 00000000 00:00 0 
7fb5a6b25000-7fb5a6b26000 ---p 00000000 00:00 0 
7fb5a6b26000-7fb5a6c27000 rw-p 00000000 00:00 0 
7fb5a6c27000-7fb5a6c28000 ---p 00000000 00:00 0 
7fb5a6c28000-7fb5a6d29000 rw-p 00000000 00:00 0 
7fb5a6d29000-7fb5a6d2a000 ---p 00000000 00:00 0 
7fb5a6d2a000-7fb5a6ec3000 rw-p 00000000 00:00 0 
7fb5a6ec3000-7fb5a6f07000 ---p 00000000 00:00 0 
7fb5a6f07000-7fb5a6f1f000 rw-p 00000000 00:00 0 
7fb5a6f1f000-7fb5a701f000 ---p 00000000 00:00 0 
7fb5a701f000-7fb5a7023000 rw-p 00000000 00:00 0 
7fb5a7023000-7fb5a8d3b000 ---p 00000000 00:00 0 
7fb5a8d3b000-7fb5a8ddb000 rw-p 00000000 00:00 0 
7fb5a8ddb000-7fb5a8e1f000 ---p 00000000 00:00 0 
7fb5a8e1f000-7fb5a8e37000 rw-p 00000000 00:00 0 
7fb5a8e37000-7fb5a8f37000 ---p 00000000 00:00 0 
7fb5a8f37000-7fb5a8f3b000 rw-p 00000000 00:00 0 
7fb5a8f3b000-7fb5aac53000 ---p 00000000 00:00 0 
7fb5aac53000-7fb5aac6e000 rw-p 00000000 00:00 0 
7fb5aac6e000-7fb5aac76000 ---p 00000000 00:00 0 
7fb5aac76000-7fb5aac7a000 rw-p 00000000 00:00 0 
7fb5aac7a000-7fb5aac99000 ---p 00000000 00:00 0 
7fb5aac99000-7fb5aac9a000 rw-p 00000000 00:00 0 
7fb5aac9a000-7fb5ab03d000 ---p 00000000 00:00 0 
7fb5ab03d000-7fb5ab051000 rw-p 00000000 00:00 0 
7fb5ab051000-7fb5ab059000 ---p 00000000 00:00 0 
7fb5ab059000-7fb5ab05d000 rw-p 00000000 00:00 0 
7fb5ab05d000-7fb5ab07c000 ---p 00000000 00:00 0 
7fb5ab07c000-7fb5ab07d000 rw-p 00000000 00:00 0 
7fb5ab07d000-7fb5ab420000 ---p 00000000 00:00 0 
7fb5ab420000-7fb5ab434000 rw-p 00000000 00:00 0 
7fb5ab434000-7fb5ab43c000 ---p 00000000 00:00 0 
7fb5ab43c000-7fb5ab440000 rw-p 00000000 00:00 0 
7fb5ab440000-7fb5ab45f000 ---p 00000000 00:00 0 
7fb5ab45f000-7fb5ab460000 rw-p 00000000 00:00 0 
7fb5ab460000-7fb5ab803000 ---p 00000000 00:00 0 
7fb5ab803000-7fb5abc0d000 rw-p 00000000 00:00 0 
7fb5abc0d000-7fb5abcf3000 ---p 00000000 00:00 0 
7fb5abcf3000-7fb5abd00000 rw-p 00000000 00:00 0 
7fb5abd00000-7fb5abdde000 ---p 00000000 00:00 0 
7fb5abdde000-7fb5ac04e000 rwxp 00000000 00:00 0 
7fb5ac04e000-7fb5ac36f000 ---p 00000000 00:00 0 
7fb5ac36f000-7fb5ac9bf000 rwxp 00000000 00:00 0 
7fb5ac9bf000-7fb5b38a6000 ---p 00000000 00:00 0 
7fb5b38a6000-7fb5b3b16000 rwxp 00000000 00:00 0 
7fb5b3b16000-7fb5badde000 ---p 00000000 00:00 0 
7fb5badde000-7fb5c338c000 r--s 00000000 08:15 4203089                    /usr/lib/jvm/java-15-amazon-corretto/lib/modules
7fb5c338c000-7fb5c3397000 r-xp 00000000 08:15 5510173                    /lib/x86_64-linux-gnu/libnss_files-2.27.so
7fb5c3397000-7fb5c3596000 ---p 0000b000 08:15 5510173                    /lib/x86_64-linux-gnu/libnss_files-2.27.so
7fb5c3596000-7fb5c3597000 r--p 0000a000 08:15 5510173                    /lib/x86_64-linux-gnu/libnss_files-2.27.so
7fb5c3597000-7fb5c3598000 rw-p 0000b000 08:15 5510173                    /lib/x86_64-linux-gnu/libnss_files-2.27.so
7fb5c3598000-7fb5c359e000 rw-p 00000000 00:00 0 
7fb5c359e000-7fb5c35b5000 r-xp 00000000 08:15 5510167                    /lib/x86_64-linux-gnu/libnsl-2.27.so
7fb5c35b5000-7fb5c37b4000 ---p 00017000 08:15 5510167                    /lib/x86_64-linux-gnu/libnsl-2.27.so
7fb5c37b4000-7fb5c37b5000 r--p 00016000 08:15 5510167                    /lib/x86_64-linux-gnu/libnsl-2.27.so
7fb5c37b5000-7fb5c37b6000 rw-p 00017000 08:15 5510167                    /lib/x86_64-linux-gnu/libnsl-2.27.so
7fb5c37b6000-7fb5c37b8000 rw-p 00000000 00:00 0 
7fb5c37b8000-7fb5c37c3000 r-xp 00000000 08:15 5510184                    /lib/x86_64-linux-gnu/libnss_nis-2.27.so
7fb5c37c3000-7fb5c39c2000 ---p 0000b000 08:15 5510184                    /lib/x86_64-linux-gnu/libnss_nis-2.27.so
7fb5c39c2000-7fb5c39c3000 r--p 0000a000 08:15 5510184                    /lib/x86_64-linux-gnu/libnss_nis-2.27.so
7fb5c39c3000-7fb5c39c4000 rw-p 0000b000 08:15 5510184                    /lib/x86_64-linux-gnu/libnss_nis-2.27.so
7fb5c39c4000-7fb5c39cc000 r-xp 00000000 08:15 5510169                    /lib/x86_64-linux-gnu/libnss_compat-2.27.so
7fb5c39cc000-7fb5c3bcc000 ---p 00008000 08:15 5510169                    /lib/x86_64-linux-gnu/libnss_compat-2.27.so
7fb5c3bcc000-7fb5c3bcd000 r--p 00008000 08:15 5510169                    /lib/x86_64-linux-gnu/libnss_compat-2.27.so
7fb5c3bcd000-7fb5c3bce000 rw-p 00009000 08:15 5510169                    /lib/x86_64-linux-gnu/libnss_compat-2.27.so
7fb5c3bce000-7fb5c3bf3000 r-xp 00000000 08:15 4203129                    /usr/lib/jvm/java-15-amazon-corretto/lib/libjava.so
7fb5c3bf3000-7fb5c3df2000 ---p 00025000 08:15 4203129                    /usr/lib/jvm/java-15-amazon-corretto/lib/libjava.so
7fb5c3df2000-7fb5c3df3000 r--p 00024000 08:15 4203129                    /usr/lib/jvm/java-15-amazon-corretto/lib/libjava.so
7fb5c3df3000-7fb5c3df4000 rw-p 00025000 08:15 4203129                    /usr/lib/jvm/java-15-amazon-corretto/lib/libjava.so
7fb5c3df4000-7fb5c3df5000 rw-p 00000000 00:00 0 
7fb5c3df5000-7fb5c3dff000 r-xp 00000000 08:15 4203142                    /usr/lib/jvm/java-15-amazon-corretto/lib/libinstrument.so
7fb5c3dff000-7fb5c3ffe000 ---p 0000a000 08:15 4203142                    /usr/lib/jvm/java-15-amazon-corretto/lib/libinstrument.so
7fb5c3ffe000-7fb5c3fff000 r--p 00009000 08:15 4203142                    /usr/lib/jvm/java-15-amazon-corretto/lib/libinstrument.so
7fb5c3fff000-7fb5c4000000 rw-p 0000a000 08:15 4203142                    /usr/lib/jvm/java-15-amazon-corretto/lib/libinstrument.so
7fb5c4000000-7fb5c4f81000 rw-p 00000000 00:00 0 
7fb5c4f81000-7fb5c8000000 ---p 00000000 00:00 0 
7fb5c8002000-7fb5c801d000 r-xp 00000000 08:15 4203132                    /usr/lib/jvm/java-15-amazon-corretto/lib/libjimage.so
7fb5c801d000-7fb5c821d000 ---p 0001b000 08:15 4203132                    /usr/lib/jvm/java-15-amazon-corretto/lib/libjimage.so
7fb5c821d000-7fb5c821f000 r--p 0001b000 08:15 4203132                    /usr/lib/jvm/java-15-amazon-corretto/lib/libjimage.so
7fb5c821f000-7fb5c8220000 rw-p 0001d000 08:15 4203132                    /usr/lib/jvm/java-15-amazon-corretto/lib/libjimage.so
7fb5c8220000-7fb5c8227000 r-xp 00000000 08:15 5510224                    /lib/x86_64-linux-gnu/librt-2.27.so
7fb5c8227000-7fb5c8426000 ---p 00007000 08:15 5510224                    /lib/x86_64-linux-gnu/librt-2.27.so
7fb5c8426000-7fb5c8427000 r--p 00006000 08:15 5510224                    /lib/x86_64-linux-gnu/librt-2.27.so
7fb5c8427000-7fb5c8428000 rw-p 00007000 08:15 5510224                    /lib/x86_64-linux-gnu/librt-2.27.so
7fb5c8428000-7fb5c85c5000 r-xp 00000000 08:15 5510146                    /lib/x86_64-linux-gnu/libm-2.27.so
7fb5c85c5000-7fb5c87c4000 ---p 0019d000 08:15 5510146                    /lib/x86_64-linux-gnu/libm-2.27.so
7fb5c87c4000-7fb5c87c5000 r--p 0019c000 08:15 5510146                    /lib/x86_64-linux-gnu/libm-2.27.so
7fb5c87c5000-7fb5c87c6000 rw-p 0019d000 08:15 5510146                    /lib/x86_64-linux-gnu/libm-2.27.so
7fb5c87c6000-7fb5c99ae000 r-xp 00000000 08:15 4203123                    /usr/lib/jvm/java-15-amazon-corretto/lib/server/libjvm.so
7fb5c99ae000-7fb5c9bae000 ---p 011e8000 08:15 4203123                    /usr/lib/jvm/java-15-amazon-corretto/lib/server/libjvm.so
7fb5c9bae000-7fb5c9c4b000 r--p 011e8000 08:15 4203123                    /usr/lib/jvm/java-15-amazon-corretto/lib/server/libjvm.so
7fb5c9c4b000-7fb5c9c84000 rw-p 01285000 08:15 4203123                    /usr/lib/jvm/java-15-amazon-corretto/lib/server/libjvm.so
7fb5c9c84000-7fb5c9d0d000 rw-p 00000000 00:00 0 
7fb5c9d0d000-7fb5c9ef4000 r-xp 00000000 08:15 5510083                    /lib/x86_64-linux-gnu/libc-2.27.so
7fb5c9ef4000-7fb5ca0f4000 ---p 001e7000 08:15 5510083                    /lib/x86_64-linux-gnu/libc-2.27.so
7fb5ca0f4000-7fb5ca0f8000 r--p 001e7000 08:15 5510083                    /lib/x86_64-linux-gnu/libc-2.27.so
7fb5ca0f8000-7fb5ca0fa000 rw-p 001eb000 08:15 5510083                    /lib/x86_64-linux-gnu/libc-2.27.so
7fb5ca0fa000-7fb5ca0fe000 rw-p 00000000 00:00 0 
7fb5ca0fe000-7fb5ca101000 r-xp 00000000 08:15 5510106                    /lib/x86_64-linux-gnu/libdl-2.27.so
7fb5ca101000-7fb5ca300000 ---p 00003000 08:15 5510106                    /lib/x86_64-linux-gnu/libdl-2.27.so
7fb5ca300000-7fb5ca301000 r--p 00002000 08:15 5510106                    /lib/x86_64-linux-gnu/libdl-2.27.so
7fb5ca301000-7fb5ca302000 rw-p 00003000 08:15 5510106                    /lib/x86_64-linux-gnu/libdl-2.27.so
7fb5ca302000-7fb5ca31c000 r-xp 00000000 08:15 5510216                    /lib/x86_64-linux-gnu/libpthread-2.27.so
7fb5ca31c000-7fb5ca51b000 ---p 0001a000 08:15 5510216                    /lib/x86_64-linux-gnu/libpthread-2.27.so
7fb5ca51b000-7fb5ca51c000 r--p 00019000 08:15 5510216                    /lib/x86_64-linux-gnu/libpthread-2.27.so
7fb5ca51c000-7fb5ca51d000 rw-p 0001a000 08:15 5510216                    /lib/x86_64-linux-gnu/libpthread-2.27.so
7fb5ca51d000-7fb5ca521000 rw-p 00000000 00:00 0 
7fb5ca521000-7fb5ca53a000 r-xp 00000000 08:15 4203128                    /usr/lib/jvm/java-15-amazon-corretto/lib/libjli.so
7fb5ca53a000-7fb5ca73a000 ---p 00019000 08:15 4203128                    /usr/lib/jvm/java-15-amazon-corretto/lib/libjli.so
7fb5ca73a000-7fb5ca73b000 r--p 00019000 08:15 4203128                    /usr/lib/jvm/java-15-amazon-corretto/lib/libjli.so
7fb5ca73b000-7fb5ca73c000 rw-p 0001a000 08:15 4203128                    /usr/lib/jvm/java-15-amazon-corretto/lib/libjli.so
7fb5ca73c000-7fb5ca763000 r-xp 00000000 08:15 5510055                    /lib/x86_64-linux-gnu/ld-2.27.so
7fb5ca768000-7fb5ca847000 rw-p 00000000 00:00 0 
7fb5ca847000-7fb5ca84b000 ---p 00000000 00:00 0 
7fb5ca84b000-7fb5ca94f000 rw-p 00000000 00:00 0 
7fb5ca94f000-7fb5ca956000 ---p 00000000 00:00 0 
7fb5ca956000-7fb5ca95e000 rw-s 00000000 08:15 4327617                    /tmp/hsperfdata_shakhzod/8076
7fb5ca95e000-7fb5ca95f000 ---p 00000000 00:00 0 
7fb5ca95f000-7fb5ca960000 r--p 00000000 00:00 0 
7fb5ca960000-7fb5ca961000 ---p 00000000 00:00 0 
7fb5ca961000-7fb5ca963000 rw-p 00000000 00:00 0 
7fb5ca963000-7fb5ca964000 r--p 00027000 08:15 5510055                    /lib/x86_64-linux-gnu/ld-2.27.so
7fb5ca964000-7fb5ca965000 rw-p 00028000 08:15 5510055                    /lib/x86_64-linux-gnu/ld-2.27.so
7fb5ca965000-7fb5ca966000 rw-p 00000000 00:00 0 
7ffd809c0000-7ffd809e3000 rw-p 00000000 00:00 0                          [stack]
7ffd809f3000-7ffd809f6000 r--p 00000000 00:00 0                          [vvar]
7ffd809f6000-7ffd809f7000 r-xp 00000000 00:00 0                          [vdso]
ffffffffff600000-ffffffffff601000 r-xp 00000000 00:00 0                  [vsyscall]


VM Arguments:
jvm_args: -javaagent:/home/shakhzod/Downloads/idea-IC-201.7846.76/lib/idea_rt.jar=40667:/home/shakhzod/Downloads/idea-IC-201.7846.76/bin -Dfile.encoding=UTF-8 
java_command: io.shakhzod.whereis.WhereisApplication
java_class_path (initial): /home/shakhzod/Downloads/whereisbot/target/classes:/home/shakhzod/.m2/repository/org/springframework/boot/spring-boot-starter/2.3.5.RELEASE/spring-boot-starter-2.3.5.RELEASE.jar:/home/shakhzod/.m2/repository/org/springframework/boot/spring-boot/2.3.5.RELEASE/spring-boot-2.3.5.RELEASE.jar:/home/shakhzod/.m2/repository/org/springframework/spring-context/5.2.10.RELEASE/spring-context-5.2.10.RELEASE.jar:/home/shakhzod/.m2/repository/org/springframework/boot/spring-boot-autoconfigure/2.3.5.RELEASE/spring-boot-autoconfigure-2.3.5.RELEASE.jar:/home/shakhzod/.m2/repository/org/springframework/boot/spring-boot-starter-logging/2.3.5.RELEASE/spring-boot-starter-logging-2.3.5.RELEASE.jar:/home/shakhzod/.m2/repository/ch/qos/logback/logback-classic/1.2.3/logback-classic-1.2.3.jar:/home/shakhzod/.m2/repository/ch/qos/logback/logback-core/1.2.3/logback-core-1.2.3.jar:/home/shakhzod/.m2/repository/org/apache/logging/log4j/log4j-to-slf4j/2.13.3/log4j-to-slf4j-2.13.3.jar:/home/shakhzod/.m2/repository/org/apache/logging/log4j/log4j-api/2.13.3/log4j-api-2.13.3.jar:/home/shakhzod/.m2/repository/org/slf4j/jul-to-slf4j/1.7.30/jul-to-slf4j-1.7.30.jar:/home/shakhzod/.m2/repository/jakarta/annotation/jakarta.annotation-api/1.3.5/jakarta.annotation-api-1.3.5.jar:/home/shakhzod/.m2/repository/org/springframework/spring-core/5.2.10.RELEASE/spring-core-5.2.10.RELEASE.jar:/home/shakhzod/.m2/repository/org/springframework/spring-jcl/5.2.10.RELEASE/spring-jcl-5.2.10.RELEASE.jar:/home/shakhzod/.m2/repository/org/yaml/snakeyaml/1.26/snakeyaml-1.26.jar:/home/shakhzod/.m2/repository/org/springframework/boot/spring-boot-starter-web/2.3.5.RELEASE/spring-boot-starter-web-2.3.5.RELEASE.jar:/home/shakhzod/.m2/repository/org/springframework/boot/spring-boot-starter-json/2.3.5.RELEASE/spring-boot-starter-json-2.3.5.RELEASE.jar:/home/shakhzod/.m2/repository/com/fasterxml/jackson/core/jackson-databind/2.11.3/jackson-databind-2.11.3.jar:/home/shakhzod/.m2/repository/com/fasterxml/jac
Launcher Type: SUN_STANDARD

[Global flags]
     intx CICompilerCount                          = 3                                         {product} {ergonomic}
     uint ConcGCThreads                            = 1                                         {product} {ergonomic}
     uint G1ConcRefinementThreads                  = 4                                         {product} {ergonomic}
   size_t G1HeapRegionSize                         = 1048576                                   {product} {ergonomic}
    uintx GCDrainStackTargetSize                   = 64                                        {product} {ergonomic}
   size_t InitialHeapSize                          = 132120576                                 {product} {ergonomic}
   size_t MarkStackSize                            = 4194304                                   {product} {ergonomic}
   size_t MaxHeapSize                              = 2086666240                                {product} {ergonomic}
   size_t MaxNewSize                               = 1251999744                                {product} {ergonomic}
   size_t MinHeapDeltaBytes                        = 1048576                                   {product} {ergonomic}
   size_t MinHeapSize                              = 8388608                                   {product} {ergonomic}
    uintx NonNMethodCodeHeapSize                   = 5832780                                {pd product} {ergonomic}
    uintx NonProfiledCodeHeapSize                  = 122912730                              {pd product} {ergonomic}
    uintx ProfiledCodeHeapSize                     = 122912730                              {pd product} {ergonomic}
    uintx ReservedCodeCacheSize                    = 251658240                              {pd product} {ergonomic}
     bool SegmentedCodeCache                       = true                                      {product} {ergonomic}
   size_t SoftMaxHeapSize                          = 2086666240                             {manageable} {ergonomic}
     bool UseCompressedClassPointers               = true                                 {lp64_product} {ergonomic}
     bool UseCompressedOops                        = true                                 {lp64_product} {ergonomic}
     bool UseG1GC                                  = true                                      {product} {ergonomic}

Logging:
Log output configuration:
 #0: stdout all=warning uptime,level,tags
 #1: stderr all=off uptime,level,tags

Environment Variables:
PATH=/usr/local/sbin:/usr/local/bin:/usr/sbin:/usr/bin:/sbin:/bin:/usr/games:/usr/local/games
SHELL=/bin/bash
DISPLAY=:0
LANG=en_US.UTF-8

Signal Handlers:
SIGSEGV: [libjvm.so+0xec02c0], sa_mask[0]=11111111011111111101111111111110, sa_flags=SA_RESTART|SA_SIGINFO
SIGBUS: [libjvm.so+0xec02c0], sa_mask[0]=11111111011111111101111111111110, sa_flags=SA_RESTART|SA_SIGINFO
SIGFPE: [libjvm.so+0xec02c0], sa_mask[0]=11111111011111111101111111111110, sa_flags=SA_RESTART|SA_SIGINFO
SIGPIPE: [libjvm.so+0xbb9bc0], sa_mask[0]=11111111011111111101111111111110, sa_flags=SA_RESTART|SA_SIGINFO
SIGXFSZ: [libjvm.so+0xbb9bc0], sa_mask[0]=11111111011111111101111111111110, sa_flags=SA_RESTART|SA_SIGINFO
SIGILL: [libjvm.so+0xec02c0], sa_mask[0]=11111111011111111101111111111110, sa_flags=SA_RESTART|SA_SIGINFO
SIGUSR2: [libjvm.so+0xbb9a60], sa_mask[0]=00100000000000000000000000000000, sa_flags=SA_RESTART|SA_SIGINFO
SIGHUP: [libjvm.so+0xbba180], sa_mask[0]=11111111011111111101111111111110, sa_flags=SA_RESTART|SA_SIGINFO
SIGINT: [libjvm.so+0xbba180], sa_mask[0]=11111111011111111101111111111110, sa_flags=SA_RESTART|SA_SIGINFO
SIGTERM: [libjvm.so+0xbba180], sa_mask[0]=11111111011111111101111111111110, sa_flags=SA_RESTART|SA_SIGINFO
SIGQUIT: [libjvm.so+0xbba180], sa_mask[0]=11111111011111111101111111111110, sa_flags=SA_RESTART|SA_SIGINFO


---------------  S Y S T E M  ---------------

OS:
DISTRIB_ID=LinuxMint
DISTRIB_RELEASE=19.3
DISTRIB_CODENAME=tricia
DISTRIB_DESCRIPTION="Linux Mint 19.3 Tricia"
uname: Linux 5.0.0-32-generic #34~18.04.2-Ubuntu SMP Thu Oct 10 10:36:02 UTC 2019 x86_64
OS uptime: 0 days 1:27 hours
libc: glibc 2.27 NPTL 2.27 
rlimit (soft/hard): STACK 8192k/infinity , CORE 0k/infinity , NPROC 31551/31551 , NOFILE 1048576/1048576 , AS infinity/infinity , CPU infinity/infinity , DATA infinity/infinity , FSIZE infinity/infinity , MEMLOCK 16384k/16384k
load average: 1,32 0,76 0,61

/proc/meminfo:
MemTotal:        8147944 kB
MemFree:         1912176 kB
MemAvailable:    3900188 kB
Buffers:           88380 kB
Cached:          2180968 kB
SwapCached:            0 kB
Active:          4274860 kB
Inactive:        1563676 kB
Active(anon):    3573784 kB
Inactive(anon):   115296 kB
Active(file):     701076 kB
Inactive(file):  1448380 kB
Unevictable:          32 kB
Mlocked:              32 kB
SwapTotal:       2097148 kB
SwapFree:        2097148 kB
Dirty:             23768 kB
Writeback:             0 kB
AnonPages:       3569280 kB
Mapped:           824576 kB
Shmem:            125716 kB
KReclaimable:     115960 kB
Slab:             214932 kB
SReclaimable:     115960 kB
SUnreclaim:        98972 kB
KernelStack:       16336 kB
PageTables:        62644 kB
NFS_Unstable:          0 kB
Bounce:                0 kB
WritebackTmp:          0 kB
CommitLimit:     6171120 kB
Committed_AS:    9584352 kB
VmallocTotal:   34359738367 kB
VmallocUsed:           0 kB
VmallocChunk:          0 kB
Percpu:             3872 kB
HardwareCorrupted:     0 kB
AnonHugePages:         0 kB
ShmemHugePages:        0 kB
ShmemPmdMapped:        0 kB
CmaTotal:              0 kB
CmaFree:               0 kB
HugePages_Total:       0
HugePages_Free:        0
HugePages_Rsvd:        0
HugePages_Surp:        0
Hugepagesize:       2048 kB
Hugetlb:               0 kB
DirectMap4k:      212544 kB
DirectMap2M:     8159232 kB

/sys/kernel/mm/transparent_hugepage/enabled: always [madvise] never
/sys/kernel/mm/transparent_hugepage/defrag (defrag/compaction efforts parameter): always defer defer+madvise [madvise] never

/proc/sys/kernel/threads-max (system-wide limit on the number of threads): 63102
/proc/sys/vm/max_map_count (maximum number of memory map areas a process may have): 65530
/proc/sys/kernel/pid_max (system-wide limit on number of process identifiers): 32768

container (cgroup) information:
container_type: cgroupv1
cpu_cpuset_cpus: 0-3
cpu_memory_nodes: 0
active_processor_count: 4
cpu_quota: no quota
cpu_period: 100000
cpu_shares: no shares
memory_limit_in_bytes: unlimited
memory_and_swap_limit_in_bytes: not supported
memory_soft_limit_in_bytes: unlimited
memory_usage_in_bytes: 5189963776
memory_max_usage_in_bytes: 5296107520

Steal ticks since vm start: 0
Steal ticks percentage since vm start:  0,000

CPU: total 4 (initial active 4) (4 cores per cpu, 1 threads per core) family 6 model 58 stepping 9 microcode 0xc, cmov, cx8, fxsr, mmx, sse, sse2, sse3, ssse3, sse4.1, sse4.2, popcnt, vzeroupper, avx, aes, clmul, erms, tsc, tscinvbit, tscinv, clflush
CPU Model and flags from /proc/cpuinfo:
model name	: Intel(R) Core(TM) i5-3470 CPU @ 3.20GHz
flags		: fpu vme de pse tsc msr pae mce cx8 apic sep mtrr pge mca cmov pat pse36 clflush dts acpi mmx fxsr sse sse2 ss ht tm pbe syscall nx rdtscp lm constant_tsc arch_perfmon pebs bts rep_good nopl xtopology nonstop_tsc cpuid aperfmperf pni pclmulqdq dtes64 monitor ds_cpl vmx smx est tm2 ssse3 cx16 xtpr pdcm pcid sse4_1 sse4_2 x2apic popcnt tsc_deadline_timer aes xsave avx f16c rdrand lahf_lm cpuid_fault epb pti tpr_shadow vnmi flexpriority ept vpid fsgsbase smep erms xsaveopt dtherm ida arat pln pts

Online cpus: 0-3
Offline cpus: 4-7
BIOS frequency limitation: <Not Available>
Frequency switch latency (ns): 0
Available cpu frequencies: <Not Available>
Current governor: powersave
Core performance/turbo boost: <Not Available>

Memory: 4k page, physical 8147944k(1912176k free), swap 2097148k(2097148k free)

vm_info: OpenJDK 64-Bit Server VM (15.0.1+9) for linux-amd64 JRE (15.0.1+9), built on Oct 22 2020 04:09:46 by "jenkins" with gcc 7.3.1 20180303 (Red Hat 7.3.1-5)

END.
