#
# A fatal error has been detected by the Java Runtime Environment:
#
#  Internal Error (block.cpp:141), pid=18187, tid=18208
#  Error: ShouldNotReachHere()
#
# JRE version: OpenJDK Runtime Environment Corretto-15.0.1.9.1 (15.0.1+9) (build 15.0.1+9)
# Java VM: OpenJDK 64-Bit Server VM Corretto-15.0.1.9.1 (15.0.1+9, mixed mode, sharing, tiered, compressed oops, g1 gc, linux-amd64)
# Problematic frame:
# V  [libjvm.so+0x3bccc6]  Block::find_remove(Node const*)+0x76
#
# Core dump will be written. Default location: Core dumps may be processed with "/lib/systemd/systemd-coredump %P %u %g %s %t 9223372036854775808 %e" (or dumping to /home/shakhzod/Downloads/whereisbot/core.18187)
#
# If you would like to submit a bug report, please visit:
#   https://bugreport.java.com/bugreport/crash.jsp
#

---------------  S U M M A R Y ------------

Command Line: -javaagent:/home/shakhzod/Downloads/idea-IC-201.7846.76/lib/idea_rt.jar=40691:/home/shakhzod/Downloads/idea-IC-201.7846.76/bin -Dfile.encoding=UTF-8 io.shakhzod.whereis.WhereisApplication

Host: Intel(R) Core(TM) i5-3470 CPU @ 3.20GHz, 4 cores, 7G, Linux Mint 19.3 Tricia
Time: Fri Nov 13 08:55:54 2020 CET elapsed time: 1.644876 seconds (0d 0h 0m 1s)

---------------  T H R E A D  ---------------

Current thread (0x00007f2838166180):  JavaThread "C2 CompilerThread0" daemon [_thread_in_native, id=18208, stack(0x00007f280c9b0000,0x00007f280cab1000)]


Current CompileTask:
C2:   1644 1640   !   4       java.net.URL::<init> (543 bytes)

Stack: [0x00007f280c9b0000,0x00007f280cab1000],  sp=0x00007f280caac5a0,  free space=1009k
Native frames: (J=compiled Java code, A=aot compiled Java code, j=interpreted, Vv=VM code, C=native code)
V  [libjvm.so+0x3bccc6]  Block::find_remove(Node const*)+0x76
V  [libjvm.so+0xc1d220]  PhaseChaitin::yank_if_dead_recurse(Node*, Node*, Block*, Node_List*, Node_List*) [clone .part.41]+0x40
V  [libjvm.so+0xc1ec7d]  PhaseChaitin::post_allocate_copy_removal()+0x7ed
V  [libjvm.so+0x4c8f72]  PhaseChaitin::Register_Allocate()+0xa02
V  [libjvm.so+0x56558f]  Compile::Code_Gen()+0x28f
V  [libjvm.so+0x568188]  Compile::Compile(ciEnv*, ciMethod*, int, bool, bool, bool, DirectiveSet*)+0xb08
V  [libjvm.so+0x49ee0c]  C2Compiler::compile_method(ciEnv*, ciMethod*, int, DirectiveSet*)+0xac
V  [libjvm.so+0x57215c]  CompileBroker::invoke_compiler_on_method(CompileTask*)+0xcec
V  [libjvm.so+0x572f18]  CompileBroker::compiler_thread_loop()+0x5b8
V  [libjvm.so+0xe548e9]  JavaThread::run()+0x1f9
V  [libjvm.so+0xe5208f]  Thread::call_run()+0xff
V  [libjvm.so+0xbc4d87]  thread_native_entry(Thread*)+0xe7

Register to memory mapping:

RAX=0x00007f2840262000 points into unknown readable memory: 0x0000000000000058 | 58 00 00 00 00 00 00 00
RBX=0x00007f27e817c170 points into unknown readable memory: 0x00007f283f4b22d0 | d0 22 4b 3f 28 7f 00 00
RCX=0x0000000000000013 is an unknown value
RDX=0x00007f27d87fcc18 points into unknown readable memory: 0x00007f283f533938 | 38 39 53 3f 28 7f 00 00
RSP=0x00007f280caac5a0 is pointing into the stack for thread: 0x00007f2838166180
RBP=0x00007f280caac5b0 is pointing into the stack for thread: 0x00007f2838166180
RSI=0x000000000000008d is an unknown value
RDI=0x00007f283f02e880: <offset 0x0000000000f66880> in /usr/lib/jvm/java-15-amazon-corretto/lib/server/libjvm.so at 0x00007f283e0c8000
R8 =0x0000000000000012 is an unknown value
R9 =0x00007f27e8434840 points into unknown readable memory: 0x00007f28381666b0 | b0 66 16 38 28 7f 00 00
R10=0x00007f27e89890e0 points into unknown readable memory: 0x0000000000000000 | 00 00 00 00 00 00 00 00
R11=0x0000000000000002 is an unknown value
R12=0x00007f27e817c170 points into unknown readable memory: 0x00007f283f4b22d0 | d0 22 4b 3f 28 7f 00 00
R13=0x00007f27d8b58bd8 points into unknown readable memory: 0x00007f283f4b22d0 | d0 22 4b 3f 28 7f 00 00
R14=0x00007f280caacbc0 is pointing into the stack for thread: 0x00007f2838166180
R15=0x00007f27e8434840 points into unknown readable memory: 0x00007f28381666b0 | b0 66 16 38 28 7f 00 00


Registers:
RAX=0x00007f2840262000, RBX=0x00007f27e817c170, RCX=0x0000000000000013, RDX=0x00007f27d87fcc18
RSP=0x00007f280caac5a0, RBP=0x00007f280caac5b0, RSI=0x000000000000008d, RDI=0x00007f283f02e880
R8 =0x0000000000000012, R9 =0x00007f27e8434840, R10=0x00007f27e89890e0, R11=0x0000000000000002
R12=0x00007f27e817c170, R13=0x00007f27d8b58bd8, R14=0x00007f280caacbc0, R15=0x00007f27e8434840
RIP=0x00007f283e484cc6, EFLAGS=0x0000000000010246, CSGSFS=0x002b000000000033, ERR=0x0000000000000006
  TRAPNO=0x000000000000000e

Top of Stack: (sp=0x00007f280caac5a0)
0x00007f280caac5a0:   00007f27e8434840 00007f27ec18cb50
0x00007f280caac5b0:   00007f280caac610 00007f283ece5220
0x00007f280caac5c0:   00007f2700000000 00007f27d8b58bd8
0x00007f280caac5d0:   00007f27ec18cb50 00007f27e8434880 

Instructions: (pc=0x00007f283e484cc6)
0x00007f283e484bc6:   41 5f 5d c3 66 0f 1f 44 00 00 8b 47 28 85 c0 74
0x00007f283e484bd6:   41 44 8d 40 ff 44 8b 4f 18 31 d2 49 83 c0 01 eb
0x00007f283e484be6:   12 66 0f 1f 84 00 00 00 00 00 48 83 c2 01 49 39
0x00007f283e484bf6:   d0 74 1f 31 c9 41 39 d1 89 d0 76 08 48 8b 4f 20
0x00007f283e484c06:   48 8b 0c d1 48 39 ce 75 e1 f3 c3 0f 1f 80 00 00
0x00007f283e484c16:   00 00 48 8d 05 29 c1 0c 01 55 48 8d 3d 59 9c ba
0x00007f283e484c26:   00 be 8d 00 00 00 48 89 e5 48 8b 00 c6 00 58 e8
0x00007f283e484c36:   66 9b 1e 00 e8 e1 ec 7f 00 31 c0 5d c3 90 66 90
0x00007f283e484c46:   66 2e 0f 1f 84 00 00 00 00 00 55 48 89 e5 53 48
0x00007f283e484c56:   89 fb 48 83 ec 08 8b 47 28 85 c0 74 4d 8d 48 ff
0x00007f283e484c66:   8b 7f 18 31 c0 48 83 c1 01 eb 10 0f 1f 80 00 00
0x00007f283e484c76:   00 00 48 83 c0 01 48 39 c8 74 2f 31 d2 39 c7 41
0x00007f283e484c86:   89 c0 76 08 48 8b 53 20 48 8b 14 c2 48 39 d6 75
0x00007f283e484c96:   e1 48 8d 7b 10 44 89 c6 e8 3d bf 7c 00 83 6b 28
0x00007f283e484ca6:   01 48 83 c4 08 5b 5d c3 66 90 48 8d 05 91 c0 0c
0x00007f283e484cb6:   01 48 8d 3d c2 9b ba 00 be 8d 00 00 00 48 8b 00
0x00007f283e484cc6:   c6 00 58 e8 d2 9a 1e 00 e8 4d ec 7f 00 45 31 c0
0x00007f283e484cd6:   eb bf 0f 1f 84 00 00 00 00 00 8b 57 28 55 48 89
0x00007f283e484ce6:   e5 85 d2 74 2c 48 8b 47 20 48 3b 30 74 2c 48 83
0x00007f283e484cf6:   c0 08 83 ea 01 48 8d 14 d0 eb 11 0f 1f 80 00 00
0x00007f283e484d06:   00 00 48 83 c0 08 48 3b 70 f8 74 0e 48 39 d0 75
0x00007f283e484d16:   f1 31 c0 5d c3 0f 1f 44 00 00 b8 01 00 00 00 5d
0x00007f283e484d26:   c3 90 0f 1f 84 00 00 00 00 00 44 8b 47 18 55 31
0x00007f283e484d36:   f6 48 89 e5 45 85 c0 74 07 48 8b 47 20 48 8b 30
0x00007f283e484d46:   8b 56 2c 31 c0 80 fa e0 74 65 83 e2 0f 83 fa 09
0x00007f283e484d56:   74 5d 8b 47 28 8b 76 18 8d 48 ff 85 c9 89 ca 0f
0x00007f283e484d66:   8e 85 00 00 00 31 c0 44 39 c1 72 4e 8b 40 2c 83
0x00007f283e484d76:   e0 3f 83 f8 2a 74 58 83 fe 01 b8 02 00 00 00 76
0x00007f283e484d86:   2e 48 63 f2 48 c1 e6 03 eb 09 48 83 ee 08 83 ea
0x00007f283e484d96:   01 74 1c 31 c9 44 39 c2 73 08 48 8b 4f 20 48 8b
0x00007f283e484da6:   0c 31 8b 49 2c 83 e1 03 83 f9 02 75 dd 31 c0 5d
0x00007f283e484db6:   c3 66 0f 1f 84 00 00 00 00 00 4c 8b 4f 20 89 c8 


Stack slot to memory mapping:
stack at sp + 0 slots: 0x00007f27e8434840 points into unknown readable memory: 0x00007f28381666b0 | b0 66 16 38 28 7f 00 00
stack at sp + 1 slots: 0x00007f27ec18cb50 points into unknown readable memory: 0x0000000000000000 | 00 00 00 00 00 00 00 00
stack at sp + 2 slots: 0x00007f280caac610 is pointing into the stack for thread: 0x00007f2838166180
stack at sp + 3 slots: 0x00007f283ece5220: <offset 0x0000000000c1d220> in /usr/lib/jvm/java-15-amazon-corretto/lib/server/libjvm.so at 0x00007f283e0c8000
stack at sp + 4 slots: 0x00007f2700000000 is an unknown value
stack at sp + 5 slots: 0x00007f27d8b58bd8 points into unknown readable memory: 0x00007f283f4b22d0 | d0 22 4b 3f 28 7f 00 00
stack at sp + 6 slots: 0x00007f27ec18cb50 points into unknown readable memory: 0x0000000000000000 | 00 00 00 00 00 00 00 00
stack at sp + 7 slots: 0x00007f27e8434880 points into unknown readable memory: 0x00007f28381666b0 | b0 66 16 38 28 7f 00 00


---------------  P R O C E S S  ---------------

Threads class SMR info:
_java_thread_list=0x00007f27b81d6000, length=13, elements={
0x00007f283802dae0, 0x00007f283815ae30, 0x00007f283815c570, 0x00007f2838162e50,
0x00007f2838164560, 0x00007f2838166180, 0x00007f28381679b0, 0x00007f28381690b0,
0x00007f2838175cc0, 0x00007f27e80d64c0, 0x00007f283854a730, 0x00007f2838545040,
0x00007f27f0000e20
}

Java Threads: ( => current thread )
  0x00007f283802dae0 JavaThread "main" [_thread_in_Java, id=18188, stack(0x00007f2840149000,0x00007f284024a000)]
  0x00007f283815ae30 JavaThread "Reference Handler" daemon [_thread_blocked, id=18201, stack(0x00007f280d2f5000,0x00007f280d3f6000)]
  0x00007f283815c570 JavaThread "Finalizer" daemon [_thread_blocked, id=18203, stack(0x00007f280d1f4000,0x00007f280d2f5000)]
  0x00007f2838162e50 JavaThread "Signal Dispatcher" daemon [_thread_blocked, id=18206, stack(0x00007f280cbb2000,0x00007f280ccb3000)]
  0x00007f2838164560 JavaThread "Service Thread" daemon [_thread_blocked, id=18207, stack(0x00007f280cab1000,0x00007f280cbb2000)]
=>0x00007f2838166180 JavaThread "C2 CompilerThread0" daemon [_thread_in_native, id=18208, stack(0x00007f280c9b0000,0x00007f280cab1000)]
  0x00007f28381679b0 JavaThread "C1 CompilerThread0" daemon [_thread_in_native, id=18209, stack(0x00007f280c8af000,0x00007f280c9b0000)]
  0x00007f28381690b0 JavaThread "Sweeper thread" daemon [_thread_blocked, id=18210, stack(0x00007f280c7ae000,0x00007f280c8af000)]
  0x00007f2838175cc0 JavaThread "Common-Cleaner" daemon [_thread_blocked, id=18216, stack(0x00007f280c6ad000,0x00007f280c7ae000)]
  0x00007f27e80d64c0 JavaThread "C2 CompilerThread1" daemon [_thread_in_native, id=18220, stack(0x00007f27dfeff000,0x00007f27e0000000)]
  0x00007f283854a730 JavaThread "Monitor Ctrl-Break" daemon [_thread_in_native, id=18221, stack(0x00007f27dfbeb000,0x00007f27dfcec000)]
  0x00007f2838545040 JavaThread "Notification Thread" daemon [_thread_blocked, id=18222, stack(0x00007f27dfaea000,0x00007f27dfbeb000)]
  0x00007f27f0000e20 JavaThread "Attach Listener" daemon [_thread_blocked, id=18236, stack(0x00007f27de9cb000,0x00007f27deacc000)]

Other Threads:
  0x00007f28381580e0 VMThread "VM Thread" [stack: 0x00007f280d3f8000,0x00007f280d4f8000] [id=18199]
  0x00007f283802f310 WatcherThread [stack: 0x00007f27df9ea000,0x00007f27dfaea000] [id=18223]
  0x00007f283806b430 GCTaskThread "GC Thread#0" [stack: 0x00007f283c1d3000,0x00007f283c2d3000] [id=18190]
  0x00007f2804000f30 GCTaskThread "GC Thread#1" [stack: 0x00007f27df6e5000,0x00007f27df7e5000] [id=18224]
  0x00007f2804001c90 GCTaskThread "GC Thread#2" [stack: 0x00007f27df5e3000,0x00007f27df6e3000] [id=18225]
  0x00007f2804005be0 GCTaskThread "GC Thread#3" [stack: 0x00007f27deed1000,0x00007f27defd1000] [id=18235]
  0x00007f283807c650 ConcurrentGCThread "G1 Main Marker" [stack: 0x00007f283c0d1000,0x00007f283c1d1000] [id=18191]
  0x00007f283807d8e0 ConcurrentGCThread "G1 Conc#0" [stack: 0x00007f281c35c000,0x00007f281c45c000] [id=18192]
  0x00007f28380e47f0 ConcurrentGCThread "G1 Refine#0" [stack: 0x00007f280ddff000,0x00007f280deff000] [id=18194]
  0x00007f2808000ce0 ConcurrentGCThread "G1 Refine#1" [stack: 0x00007f27df4e1000,0x00007f27df5e1000] [id=18226]
  0x00007f28380e5a00 ConcurrentGCThread "G1 Young RemSet Sampling" [stack: 0x00007f280dcfd000,0x00007f280ddfd000] [id=18195]

Threads with active compile tasks:
C2 CompilerThread0     1653 1640   !   4       java.net.URL::<init> (543 bytes)
C1 CompilerThread0     1653 1969       3       org.springframework.core.annotation.TypeMappedAnnotation::getTypeForMapOptions (57 bytes)
C2 CompilerThread1     1653 1914       4       jdk.internal.module.SystemModuleFinders$SystemModuleReader::findImageLocation (42 bytes)

VM state: not at safepoint (normal execution)

VM Mutex/Monitor currently owned by a thread: None

Heap address: 0x0000000083a00000, size: 1990 MB, Compressed Oops mode: 32-bit
CDS archive(s) mapped at: [0x0000000800000000-0x0000000800b36000-0x0000000800b36000), size 11755520, SharedBaseAddress: 0x0000000800000000, ArchiveRelocationMode: 0.
Compressed class space mapped at: 0x0000000800b38000-0x0000000840b38000, size: 1073741824
Narrow klass base: 0x0000000800000000, Narrow klass shift: 3, Narrow klass range: 0x100000000

GC Precious Log:
 CPUs: 4 total, 4 available
 Memory: 7956M
 Large Page Support: Disabled
 NUMA Support: Disabled
 Compressed Oops: Enabled (32-bit)
 Heap Region Size: 1M
 Heap Min Capacity: 8M
 Heap Initial Capacity: 126M
 Heap Max Capacity: 1990M
 Pre-touch: Disabled
 Parallel Workers: 4
 Concurrent Workers: 1
 Concurrent Refinement Workers: 4
 Periodic GC: Disabled

Heap:
 garbage-first heap   total 131072K, used 10923K [0x0000000083a00000, 0x0000000100000000)
  region size 1024K, 7 young (7168K), 4 survivors (4096K)
 Metaspace       used 16082K, capacity 16343K, committed 16640K, reserved 1064960K
  class space    used 1922K, capacity 2002K, committed 2048K, reserved 1048576K

Heap Regions: E=young(eden), S=young(survivor), O=old, HS=humongous(starts), HC=humongous(continues), CS=collection set, F=free, OA=open archive, CA=closed archive, TAMS=top-at-mark-start (previous, next)
|   0|0x0000000083a00000, 0x0000000083b00000, 0x0000000083b00000|100%| O|  |TAMS 0x0000000083a00000, 0x0000000083a00000| Untracked 
|   1|0x0000000083b00000, 0x0000000083c00000, 0x0000000083c00000|100%| O|  |TAMS 0x0000000083b00000, 0x0000000083b00000| Untracked 
|   2|0x0000000083c00000, 0x0000000083d00000, 0x0000000083d00000|100%| O|  |TAMS 0x0000000083c00000, 0x0000000083c00000| Untracked 
|   3|0x0000000083d00000, 0x0000000083e00000, 0x0000000083e00000|100%| O|  |TAMS 0x0000000083d00000, 0x0000000083d00000| Untracked 
|   4|0x0000000083e00000, 0x0000000083e80800, 0x0000000083f00000| 50%| O|  |TAMS 0x0000000083e00000, 0x0000000083e00000| Untracked 
|   5|0x0000000083f00000, 0x0000000083f00000, 0x0000000084000000|  0%| F|  |TAMS 0x0000000083f00000, 0x0000000083f00000| Untracked 
|   6|0x0000000084000000, 0x0000000084000000, 0x0000000084100000|  0%| F|  |TAMS 0x0000000084000000, 0x0000000084000000| Untracked 
|   7|0x0000000084100000, 0x0000000084100000, 0x0000000084200000|  0%| F|  |TAMS 0x0000000084100000, 0x0000000084100000| Untracked 
|   8|0x0000000084200000, 0x0000000084200000, 0x0000000084300000|  0%| F|  |TAMS 0x0000000084200000, 0x0000000084200000| Untracked 
|   9|0x0000000084300000, 0x0000000084300000, 0x0000000084400000|  0%| F|  |TAMS 0x0000000084300000, 0x0000000084300000| Untracked 
|  10|0x0000000084400000, 0x0000000084400000, 0x0000000084500000|  0%| F|  |TAMS 0x0000000084400000, 0x0000000084400000| Untracked 
|  11|0x0000000084500000, 0x0000000084500000, 0x0000000084600000|  0%| F|  |TAMS 0x0000000084500000, 0x0000000084500000| Untracked 
|  12|0x0000000084600000, 0x0000000084600000, 0x0000000084700000|  0%| F|  |TAMS 0x0000000084600000, 0x0000000084600000| Untracked 
|  13|0x0000000084700000, 0x0000000084700000, 0x0000000084800000|  0%| F|  |TAMS 0x0000000084700000, 0x0000000084700000| Untracked 
|  14|0x0000000084800000, 0x0000000084800000, 0x0000000084900000|  0%| F|  |TAMS 0x0000000084800000, 0x0000000084800000| Untracked 
|  15|0x0000000084900000, 0x0000000084900000, 0x0000000084a00000|  0%| F|  |TAMS 0x0000000084900000, 0x0000000084900000| Untracked 
|  16|0x0000000084a00000, 0x0000000084a00000, 0x0000000084b00000|  0%| F|  |TAMS 0x0000000084a00000, 0x0000000084a00000| Untracked 
|  17|0x0000000084b00000, 0x0000000084b00000, 0x0000000084c00000|  0%| F|  |TAMS 0x0000000084b00000, 0x0000000084b00000| Untracked 
|  18|0x0000000084c00000, 0x0000000084c00000, 0x0000000084d00000|  0%| F|  |TAMS 0x0000000084c00000, 0x0000000084c00000| Untracked 
|  19|0x0000000084d00000, 0x0000000084d00000, 0x0000000084e00000|  0%| F|  |TAMS 0x0000000084d00000, 0x0000000084d00000| Untracked 
|  20|0x0000000084e00000, 0x0000000084e00000, 0x0000000084f00000|  0%| F|  |TAMS 0x0000000084e00000, 0x0000000084e00000| Untracked 
|  21|0x0000000084f00000, 0x0000000084f00000, 0x0000000085000000|  0%| F|  |TAMS 0x0000000084f00000, 0x0000000084f00000| Untracked 
|  22|0x0000000085000000, 0x0000000085000000, 0x0000000085100000|  0%| F|  |TAMS 0x0000000085000000, 0x0000000085000000| Untracked 
|  23|0x0000000085100000, 0x0000000085100000, 0x0000000085200000|  0%| F|  |TAMS 0x0000000085100000, 0x0000000085100000| Untracked 
|  24|0x0000000085200000, 0x0000000085200000, 0x0000000085300000|  0%| F|  |TAMS 0x0000000085200000, 0x0000000085200000| Untracked 
|  25|0x0000000085300000, 0x0000000085300000, 0x0000000085400000|  0%| F|  |TAMS 0x0000000085300000, 0x0000000085300000| Untracked 
|  26|0x0000000085400000, 0x0000000085400000, 0x0000000085500000|  0%| F|  |TAMS 0x0000000085400000, 0x0000000085400000| Untracked 
|  27|0x0000000085500000, 0x0000000085500000, 0x0000000085600000|  0%| F|  |TAMS 0x0000000085500000, 0x0000000085500000| Untracked 
|  28|0x0000000085600000, 0x0000000085600000, 0x0000000085700000|  0%| F|  |TAMS 0x0000000085600000, 0x0000000085600000| Untracked 
|  29|0x0000000085700000, 0x0000000085700000, 0x0000000085800000|  0%| F|  |TAMS 0x0000000085700000, 0x0000000085700000| Untracked 
|  30|0x0000000085800000, 0x0000000085800000, 0x0000000085900000|  0%| F|  |TAMS 0x0000000085800000, 0x0000000085800000| Untracked 
|  31|0x0000000085900000, 0x0000000085900000, 0x0000000085a00000|  0%| F|  |TAMS 0x0000000085900000, 0x0000000085900000| Untracked 
|  32|0x0000000085a00000, 0x0000000085a00000, 0x0000000085b00000|  0%| F|  |TAMS 0x0000000085a00000, 0x0000000085a00000| Untracked 
|  33|0x0000000085b00000, 0x0000000085b00000, 0x0000000085c00000|  0%| F|  |TAMS 0x0000000085b00000, 0x0000000085b00000| Untracked 
|  34|0x0000000085c00000, 0x0000000085c00000, 0x0000000085d00000|  0%| F|  |TAMS 0x0000000085c00000, 0x0000000085c00000| Untracked 
|  35|0x0000000085d00000, 0x0000000085d00000, 0x0000000085e00000|  0%| F|  |TAMS 0x0000000085d00000, 0x0000000085d00000| Untracked 
|  36|0x0000000085e00000, 0x0000000085e00000, 0x0000000085f00000|  0%| F|  |TAMS 0x0000000085e00000, 0x0000000085e00000| Untracked 
|  37|0x0000000085f00000, 0x0000000085f00000, 0x0000000086000000|  0%| F|  |TAMS 0x0000000085f00000, 0x0000000085f00000| Untracked 
|  38|0x0000000086000000, 0x0000000086000000, 0x0000000086100000|  0%| F|  |TAMS 0x0000000086000000, 0x0000000086000000| Untracked 
|  39|0x0000000086100000, 0x0000000086100000, 0x0000000086200000|  0%| F|  |TAMS 0x0000000086100000, 0x0000000086100000| Untracked 
|  40|0x0000000086200000, 0x0000000086200000, 0x0000000086300000|  0%| F|  |TAMS 0x0000000086200000, 0x0000000086200000| Untracked 
|  41|0x0000000086300000, 0x0000000086300000, 0x0000000086400000|  0%| F|  |TAMS 0x0000000086300000, 0x0000000086300000| Untracked 
|  42|0x0000000086400000, 0x0000000086400000, 0x0000000086500000|  0%| F|  |TAMS 0x0000000086400000, 0x0000000086400000| Untracked 
|  43|0x0000000086500000, 0x0000000086500000, 0x0000000086600000|  0%| F|  |TAMS 0x0000000086500000, 0x0000000086500000| Untracked 
|  44|0x0000000086600000, 0x0000000086600000, 0x0000000086700000|  0%| F|  |TAMS 0x0000000086600000, 0x0000000086600000| Untracked 
|  45|0x0000000086700000, 0x0000000086700000, 0x0000000086800000|  0%| F|  |TAMS 0x0000000086700000, 0x0000000086700000| Untracked 
|  46|0x0000000086800000, 0x0000000086800000, 0x0000000086900000|  0%| F|  |TAMS 0x0000000086800000, 0x0000000086800000| Untracked 
|  47|0x0000000086900000, 0x0000000086900000, 0x0000000086a00000|  0%| F|  |TAMS 0x0000000086900000, 0x0000000086900000| Untracked 
|  48|0x0000000086a00000, 0x0000000086a00000, 0x0000000086b00000|  0%| F|  |TAMS 0x0000000086a00000, 0x0000000086a00000| Untracked 
|  49|0x0000000086b00000, 0x0000000086b00000, 0x0000000086c00000|  0%| F|  |TAMS 0x0000000086b00000, 0x0000000086b00000| Untracked 
|  50|0x0000000086c00000, 0x0000000086c00000, 0x0000000086d00000|  0%| F|  |TAMS 0x0000000086c00000, 0x0000000086c00000| Untracked 
|  51|0x0000000086d00000, 0x0000000086d00000, 0x0000000086e00000|  0%| F|  |TAMS 0x0000000086d00000, 0x0000000086d00000| Untracked 
|  52|0x0000000086e00000, 0x0000000086e00000, 0x0000000086f00000|  0%| F|  |TAMS 0x0000000086e00000, 0x0000000086e00000| Untracked 
|  53|0x0000000086f00000, 0x0000000086f00000, 0x0000000087000000|  0%| F|  |TAMS 0x0000000086f00000, 0x0000000086f00000| Untracked 
|  54|0x0000000087000000, 0x0000000087000000, 0x0000000087100000|  0%| F|  |TAMS 0x0000000087000000, 0x0000000087000000| Untracked 
|  55|0x0000000087100000, 0x0000000087100000, 0x0000000087200000|  0%| F|  |TAMS 0x0000000087100000, 0x0000000087100000| Untracked 
|  56|0x0000000087200000, 0x0000000087200000, 0x0000000087300000|  0%| F|  |TAMS 0x0000000087200000, 0x0000000087200000| Untracked 
|  57|0x0000000087300000, 0x0000000087300000, 0x0000000087400000|  0%| F|  |TAMS 0x0000000087300000, 0x0000000087300000| Untracked 
|  58|0x0000000087400000, 0x0000000087400000, 0x0000000087500000|  0%| F|  |TAMS 0x0000000087400000, 0x0000000087400000| Untracked 
|  59|0x0000000087500000, 0x0000000087500000, 0x0000000087600000|  0%| F|  |TAMS 0x0000000087500000, 0x0000000087500000| Untracked 
|  60|0x0000000087600000, 0x0000000087600000, 0x0000000087700000|  0%| F|  |TAMS 0x0000000087600000, 0x0000000087600000| Untracked 
|  61|0x0000000087700000, 0x0000000087700000, 0x0000000087800000|  0%| F|  |TAMS 0x0000000087700000, 0x0000000087700000| Untracked 
|  62|0x0000000087800000, 0x0000000087800000, 0x0000000087900000|  0%| F|  |TAMS 0x0000000087800000, 0x0000000087800000| Untracked 
|  63|0x0000000087900000, 0x0000000087900000, 0x0000000087a00000|  0%| F|  |TAMS 0x0000000087900000, 0x0000000087900000| Untracked 
|  64|0x0000000087a00000, 0x0000000087a00000, 0x0000000087b00000|  0%| F|  |TAMS 0x0000000087a00000, 0x0000000087a00000| Untracked 
|  65|0x0000000087b00000, 0x0000000087b00000, 0x0000000087c00000|  0%| F|  |TAMS 0x0000000087b00000, 0x0000000087b00000| Untracked 
|  66|0x0000000087c00000, 0x0000000087c00000, 0x0000000087d00000|  0%| F|  |TAMS 0x0000000087c00000, 0x0000000087c00000| Untracked 
|  67|0x0000000087d00000, 0x0000000087d00000, 0x0000000087e00000|  0%| F|  |TAMS 0x0000000087d00000, 0x0000000087d00000| Untracked 
|  68|0x0000000087e00000, 0x0000000087e00000, 0x0000000087f00000|  0%| F|  |TAMS 0x0000000087e00000, 0x0000000087e00000| Untracked 
|  69|0x0000000087f00000, 0x0000000087f00000, 0x0000000088000000|  0%| F|  |TAMS 0x0000000087f00000, 0x0000000087f00000| Untracked 
|  70|0x0000000088000000, 0x0000000088000000, 0x0000000088100000|  0%| F|  |TAMS 0x0000000088000000, 0x0000000088000000| Untracked 
|  71|0x0000000088100000, 0x0000000088100000, 0x0000000088200000|  0%| F|  |TAMS 0x0000000088100000, 0x0000000088100000| Untracked 
|  72|0x0000000088200000, 0x0000000088200000, 0x0000000088300000|  0%| F|  |TAMS 0x0000000088200000, 0x0000000088200000| Untracked 
|  73|0x0000000088300000, 0x0000000088300000, 0x0000000088400000|  0%| F|  |TAMS 0x0000000088300000, 0x0000000088300000| Untracked 
|  74|0x0000000088400000, 0x0000000088400000, 0x0000000088500000|  0%| F|  |TAMS 0x0000000088400000, 0x0000000088400000| Untracked 
|  75|0x0000000088500000, 0x0000000088500000, 0x0000000088600000|  0%| F|  |TAMS 0x0000000088500000, 0x0000000088500000| Untracked 
|  76|0x0000000088600000, 0x0000000088600000, 0x0000000088700000|  0%| F|  |TAMS 0x0000000088600000, 0x0000000088600000| Untracked 
|  77|0x0000000088700000, 0x0000000088700000, 0x0000000088800000|  0%| F|  |TAMS 0x0000000088700000, 0x0000000088700000| Untracked 
|  78|0x0000000088800000, 0x0000000088800000, 0x0000000088900000|  0%| F|  |TAMS 0x0000000088800000, 0x0000000088800000| Untracked 
|  79|0x0000000088900000, 0x0000000088900000, 0x0000000088a00000|  0%| F|  |TAMS 0x0000000088900000, 0x0000000088900000| Untracked 
|  80|0x0000000088a00000, 0x0000000088a00000, 0x0000000088b00000|  0%| F|  |TAMS 0x0000000088a00000, 0x0000000088a00000| Untracked 
|  81|0x0000000088b00000, 0x0000000088b00000, 0x0000000088c00000|  0%| F|  |TAMS 0x0000000088b00000, 0x0000000088b00000| Untracked 
|  82|0x0000000088c00000, 0x0000000088c00000, 0x0000000088d00000|  0%| F|  |TAMS 0x0000000088c00000, 0x0000000088c00000| Untracked 
|  83|0x0000000088d00000, 0x0000000088d00000, 0x0000000088e00000|  0%| F|  |TAMS 0x0000000088d00000, 0x0000000088d00000| Untracked 
|  84|0x0000000088e00000, 0x0000000088e5c4e0, 0x0000000088f00000| 36%| S|CS|TAMS 0x0000000088e00000, 0x0000000088e00000| Complete 
|  85|0x0000000088f00000, 0x0000000089000000, 0x0000000089000000|100%| S|CS|TAMS 0x0000000088f00000, 0x0000000088f00000| Complete 
|  86|0x0000000089000000, 0x0000000089100000, 0x0000000089100000|100%| S|CS|TAMS 0x0000000089000000, 0x0000000089000000| Complete 
|  87|0x0000000089100000, 0x0000000089200000, 0x0000000089200000|100%| S|CS|TAMS 0x0000000089100000, 0x0000000089100000| Complete 
|  88|0x0000000089200000, 0x0000000089200000, 0x0000000089300000|  0%| F|  |TAMS 0x0000000089200000, 0x0000000089200000| Untracked 
|  89|0x0000000089300000, 0x0000000089300000, 0x0000000089400000|  0%| F|  |TAMS 0x0000000089300000, 0x0000000089300000| Untracked 
|  90|0x0000000089400000, 0x0000000089400000, 0x0000000089500000|  0%| F|  |TAMS 0x0000000089400000, 0x0000000089400000| Untracked 
|  91|0x0000000089500000, 0x0000000089500000, 0x0000000089600000|  0%| F|  |TAMS 0x0000000089500000, 0x0000000089500000| Untracked 
|  92|0x0000000089600000, 0x0000000089600000, 0x0000000089700000|  0%| F|  |TAMS 0x0000000089600000, 0x0000000089600000| Untracked 
|  93|0x0000000089700000, 0x0000000089700000, 0x0000000089800000|  0%| F|  |TAMS 0x0000000089700000, 0x0000000089700000| Untracked 
|  94|0x0000000089800000, 0x0000000089800000, 0x0000000089900000|  0%| F|  |TAMS 0x0000000089800000, 0x0000000089800000| Untracked 
|  95|0x0000000089900000, 0x0000000089900000, 0x0000000089a00000|  0%| F|  |TAMS 0x0000000089900000, 0x0000000089900000| Untracked 
|  96|0x0000000089a00000, 0x0000000089a00000, 0x0000000089b00000|  0%| F|  |TAMS 0x0000000089a00000, 0x0000000089a00000| Untracked 
|  97|0x0000000089b00000, 0x0000000089b00000, 0x0000000089c00000|  0%| F|  |TAMS 0x0000000089b00000, 0x0000000089b00000| Untracked 
|  98|0x0000000089c00000, 0x0000000089c00000, 0x0000000089d00000|  0%| F|  |TAMS 0x0000000089c00000, 0x0000000089c00000| Untracked 
|  99|0x0000000089d00000, 0x0000000089d00000, 0x0000000089e00000|  0%| F|  |TAMS 0x0000000089d00000, 0x0000000089d00000| Untracked 
| 100|0x0000000089e00000, 0x0000000089e00000, 0x0000000089f00000|  0%| F|  |TAMS 0x0000000089e00000, 0x0000000089e00000| Untracked 
| 101|0x0000000089f00000, 0x0000000089f00000, 0x000000008a000000|  0%| F|  |TAMS 0x0000000089f00000, 0x0000000089f00000| Untracked 
| 102|0x000000008a000000, 0x000000008a000000, 0x000000008a100000|  0%| F|  |TAMS 0x000000008a000000, 0x000000008a000000| Untracked 
| 103|0x000000008a100000, 0x000000008a100000, 0x000000008a200000|  0%| F|  |TAMS 0x000000008a100000, 0x000000008a100000| Untracked 
| 104|0x000000008a200000, 0x000000008a200000, 0x000000008a300000|  0%| F|  |TAMS 0x000000008a200000, 0x000000008a200000| Untracked 
| 105|0x000000008a300000, 0x000000008a300000, 0x000000008a400000|  0%| F|  |TAMS 0x000000008a300000, 0x000000008a300000| Untracked 
| 106|0x000000008a400000, 0x000000008a400000, 0x000000008a500000|  0%| F|  |TAMS 0x000000008a400000, 0x000000008a400000| Untracked 
| 107|0x000000008a500000, 0x000000008a500000, 0x000000008a600000|  0%| F|  |TAMS 0x000000008a500000, 0x000000008a500000| Untracked 
| 108|0x000000008a600000, 0x000000008a600000, 0x000000008a700000|  0%| F|  |TAMS 0x000000008a600000, 0x000000008a600000| Untracked 
| 109|0x000000008a700000, 0x000000008a700000, 0x000000008a800000|  0%| F|  |TAMS 0x000000008a700000, 0x000000008a700000| Untracked 
| 110|0x000000008a800000, 0x000000008a800000, 0x000000008a900000|  0%| F|  |TAMS 0x000000008a800000, 0x000000008a800000| Untracked 
| 111|0x000000008a900000, 0x000000008a900000, 0x000000008aa00000|  0%| F|  |TAMS 0x000000008a900000, 0x000000008a900000| Untracked 
| 112|0x000000008aa00000, 0x000000008aa00000, 0x000000008ab00000|  0%| F|  |TAMS 0x000000008aa00000, 0x000000008aa00000| Untracked 
| 113|0x000000008ab00000, 0x000000008ab00000, 0x000000008ac00000|  0%| F|  |TAMS 0x000000008ab00000, 0x000000008ab00000| Untracked 
| 114|0x000000008ac00000, 0x000000008ac00000, 0x000000008ad00000|  0%| F|  |TAMS 0x000000008ac00000, 0x000000008ac00000| Untracked 
| 115|0x000000008ad00000, 0x000000008ad00000, 0x000000008ae00000|  0%| F|  |TAMS 0x000000008ad00000, 0x000000008ad00000| Untracked 
| 116|0x000000008ae00000, 0x000000008ae00000, 0x000000008af00000|  0%| F|  |TAMS 0x000000008ae00000, 0x000000008ae00000| Untracked 
| 117|0x000000008af00000, 0x000000008af00000, 0x000000008b000000|  0%| F|  |TAMS 0x000000008af00000, 0x000000008af00000| Untracked 
| 118|0x000000008b000000, 0x000000008b000000, 0x000000008b100000|  0%| F|  |TAMS 0x000000008b000000, 0x000000008b000000| Untracked 
| 119|0x000000008b100000, 0x000000008b100000, 0x000000008b200000|  0%| F|  |TAMS 0x000000008b100000, 0x000000008b100000| Untracked 
| 120|0x000000008b200000, 0x000000008b200000, 0x000000008b300000|  0%| F|  |TAMS 0x000000008b200000, 0x000000008b200000| Untracked 
| 121|0x000000008b300000, 0x000000008b300000, 0x000000008b400000|  0%| F|  |TAMS 0x000000008b300000, 0x000000008b300000| Untracked 
| 122|0x000000008b400000, 0x000000008b480800, 0x000000008b500000| 50%| E|  |TAMS 0x000000008b400000, 0x000000008b400000| Complete 
| 123|0x000000008b500000, 0x000000008b600000, 0x000000008b600000|100%| E|CS|TAMS 0x000000008b500000, 0x000000008b500000| Complete 
| 124|0x000000008b600000, 0x000000008b700000, 0x000000008b700000|100%| E|CS|TAMS 0x000000008b600000, 0x000000008b600000| Complete 
| 125|0x000000008b700000, 0x000000008b800000, 0x000000008b800000|100%| E|CS|TAMS 0x000000008b700000, 0x000000008b700000| Complete 
|1988|0x00000000ffe00000, 0x00000000ffe52000, 0x00000000fff00000| 32%|OA|  |TAMS 0x00000000ffe00000, 0x00000000ffe00000| Untracked 
|1989|0x00000000fff00000, 0x00000000fff7c000, 0x0000000100000000| 48%|CA|  |TAMS 0x00000000fff00000, 0x00000000fff00000| Untracked 

Card table byte_map: [0x00007f282066f000,0x00007f2820a52000] _byte_map_base: 0x00007f2820252000

Marking Bits (Prev, Next): (CMBitMap*) 0x00007f283806c1d0, (CMBitMap*) 0x00007f283806c210
 Prev Bits: [0x00007f281e374000, 0x00007f282028c000)
 Next Bits: [0x00007f281c45c000, 0x00007f281e374000)

Polling page: 0x00007f2840260000

Metaspace:

Usage:
  Non-class:     14,07 MB capacity,    13,86 MB ( 99%) used,   187,96 KB (  1%) free+waste,    22,81 KB ( <1%) overhead. 
      Class:      1,96 MB capacity,     1,88 MB ( 96%) used,    63,45 KB (  3%) free+waste,     9,38 KB ( <1%) overhead. 
       Both:     16,02 MB capacity,    15,75 MB ( 98%) used,   251,41 KB (  2%) free+waste,    32,19 KB ( <1%) overhead. 

Virtual space:
  Non-class space:       16,00 MB reserved,      14,50 MB ( 91%) committed 
      Class space:        1,00 GB reserved,       2,00 MB ( <1%) committed 
             Both:        1,02 GB reserved,      16,50 MB (  2%) committed 

Chunk freelists:
   Non-Class:  219,00 KB
       Class:  14,00 KB
        Both:  233,00 KB

MaxMetaspaceSize: 17179869184,00 GB
CompressedClassSpaceSize: 1,00 GB

CodeHeap 'non-profiled nmethods': size=120032Kb used=688Kb max_used=688Kb free=119343Kb
 bounds [0x00007f282851a000, 0x00007f282878a000, 0x00007f282fa52000]
CodeHeap 'profiled nmethods': size=120028Kb used=3582Kb max_used=3582Kb free=116446Kb
 bounds [0x00007f2820fe3000, 0x00007f2821363000, 0x00007f282851a000]
CodeHeap 'non-nmethods': size=5700Kb used=1194Kb max_used=1220Kb free=4505Kb
 bounds [0x00007f2820a52000, 0x00007f2820cc2000, 0x00007f2820fe3000]
 total_blobs=2426 nmethods=1966 adapters=373
 compilation: enabled
              stopped_count=0, restarted_count=0
 full_count=0

Compilation events (20 events):
Event: 1,619 Thread 0x00007f28381679b0 1913   !   3       jdk.internal.ref.PhantomCleanable::isListEmpty (34 bytes)
Event: 1,619 Thread 0x00007f28381679b0 nmethod 1913 0x00007f2821346410 code [0x00007f28213465a0, 0x00007f28213467d0]
Event: 1,619 Thread 0x00007f28381679b0 1918       3       org.springframework.core.env.SystemEnvironmentPropertySource::checkPropertyName (97 bytes)
Event: 1,619 Thread 0x00007f28381679b0 nmethod 1918 0x00007f2821346910 code [0x00007f2821346b40, 0x00007f2821347090]
Event: 1,619 Thread 0x00007f28381679b0 1916       3       org.springframework.core.annotation.TypeMappedAnnotation::<init> (112 bytes)
Event: 1,622 Thread 0x00007f28381679b0 nmethod 1916 0x00007f2821347290 code [0x00007f28213474e0, 0x00007f2821348000]
Event: 1,622 Thread 0x00007f28381679b0 1915       3       java.nio.CharBuffer::position (6 bytes)
Event: 1,622 Thread 0x00007f28381679b0 nmethod 1915 0x00007f2821348410 code [0x00007f28213485c0, 0x00007f2821348760]
Event: 1,622 Thread 0x00007f28381679b0 1922       1       java.util.stream.ReduceOps$Box::get (5 bytes)
Event: 1,622 Thread 0x00007f28381679b0 nmethod 1922 0x00007f28285c4010 code [0x00007f28285c41a0, 0x00007f28285c4250]
Event: 1,622 Thread 0x00007f28381679b0 1923       1       org.springframework.core.type.classreading.SimpleMetadataReader::getClassMetadata (5 bytes)
Event: 1,622 Thread 0x00007f28381679b0 nmethod 1923 0x00007f28285c4310 code [0x00007f28285c44a0, 0x00007f28285c4550]
Event: 1,622 Thread 0x00007f28381679b0 1919       1       java.util.stream.Collectors$CollectorImpl::supplier (5 bytes)
Event: 1,622 Thread 0x00007f28381679b0 nmethod 1919 0x00007f28285c4610 code [0x00007f28285c47a0, 0x00007f28285c4850]
Event: 1,622 Thread 0x00007f28381679b0 1920       1       java.util.stream.Collectors$CollectorImpl::accumulator (5 bytes)
Event: 1,622 Thread 0x00007f28381679b0 nmethod 1920 0x00007f28285c4910 code [0x00007f28285c4aa0, 0x00007f28285c4b50]
Event: 1,622 Thread 0x00007f28381679b0 1921       1       java.util.stream.Collectors$CollectorImpl::combiner (5 bytes)
Event: 1,622 Thread 0x00007f28381679b0 nmethod 1921 0x00007f28285c4c10 code [0x00007f28285c4da0, 0x00007f28285c4e50]
Event: 1,622 Thread 0x00007f28381679b0 1924       1       org.springframework.core.type.classreading.SimpleAnnotationMetadata::getSuperClassName (5 bytes)
Event: 1,622 Thread 0x00007f28381679b0 nmethod 1924 0x00007f28285c4f10 code [0x00007f28285c50a0, 0x00007f28285c5150]

GC Heap History (6 events):
Event: 0,444 GC heap before
{Heap before GC invocations=0 (full 0):
 garbage-first heap   total 131072K, used 13112K [0x0000000083a00000, 0x0000000100000000)
  region size 1024K, 13 young (13312K), 0 survivors (0K)
 Metaspace       used 3741K, capacity 5986K, committed 6272K, reserved 1056768K
  class space    used 387K, capacity 566K, committed 640K, reserved 1048576K
}
Event: 0,449 GC heap after
{Heap after GC invocations=1 (full 0):
 garbage-first heap   total 131072K, used 5374K [0x0000000083a00000, 0x0000000100000000)
  region size 1024K, 2 young (2048K), 2 survivors (2048K)
 Metaspace       used 3741K, capacity 5986K, committed 6272K, reserved 1056768K
  class space    used 387K, capacity 566K, committed 640K, reserved 1048576K
}
Event: 0,885 GC heap before
{Heap before GC invocations=1 (full 0):
 garbage-first heap   total 131072K, used 17662K [0x0000000083a00000, 0x0000000100000000)
  region size 1024K, 14 young (14336K), 2 survivors (2048K)
 Metaspace       used 7331K, capacity 8315K, committed 8448K, reserved 1056768K
  class space    used 911K, capacity 998K, committed 1024K, reserved 1048576K
}
Event: 0,890 GC heap after
{Heap after GC invocations=2 (full 0):
 garbage-first heap   total 131072K, used 6512K [0x0000000083a00000, 0x0000000100000000)
  region size 1024K, 2 young (2048K), 2 survivors (2048K)
 Metaspace       used 7331K, capacity 8315K, committed 8448K, reserved 1056768K
  class space    used 911K, capacity 998K, committed 1024K, reserved 1048576K
}
Event: 1,605 GC heap before
{Heap before GC invocations=2 (full 0):
 garbage-first heap   total 131072K, used 42352K [0x0000000083a00000, 0x0000000100000000)
  region size 1024K, 38 young (38912K), 2 survivors (2048K)
 Metaspace       used 15940K, capacity 16232K, committed 16640K, reserved 1064960K
  class space    used 1908K, capacity 1966K, committed 2048K, reserved 1048576K
}
Event: 1,612 GC heap after
{Heap after GC invocations=3 (full 0):
 garbage-first heap   total 131072K, used 8875K [0x0000000083a00000, 0x0000000100000000)
  region size 1024K, 4 young (4096K), 4 survivors (4096K)
 Metaspace       used 15940K, capacity 16232K, committed 16640K, reserved 1064960K
  class space    used 1908K, capacity 1966K, committed 2048K, reserved 1048576K
}

Deoptimization events (20 events):
Event: 1,463 Thread 0x00007f283802dae0 DEOPT PACKING pc=0x00007f28210ca1ae sp=0x00007f2840247c00
Event: 1,463 Thread 0x00007f283802dae0 DEOPT UNPACKING pc=0x00007f2820a9ff2b sp=0x00007f28402470e8 mode 0
Event: 1,463 Thread 0x00007f283802dae0 DEOPT PACKING pc=0x00007f28212d6701 sp=0x00007f2840247cc0
Event: 1,463 Thread 0x00007f283802dae0 DEOPT UNPACKING pc=0x00007f2820a9ff2b sp=0x00007f2840247218 mode 0
Event: 1,463 Thread 0x00007f283802dae0 DEOPT PACKING pc=0x00007f2821121ee9 sp=0x00007f2840247bd0
Event: 1,463 Thread 0x00007f283802dae0 DEOPT UNPACKING pc=0x00007f2820a9ff2b sp=0x00007f28402470e0 mode 0
Event: 1,463 Thread 0x00007f283802dae0 DEOPT PACKING pc=0x00007f28210ca1ae sp=0x00007f2840247c00
Event: 1,463 Thread 0x00007f283802dae0 DEOPT UNPACKING pc=0x00007f2820a9ff2b sp=0x00007f28402470e8 mode 0
Event: 1,463 Thread 0x00007f283802dae0 DEOPT PACKING pc=0x00007f2821121ee9 sp=0x00007f2840247bd0
Event: 1,463 Thread 0x00007f283802dae0 DEOPT UNPACKING pc=0x00007f2820a9ff2b sp=0x00007f28402470e0 mode 0
Event: 1,463 Thread 0x00007f283802dae0 DEOPT PACKING pc=0x00007f28210ca1ae sp=0x00007f2840247c00
Event: 1,463 Thread 0x00007f283802dae0 DEOPT UNPACKING pc=0x00007f2820a9ff2b sp=0x00007f28402470e8 mode 0
Event: 1,463 Thread 0x00007f283802dae0 DEOPT PACKING pc=0x00007f28212d6701 sp=0x00007f2840247cc0
Event: 1,463 Thread 0x00007f283802dae0 DEOPT UNPACKING pc=0x00007f2820a9ff2b sp=0x00007f2840247218 mode 0
Event: 1,464 Thread 0x00007f283802dae0 DEOPT PACKING pc=0x00007f2821121ee9 sp=0x00007f2840247bd0
Event: 1,464 Thread 0x00007f283802dae0 DEOPT UNPACKING pc=0x00007f2820a9ff2b sp=0x00007f28402470e0 mode 0
Event: 1,464 Thread 0x00007f283802dae0 DEOPT PACKING pc=0x00007f28210ca1ae sp=0x00007f2840247c00
Event: 1,464 Thread 0x00007f283802dae0 DEOPT UNPACKING pc=0x00007f2820a9ff2b sp=0x00007f28402470e8 mode 0
Event: 1,464 Thread 0x00007f283802dae0 DEOPT PACKING pc=0x00007f28212d6701 sp=0x00007f2840247cc0
Event: 1,464 Thread 0x00007f283802dae0 DEOPT UNPACKING pc=0x00007f2820a9ff2b sp=0x00007f2840247218 mode 0

Classes unloaded (0 events):
No events

Classes redefined (0 events):
No events

Internal exceptions (20 events):
Event: 1,155 Thread 0x00007f2838917580 Exception <a 'java/lang/NoSuchMethodError'{0x000000008a05a3b0}: 'long java.lang.invoke.DirectMethodHandle$Holder.invokeStaticInit(java.lang.Object, java.lang.Object)'> (0x000000008a05a3b0) 
thrown [./src/hotspot/share/interpreter/linkResolver.cpp, line 782]
Event: 1,157 Thread 0x00007f2838917580 Exception <a 'java/lang/NoSuchMethodError'{0x000000008a0e8a38}: 'long java.lang.invoke.DirectMethodHandle$Holder.invokeInterface(java.lang.Object, java.lang.Object)'> (0x000000008a0e8a38) 
thrown [./src/hotspot/share/interpreter/linkResolver.cpp, line 782]
Event: 1,157 Thread 0x00007f2838917580 Exception <a 'java/lang/IncompatibleClassChangeError'{0x000000008a0ec198}: Found class java.lang.Object, but interface was expected> (0x000000008a0ec198) 
thrown [./src/hotspot/share/interpreter/linkResolver.cpp, line 848]
Event: 1,170 Thread 0x00007f2838917580 Exception <a 'java/lang/NoSuchMethodError'{0x0000000089f55520}: 'java.lang.Object java.lang.invoke.DirectMethodHandle$Holder.invokeVirtual(java.lang.Object, java.lang.Object, java.lang.Object, java.lang.Object)'> (0x0000000089f55520) 
thrown [./src/hotspot/share/interpreter/linkResolver.cpp, line 782]
Event: 1,187 Thread 0x00007f283802dae0 Exception <a 'java/lang/ClassNotFoundException'{0x0000000089e41ed0}: java/lang/ObjectCustomizer> (0x0000000089e41ed0) 
thrown [./src/hotspot/share/classfile/systemDictionary.cpp, line 295]
Event: 1,190 Thread 0x00007f283802dae0 Exception <a 'java/lang/IncompatibleClassChangeError'{0x0000000089e46df8}: Found class java.lang.Object, but interface was expected> (0x0000000089e46df8) 
thrown [./src/hotspot/share/interpreter/linkResolver.cpp, line 848]
Event: 1,201 Thread 0x00007f283802dae0 Exception <a 'java/lang/ClassNotFoundException'{0x0000000089e73018}: org/springframework/context/annotation/ConfigurationClassPostProcessorCustomizer> (0x0000000089e73018) 
thrown [./src/hotspot/share/classfile/systemDictionary.cpp, line 295]
Event: 1,209 Thread 0x00007f283802dae0 Exception <a 'java/lang/ClassNotFoundException'{0x0000000089ec1680}: org/springframework/beans/factory/support/BeanDefinitionRegistryPostProcessorCustomizer> (0x0000000089ec1680) 
thrown [./src/hotspot/share/classfile/systemDictionary.cpp, line 295]
Event: 1,209 Thread 0x00007f283802dae0 Exception <a 'java/lang/ClassNotFoundException'{0x0000000089ec5318}: org/springframework/beans/factory/config/BeanFactoryPostProcessorCustomizer> (0x0000000089ec5318) 
thrown [./src/hotspot/share/classfile/systemDictionary.cpp, line 295]
Event: 1,210 Thread 0x00007f283802dae0 Exception <a 'java/lang/ClassNotFoundException'{0x0000000089ec9050}: org/springframework/core/PriorityOrderedCustomizer> (0x0000000089ec9050) 
thrown [./src/hotspot/share/classfile/systemDictionary.cpp, line 295]
Event: 1,210 Thread 0x00007f283802dae0 Exception <a 'java/lang/ClassNotFoundException'{0x0000000089ecb8c0}: org/springframework/core/OrderedCustomizer> (0x0000000089ecb8c0) 
thrown [./src/hotspot/share/classfile/systemDictionary.cpp, line 295]
Event: 1,210 Thread 0x00007f283802dae0 Exception <a 'java/lang/ClassNotFoundException'{0x0000000089ecf388}: org/springframework/context/ResourceLoaderAwareCustomizer> (0x0000000089ecf388) 
thrown [./src/hotspot/share/classfile/systemDictionary.cpp, line 295]
Event: 1,211 Thread 0x00007f283802dae0 Exception <a 'java/lang/ClassNotFoundException'{0x0000000089ed3018}: org/springframework/beans/factory/AwareCustomizer> (0x0000000089ed3018) 
thrown [./src/hotspot/share/classfile/systemDictionary.cpp, line 295]
Event: 1,211 Thread 0x00007f283802dae0 Exception <a 'java/lang/ClassNotFoundException'{0x0000000089ed5c28}: org/springframework/beans/factory/BeanClassLoaderAwareCustomizer> (0x0000000089ed5c28) 
thrown [./src/hotspot/share/classfile/systemDictionary.cpp, line 295]
Event: 1,211 Thread 0x00007f283802dae0 Exception <a 'java/lang/ClassNotFoundException'{0x0000000089ed98d0}: org/springframework/beans/factory/AwareCustomizer> (0x0000000089ed98d0) 
thrown [./src/hotspot/share/classfile/systemDictionary.cpp, line 295]
Event: 1,211 Thread 0x00007f283802dae0 Exception <a 'java/lang/ClassNotFoundException'{0x0000000089edc300}: org/springframework/context/EnvironmentAwareCustomizer> (0x0000000089edc300) 
thrown [./src/hotspot/share/classfile/systemDictionary.cpp, line 295]
Event: 1,211 Thread 0x00007f283802dae0 Exception <a 'java/lang/ClassNotFoundException'{0x0000000089edfef8}: org/springframework/beans/factory/AwareCustomizer> (0x0000000089edfef8) 
thrown [./src/hotspot/share/classfile/systemDictionary.cpp, line 295]
Event: 1,333 Thread 0x00007f283802dae0 Exception <a 'java/lang/NoSuchMethodError'{0x0000000089a2e070}: 'int java.lang.invoke.DirectMethodHandle$Holder.invokeSpecialIFC(java.lang.Object, java.lang.Object, java.lang.Object, java.lang.Object)'> (0x0000000089a2e070) 
thrown [./src/hotspot/share/interpreter/linkResolver.cpp, line 782]
Event: 1,457 Thread 0x00007f283802dae0 Exception <a 'java/lang/IncompatibleClassChangeError'{0x00000000897ee1a8}: Found class java.lang.Object, but interface was expected> (0x00000000897ee1a8) 
thrown [./src/hotspot/share/interpreter/linkResolver.cpp, line 848]
Event: 1,491 Thread 0x00007f283802dae0 Exception <a 'java/lang/NoSuchMethodError'{0x0000000089559a30}: 'void java.lang.invoke.DirectMethodHandle$Holder.invokeInterface(java.lang.Object, java.lang.Object, java.lang.Object, java.lang.Object)'> (0x0000000089559a30) 
thrown [./src/hotspot/share/interpreter/linkResolver.cpp, line 782]

Events (20 events):
Event: 1,284 loading class java/lang/Deprecated done
Event: 1,374 Executing VM operation: ICBufferFull
Event: 1,374 Executing VM operation: ICBufferFull done
Event: 1,374 Executing VM operation: HandshakeAllThreads
Event: 1,375 Executing VM operation: HandshakeAllThreads done
Event: 1,406 Thread 0x00007f2838b2c480 Thread added: 0x00007f2838b2c480
Event: 1,406 Protecting memory [0x00007f27defd1000,0x00007f27defd5000] with protection modes 0
Event: 1,414 loading class javax/naming/ldap/LdapContext
Event: 1,414 loading class javax/naming/directory/DirContext
Event: 1,415 loading class javax/naming/directory/DirContext done
Event: 1,415 loading class javax/naming/ldap/LdapContext done
Event: 1,448 Thread 0x00007f2838b2c480 Thread exited: 0x00007f2838b2c480
Event: 1,552 loading class jdk/internal/access/foreign/MemorySegmentProxy
Event: 1,552 loading class jdk/internal/access/foreign/MemorySegmentProxy done
Event: 1,605 Executing VM operation: G1CollectForAllocation
Event: 1,612 Executing VM operation: G1CollectForAllocation done
Event: 1,612 Executing VM operation: HandshakeAllThreads
Event: 1,616 Executing VM operation: HandshakeAllThreads done
Event: 1,622 Loaded shared library /usr/lib/jvm/java-15-amazon-corretto/lib/server/libjvm.so
Event: 1,624 Protecting memory [0x00007f2840262000,0x00007f2840263000] with protection modes 7


Dynamic libraries:
83a00000-8b800000 rw-p 00000000 00:00 0 
8b800000-ffe00000 ---p 00000000 00:00 0 
ffe00000-ffe52000 rw-p 00be7000 08:15 4203126                            /usr/lib/jvm/java-15-amazon-corretto/lib/server/classes.jsa
ffe52000-fff00000 rw-p 00000000 00:00 0 
fff00000-fff7c000 rw-p 00b6b000 08:15 4203126                            /usr/lib/jvm/java-15-amazon-corretto/lib/server/classes.jsa
fff7c000-100000000 rw-p 00000000 00:00 0 
800000000-800003000 rwxp 00001000 08:15 4203126                          /usr/lib/jvm/java-15-amazon-corretto/lib/server/classes.jsa
800003000-8003e7000 rw-p 00004000 08:15 4203126                          /usr/lib/jvm/java-15-amazon-corretto/lib/server/classes.jsa
8003e7000-800b36000 r--p 003e8000 08:15 4203126                          /usr/lib/jvm/java-15-amazon-corretto/lib/server/classes.jsa
800b36000-800b38000 ---p 00000000 00:00 0 
800b38000-800d38000 rw-p 00000000 00:00 0 
800d38000-840b38000 ---p 00000000 00:00 0 
55f65a4c1000-55f65a4c2000 r-xp 00000000 08:15 4203422                    /usr/lib/jvm/java-15-amazon-corretto/bin/java
55f65a6c2000-55f65a6c3000 r--p 00001000 08:15 4203422                    /usr/lib/jvm/java-15-amazon-corretto/bin/java
55f65a6c3000-55f65a6c4000 rw-p 00002000 08:15 4203422                    /usr/lib/jvm/java-15-amazon-corretto/bin/java
55f65b0ae000-55f65b0cf000 rw-p 00000000 00:00 0                          [heap]
7f27b0000000-7f27b0025000 rw-p 00000000 00:00 0 
7f27b0025000-7f27b4000000 ---p 00000000 00:00 0 
7f27b8000000-7f27b81e1000 rw-p 00000000 00:00 0 
7f27b81e1000-7f27bc000000 ---p 00000000 00:00 0 
7f27bc000000-7f27bc021000 rw-p 00000000 00:00 0 
7f27bc021000-7f27c0000000 ---p 00000000 00:00 0 
7f27c0000000-7f27c0021000 rw-p 00000000 00:00 0 
7f27c0021000-7f27c4000000 ---p 00000000 00:00 0 
7f27c4000000-7f27c4021000 rw-p 00000000 00:00 0 
7f27c4021000-7f27c8000000 ---p 00000000 00:00 0 
7f27c8000000-7f27c8021000 rw-p 00000000 00:00 0 
7f27c8021000-7f27cc000000 ---p 00000000 00:00 0 
7f27cc000000-7f27cc021000 rw-p 00000000 00:00 0 
7f27cc021000-7f27d0000000 ---p 00000000 00:00 0 
7f27d0000000-7f27d0021000 rw-p 00000000 00:00 0 
7f27d0021000-7f27d4000000 ---p 00000000 00:00 0 
7f27d4000000-7f27d4021000 rw-p 00000000 00:00 0 
7f27d4021000-7f27d8000000 ---p 00000000 00:00 0 
7f27d8000000-7f27d8cb0000 rw-p 00000000 00:00 0 
7f27d8cb0000-7f27dc000000 ---p 00000000 00:00 0 
7f27de36a000-7f27de648000 rw-p 00000000 00:00 0 
7f27de648000-7f27de7c8000 ---p 00000000 00:00 0 
7f27de7c8000-7f27de9c8000 rw-p 00000000 00:00 0 
7f27de9cb000-7f27de9cf000 ---p 00000000 00:00 0 
7f27de9cf000-7f27deccc000 rw-p 00000000 00:00 0 
7f27deccc000-7f27deecc000 rw-p 00000000 00:00 0 
7f27deecf000-7f27deed0000 ---p 00000000 00:00 0 
7f27deed0000-7f27defd1000 rw-p 00000000 00:00 0 
7f27defd1000-7f27defd5000 ---p 00000000 00:00 0 
7f27defd5000-7f27df0d2000 rw-p 00000000 00:00 0 
7f27df0d2000-7f27df0d8000 r-xp 00000000 08:15 4203091                    /usr/lib/jvm/java-15-amazon-corretto/lib/libmanagement_ext.so
7f27df0d8000-7f27df2d7000 ---p 00006000 08:15 4203091                    /usr/lib/jvm/java-15-amazon-corretto/lib/libmanagement_ext.so
7f27df2d7000-7f27df2d8000 r--p 00005000 08:15 4203091                    /usr/lib/jvm/java-15-amazon-corretto/lib/libmanagement_ext.so
7f27df2d8000-7f27df2d9000 rw-p 00000000 00:00 0 
7f27df2d9000-7f27df2dd000 r-xp 00000000 08:15 4203146                    /usr/lib/jvm/java-15-amazon-corretto/lib/libmanagement.so
7f27df2dd000-7f27df4dd000 ---p 00004000 08:15 4203146                    /usr/lib/jvm/java-15-amazon-corretto/lib/libmanagement.so
7f27df4dd000-7f27df4de000 r--p 00004000 08:15 4203146                    /usr/lib/jvm/java-15-amazon-corretto/lib/libmanagement.so
7f27df4de000-7f27df4df000 rw-p 00000000 00:00 0 
7f27df4df000-7f27df4e0000 ---p 00000000 00:00 0 
7f27df4e0000-7f27df5e1000 rw-p 00000000 00:00 0 
7f27df5e1000-7f27df5e2000 ---p 00000000 00:00 0 
7f27df5e2000-7f27df6e3000 rw-p 00000000 00:00 0 
7f27df6e3000-7f27df6e4000 ---p 00000000 00:00 0 
7f27df6e4000-7f27df7e5000 rw-p 00000000 00:00 0 
7f27df7e5000-7f27df7e7000 r-xp 00000000 08:15 4203096                    /usr/lib/jvm/java-15-amazon-corretto/lib/libextnet.so
7f27df7e7000-7f27df9e6000 ---p 00002000 08:15 4203096                    /usr/lib/jvm/java-15-amazon-corretto/lib/libextnet.so
7f27df9e6000-7f27df9e7000 r--p 00001000 08:15 4203096                    /usr/lib/jvm/java-15-amazon-corretto/lib/libextnet.so
7f27df9e7000-7f27df9e8000 rw-p 00000000 00:00 0 
7f27df9e8000-7f27df9e9000 ---p 00000000 00:00 0 
7f27df9e9000-7f27dfaea000 rw-p 00000000 00:00 0 
7f27dfaea000-7f27dfaee000 ---p 00000000 00:00 0 
7f27dfaee000-7f27dfbeb000 rw-p 00000000 00:00 0 
7f27dfbeb000-7f27dfbef000 ---p 00000000 00:00 0 
7f27dfbef000-7f27dfcec000 rw-p 00000000 00:00 0 
7f27dfcec000-7f27dfcfd000 r-xp 00000000 08:15 4203127                    /usr/lib/jvm/java-15-amazon-corretto/lib/libverify.so
7f27dfcfd000-7f27dfefc000 ---p 00011000 08:15 4203127                    /usr/lib/jvm/java-15-amazon-corretto/lib/libverify.so
7f27dfefc000-7f27dfefe000 r--p 00010000 08:15 4203127                    /usr/lib/jvm/java-15-amazon-corretto/lib/libverify.so
7f27dfefe000-7f27dfeff000 rw-p 00000000 00:00 0 
7f27dfeff000-7f27dff03000 ---p 00000000 00:00 0 
7f27dff03000-7f27e0000000 rw-p 00000000 00:00 0 
7f27e0000000-7f27e0021000 rw-p 00000000 00:00 0 
7f27e0021000-7f27e4000000 ---p 00000000 00:00 0 
7f27e4000000-7f27e4021000 rw-p 00000000 00:00 0 
7f27e4021000-7f27e8000000 ---p 00000000 00:00 0 
7f27e8000000-7f27e8bb0000 rw-p 00000000 00:00 0 
7f27e8bb0000-7f27ec000000 ---p 00000000 00:00 0 
7f27ec000000-7f27ec546000 rw-p 00000000 00:00 0 
7f27ec546000-7f27f0000000 ---p 00000000 00:00 0 
7f27f0000000-7f27f0021000 rw-p 00000000 00:00 0 
7f27f0021000-7f27f4000000 ---p 00000000 00:00 0 
7f27f4000000-7f27f4021000 rw-p 00000000 00:00 0 
7f27f4021000-7f27f8000000 ---p 00000000 00:00 0 
7f27f8000000-7f27f8021000 rw-p 00000000 00:00 0 
7f27f8021000-7f27fc000000 ---p 00000000 00:00 0 
7f27fc000000-7f27fc021000 rw-p 00000000 00:00 0 
7f27fc021000-7f2800000000 ---p 00000000 00:00 0 
7f2800000000-7f2800021000 rw-p 00000000 00:00 0 
7f2800021000-7f2804000000 ---p 00000000 00:00 0 
7f2804000000-7f2804021000 rw-p 00000000 00:00 0 
7f2804021000-7f2808000000 ---p 00000000 00:00 0 
7f2808000000-7f2808021000 rw-p 00000000 00:00 0 
7f2808021000-7f280c000000 ---p 00000000 00:00 0 
7f280c068000-7f280c07d000 r-xp 00000000 08:15 4203133                    /usr/lib/jvm/java-15-amazon-corretto/lib/libnet.so
7f280c07d000-7f280c27c000 ---p 00015000 08:15 4203133                    /usr/lib/jvm/java-15-amazon-corretto/lib/libnet.so
7f280c27c000-7f280c27d000 r--p 00014000 08:15 4203133                    /usr/lib/jvm/java-15-amazon-corretto/lib/libnet.so
7f280c27d000-7f280c27e000 rw-p 00015000 08:15 4203133                    /usr/lib/jvm/java-15-amazon-corretto/lib/libnet.so
7f280c27e000-7f280c290000 r-xp 00000000 08:15 4203134                    /usr/lib/jvm/java-15-amazon-corretto/lib/libnio.so
7f280c290000-7f280c48f000 ---p 00012000 08:15 4203134                    /usr/lib/jvm/java-15-amazon-corretto/lib/libnio.so
7f280c48f000-7f280c490000 r--p 00011000 08:15 4203134                    /usr/lib/jvm/java-15-amazon-corretto/lib/libnio.so
7f280c490000-7f280c491000 rw-p 00012000 08:15 4203134                    /usr/lib/jvm/java-15-amazon-corretto/lib/libnio.so
7f280c491000-7f280c4ab000 r-xp 00000000 08:15 4203131                    /usr/lib/jvm/java-15-amazon-corretto/lib/libzip.so
7f280c4ab000-7f280c6ab000 ---p 0001a000 08:15 4203131                    /usr/lib/jvm/java-15-amazon-corretto/lib/libzip.so
7f280c6ab000-7f280c6ac000 r--p 0001a000 08:15 4203131                    /usr/lib/jvm/java-15-amazon-corretto/lib/libzip.so
7f280c6ac000-7f280c6ad000 rw-p 00000000 00:00 0 
7f280c6ad000-7f280c6b1000 ---p 00000000 00:00 0 
7f280c6b1000-7f280c7ae000 rw-p 00000000 00:00 0 
7f280c7ae000-7f280c7b2000 ---p 00000000 00:00 0 
7f280c7b2000-7f280c8af000 rw-p 00000000 00:00 0 
7f280c8af000-7f280c8b3000 ---p 00000000 00:00 0 
7f280c8b3000-7f280c9b0000 rw-p 00000000 00:00 0 
7f280c9b0000-7f280c9b4000 ---p 00000000 00:00 0 
7f280c9b4000-7f280cab1000 rw-p 00000000 00:00 0 
7f280cab1000-7f280cab5000 ---p 00000000 00:00 0 
7f280cab5000-7f280cbb2000 rw-p 00000000 00:00 0 
7f280cbb2000-7f280cbb6000 ---p 00000000 00:00 0 
7f280cbb6000-7f280ccb3000 rw-p 00000000 00:00 0 
7f280ccb3000-7f280d1f4000 r--p 00000000 08:15 4069564                    /usr/lib/locale/locale-archive
7f280d1f4000-7f280d1f8000 ---p 00000000 00:00 0 
7f280d1f8000-7f280d2f5000 rw-p 00000000 00:00 0 
7f280d2f5000-7f280d2f9000 ---p 00000000 00:00 0 
7f280d2f9000-7f280d3f6000 rw-p 00000000 00:00 0 
7f280d3f6000-7f280d3f7000 ---p 00000000 00:00 0 
7f280d3f7000-7f280dcf8000 rw-p 00000000 00:00 0 
7f280dcfb000-7f280dcfc000 ---p 00000000 00:00 0 
7f280dcfc000-7f280ddfd000 rw-p 00000000 00:00 0 
7f280ddfd000-7f280ddfe000 ---p 00000000 00:00 0 
7f280ddfe000-7f2810000000 rw-p 00000000 00:00 0 
7f2810000000-7f2810021000 rw-p 00000000 00:00 0 
7f2810021000-7f2814000000 ---p 00000000 00:00 0 
7f2814000000-7f2814021000 rw-p 00000000 00:00 0 
7f2814021000-7f2818000000 ---p 00000000 00:00 0 
7f2818000000-7f2818021000 rw-p 00000000 00:00 0 
7f2818021000-7f281c000000 ---p 00000000 00:00 0 
7f281c057000-7f281c35a000 rw-p 00000000 00:00 0 
7f281c35a000-7f281c35b000 ---p 00000000 00:00 0 
7f281c35b000-7f281c654000 rw-p 00000000 00:00 0 
7f281c654000-7f281e36c000 ---p 00000000 00:00 0 
7f281e36c000-7f281e56c000 rw-p 00000000 00:00 0 
7f281e56c000-7f2820284000 ---p 00000000 00:00 0 
7f2820284000-7f28202cb000 rw-p 00000000 00:00 0 
7f28202cb000-7f282066e000 ---p 00000000 00:00 0 
7f282066e000-7f28206ae000 rw-p 00000000 00:00 0 
7f28206ae000-7f2820a51000 ---p 00000000 00:00 0 
7f2820a51000-7f2820a52000 rw-p 00000000 00:00 0 
7f2820a52000-7f2820cc2000 rwxp 00000000 00:00 0 
7f2820cc2000-7f2820fe3000 ---p 00000000 00:00 0 
7f2820fe3000-7f2821363000 rwxp 00000000 00:00 0 
7f2821363000-7f282851a000 ---p 00000000 00:00 0 
7f282851a000-7f282878a000 rwxp 00000000 00:00 0 
7f282878a000-7f282fa52000 ---p 00000000 00:00 0 
7f282fa52000-7f2838000000 r--s 00000000 08:15 4203089                    /usr/lib/jvm/java-15-amazon-corretto/lib/modules
7f2838000000-7f2838c01000 rw-p 00000000 00:00 0 
7f2838c01000-7f283c000000 ---p 00000000 00:00 0 
7f283c04e000-7f283c0cf000 rw-p 00000000 00:00 0 
7f283c0cf000-7f283c0d0000 ---p 00000000 00:00 0 
7f283c0d0000-7f283c1d1000 rw-p 00000000 00:00 0 
7f283c1d1000-7f283c1d2000 ---p 00000000 00:00 0 
7f283c1d2000-7f283c312000 rw-p 00000000 00:00 0 
7f283c312000-7f283c6b5000 ---p 00000000 00:00 0 
7f283c6b5000-7f283cabf000 rw-p 00000000 00:00 0 
7f283cabf000-7f283cba5000 ---p 00000000 00:00 0 
7f283cba5000-7f283cbad000 rw-p 00000000 00:00 0 
7f283cbad000-7f283cc90000 ---p 00000000 00:00 0 
7f283cc90000-7f283cc9b000 r-xp 00000000 08:15 5510173                    /lib/x86_64-linux-gnu/libnss_files-2.27.so
7f283cc9b000-7f283ce9a000 ---p 0000b000 08:15 5510173                    /lib/x86_64-linux-gnu/libnss_files-2.27.so
7f283ce9a000-7f283ce9b000 r--p 0000a000 08:15 5510173                    /lib/x86_64-linux-gnu/libnss_files-2.27.so
7f283ce9b000-7f283ce9c000 rw-p 0000b000 08:15 5510173                    /lib/x86_64-linux-gnu/libnss_files-2.27.so
7f283ce9c000-7f283cea2000 rw-p 00000000 00:00 0 
7f283cea2000-7f283ceb9000 r-xp 00000000 08:15 5510167                    /lib/x86_64-linux-gnu/libnsl-2.27.so
7f283ceb9000-7f283d0b8000 ---p 00017000 08:15 5510167                    /lib/x86_64-linux-gnu/libnsl-2.27.so
7f283d0b8000-7f283d0b9000 r--p 00016000 08:15 5510167                    /lib/x86_64-linux-gnu/libnsl-2.27.so
7f283d0b9000-7f283d0ba000 rw-p 00017000 08:15 5510167                    /lib/x86_64-linux-gnu/libnsl-2.27.so
7f283d0ba000-7f283d0bc000 rw-p 00000000 00:00 0 
7f283d0bc000-7f283d0c7000 r-xp 00000000 08:15 5510184                    /lib/x86_64-linux-gnu/libnss_nis-2.27.so
7f283d0c7000-7f283d2c6000 ---p 0000b000 08:15 5510184                    /lib/x86_64-linux-gnu/libnss_nis-2.27.so
7f283d2c6000-7f283d2c7000 r--p 0000a000 08:15 5510184                    /lib/x86_64-linux-gnu/libnss_nis-2.27.so
7f283d2c7000-7f283d2c8000 rw-p 0000b000 08:15 5510184                    /lib/x86_64-linux-gnu/libnss_nis-2.27.so
7f283d2c8000-7f283d2d0000 r-xp 00000000 08:15 5510169                    /lib/x86_64-linux-gnu/libnss_compat-2.27.so
7f283d2d0000-7f283d4d0000 ---p 00008000 08:15 5510169                    /lib/x86_64-linux-gnu/libnss_compat-2.27.so
7f283d4d0000-7f283d4d1000 r--p 00008000 08:15 5510169                    /lib/x86_64-linux-gnu/libnss_compat-2.27.so
7f283d4d1000-7f283d4d2000 rw-p 00009000 08:15 5510169                    /lib/x86_64-linux-gnu/libnss_compat-2.27.so
7f283d4d2000-7f283d4f7000 r-xp 00000000 08:15 4203129                    /usr/lib/jvm/java-15-amazon-corretto/lib/libjava.so
7f283d4f7000-7f283d6f6000 ---p 00025000 08:15 4203129                    /usr/lib/jvm/java-15-amazon-corretto/lib/libjava.so
7f283d6f6000-7f283d6f7000 r--p 00024000 08:15 4203129                    /usr/lib/jvm/java-15-amazon-corretto/lib/libjava.so
7f283d6f7000-7f283d6f8000 rw-p 00025000 08:15 4203129                    /usr/lib/jvm/java-15-amazon-corretto/lib/libjava.so
7f283d6f8000-7f283d6f9000 rw-p 00000000 00:00 0 
7f283d6f9000-7f283d703000 r-xp 00000000 08:15 4203142                    /usr/lib/jvm/java-15-amazon-corretto/lib/libinstrument.so
7f283d703000-7f283d902000 ---p 0000a000 08:15 4203142                    /usr/lib/jvm/java-15-amazon-corretto/lib/libinstrument.so
7f283d902000-7f283d903000 r--p 00009000 08:15 4203142                    /usr/lib/jvm/java-15-amazon-corretto/lib/libinstrument.so
7f283d903000-7f283d904000 rw-p 0000a000 08:15 4203142                    /usr/lib/jvm/java-15-amazon-corretto/lib/libinstrument.so
7f283d904000-7f283d91f000 r-xp 00000000 08:15 4203132                    /usr/lib/jvm/java-15-amazon-corretto/lib/libjimage.so
7f283d91f000-7f283db1f000 ---p 0001b000 08:15 4203132                    /usr/lib/jvm/java-15-amazon-corretto/lib/libjimage.so
7f283db1f000-7f283db21000 r--p 0001b000 08:15 4203132                    /usr/lib/jvm/java-15-amazon-corretto/lib/libjimage.so
7f283db21000-7f283db22000 rw-p 0001d000 08:15 4203132                    /usr/lib/jvm/java-15-amazon-corretto/lib/libjimage.so
7f283db22000-7f283db29000 r-xp 00000000 08:15 5510224                    /lib/x86_64-linux-gnu/librt-2.27.so
7f283db29000-7f283dd28000 ---p 00007000 08:15 5510224                    /lib/x86_64-linux-gnu/librt-2.27.so
7f283dd28000-7f283dd29000 r--p 00006000 08:15 5510224                    /lib/x86_64-linux-gnu/librt-2.27.so
7f283dd29000-7f283dd2a000 rw-p 00007000 08:15 5510224                    /lib/x86_64-linux-gnu/librt-2.27.so
7f283dd2a000-7f283dec7000 r-xp 00000000 08:15 5510146                    /lib/x86_64-linux-gnu/libm-2.27.so
7f283dec7000-7f283e0c6000 ---p 0019d000 08:15 5510146                    /lib/x86_64-linux-gnu/libm-2.27.so
7f283e0c6000-7f283e0c7000 r--p 0019c000 08:15 5510146                    /lib/x86_64-linux-gnu/libm-2.27.so
7f283e0c7000-7f283e0c8000 rw-p 0019d000 08:15 5510146                    /lib/x86_64-linux-gnu/libm-2.27.so
7f283e0c8000-7f283f2b0000 r-xp 00000000 08:15 4203123                    /usr/lib/jvm/java-15-amazon-corretto/lib/server/libjvm.so
7f283f2b0000-7f283f4b0000 ---p 011e8000 08:15 4203123                    /usr/lib/jvm/java-15-amazon-corretto/lib/server/libjvm.so
7f283f4b0000-7f283f54d000 r--p 011e8000 08:15 4203123                    /usr/lib/jvm/java-15-amazon-corretto/lib/server/libjvm.so
7f283f54d000-7f283f586000 rw-p 01285000 08:15 4203123                    /usr/lib/jvm/java-15-amazon-corretto/lib/server/libjvm.so
7f283f586000-7f283f60f000 rw-p 00000000 00:00 0 
7f283f60f000-7f283f7f6000 r-xp 00000000 08:15 5510083                    /lib/x86_64-linux-gnu/libc-2.27.so
7f283f7f6000-7f283f9f6000 ---p 001e7000 08:15 5510083                    /lib/x86_64-linux-gnu/libc-2.27.so
7f283f9f6000-7f283f9fa000 r--p 001e7000 08:15 5510083                    /lib/x86_64-linux-gnu/libc-2.27.so
7f283f9fa000-7f283f9fc000 rw-p 001eb000 08:15 5510083                    /lib/x86_64-linux-gnu/libc-2.27.so
7f283f9fc000-7f283fa00000 rw-p 00000000 00:00 0 
7f283fa00000-7f283fa03000 r-xp 00000000 08:15 5510106                    /lib/x86_64-linux-gnu/libdl-2.27.so
7f283fa03000-7f283fc02000 ---p 00003000 08:15 5510106                    /lib/x86_64-linux-gnu/libdl-2.27.so
7f283fc02000-7f283fc03000 r--p 00002000 08:15 5510106                    /lib/x86_64-linux-gnu/libdl-2.27.so
7f283fc03000-7f283fc04000 rw-p 00003000 08:15 5510106                    /lib/x86_64-linux-gnu/libdl-2.27.so
7f283fc04000-7f283fc1e000 r-xp 00000000 08:15 5510216                    /lib/x86_64-linux-gnu/libpthread-2.27.so
7f283fc1e000-7f283fe1d000 ---p 0001a000 08:15 5510216                    /lib/x86_64-linux-gnu/libpthread-2.27.so
7f283fe1d000-7f283fe1e000 r--p 00019000 08:15 5510216                    /lib/x86_64-linux-gnu/libpthread-2.27.so
7f283fe1e000-7f283fe1f000 rw-p 0001a000 08:15 5510216                    /lib/x86_64-linux-gnu/libpthread-2.27.so
7f283fe1f000-7f283fe23000 rw-p 00000000 00:00 0 
7f283fe23000-7f283fe3c000 r-xp 00000000 08:15 4203128                    /usr/lib/jvm/java-15-amazon-corretto/lib/libjli.so
7f283fe3c000-7f284003c000 ---p 00019000 08:15 4203128                    /usr/lib/jvm/java-15-amazon-corretto/lib/libjli.so
7f284003c000-7f284003d000 r--p 00019000 08:15 4203128                    /usr/lib/jvm/java-15-amazon-corretto/lib/libjli.so
7f284003d000-7f284003e000 rw-p 0001a000 08:15 4203128                    /usr/lib/jvm/java-15-amazon-corretto/lib/libjli.so
7f284003e000-7f2840065000 r-xp 00000000 08:15 5510055                    /lib/x86_64-linux-gnu/ld-2.27.so
7f284006a000-7f2840149000 rw-p 00000000 00:00 0 
7f2840149000-7f284014d000 ---p 00000000 00:00 0 
7f284014d000-7f2840251000 rw-p 00000000 00:00 0 
7f2840251000-7f2840258000 ---p 00000000 00:00 0 
7f2840258000-7f2840260000 rw-s 00000000 08:15 4327616                    /tmp/hsperfdata_shakhzod/18187
7f2840260000-7f2840261000 ---p 00000000 00:00 0 
7f2840261000-7f2840262000 r--p 00000000 00:00 0 
7f2840262000-7f2840263000 rwxp 00000000 00:00 0 
7f2840263000-7f2840265000 rw-p 00000000 00:00 0 
7f2840265000-7f2840266000 r--p 00027000 08:15 5510055                    /lib/x86_64-linux-gnu/ld-2.27.so
7f2840266000-7f2840267000 rw-p 00028000 08:15 5510055                    /lib/x86_64-linux-gnu/ld-2.27.so
7f2840267000-7f2840268000 rw-p 00000000 00:00 0 
7ffd9f1f4000-7ffd9f217000 rw-p 00000000 00:00 0                          [stack]
7ffd9f35b000-7ffd9f35e000 r--p 00000000 00:00 0                          [vvar]
7ffd9f35e000-7ffd9f35f000 r-xp 00000000 00:00 0                          [vdso]
ffffffffff600000-ffffffffff601000 r-xp 00000000 00:00 0                  [vsyscall]


VM Arguments:
jvm_args: -javaagent:/home/shakhzod/Downloads/idea-IC-201.7846.76/lib/idea_rt.jar=40691:/home/shakhzod/Downloads/idea-IC-201.7846.76/bin -Dfile.encoding=UTF-8 
java_command: io.shakhzod.whereis.WhereisApplication
java_class_path (initial): /home/shakhzod/Downloads/whereisbot/target/classes:/home/shakhzod/.m2/repository/org/springframework/boot/spring-boot-starter/2.3.5.RELEASE/spring-boot-starter-2.3.5.RELEASE.jar:/home/shakhzod/.m2/repository/org/springframework/boot/spring-boot/2.3.5.RELEASE/spring-boot-2.3.5.RELEASE.jar:/home/shakhzod/.m2/repository/org/springframework/spring-context/5.2.10.RELEASE/spring-context-5.2.10.RELEASE.jar:/home/shakhzod/.m2/repository/org/springframework/boot/spring-boot-autoconfigure/2.3.5.RELEASE/spring-boot-autoconfigure-2.3.5.RELEASE.jar:/home/shakhzod/.m2/repository/org/springframework/boot/spring-boot-starter-logging/2.3.5.RELEASE/spring-boot-starter-logging-2.3.5.RELEASE.jar:/home/shakhzod/.m2/repository/ch/qos/logback/logback-classic/1.2.3/logback-classic-1.2.3.jar:/home/shakhzod/.m2/repository/ch/qos/logback/logback-core/1.2.3/logback-core-1.2.3.jar:/home/shakhzod/.m2/repository/org/apache/logging/log4j/log4j-to-slf4j/2.13.3/log4j-to-slf4j-2.13.3.jar:/home/shakhzod/.m2/repository/org/apache/logging/log4j/log4j-api/2.13.3/log4j-api-2.13.3.jar:/home/shakhzod/.m2/repository/org/slf4j/jul-to-slf4j/1.7.30/jul-to-slf4j-1.7.30.jar:/home/shakhzod/.m2/repository/jakarta/annotation/jakarta.annotation-api/1.3.5/jakarta.annotation-api-1.3.5.jar:/home/shakhzod/.m2/repository/org/springframework/spring-core/5.2.10.RELEASE/spring-core-5.2.10.RELEASE.jar:/home/shakhzod/.m2/repository/org/springframework/spring-jcl/5.2.10.RELEASE/spring-jcl-5.2.10.RELEASE.jar:/home/shakhzod/.m2/repository/org/yaml/snakeyaml/1.26/snakeyaml-1.26.jar:/home/shakhzod/.m2/repository/org/springframework/boot/spring-boot-starter-web/2.3.5.RELEASE/spring-boot-starter-web-2.3.5.RELEASE.jar:/home/shakhzod/.m2/repository/org/springframework/boot/spring-boot-starter-json/2.3.5.RELEASE/spring-boot-starter-json-2.3.5.RELEASE.jar:/home/shakhzod/.m2/repository/com/fasterxml/jackson/core/jackson-databind/2.11.3/jackson-databind-2.11.3.jar:/home/shakhzod/.m2/repository/com/fasterxml/jac
Launcher Type: SUN_STANDARD

[Global flags]
     intx CICompilerCount                          = 3                                         {product} {ergonomic}
     uint ConcGCThreads                            = 1                                         {product} {ergonomic}
     uint G1ConcRefinementThreads                  = 4                                         {product} {ergonomic}
   size_t G1HeapRegionSize                         = 1048576                                   {product} {ergonomic}
    uintx GCDrainStackTargetSize                   = 64                                        {product} {ergonomic}
   size_t InitialHeapSize                          = 132120576                                 {product} {ergonomic}
   size_t MarkStackSize                            = 4194304                                   {product} {ergonomic}
   size_t MaxHeapSize                              = 2086666240                                {product} {ergonomic}
   size_t MaxNewSize                               = 1251999744                                {product} {ergonomic}
   size_t MinHeapDeltaBytes                        = 1048576                                   {product} {ergonomic}
   size_t MinHeapSize                              = 8388608                                   {product} {ergonomic}
    uintx NonNMethodCodeHeapSize                   = 5832780                                {pd product} {ergonomic}
    uintx NonProfiledCodeHeapSize                  = 122912730                              {pd product} {ergonomic}
    uintx ProfiledCodeHeapSize                     = 122912730                              {pd product} {ergonomic}
    uintx ReservedCodeCacheSize                    = 251658240                              {pd product} {ergonomic}
     bool SegmentedCodeCache                       = true                                      {product} {ergonomic}
   size_t SoftMaxHeapSize                          = 2086666240                             {manageable} {ergonomic}
     bool UseCompressedClassPointers               = true                                 {lp64_product} {ergonomic}
     bool UseCompressedOops                        = true                                 {lp64_product} {ergonomic}
     bool UseG1GC                                  = true                                      {product} {ergonomic}

Logging:
Log output configuration:
 #0: stdout all=warning uptime,level,tags
 #1: stderr all=off uptime,level,tags

Environment Variables:
PATH=/usr/local/sbin:/usr/local/bin:/usr/sbin:/usr/bin:/sbin:/bin:/usr/games:/usr/local/games
SHELL=/bin/bash
DISPLAY=:0
LANG=en_US.UTF-8

Signal Handlers:
SIGSEGV: [libjvm.so+0xec02c0], sa_mask[0]=11111111011111111101111111111110, sa_flags=SA_RESTART|SA_SIGINFO
SIGBUS: [libjvm.so+0xec02c0], sa_mask[0]=11111111011111111101111111111110, sa_flags=SA_RESTART|SA_SIGINFO
SIGFPE: [libjvm.so+0xec02c0], sa_mask[0]=11111111011111111101111111111110, sa_flags=SA_RESTART|SA_SIGINFO
SIGPIPE: [libjvm.so+0xbb9bc0], sa_mask[0]=11111111011111111101111111111110, sa_flags=SA_RESTART|SA_SIGINFO
SIGXFSZ: [libjvm.so+0xbb9bc0], sa_mask[0]=11111111011111111101111111111110, sa_flags=SA_RESTART|SA_SIGINFO
SIGILL: [libjvm.so+0xec02c0], sa_mask[0]=11111111011111111101111111111110, sa_flags=SA_RESTART|SA_SIGINFO
SIGUSR2: [libjvm.so+0xbb9a60], sa_mask[0]=00100000000000000000000000000000, sa_flags=SA_RESTART|SA_SIGINFO
SIGHUP: [libjvm.so+0xbba180], sa_mask[0]=11111111011111111101111111111110, sa_flags=SA_RESTART|SA_SIGINFO
SIGINT: [libjvm.so+0xbba180], sa_mask[0]=11111111011111111101111111111110, sa_flags=SA_RESTART|SA_SIGINFO
SIGTERM: [libjvm.so+0xbba180], sa_mask[0]=11111111011111111101111111111110, sa_flags=SA_RESTART|SA_SIGINFO
SIGQUIT: [libjvm.so+0xbba180], sa_mask[0]=11111111011111111101111111111110, sa_flags=SA_RESTART|SA_SIGINFO


---------------  S Y S T E M  ---------------

OS:
DISTRIB_ID=LinuxMint
DISTRIB_RELEASE=19.3
DISTRIB_CODENAME=tricia
DISTRIB_DESCRIPTION="Linux Mint 19.3 Tricia"
uname: Linux 5.0.0-32-generic #34~18.04.2-Ubuntu SMP Thu Oct 10 10:36:02 UTC 2019 x86_64
OS uptime: 0 days 3:59 hours
libc: glibc 2.27 NPTL 2.27 
rlimit (soft/hard): STACK 8192k/infinity , CORE 0k/infinity , NPROC 31551/31551 , NOFILE 1048576/1048576 , AS infinity/infinity , CPU infinity/infinity , DATA infinity/infinity , FSIZE infinity/infinity , MEMLOCK 16384k/16384k
load average: 1,41 1,22 1,59

/proc/meminfo:
MemTotal:        8147952 kB
MemFree:          665996 kB
MemAvailable:    3020816 kB
Buffers:           81924 kB
Cached:          2736268 kB
SwapCached:         4368 kB
Active:          4947488 kB
Inactive:        2075988 kB
Active(anon):    3658232 kB
Inactive(anon):   854260 kB
Active(file):    1289256 kB
Inactive(file):  1221728 kB
Unevictable:          32 kB
Mlocked:              32 kB
SwapTotal:       2097148 kB
SwapFree:        2053360 kB
Dirty:              4420 kB
Writeback:             0 kB
AnonPages:       4202024 kB
Mapped:           935892 kB
Shmem:            310676 kB
KReclaimable:     126260 kB
Slab:             242592 kB
SReclaimable:     126260 kB
SUnreclaim:       116332 kB
KernelStack:       17776 kB
PageTables:        71268 kB
NFS_Unstable:          0 kB
Bounce:                0 kB
WritebackTmp:          0 kB
CommitLimit:     6171124 kB
Committed_AS:   11346916 kB
VmallocTotal:   34359738367 kB
VmallocUsed:           0 kB
VmallocChunk:          0 kB
Percpu:             4224 kB
HardwareCorrupted:     0 kB
AnonHugePages:         0 kB
ShmemHugePages:        0 kB
ShmemPmdMapped:        0 kB
CmaTotal:              0 kB
CmaFree:               0 kB
HugePages_Total:       0
HugePages_Free:        0
HugePages_Rsvd:        0
HugePages_Surp:        0
Hugepagesize:       2048 kB
Hugetlb:               0 kB
DirectMap4k:      306752 kB
DirectMap2M:     8065024 kB

/sys/kernel/mm/transparent_hugepage/enabled: always [madvise] never
/sys/kernel/mm/transparent_hugepage/defrag (defrag/compaction efforts parameter): always defer defer+madvise [madvise] never

/proc/sys/kernel/threads-max (system-wide limit on the number of threads): 63102
/proc/sys/vm/max_map_count (maximum number of memory map areas a process may have): 65530
/proc/sys/kernel/pid_max (system-wide limit on number of process identifiers): 32768

container (cgroup) information:
container_type: cgroupv1
cpu_cpuset_cpus: 0-3
cpu_memory_nodes: 0
active_processor_count: 4
cpu_quota: no quota
cpu_period: 100000
cpu_shares: no shares
memory_limit_in_bytes: unlimited
memory_and_swap_limit_in_bytes: not supported
memory_soft_limit_in_bytes: unlimited
memory_usage_in_bytes: 6017871872
memory_max_usage_in_bytes: 6230814720

Steal ticks since vm start: 0
Steal ticks percentage since vm start:  0,000

CPU: total 4 (initial active 4) (4 cores per cpu, 1 threads per core) family 6 model 58 stepping 9 microcode 0xc, cmov, cx8, fxsr, mmx, sse, sse2, sse3, ssse3, sse4.1, sse4.2, popcnt, vzeroupper, avx, aes, clmul, erms, tsc, tscinvbit, tscinv, clflush
CPU Model and flags from /proc/cpuinfo:
model name	: Intel(R) Core(TM) i5-3470 CPU @ 3.20GHz
flags		: fpu vme de pse tsc msr pae mce cx8 apic sep mtrr pge mca cmov pat pse36 clflush dts acpi mmx fxsr sse sse2 ss ht tm pbe syscall nx rdtscp lm constant_tsc arch_perfmon pebs bts rep_good nopl xtopology nonstop_tsc cpuid aperfmperf pni pclmulqdq dtes64 monitor ds_cpl vmx smx est tm2 ssse3 cx16 xtpr pdcm pcid sse4_1 sse4_2 x2apic popcnt tsc_deadline_timer aes xsave avx f16c rdrand lahf_lm cpuid_fault epb pti tpr_shadow vnmi flexpriority ept vpid fsgsbase smep erms xsaveopt dtherm ida arat pln pts

Online cpus: 0-3
Offline cpus: 4-7
BIOS frequency limitation: <Not Available>
Frequency switch latency (ns): 0
Available cpu frequencies: <Not Available>
Current governor: powersave
Core performance/turbo boost: <Not Available>

Memory: 4k page, physical 8147952k(665996k free), swap 2097148k(2053360k free)

vm_info: OpenJDK 64-Bit Server VM (15.0.1+9) for linux-amd64 JRE (15.0.1+9), built on Oct 22 2020 04:09:46 by "jenkins" with gcc 7.3.1 20180303 (Red Hat 7.3.1-5)

END.
