#
# A fatal error has been detected by the Java Runtime Environment:
#
#  SIGSEGV (0xb) at pc=0x00007fa5d0666135, pid=5731, tid=5750
#
# JRE version: OpenJDK Runtime Environment Corretto-15.0.1.9.1 (15.0.1+9) (build 15.0.1+9)
# Java VM: OpenJDK 64-Bit Server VM Corretto-15.0.1.9.1 (15.0.1+9, mixed mode, sharing, tiered, compressed oops, g1 gc, linux-amd64)
# Problematic frame:
# V  [libjvm.so+0xa5b135]  PhaseIdealLoop::build_loop_early(VectorSet&, Node_List&, Node_Stack&)+0xc5
#
# Core dump will be written. Default location: Core dumps may be processed with "/lib/systemd/systemd-coredump %P %u %g %s %t 9223372036854775808 %e" (or dumping to /home/shakhzod/Downloads/whereisbot/core.5731)
#
# If you would like to submit a bug report, please visit:
#   https://bugreport.java.com/bugreport/crash.jsp
#

---------------  S U M M A R Y ------------

Command Line: -javaagent:/home/shakhzod/Downloads/idea-IC-201.7846.76/lib/idea_rt.jar=37149:/home/shakhzod/Downloads/idea-IC-201.7846.76/bin -Dfile.encoding=UTF-8 io.shakhzod.whereis.WhereisApplication

Host: Intel(R) Core(TM) i5-3470 CPU @ 3.20GHz, 4 cores, 7G, Linux Mint 19.3 Tricia
Time: Wed Nov 11 23:57:35 2020 CET elapsed time: 3.354588 seconds (0d 0h 0m 3s)

---------------  T H R E A D  ---------------

Current thread (0x00007fa5c8166170):  JavaThread "C2 CompilerThread0" daemon [_thread_in_native, id=5750, stack(0x00007fa5ac4df000,0x00007fa5ac5e0000)]


Current CompileTask:
C2:   3354 3742       4       java.util.function.BiPredicate::lambda$or$2 (28 bytes)

Stack: [0x00007fa5ac4df000,0x00007fa5ac5e0000],  sp=0x00007fa5ac5daf60,  free space=1007k
Native frames: (J=compiled Java code, A=aot compiled Java code, j=interpreted, Vv=VM code, C=native code)
V  [libjvm.so+0xa5b135]  PhaseIdealLoop::build_loop_early(VectorSet&, Node_List&, Node_Stack&)+0xc5
V  [libjvm.so+0xa5da6e]  PhaseIdealLoop::build_and_optimize(LoopOptsMode)+0x64e
V  [libjvm.so+0x5688ed]  PhaseIdealLoop::optimize(PhaseIterGVN&, LoopOptsMode)+0x1dd
V  [libjvm.so+0x5674f3]  Compile::Optimize()+0xf43
V  [libjvm.so+0x5680fa]  Compile::Compile(ciEnv*, ciMethod*, int, bool, bool, bool, DirectiveSet*)+0xa7a
V  [libjvm.so+0x49ee0c]  C2Compiler::compile_method(ciEnv*, ciMethod*, int, DirectiveSet*)+0xac
V  [libjvm.so+0x57215c]  CompileBroker::invoke_compiler_on_method(CompileTask*)+0xcec
V  [libjvm.so+0x572f18]  CompileBroker::compiler_thread_loop()+0x5b8
V  [libjvm.so+0xe548e9]  JavaThread::run()+0x1f9
V  [libjvm.so+0xe5208f]  Thread::call_run()+0xff
V  [libjvm.so+0xbc4d87]  thread_native_entry(Thread*)+0xe7


siginfo: si_signo: 11 (SIGSEGV), si_code: 128 (SI_KERNEL), si_addr: 0x0000000000000000

Register to memory mapping:

RAX=0x0000ffa578c01068 is an unknown value
RBX=0x0 is NULL
RCX=0x0 is NULL
RDX=0x0 is NULL
RSP=0x00007fa5ac5daf60 is pointing into the stack for thread: 0x00007fa5c8166170
RBP=0x00007fa5ac5dafd0 is pointing into the stack for thread: 0x00007fa5c8166170
RSI=0x00000000000014a8 is an unknown value
RDI=0x0000000000000003 is an unknown value
R8 =0x00007fa57c7e1cc0 points into unknown readable memory: 0x00007fa5d107afe8 | e8 af 07 d1 a5 7f 00 00
R9 =0x0000000000000003 is an unknown value
R10=0x0 is NULL
R11=0x00007fa57c8b5d80 points into unknown readable memory: 0x00007fa5783949e0 | e0 49 39 78 a5 7f 00 00
R12=0x0 is NULL
R13=0x00007fa5ac5db3b0 is pointing into the stack for thread: 0x00007fa5c8166170
R14=0x00007fa578c01030 points into unknown readable memory: 0x00007fa5d1070858 | 58 08 07 d1 a5 7f 00 00
R15=0x00007fa5ac5db020 is pointing into the stack for thread: 0x00007fa5c8166170


Registers:
RAX=0x0000ffa578c01068, RBX=0x0000000000000000, RCX=0x0000000000000000, RDX=0x0000000000000000
RSP=0x00007fa5ac5daf60, RBP=0x00007fa5ac5dafd0, RSI=0x00000000000014a8, RDI=0x0000000000000003
R8 =0x00007fa57c7e1cc0, R9 =0x0000000000000003, R10=0x0000000000000000, R11=0x00007fa57c8b5d80
R12=0x0000000000000000, R13=0x00007fa5ac5db3b0, R14=0x00007fa578c01030, R15=0x00007fa5ac5db020
RIP=0x00007fa5d0666135, EFLAGS=0x0000000000010202, CSGSFS=0x002b000000000033, ERR=0x0000000000000000
  TRAPNO=0x000000000000000d

Top of Stack: (sp=0x00007fa5ac5daf60)
0x00007fa5ac5daf60:   00007fa5ac5db020 00007fa5ac5db3d0
0x00007fa5ac5daf70:   00007fa5ac5db040 00007fa5ac5db060
0x00007fa5ac5daf80:   000000000000295d 00007fa57c17ab10
0x00007fa5ac5daf90:   0000000000000020 00000001ac5db060 

Instructions: (pc=0x00007fa5d0666135)
0x00007fa5d0666035:   85 65 f8 ff ff e9 50 fa ff ff f2 0f 10 15 31 47
0x00007fa5d0666045:   50 00 f2 0f 10 05 81 b8 50 00 f2 0f 5c d1 66 0f
0x00007fa5d0666055:   2e d0 0f 83 06 fa ff ff e9 75 fa ff ff 49 8d 7f
0x00007fa5d0666065:   20 e8 85 d3 12 00 e9 f5 f7 ff ff 55 48 8d 47 20
0x00007fa5d0666075:   48 89 e5 41 57 41 56 41 55 41 54 49 89 fd 53 49
0x00007fa5d0666085:   89 f4 48 83 ec 48 48 89 55 a8 48 89 4d a0 48 89
0x00007fa5d0666095:   45 98 48 8b 7d a8 8b 47 18 85 c0 0f 84 75 05 00
0x00007fa5d06660a5:   00 48 8b 57 10 83 e8 01 c7 45 cc 00 00 00 00 89
0x00007fa5d06660b5:   47 18 4c 8b 34 c2 0f 1f 44 00 00 8b 45 cc 45 8b
0x00007fa5d06660c5:   4e 18 85 c0 0f 84 00 01 00 00 8b 55 cc 41 39 d1
0x00007fa5d06660d5:   0f 86 24 02 00 00 41 83 e9 01 89 d0 4d 89 e7 41
0x00007fa5d06660e5:   29 d1 48 8d 1c c5 00 00 00 00 4a 8d 44 08 01 49
0x00007fa5d06660f5:   89 dc 48 c1 e0 03 48 89 45 c0 eb 2c 0f 1f 80 00
0x00007fa5d0666105:   00 00 00 49 8b 75 30 48 83 3c c6 00 0f 84 86 00
0x00007fa5d0666115:   00 00 85 c9 0f 84 a1 01 00 00 49 83 c4 08 4c 3b
0x00007fa5d0666125:   65 c0 0f 84 cf 01 00 00 49 8b 46 08 83 45 cc 01
0x00007fa5d0666135:   4a 8b 1c 20 48 85 db 74 e1 48 8b 03 48 89 df ff
0x00007fa5d0666145:   90 a8 00 00 00 84 c0 0f 85 2e 01 00 00 8b 4b 28
0x00007fa5d0666155:   89 c8 c1 e8 05 41 3b 07 72 16 89 c6 4c 89 ff 89
0x00007fa5d0666165:   4d b0 89 45 b8 e8 61 a0 43 00 8b 45 b8 8b 4d b0
0x00007fa5d0666175:   49 8b 77 08 ba 01 00 00 00 d3 e2 89 d7 89 d1 48
0x00007fa5d0666185:   8d 34 86 8b 06 09 c7 21 c1 89 3e 8b 43 28 41 3b
0x00007fa5d0666195:   45 28 0f 82 6b ff ff ff 48 8b 75 a0 4d 89 fc 49
0x00007fa5d06661a5:   89 df 48 8b 06 48 89 45 c0 48 83 c0 10 48 3b 46
0x00007fa5d06661b5:   08 48 89 06 0f 83 b1 01 00 00 8b 7d cc 4c 89 30
0x00007fa5d06661c5:   4d 89 fe 89 78 08 45 8b 4f 18 4d 85 f6 0f 84 d8
0x00007fa5d06661d5:   02 00 00 41 8b 76 28 c7 45 cc 00 00 00 00 41 3b
0x00007fa5d06661e5:   75 28 0f 83 e2 fe ff ff 49 8b 55 30 89 f0 48 8b
0x00007fa5d06661f5:   04 c2 48 85 c0 0f 84 cf fe ff ff a8 01 0f 85 c7
0x00007fa5d0666205:   fe ff ff 4d 85 f6 0f 84 4f 03 00 00 44 89 4d cc
0x00007fa5d0666215:   4c 89 f3 eb 2e 66 0f 1f 44 00 00 49 8b 45 30 48
0x00007fa5d0666225:   8d 04 f0 48 8b 08 48 85 c9 0f 84 4f 01 00 00 48 


Stack slot to memory mapping:
stack at sp + 0 slots: 0x00007fa5ac5db020 is pointing into the stack for thread: 0x00007fa5c8166170
stack at sp + 1 slots: 0x00007fa5ac5db3d0 is pointing into the stack for thread: 0x00007fa5c8166170
stack at sp + 2 slots: 0x00007fa5ac5db040 is pointing into the stack for thread: 0x00007fa5c8166170
stack at sp + 3 slots: 0x00007fa5ac5db060 is pointing into the stack for thread: 0x00007fa5c8166170
stack at sp + 4 slots: 0x000000000000295d is an unknown value
stack at sp + 5 slots: 0x00007fa57c17ab10 points into unknown readable memory: 0x00007fa57c17abb0 | b0 ab 17 7c a5 7f 00 00
stack at sp + 6 slots: 0x0000000000000020 is an unknown value
stack at sp + 7 slots: 0x00000001ac5db060 is an unknown value


---------------  P R O C E S S  ---------------

Threads class SMR info:
_java_thread_list=0x00007fa5340020d0, length=19, elements={
0x00007fa5c802dad0, 0x00007fa5c815ae20, 0x00007fa5c815c560, 0x00007fa5c8162e40,
0x00007fa5c8164550, 0x00007fa5c8166170, 0x00007fa5c81679a0, 0x00007fa5c81690a0,
0x00007fa5c8176070, 0x00007fa57c068040, 0x00007fa5c82d4180, 0x00007fa5c82d5580,
0x00007fa580001640, 0x00007fa5c8e9afc0, 0x00007fa5501dbbb0, 0x00007fa5c8e77620,
0x00007fa5c92677c0, 0x00007fa5c925c500, 0x00007fa534000e40
}

Java Threads: ( => current thread )
  0x00007fa5c802dad0 JavaThread "main" [_thread_in_vm, id=5732, stack(0x00007fa5d1c8c000,0x00007fa5d1d8d000)]
  0x00007fa5c815ae20 JavaThread "Reference Handler" daemon [_thread_blocked, id=5743, stack(0x00007fa5cc2bc000,0x00007fa5cc3bd000)]
  0x00007fa5c815c560 JavaThread "Finalizer" daemon [_thread_blocked, id=5745, stack(0x00007fa5cc1bb000,0x00007fa5cc2bc000)]
  0x00007fa5c8162e40 JavaThread "Signal Dispatcher" daemon [_thread_blocked, id=5747, stack(0x00007fa5cc0ba000,0x00007fa5cc1bb000)]
  0x00007fa5c8164550 JavaThread "Service Thread" daemon [_thread_blocked, id=5748, stack(0x00007fa5ac5e0000,0x00007fa5ac6e1000)]
=>0x00007fa5c8166170 JavaThread "C2 CompilerThread0" daemon [_thread_in_native, id=5750, stack(0x00007fa5ac4df000,0x00007fa5ac5e0000)]
  0x00007fa5c81679a0 JavaThread "C1 CompilerThread0" daemon [_thread_blocked, id=5752, stack(0x00007fa5ac3de000,0x00007fa5ac4df000)]
  0x00007fa5c81690a0 JavaThread "Sweeper thread" daemon [_thread_blocked, id=5755, stack(0x00007fa5ac2dd000,0x00007fa5ac3de000)]
  0x00007fa5c8176070 JavaThread "Common-Cleaner" daemon [_thread_blocked, id=5761, stack(0x00007fa5ac1dc000,0x00007fa5ac2dd000)]
  0x00007fa57c068040 JavaThread "C2 CompilerThread1" daemon [_thread_in_native, id=5764, stack(0x00007fa5ac0db000,0x00007fa5ac1dc000)]
  0x00007fa5c82d4180 JavaThread "Monitor Ctrl-Break" daemon [_thread_in_native, id=5765, stack(0x00007fa59d6a7000,0x00007fa59d7a8000)]
  0x00007fa5c82d5580 JavaThread "Notification Thread" daemon [_thread_blocked, id=5766, stack(0x00007fa59d5a6000,0x00007fa59d6a7000)]
  0x00007fa580001640 JavaThread "Attach Listener" daemon [_thread_blocked, id=5777, stack(0x00007fa59c98c000,0x00007fa59ca8d000)]
  0x00007fa5c8e9afc0 JavaThread "Catalina-utility-1" [_thread_blocked, id=5784, stack(0x00007fa59cb8f000,0x00007fa59cc90000)]
  0x00007fa5501dbbb0 JavaThread "Catalina-utility-2" [_thread_blocked, id=5785, stack(0x00007fa59c08b000,0x00007fa59c18c000)]
  0x00007fa5c8e77620 JavaThread "container-0" [_thread_blocked, id=5786, stack(0x00007fa54f8ff000,0x00007fa54fa00000)]
  0x00007fa5c92677c0 JavaThread "PostgreSQL-JDBC-SharedTimer-1" daemon [_thread_blocked, id=5788, stack(0x00007fa54f3fb000,0x00007fa54f4fc000)]
  0x00007fa5c925c500 JavaThread "HikariPool-1 housekeeper" daemon [_thread_blocked, id=5789, stack(0x00007fa54ee1b000,0x00007fa54ef1c000)]
  0x00007fa534000e40 JavaThread "HikariPool-1 connection adder" daemon [_thread_blocked, id=5790, stack(0x00007fa54ed1a000,0x00007fa54ee1b000)]

Other Threads:
  0x00007fa5c81580d0 VMThread "VM Thread" [stack: 0x00007fa5cc3bf000,0x00007fa5cc4bf000] [id=5738]
  0x00007fa5c802f460 WatcherThread [stack: 0x00007fa59d4a6000,0x00007fa59d5a6000] [id=5767]
  0x00007fa5c806b420 GCTaskThread "GC Thread#0" [stack: 0x00007fa5cd550000,0x00007fa5cd650000] [id=5733]
  0x00007fa594000f30 GCTaskThread "GC Thread#1" [stack: 0x00007fa59d1a1000,0x00007fa59d2a1000] [id=5768]
  0x00007fa594001c90 GCTaskThread "GC Thread#2" [stack: 0x00007fa59d09f000,0x00007fa59d19f000] [id=5769]
  0x00007fa594005be0 GCTaskThread "GC Thread#3" [stack: 0x00007fa59ca8f000,0x00007fa59cb8f000] [id=5776]
  0x00007fa5c807c640 ConcurrentGCThread "G1 Main Marker" [stack: 0x00007fa5cd44e000,0x00007fa5cd54e000] [id=5734]
  0x00007fa5c807d8d0 ConcurrentGCThread "G1 Conc#0" [stack: 0x00007fa5cd34c000,0x00007fa5cd44c000] [id=5735]
  0x00007fa5c80e47e0 ConcurrentGCThread "G1 Refine#0" [stack: 0x00007fa5cce46000,0x00007fa5ccf46000] [id=5736]
  0x00007fa5c80e59f0 ConcurrentGCThread "G1 Young RemSet Sampling" [stack: 0x00007fa5ccd44000,0x00007fa5cce44000] [id=5737]

Threads with active compile tasks:
C2 CompilerThread0     3360 3742       4       java.util.function.BiPredicate::lambda$or$2 (28 bytes)
C2 CompilerThread1     3360 3664       4       java.util.function.BiPredicate$$Lambda$85/0x0000000800b80d28::test (16 bytes)

VM state: not at safepoint (normal execution)

VM Mutex/Monitor currently owned by a thread: None

Heap address: 0x0000000083a00000, size: 1990 MB, Compressed Oops mode: 32-bit
CDS archive(s) mapped at: [0x0000000800000000-0x0000000800b36000-0x0000000800b36000), size 11755520, SharedBaseAddress: 0x0000000800000000, ArchiveRelocationMode: 0.
Compressed class space mapped at: 0x0000000800b38000-0x0000000840b38000, size: 1073741824
Narrow klass base: 0x0000000800000000, Narrow klass shift: 3, Narrow klass range: 0x100000000

GC Precious Log:
 CPUs: 4 total, 4 available
 Memory: 7957M
 Large Page Support: Disabled
 NUMA Support: Disabled
 Compressed Oops: Enabled (32-bit)
 Heap Region Size: 1M
 Heap Min Capacity: 8M
 Heap Initial Capacity: 126M
 Heap Max Capacity: 1990M
 Pre-touch: Disabled
 Parallel Workers: 4
 Concurrent Workers: 1
 Concurrent Refinement Workers: 4
 Periodic GC: Disabled

Heap:
 garbage-first heap   total 58368K, used 19587K [0x0000000083a00000, 0x0000000100000000)
  region size 1024K, 4 young (4096K), 2 survivors (2048K)
 Metaspace       used 35501K, capacity 35824K, committed 36252K, reserved 1081344K
  class space    used 4278K, capacity 4399K, committed 4480K, reserved 1048576K

Heap Regions: E=young(eden), S=young(survivor), O=old, HS=humongous(starts), HC=humongous(continues), CS=collection set, F=free, OA=open archive, CA=closed archive, TAMS=top-at-mark-start (previous, next)
|   0|0x0000000083a00000, 0x0000000083b00000, 0x0000000083b00000|100%| O|  |TAMS 0x0000000083b00000, 0x0000000083a00000| Updating 
|   1|0x0000000083b00000, 0x0000000083c00000, 0x0000000083c00000|100%| O|  |TAMS 0x0000000083c00000, 0x0000000083b00000| Updating 
|   2|0x0000000083c00000, 0x0000000083d00000, 0x0000000083d00000|100%| O|  |TAMS 0x0000000083d00000, 0x0000000083c00000| Updating 
|   3|0x0000000083d00000, 0x0000000083e00000, 0x0000000083e00000|100%| O|  |TAMS 0x0000000083e00000, 0x0000000083d00000| Updating 
|   4|0x0000000083e00000, 0x0000000083e7fc00, 0x0000000083f00000| 49%| O|  |TAMS 0x0000000083e7fc00, 0x0000000083e00000| Updating 
|   5|0x0000000083f00000, 0x0000000084000000, 0x0000000084000000|100%| O|  |TAMS 0x0000000084000000, 0x0000000083f00000| Updating 
|   6|0x0000000084000000, 0x0000000084100000, 0x0000000084100000|100%| O|  |TAMS 0x0000000084100000, 0x0000000084000000| Updating 
|   7|0x0000000084100000, 0x0000000084200000, 0x0000000084200000|100%| O|  |TAMS 0x0000000084200000, 0x0000000084100000| Updating 
|   8|0x0000000084200000, 0x0000000084300000, 0x0000000084300000|100%| O|  |TAMS 0x0000000084300000, 0x0000000084200000| Updating 
|   9|0x0000000084300000, 0x0000000084400000, 0x0000000084400000|100%| O|  |TAMS 0x0000000084400000, 0x0000000084300000| Updating 
|  10|0x0000000084400000, 0x0000000084500000, 0x0000000084500000|100%| O|  |TAMS 0x0000000084500000, 0x0000000084400000| Updating 
|  11|0x0000000084500000, 0x0000000084600000, 0x0000000084600000|100%| O|  |TAMS 0x0000000084600000, 0x0000000084500000| Updating 
|  12|0x0000000084600000, 0x0000000084700000, 0x0000000084700000|100%| O|  |TAMS 0x0000000084700000, 0x0000000084600000| Updating 
|  13|0x0000000084700000, 0x0000000084800000, 0x0000000084800000|100%| O|  |TAMS 0x0000000084800000, 0x0000000084700000| Updating 
|  14|0x0000000084800000, 0x0000000084900000, 0x0000000084900000|100%| O|  |TAMS 0x000000008484fc00, 0x0000000084800000| Updating 
|  15|0x0000000084900000, 0x0000000084a00000, 0x0000000084a00000|100%| O|  |TAMS 0x0000000084900000, 0x0000000084900000| Untracked 
|  16|0x0000000084a00000, 0x0000000084ab6a00, 0x0000000084b00000| 71%| O|  |TAMS 0x0000000084a00000, 0x0000000084a00000| Updating 
|  17|0x0000000084b00000, 0x0000000084b00000, 0x0000000084c00000|  0%| F|  |TAMS 0x0000000084b00000, 0x0000000084b00000| Untracked 
|  18|0x0000000084c00000, 0x0000000084c00000, 0x0000000084d00000|  0%| F|  |TAMS 0x0000000084c00000, 0x0000000084c00000| Untracked 
|  19|0x0000000084d00000, 0x0000000084d00000, 0x0000000084e00000|  0%| F|  |TAMS 0x0000000084d00000, 0x0000000084d00000| Untracked 
|  20|0x0000000084e00000, 0x0000000084e00000, 0x0000000084f00000|  0%| F|  |TAMS 0x0000000084e00000, 0x0000000084e00000| Untracked 
|  21|0x0000000084f00000, 0x0000000084f00000, 0x0000000085000000|  0%| F|  |TAMS 0x0000000084f00000, 0x0000000084f00000| Untracked 
|  22|0x0000000085000000, 0x0000000085000000, 0x0000000085100000|  0%| F|  |TAMS 0x0000000085000000, 0x0000000085000000| Untracked 
|  23|0x0000000085100000, 0x0000000085100000, 0x0000000085200000|  0%| F|  |TAMS 0x0000000085100000, 0x0000000085100000| Untracked 
|  24|0x0000000085200000, 0x0000000085200000, 0x0000000085300000|  0%| F|  |TAMS 0x0000000085200000, 0x0000000085200000| Untracked 
|  25|0x0000000085300000, 0x0000000085300000, 0x0000000085400000|  0%| F|  |TAMS 0x0000000085300000, 0x0000000085300000| Untracked 
|  26|0x0000000085400000, 0x0000000085400000, 0x0000000085500000|  0%| F|  |TAMS 0x0000000085400000, 0x0000000085400000| Untracked 
|  27|0x0000000085500000, 0x0000000085500000, 0x0000000085600000|  0%| F|  |TAMS 0x0000000085500000, 0x0000000085500000| Untracked 
|  28|0x0000000085600000, 0x0000000085600000, 0x0000000085700000|  0%| F|  |TAMS 0x0000000085600000, 0x0000000085600000| Untracked 
|  29|0x0000000085700000, 0x0000000085700000, 0x0000000085800000|  0%| F|  |TAMS 0x0000000085700000, 0x0000000085700000| Untracked 
|  30|0x0000000085800000, 0x0000000085800000, 0x0000000085900000|  0%| F|  |TAMS 0x0000000085800000, 0x0000000085800000| Untracked 
|  31|0x0000000085900000, 0x0000000085900000, 0x0000000085a00000|  0%| F|  |TAMS 0x0000000085900000, 0x0000000085900000| Untracked 
|  32|0x0000000085a00000, 0x0000000085a00000, 0x0000000085b00000|  0%| F|  |TAMS 0x0000000085a00000, 0x0000000085a00000| Untracked 
|  33|0x0000000085b00000, 0x0000000085b00000, 0x0000000085c00000|  0%| F|  |TAMS 0x0000000085b00000, 0x0000000085b00000| Untracked 
|  34|0x0000000085c00000, 0x0000000085c00000, 0x0000000085d00000|  0%| F|  |TAMS 0x0000000085c00000, 0x0000000085c00000| Untracked 
|  35|0x0000000085d00000, 0x0000000085d00000, 0x0000000085e00000|  0%| F|  |TAMS 0x0000000085d00000, 0x0000000085d00000| Untracked 
|  36|0x0000000085e00000, 0x0000000085e00000, 0x0000000085f00000|  0%| F|  |TAMS 0x0000000085e00000, 0x0000000085e00000| Untracked 
|  37|0x0000000085f00000, 0x0000000085f00000, 0x0000000086000000|  0%| F|  |TAMS 0x0000000085f00000, 0x0000000085f00000| Untracked 
|  38|0x0000000086000000, 0x0000000086000000, 0x0000000086100000|  0%| F|  |TAMS 0x0000000086000000, 0x0000000086000000| Untracked 
|  39|0x0000000086100000, 0x0000000086100000, 0x0000000086200000|  0%| F|  |TAMS 0x0000000086100000, 0x0000000086100000| Untracked 
|  40|0x0000000086200000, 0x0000000086200000, 0x0000000086300000|  0%| F|  |TAMS 0x0000000086200000, 0x0000000086200000| Untracked 
|  41|0x0000000086300000, 0x0000000086300000, 0x0000000086400000|  0%| F|  |TAMS 0x0000000086300000, 0x0000000086300000| Untracked 
|  42|0x0000000086400000, 0x0000000086400000, 0x0000000086500000|  0%| F|  |TAMS 0x0000000086400000, 0x0000000086400000| Untracked 
|  43|0x0000000086500000, 0x0000000086500000, 0x0000000086600000|  0%| F|  |TAMS 0x0000000086500000, 0x0000000086500000| Untracked 
|  44|0x0000000086600000, 0x0000000086600000, 0x0000000086700000|  0%| F|  |TAMS 0x0000000086600000, 0x0000000086600000| Untracked 
|  45|0x0000000086700000, 0x0000000086700000, 0x0000000086800000|  0%| F|  |TAMS 0x0000000086700000, 0x0000000086700000| Untracked 
|  46|0x0000000086800000, 0x000000008681c740, 0x0000000086900000| 11%| S|CS|TAMS 0x0000000086800000, 0x0000000086800000| Complete 
|  47|0x0000000086900000, 0x0000000086a00000, 0x0000000086a00000|100%| S|CS|TAMS 0x0000000086900000, 0x0000000086900000| Complete 
|  56|0x0000000087200000, 0x0000000087200000, 0x0000000087300000|  0%| F|  |TAMS 0x0000000087200000, 0x0000000087200000| Untracked 
|  57|0x0000000087300000, 0x0000000087300000, 0x0000000087400000|  0%| F|  |TAMS 0x0000000087300000, 0x0000000087300000| Untracked 
|  58|0x0000000087400000, 0x0000000087400000, 0x0000000087500000|  0%| F|  |TAMS 0x0000000087400000, 0x0000000087400000| Untracked 
|  59|0x0000000087500000, 0x0000000087500000, 0x0000000087600000|  0%| F|  |TAMS 0x0000000087500000, 0x0000000087500000| Untracked 
|  60|0x0000000087600000, 0x0000000087600000, 0x0000000087700000|  0%| F|  |TAMS 0x0000000087600000, 0x0000000087600000| Untracked 
|  61|0x0000000087700000, 0x00000000877c2808, 0x0000000087800000| 75%| E|  |TAMS 0x0000000087700000, 0x0000000087700000| Complete 
| 125|0x000000008b700000, 0x000000008b800000, 0x000000008b800000|100%| E|CS|TAMS 0x000000008b700000, 0x000000008b700000| Complete 
|1988|0x00000000ffe00000, 0x00000000ffe52000, 0x00000000fff00000| 32%|OA|  |TAMS 0x00000000ffe52000, 0x00000000ffe00000| Untracked 
|1989|0x00000000fff00000, 0x00000000fff7c000, 0x0000000100000000| 48%|CA|  |TAMS 0x00000000fff7c000, 0x00000000fff00000| Untracked 

Card table byte_map: [0x00007fa5cda33000,0x00007fa5cde16000] _byte_map_base: 0x00007fa5cd616000

Marking Bits (Prev, Next): (CMBitMap*) 0x00007fa5c806c1c0, (CMBitMap*) 0x00007fa5c806c200
 Prev Bits: [0x00007fa5aeb3a000, 0x00007fa5b0a52000)
 Next Bits: [0x00007fa5acc22000, 0x00007fa5aeb3a000)

Polling page: 0x00007fa5d1da3000

Metaspace:

Usage:
  Non-class:     30,69 MB capacity,    30,50 MB (>99%) used,   147,06 KB ( <1%) free+waste,    47,25 KB ( <1%) overhead. 
      Class:      4,30 MB capacity,     4,18 MB ( 97%) used,   101,59 KB (  2%) free+waste,    17,75 KB ( <1%) overhead. 
       Both:     34,98 MB capacity,    34,68 MB (>99%) used,   248,66 KB ( <1%) free+waste,    65,00 KB ( <1%) overhead. 

Virtual space:
  Non-class space:       32,00 MB reserved,      31,03 MB ( 97%) committed 
      Class space:        1,00 GB reserved,       4,38 MB ( <1%) committed 
             Both:        1,03 GB reserved,      35,40 MB (  3%) committed 

Chunk freelists:
   Non-Class:  335,00 KB
       Class:  17,00 KB
        Both:  352,00 KB

MaxMetaspaceSize: 17179869184,00 GB
CompressedClassSpaceSize: 1,00 GB

CodeHeap 'non-profiled nmethods': size=120032Kb used=1744Kb max_used=1744Kb free=118287Kb
 bounds [0x00007fa5b851a000, 0x00007fa5b878a000, 0x00007fa5bfa52000]
CodeHeap 'profiled nmethods': size=120028Kb used=7826Kb max_used=7826Kb free=112201Kb
 bounds [0x00007fa5b0fe3000, 0x00007fa5b1793000, 0x00007fa5b851a000]
CodeHeap 'non-nmethods': size=5700Kb used=1249Kb max_used=1300Kb free=4451Kb
 bounds [0x00007fa5b0a52000, 0x00007fa5b0cc2000, 0x00007fa5b0fe3000]
 total_blobs=4319 nmethods=3793 adapters=439
 compilation: enabled
              stopped_count=0, restarted_count=0
 full_count=0

Compilation events (20 events):
Event: 3,300 Thread 0x00007fa5c81679a0 3786       3       org.springframework.aop.support.AopUtils::canApply (206 bytes)
Event: 3,303 Thread 0x00007fa5c81679a0 nmethod 3786 0x00007fa5b1774f10 code [0x00007fa5b17753e0, 0x00007fa5b1777dc0]
Event: 3,303 Thread 0x00007fa5c81679a0 3787       3       org.springframework.aop.framework.autoproxy.AutoProxyUtils::isOriginalInstance (55 bytes)
Event: 3,303 Thread 0x00007fa5c81679a0 nmethod 3787 0x00007fa5b1778a90 code [0x00007fa5b1778d20, 0x00007fa5b17798d0]
Event: 3,304 Thread 0x00007fa5c81679a0 3788       3       com.sun.org.apache.xalan.internal.utils.XMLSecurityManager$NameMap::getOldName (18 bytes)
Event: 3,305 Thread 0x00007fa5c81679a0 nmethod 3788 0x00007fa5b1779d10 code [0x00007fa5b1779ec0, 0x00007fa5b177a060]
Event: 3,305 Thread 0x00007fa5c81679a0 3789       3       com.fasterxml.jackson.databind.type.ClassKey::<init> (29 bytes)
Event: 3,305 Thread 0x00007fa5c81679a0 nmethod 3789 0x00007fa5b177a110 code [0x00007fa5b177a2e0, 0x00007fa5b177a630]
Event: 3,305 Thread 0x00007fa5c81679a0 3790       3       org.springframework.core.log.CompositeLog::initLogger (45 bytes)
Event: 3,305 Thread 0x00007fa5c81679a0 nmethod 3790 0x00007fa5b177a790 code [0x00007fa5b177a980, 0x00007fa5b177afb0]
Event: 3,317 Thread 0x00007fa5c81679a0 3794       3       java.lang.Class::privateGetDeclaredFields (64 bytes)
Event: 3,317 Thread 0x00007fa5c81679a0 nmethod 3794 0x00007fa5b177b190 code [0x00007fa5b177b3a0, 0x00007fa5b177bb50]
Event: 3,318 Thread 0x00007fa5c81679a0 3795       3       org.springframework.core.annotation.AbstractMergedAnnotation::synthesize (24 bytes)
Event: 3,319 Thread 0x00007fa5c81679a0 nmethod 3795 0x00007fa5b177bd90 code [0x00007fa5b177bf80, 0x00007fa5b177c600]
Event: 3,319 Thread 0x00007fa5c81679a0 3796       3       org.springframework.beans.factory.support.DefaultListableBeanFactory::findAnnotationOnBean (24 bytes)
Event: 3,319 Thread 0x00007fa5c81679a0 nmethod 3796 0x00007fa5b177c810 code [0x00007fa5b177ca80, 0x00007fa5b177d750]
Event: 3,319 Thread 0x00007fa5c81679a0 3797       3       org.springframework.beans.factory.support.DefaultListableBeanFactory::findMergedAnnotationOnBean (148 bytes)
Event: 3,321 Thread 0x00007fa5c81679a0 nmethod 3797 0x00007fa5b177db10 code [0x00007fa5b177dee0, 0x00007fa5b177fc80]
Event: 3,321 Thread 0x00007fa5c81679a0 3798   !   3       com.sun.proxy.$Proxy44::annotationType (29 bytes)
Event: 3,321 Thread 0x00007fa5c81679a0 nmethod 3798 0x00007fa5b1780610 code [0x00007fa5b17807e0, 0x00007fa5b1780bd0]

GC Heap History (14 events):
Event: 0,582 GC heap before
{Heap before GC invocations=0 (full 0):
 garbage-first heap   total 131072K, used 13112K [0x0000000083a00000, 0x0000000100000000)
  region size 1024K, 13 young (13312K), 0 survivors (0K)
 Metaspace       used 3745K, capacity 5986K, committed 6272K, reserved 1056768K
  class space    used 387K, capacity 566K, committed 640K, reserved 1048576K
}
Event: 0,592 GC heap after
{Heap after GC invocations=1 (full 0):
 garbage-first heap   total 131072K, used 5364K [0x0000000083a00000, 0x0000000100000000)
  region size 1024K, 2 young (2048K), 2 survivors (2048K)
 Metaspace       used 3745K, capacity 5986K, committed 6272K, reserved 1056768K
  class space    used 387K, capacity 566K, committed 640K, reserved 1048576K
}
Event: 1,014 GC heap before
{Heap before GC invocations=1 (full 0):
 garbage-first heap   total 131072K, used 20724K [0x0000000083a00000, 0x0000000100000000)
  region size 1024K, 17 young (17408K), 2 survivors (2048K)
 Metaspace       used 8185K, capacity 8983K, committed 9088K, reserved 1056768K
  class space    used 998K, capacity 1071K, committed 1152K, reserved 1048576K
}
Event: 1,026 GC heap after
{Heap after GC invocations=2 (full 0):
 garbage-first heap   total 131072K, used 6634K [0x0000000083a00000, 0x0000000100000000)
  region size 1024K, 2 young (2048K), 2 survivors (2048K)
 Metaspace       used 8185K, capacity 8983K, committed 9088K, reserved 1056768K
  class space    used 998K, capacity 1071K, committed 1152K, reserved 1048576K
}
Event: 2,221 GC heap before
{Heap before GC invocations=2 (full 0):
 garbage-first heap   total 131072K, used 68074K [0x0000000083a00000, 0x0000000100000000)
  region size 1024K, 64 young (65536K), 2 survivors (2048K)
 Metaspace       used 20817K, capacity 21083K, committed 21296K, reserved 1069056K
  class space    used 2536K, capacity 2635K, committed 2688K, reserved 1048576K
}
Event: 2,230 GC heap after
{Heap after GC invocations=3 (full 0):
 garbage-first heap   total 131072K, used 10666K [0x0000000083a00000, 0x0000000100000000)
  region size 1024K, 6 young (6144K), 6 survivors (6144K)
 Metaspace       used 20817K, capacity 21083K, committed 21296K, reserved 1069056K
  class space    used 2536K, capacity 2635K, committed 2688K, reserved 1048576K
}
Event: 2,514 GC heap before
{Heap before GC invocations=4 (full 0):
 garbage-first heap   total 48128K, used 33194K [0x0000000083a00000, 0x0000000100000000)
  region size 1024K, 28 young (28672K), 6 survivors (6144K)
 Metaspace       used 24945K, capacity 25183K, committed 25648K, reserved 1071104K
  class space    used 3001K, capacity 3084K, committed 3200K, reserved 1048576K
}
Event: 2,520 GC heap after
{Heap after GC invocations=5 (full 0):
 garbage-first heap   total 48128K, used 12477K [0x0000000083a00000, 0x0000000100000000)
  region size 1024K, 2 young (2048K), 2 survivors (2048K)
 Metaspace       used 24945K, capacity 25183K, committed 25648K, reserved 1071104K
  class space    used 3001K, capacity 3084K, committed 3200K, reserved 1048576K
}
Event: 2,806 GC heap before
{Heap before GC invocations=5 (full 0):
 garbage-first heap   total 48128K, used 31933K [0x0000000083a00000, 0x0000000100000000)
  region size 1024K, 21 young (21504K), 2 survivors (2048K)
 Metaspace       used 29782K, capacity 30112K, committed 30512K, reserved 1077248K
  class space    used 3580K, capacity 3698K, committed 3712K, reserved 1048576K
}
Event: 2,812 GC heap after
{Heap after GC invocations=6 (full 0):
 garbage-first heap   total 58368K, used 15212K [0x0000000083a00000, 0x0000000100000000)
  region size 1024K, 3 young (3072K), 3 survivors (3072K)
 Metaspace       used 29782K, capacity 30112K, committed 30512K, reserved 1077248K
  class space    used 3580K, capacity 3698K, committed 3712K, reserved 1048576K
}
Event: 3,216 GC heap before
{Heap before GC invocations=6 (full 0):
 garbage-first heap   total 58368K, used 38764K [0x0000000083a00000, 0x0000000100000000)
  region size 1024K, 27 young (27648K), 3 survivors (3072K)
 Metaspace       used 34367K, capacity 34746K, committed 35248K, reserved 1081344K
  class space    used 4130K, capacity 4258K, committed 4352K, reserved 1048576K
}
Event: 3,220 GC heap after
{Heap after GC invocations=7 (full 0):
 garbage-first heap   total 58368K, used 17391K [0x0000000083a00000, 0x0000000100000000)
  region size 1024K, 3 young (3072K), 3 survivors (3072K)
 Metaspace       used 34367K, capacity 34746K, committed 35248K, reserved 1081344K
  class space    used 4130K, capacity 4258K, committed 4352K, reserved 1048576K
}
Event: 3,321 GC heap before
{Heap before GC invocations=7 (full 0):
 garbage-first heap   total 58368K, used 23535K [0x0000000083a00000, 0x0000000100000000)
  region size 1024K, 10 young (10240K), 3 survivors (3072K)
 Metaspace       used 35125K, capacity 35437K, committed 35920K, reserved 1081344K
  class space    used 4225K, capacity 4334K, committed 4352K, reserved 1048576K
}
Event: 3,326 GC heap after
{Heap after GC invocations=8 (full 0):
 garbage-first heap   total 58368K, used 18563K [0x0000000083a00000, 0x0000000100000000)
  region size 1024K, 2 young (2048K), 2 survivors (2048K)
 Metaspace       used 35125K, capacity 35437K, committed 35920K, reserved 1081344K
  class space    used 4225K, capacity 4334K, committed 4352K, reserved 1048576K
}

Deoptimization events (20 events):
Event: 3,104 Thread 0x00007fa5c802dad0 Uncommon trap: trap_request=0xffffff45 fr.pc=0x00007fa5b86722f8 relative=0x0000000000000258
Event: 3,104 Thread 0x00007fa5c802dad0 Uncommon trap: reason=unstable_if action=reinterpret pc=0x00007fa5b86722f8 method=java.util.HashMap$HashIterator.<init>(Ljava/util/HashMap;)V @ 45 c2
Event: 3,104 Thread 0x00007fa5c802dad0 DEOPT PACKING pc=0x00007fa5b86722f8 sp=0x00007fa5d1d88b10
Event: 3,104 Thread 0x00007fa5c802dad0 DEOPT UNPACKING pc=0x00007fa5b0aa0125 sp=0x00007fa5d1d88a00 mode 2
Event: 3,110 Thread 0x00007fa5c802dad0 Uncommon trap: trap_request=0xffffff45 fr.pc=0x00007fa5b85b0bb4 relative=0x0000000000000d54
Event: 3,110 Thread 0x00007fa5c802dad0 Uncommon trap: reason=unstable_if action=reinterpret pc=0x00007fa5b85b0bb4 method=jdk.internal.org.objectweb.asm.Frame.execute(IILjdk/internal/org/objectweb/asm/Symbol;Ljdk/internal/org/objectweb/asm/SymbolTable;)V @ 1 c2
Event: 3,110 Thread 0x00007fa5c802dad0 DEOPT PACKING pc=0x00007fa5b85b0bb4 sp=0x00007fa5d1d87fd0
Event: 3,110 Thread 0x00007fa5c802dad0 DEOPT UNPACKING pc=0x00007fa5b0aa0125 sp=0x00007fa5d1d87f68 mode 2
Event: 3,110 Thread 0x00007fa5c802dad0 Uncommon trap: trap_request=0xffffff45 fr.pc=0x00007fa5b8585e24 relative=0x0000000000000dc4
Event: 3,110 Thread 0x00007fa5c802dad0 Uncommon trap: reason=unstable_if action=reinterpret pc=0x00007fa5b8585e24 method=jdk.internal.org.objectweb.asm.SymbolTable.put(Ljdk/internal/org/objectweb/asm/SymbolTable$Entry;)Ljdk/internal/org/objectweb/asm/SymbolTable$Entry; @ 13 c2
Event: 3,110 Thread 0x00007fa5c802dad0 DEOPT PACKING pc=0x00007fa5b8585e24 sp=0x00007fa5d1d87ec0
Event: 3,110 Thread 0x00007fa5c802dad0 DEOPT UNPACKING pc=0x00007fa5b0aa0125 sp=0x00007fa5d1d87e18 mode 2
Event: 3,125 Thread 0x00007fa5c802dad0 Uncommon trap: trap_request=0xffffff45 fr.pc=0x00007fa5b865f7c8 relative=0x0000000000000228
Event: 3,125 Thread 0x00007fa5c802dad0 Uncommon trap: reason=unstable_if action=reinterpret pc=0x00007fa5b865f7c8 method=java.util.concurrent.ConcurrentHashMap.get(Ljava/lang/Object;)Ljava/lang/Object; @ 86 c2
Event: 3,125 Thread 0x00007fa5c802dad0 DEOPT PACKING pc=0x00007fa5b865f7c8 sp=0x00007fa5d1d890f0
Event: 3,125 Thread 0x00007fa5c802dad0 DEOPT UNPACKING pc=0x00007fa5b0aa0125 sp=0x00007fa5d1d89078 mode 2
Event: 3,254 Thread 0x00007fa5c802dad0 Uncommon trap: trap_request=0xffffff45 fr.pc=0x00007fa5b86acdcc relative=0x0000000000003b4c
Event: 3,254 Thread 0x00007fa5c802dad0 Uncommon trap: reason=unstable_if action=reinterpret pc=0x00007fa5b86acdcc method=org.springframework.beans.factory.support.AbstractBeanFactory.isTypeMatch(Ljava/lang/String;Lorg/springframework/core/ResolvableType;Z)Z @ 559 c2
Event: 3,254 Thread 0x00007fa5c802dad0 DEOPT PACKING pc=0x00007fa5b86acdcc sp=0x00007fa5d1d879e0
Event: 3,254 Thread 0x00007fa5c802dad0 DEOPT UNPACKING pc=0x00007fa5b0aa0125 sp=0x00007fa5d1d879e8 mode 2

Classes unloaded (0 events):
No events

Classes redefined (0 events):
No events

Internal exceptions (20 events):
Event: 2,445 Thread 0x00007fa5c802dad0 Exception <a 'java/lang/NoSuchMethodError'{0x0000000084fbc5a8}: 'int java.lang.invoke.DirectMethodHandle$Holder.invokeInterface(java.lang.Object, java.lang.Object, java.lang.Object, java.lang.Object)'> (0x0000000084fbc5a8) 
thrown [./src/hotspot/share/interpreter/linkResolver.cpp, line 782]
Event: 2,477 Thread 0x00007fa5c802dad0 Exception <a 'java/io/FileNotFoundException'{0x0000000084d2dac0}> (0x0000000084d2dac0) 
thrown [./src/hotspot/share/prims/jni.cpp, line 578]
Event: 2,715 Thread 0x00007fa5c802dad0 Exception <a 'java/lang/NoSuchMethodError'{0x0000000085b8fe38}: 'int java.lang.invoke.DirectMethodHandle$Holder.invokeStaticInit(java.lang.Object, java.lang.Object, java.lang.Object, java.lang.Object)'> (0x0000000085b8fe38) 
thrown [./src/hotspot/share/interpreter/linkResolver.cpp, line 782]
Event: 2,907 Thread 0x00007fa5c802dad0 Exception <a 'java/lang/NoSuchMethodError'{0x0000000086956448}: 'void java.lang.invoke.DirectMethodHandle$Holder.invokeVirtual(java.lang.Object, java.lang.Object, java.lang.Object, java.lang.Object)'> (0x0000000086956448) 
thrown [./src/hotspot/share/interpreter/linkResolver.cpp, line 782]
Event: 2,940 Thread 0x00007fa5c802dad0 Exception <a 'java/lang/NoSuchMethodError'{0x00000000867ef738}: 'java.lang.Object java.lang.invoke.DirectMethodHandle$Holder.invokeVirtual(java.lang.Object, java.lang.Object, int)'> (0x00000000867ef738) 
thrown [./src/hotspot/share/interpreter/linkResolver.cpp, line 782]
Event: 2,949 Thread 0x00007fa5c802dad0 Exception <a 'java/lang/NoSuchMethodError'{0x000000008666cf40}: 'int java.lang.invoke.DirectMethodHandle$Holder.invokeSpecialIFC(java.lang.Object, java.lang.Object, java.lang.Object)'> (0x000000008666cf40) 
thrown [./src/hotspot/share/interpreter/linkResolver.cpp, line 782]
Event: 3,068 Thread 0x00007fa5c802dad0 Implicit null exception at 0x00007fa5b8547554 to 0x00007fa5b8547a40
Event: 3,108 Thread 0x00007fa5c802dad0 Exception <a 'java/lang/NoSuchMethodError'{0x0000000085ff84d8}: 'java.lang.Object java.lang.invoke.DirectMethodHandle$Holder.invokeStaticInit(java.lang.Object, java.lang.Object, java.lang.Object, java.lang.Object)'> (0x0000000085ff84d8) 
thrown [./src/hotspot/share/interpreter/linkResolver.cpp, line 782]
Event: 3,205 Thread 0x00007fa5c802dad0 Exception <a 'java/lang/ClassNotFoundException'{0x000000008593be98}: java/lang/ObjectCustomizer> (0x000000008593be98) 
thrown [./src/hotspot/share/classfile/systemDictionary.cpp, line 295]
Event: 3,205 Thread 0x00007fa5c802dad0 Exception <a 'java/lang/ClassNotFoundException'{0x0000000085942160}: org/springframework/web/servlet/config/annotation/WebMvcConfigurationSupportCustomizer> (0x0000000085942160) 
thrown [./src/hotspot/share/classfile/systemDictionary.cpp, line 295]
Event: 3,206 Thread 0x00007fa5c802dad0 Exception <a 'java/lang/ClassNotFoundException'{0x0000000085953000}: org/springframework/web/servlet/config/annotation/DelegatingWebMvcConfigurationCustomizer> (0x0000000085953000) 
thrown [./src/hotspot/share/classfile/systemDictionary.cpp, line 295]
Event: 3,207 Thread 0x00007fa5c802dad0 Exception <a 'java/lang/ClassNotFoundException'{0x000000008595a7c0}: org/springframework/boot/autoconfigure/web/servlet/WebMvcAutoConfiguration$EnableWebMvcConfigurationCustomizer> (0x000000008595a7c0) 
thrown [./src/hotspot/share/classfile/systemDictionary.cpp, line 295]
Event: 3,208 Thread 0x00007fa5c802dad0 Exception <a 'java/lang/ClassNotFoundException'{0x000000008596aad8}: org/springframework/context/ResourceLoaderAwareCustomizer> (0x000000008596aad8) 
thrown [./src/hotspot/share/classfile/systemDictionary.cpp, line 295]
Event: 3,208 Thread 0x00007fa5c802dad0 Exception <a 'java/lang/ClassNotFoundException'{0x000000008596e2d0}: org/springframework/beans/factory/AwareCustomizer> (0x000000008596e2d0) 
thrown [./src/hotspot/share/classfile/systemDictionary.cpp, line 295]
Event: 3,208 Thread 0x00007fa5c802dad0 Exception <a 'java/lang/ClassNotFoundException'{0x0000000085970dc8}: org/springframework/context/ApplicationContextAwareCustomizer> (0x0000000085970dc8) 
thrown [./src/hotspot/share/classfile/systemDictionary.cpp, line 295]
Event: 3,208 Thread 0x00007fa5c802dad0 Exception <a 'java/lang/ClassNotFoundException'{0x0000000085975190}: org/springframework/beans/factory/AwareCustomizer> (0x0000000085975190) 
thrown [./src/hotspot/share/classfile/systemDictionary.cpp, line 295]
Event: 3,209 Thread 0x00007fa5c802dad0 Exception <a 'java/lang/ClassNotFoundException'{0x0000000085977c60}: org/springframework/web/context/ServletContextAwareCustomizer> (0x0000000085977c60) 
thrown [./src/hotspot/share/classfile/systemDictionary.cpp, line 295]
Event: 3,209 Thread 0x00007fa5c802dad0 Exception <a 'java/lang/ClassNotFoundException'{0x000000008597b8b0}: org/springframework/beans/factory/AwareCustomizer> (0x000000008597b8b0) 
thrown [./src/hotspot/share/classfile/systemDictionary.cpp, line 295]
Event: 3,309 Thread 0x00007fa5c802dad0 Exception <a 'java/lang/NoSuchMethodError'{0x000000008721e420}: 'void java.lang.invoke.DirectMethodHandle$Holder.invokeVirtual(java.lang.Object, java.lang.Object, int)'> (0x000000008721e420) 
thrown [./src/hotspot/share/interpreter/linkResolver.cpp, line 782]
Event: 3,311 Thread 0x00007fa5c802dad0 Exception <a 'java/lang/NoSuchMethodError'{0x000000008723a6a0}: 'void java.lang.invoke.DirectMethodHandle$Holder.invokeVirtual(java.lang.Object, java.lang.Object, long)'> (0x000000008723a6a0) 
thrown [./src/hotspot/share/interpreter/linkResolver.cpp, line 782]

Events (20 events):
Event: 3,224 Executing VM operation: HandshakeAllThreads
Event: 3,224 Executing VM operation: HandshakeAllThreads done
Event: 3,247 loading class java/util/concurrent/Flow$Publisher
Event: 3,247 loading class java/util/concurrent/Flow$Publisher done
Event: 3,258 Executing VM operation: HandshakeAllThreads
Event: 3,260 Executing VM operation: HandshakeAllThreads done
Event: 3,271 loading class java/util/EnumMap$EntrySet
Event: 3,271 loading class java/util/EnumMap$EntrySet done
Event: 3,271 loading class java/util/EnumMap$EntryIterator
Event: 3,271 loading class java/util/EnumMap$EnumMapIterator
Event: 3,271 loading class java/util/EnumMap$EnumMapIterator done
Event: 3,271 loading class java/util/EnumMap$EntryIterator done
Event: 3,288 loading class java/lang/reflect/MalformedParametersException
Event: 3,288 loading class java/lang/reflect/MalformedParametersException done
Event: 3,321 Executing VM operation: CollectForMetadataAllocation
Event: 3,326 Executing VM operation: CollectForMetadataAllocation done
Event: 3,330 Executing VM operation: HandshakeAllThreads
Event: 3,330 Executing VM operation: HandshakeAllThreads done
Event: 3,331 Executing VM operation: HandshakeAllThreads
Event: 3,331 Executing VM operation: HandshakeAllThreads done


Dynamic libraries:
83a00000-86a00000 rw-p 00000000 00:00 0 
86a00000-87200000 ---p 00000000 00:00 0 
87200000-87800000 rw-p 00000000 00:00 0 
87800000-8b700000 ---p 00000000 00:00 0 
8b700000-8b800000 rw-p 00000000 00:00 0 
8b800000-ffe00000 ---p 00000000 00:00 0 
ffe00000-ffe52000 rw-p 00be7000 08:15 4203126                            /usr/lib/jvm/java-15-amazon-corretto/lib/server/classes.jsa
ffe52000-fff00000 rw-p 00000000 00:00 0 
fff00000-fff7c000 rw-p 00b6b000 08:15 4203126                            /usr/lib/jvm/java-15-amazon-corretto/lib/server/classes.jsa
fff7c000-100000000 rw-p 00000000 00:00 0 
800000000-800003000 rwxp 00001000 08:15 4203126                          /usr/lib/jvm/java-15-amazon-corretto/lib/server/classes.jsa
800003000-8003e7000 rw-p 00004000 08:15 4203126                          /usr/lib/jvm/java-15-amazon-corretto/lib/server/classes.jsa
8003e7000-800b36000 r--p 003e8000 08:15 4203126                          /usr/lib/jvm/java-15-amazon-corretto/lib/server/classes.jsa
800b36000-800b38000 ---p 00000000 00:00 0 
800b38000-800f98000 rw-p 00000000 00:00 0 
800f98000-840b38000 ---p 00000000 00:00 0 
55e268c68000-55e268c69000 r-xp 00000000 08:15 4203422                    /usr/lib/jvm/java-15-amazon-corretto/bin/java
55e268e69000-55e268e6a000 r--p 00001000 08:15 4203422                    /usr/lib/jvm/java-15-amazon-corretto/bin/java
55e268e6a000-55e268e6b000 rw-p 00002000 08:15 4203422                    /usr/lib/jvm/java-15-amazon-corretto/bin/java
55e26996a000-55e26998b000 rw-p 00000000 00:00 0                          [heap]
7fa534000000-7fa534021000 rw-p 00000000 00:00 0 
7fa534021000-7fa538000000 ---p 00000000 00:00 0 
7fa538000000-7fa538021000 rw-p 00000000 00:00 0 
7fa538021000-7fa53c000000 ---p 00000000 00:00 0 
7fa53c000000-7fa53c021000 rw-p 00000000 00:00 0 
7fa53c021000-7fa540000000 ---p 00000000 00:00 0 
7fa540000000-7fa540021000 rw-p 00000000 00:00 0 
7fa540021000-7fa544000000 ---p 00000000 00:00 0 
7fa544000000-7fa544021000 rw-p 00000000 00:00 0 
7fa544021000-7fa548000000 ---p 00000000 00:00 0 
7fa548000000-7fa548025000 rw-p 00000000 00:00 0 
7fa548025000-7fa54c000000 ---p 00000000 00:00 0 
7fa54e8ba000-7fa54ec73000 rw-p 00000000 00:00 0 
7fa54ec73000-7fa54ed18000 ---p 00000000 00:00 0 
7fa54ed1a000-7fa54ed1e000 ---p 00000000 00:00 0 
7fa54ed1e000-7fa54ee1b000 rw-p 00000000 00:00 0 
7fa54ee1b000-7fa54ee1f000 ---p 00000000 00:00 0 
7fa54ee1f000-7fa54f11c000 rw-p 00000000 00:00 0 
7fa54f11c000-7fa54f31c000 rw-p 00000000 00:00 0 
7fa54f3fb000-7fa54f3ff000 ---p 00000000 00:00 0 
7fa54f3ff000-7fa54f6fc000 rw-p 00000000 00:00 0 
7fa54f6fc000-7fa54f8fc000 rw-p 00000000 00:00 0 
7fa54f8ff000-7fa54f903000 ---p 00000000 00:00 0 
7fa54f903000-7fa54fc00000 rw-p 00000000 00:00 0 
7fa54fc00000-7fa54fdec000 rw-p 00000000 00:00 0 
7fa54fdec000-7fa54fe00000 ---p 00000000 00:00 0 
7fa54fe00000-7fa550000000 rw-p 00000000 00:00 0 
7fa550000000-7fa5501e9000 rw-p 00000000 00:00 0 
7fa5501e9000-7fa554000000 ---p 00000000 00:00 0 
7fa554000000-7fa554021000 rw-p 00000000 00:00 0 
7fa554021000-7fa558000000 ---p 00000000 00:00 0 
7fa558000000-7fa558021000 rw-p 00000000 00:00 0 
7fa558021000-7fa55c000000 ---p 00000000 00:00 0 
7fa55c000000-7fa55c021000 rw-p 00000000 00:00 0 
7fa55c021000-7fa560000000 ---p 00000000 00:00 0 
7fa560000000-7fa560021000 rw-p 00000000 00:00 0 
7fa560021000-7fa564000000 ---p 00000000 00:00 0 
7fa564000000-7fa564021000 rw-p 00000000 00:00 0 
7fa564021000-7fa568000000 ---p 00000000 00:00 0 
7fa568000000-7fa569470000 rw-p 00000000 00:00 0 
7fa569470000-7fa56c000000 ---p 00000000 00:00 0 
7fa56c000000-7fa56c021000 rw-p 00000000 00:00 0 
7fa56c021000-7fa570000000 ---p 00000000 00:00 0 
7fa570000000-7fa570021000 rw-p 00000000 00:00 0 
7fa570021000-7fa574000000 ---p 00000000 00:00 0 
7fa574000000-7fa574021000 rw-p 00000000 00:00 0 
7fa574021000-7fa578000000 ---p 00000000 00:00 0 
7fa578000000-7fa57943f000 rw-p 00000000 00:00 0 
7fa57943f000-7fa57c000000 ---p 00000000 00:00 0 
7fa57c000000-7fa57c95f000 rw-p 00000000 00:00 0 
7fa57c95f000-7fa580000000 ---p 00000000 00:00 0 
7fa580000000-7fa580021000 rw-p 00000000 00:00 0 
7fa580021000-7fa584000000 ---p 00000000 00:00 0 
7fa584000000-7fa584021000 rw-p 00000000 00:00 0 
7fa584021000-7fa588000000 ---p 00000000 00:00 0 
7fa588000000-7fa588021000 rw-p 00000000 00:00 0 
7fa588021000-7fa58c000000 ---p 00000000 00:00 0 
7fa58c000000-7fa58c021000 rw-p 00000000 00:00 0 
7fa58c021000-7fa590000000 ---p 00000000 00:00 0 
7fa590000000-7fa590021000 rw-p 00000000 00:00 0 
7fa590021000-7fa594000000 ---p 00000000 00:00 0 
7fa594000000-7fa594021000 rw-p 00000000 00:00 0 
7fa594021000-7fa598000000 ---p 00000000 00:00 0 
7fa598000000-7fa598021000 rw-p 00000000 00:00 0 
7fa598021000-7fa59c000000 ---p 00000000 00:00 0 
7fa59c08b000-7fa59c08f000 ---p 00000000 00:00 0 
7fa59c08f000-7fa59c38c000 rw-p 00000000 00:00 0 
7fa59c38c000-7fa59c58c000 rw-p 00000000 00:00 0 
7fa59c58c000-7fa59c78c000 rw-p 00000000 00:00 0 
7fa59c78c000-7fa59c98c000 rw-p 00000000 00:00 0 
7fa59c98c000-7fa59c990000 ---p 00000000 00:00 0 
7fa59c990000-7fa59ca8d000 rw-p 00000000 00:00 0 
7fa59ca8d000-7fa59ca8e000 ---p 00000000 00:00 0 
7fa59ca8e000-7fa59cb8f000 rw-p 00000000 00:00 0 
7fa59cb8f000-7fa59cb93000 ---p 00000000 00:00 0 
7fa59cb93000-7fa59cc90000 rw-p 00000000 00:00 0 
7fa59cc90000-7fa59cc96000 r-xp 00000000 08:15 4203091                    /usr/lib/jvm/java-15-amazon-corretto/lib/libmanagement_ext.so
7fa59cc96000-7fa59ce95000 ---p 00006000 08:15 4203091                    /usr/lib/jvm/java-15-amazon-corretto/lib/libmanagement_ext.so
7fa59ce95000-7fa59ce96000 r--p 00005000 08:15 4203091                    /usr/lib/jvm/java-15-amazon-corretto/lib/libmanagement_ext.so
7fa59ce96000-7fa59ce97000 rw-p 00000000 00:00 0 
7fa59ce97000-7fa59ce9b000 r-xp 00000000 08:15 4203146                    /usr/lib/jvm/java-15-amazon-corretto/lib/libmanagement.so
7fa59ce9b000-7fa59d09b000 ---p 00004000 08:15 4203146                    /usr/lib/jvm/java-15-amazon-corretto/lib/libmanagement.so
7fa59d09b000-7fa59d09c000 r--p 00004000 08:15 4203146                    /usr/lib/jvm/java-15-amazon-corretto/lib/libmanagement.so
7fa59d09c000-7fa59d09d000 rw-p 00000000 00:00 0 
7fa59d09d000-7fa59d09e000 ---p 00000000 00:00 0 
7fa59d09e000-7fa59d19f000 rw-p 00000000 00:00 0 
7fa59d19f000-7fa59d1a0000 ---p 00000000 00:00 0 
7fa59d1a0000-7fa59d2a1000 rw-p 00000000 00:00 0 
7fa59d2a1000-7fa59d2a3000 r-xp 00000000 08:15 4203096                    /usr/lib/jvm/java-15-amazon-corretto/lib/libextnet.so
7fa59d2a3000-7fa59d4a2000 ---p 00002000 08:15 4203096                    /usr/lib/jvm/java-15-amazon-corretto/lib/libextnet.so
7fa59d4a2000-7fa59d4a3000 r--p 00001000 08:15 4203096                    /usr/lib/jvm/java-15-amazon-corretto/lib/libextnet.so
7fa59d4a3000-7fa59d4a4000 rw-p 00000000 00:00 0 
7fa59d4a4000-7fa59d4a5000 ---p 00000000 00:00 0 
7fa59d4a5000-7fa59d5a6000 rw-p 00000000 00:00 0 
7fa59d5a6000-7fa59d5aa000 ---p 00000000 00:00 0 
7fa59d5aa000-7fa59d6a7000 rw-p 00000000 00:00 0 
7fa59d6a7000-7fa59d6ab000 ---p 00000000 00:00 0 
7fa59d6ab000-7fa59d7a8000 rw-p 00000000 00:00 0 
7fa59d7a8000-7fa59d7b9000 r-xp 00000000 08:15 4203127                    /usr/lib/jvm/java-15-amazon-corretto/lib/libverify.so
7fa59d7b9000-7fa59d9b8000 ---p 00011000 08:15 4203127                    /usr/lib/jvm/java-15-amazon-corretto/lib/libverify.so
7fa59d9b8000-7fa59d9ba000 r--p 00010000 08:15 4203127                    /usr/lib/jvm/java-15-amazon-corretto/lib/libverify.so
7fa59d9ba000-7fa59d9bb000 rw-p 00000000 00:00 0 
7fa59d9bb000-7fa59d9d0000 r-xp 00000000 08:15 4203133                    /usr/lib/jvm/java-15-amazon-corretto/lib/libnet.so
7fa59d9d0000-7fa59dbcf000 ---p 00015000 08:15 4203133                    /usr/lib/jvm/java-15-amazon-corretto/lib/libnet.so
7fa59dbcf000-7fa59dbd0000 r--p 00014000 08:15 4203133                    /usr/lib/jvm/java-15-amazon-corretto/lib/libnet.so
7fa59dbd0000-7fa59dbd1000 rw-p 00015000 08:15 4203133                    /usr/lib/jvm/java-15-amazon-corretto/lib/libnet.so
7fa59dbd1000-7fa59dbe3000 r-xp 00000000 08:15 4203134                    /usr/lib/jvm/java-15-amazon-corretto/lib/libnio.so
7fa59dbe3000-7fa59dde2000 ---p 00012000 08:15 4203134                    /usr/lib/jvm/java-15-amazon-corretto/lib/libnio.so
7fa59dde2000-7fa59dde3000 r--p 00011000 08:15 4203134                    /usr/lib/jvm/java-15-amazon-corretto/lib/libnio.so
7fa59dde3000-7fa59dde4000 rw-p 00012000 08:15 4203134                    /usr/lib/jvm/java-15-amazon-corretto/lib/libnio.so
7fa59dde4000-7fa59ddfe000 r-xp 00000000 08:15 4203131                    /usr/lib/jvm/java-15-amazon-corretto/lib/libzip.so
7fa59ddfe000-7fa59dffe000 ---p 0001a000 08:15 4203131                    /usr/lib/jvm/java-15-amazon-corretto/lib/libzip.so
7fa59dffe000-7fa59dfff000 r--p 0001a000 08:15 4203131                    /usr/lib/jvm/java-15-amazon-corretto/lib/libzip.so
7fa59dfff000-7fa5a0000000 rw-p 00000000 00:00 0 
7fa5a0000000-7fa5a0021000 rw-p 00000000 00:00 0 
7fa5a0021000-7fa5a4000000 ---p 00000000 00:00 0 
7fa5a4000000-7fa5a4021000 rw-p 00000000 00:00 0 
7fa5a4021000-7fa5a8000000 ---p 00000000 00:00 0 
7fa5a8000000-7fa5a8021000 rw-p 00000000 00:00 0 
7fa5a8021000-7fa5ac000000 ---p 00000000 00:00 0 
7fa5ac0db000-7fa5ac0df000 ---p 00000000 00:00 0 
7fa5ac0df000-7fa5ac1dc000 rw-p 00000000 00:00 0 
7fa5ac1dc000-7fa5ac1e0000 ---p 00000000 00:00 0 
7fa5ac1e0000-7fa5ac2dd000 rw-p 00000000 00:00 0 
7fa5ac2dd000-7fa5ac2e1000 ---p 00000000 00:00 0 
7fa5ac2e1000-7fa5ac3de000 rw-p 00000000 00:00 0 
7fa5ac3de000-7fa5ac3e2000 ---p 00000000 00:00 0 
7fa5ac3e2000-7fa5ac4df000 rw-p 00000000 00:00 0 
7fa5ac4df000-7fa5ac4e3000 ---p 00000000 00:00 0 
7fa5ac4e3000-7fa5ac5e0000 rw-p 00000000 00:00 0 
7fa5ac5e0000-7fa5ac5e4000 ---p 00000000 00:00 0 
7fa5ac5e4000-7fa5ac6e1000 rw-p 00000000 00:00 0 
7fa5ac6e1000-7fa5acc22000 r--p 00000000 08:15 4069564                    /usr/lib/locale/locale-archive
7fa5acc22000-7fa5acce2000 rw-p 00000000 00:00 0 
7fa5acce2000-7fa5acd02000 ---p 00000000 00:00 0 
7fa5acd02000-7fa5acd1a000 rw-p 00000000 00:00 0 
7fa5acd1a000-7fa5ace16000 ---p 00000000 00:00 0 
7fa5ace16000-7fa5ace1a000 rw-p 00000000 00:00 0 
7fa5ace1a000-7fa5aeb32000 ---p 00000000 00:00 0 
7fa5aeb32000-7fa5aebfa000 rw-p 00000000 00:00 0 
7fa5aebfa000-7fa5aec1a000 ---p 00000000 00:00 0 
7fa5aec1a000-7fa5aec32000 rw-p 00000000 00:00 0 
7fa5aec32000-7fa5aed2e000 ---p 00000000 00:00 0 
7fa5aed2e000-7fa5aed32000 rw-p 00000000 00:00 0 
7fa5aed32000-7fa5b0a4a000 ---p 00000000 00:00 0 
7fa5b0a4a000-7fa5b0a52000 rw-p 00000000 00:00 0 
7fa5b0a52000-7fa5b0cc2000 rwxp 00000000 00:00 0 
7fa5b0cc2000-7fa5b0fe3000 ---p 00000000 00:00 0 
7fa5b0fe3000-7fa5b1793000 rwxp 00000000 00:00 0 
7fa5b1793000-7fa5b851a000 ---p 00000000 00:00 0 
7fa5b851a000-7fa5b878a000 rwxp 00000000 00:00 0 
7fa5b878a000-7fa5bfa52000 ---p 00000000 00:00 0 
7fa5bfa52000-7fa5c8000000 r--s 00000000 08:15 4203089                    /usr/lib/jvm/java-15-amazon-corretto/lib/modules
7fa5c8000000-7fa5c933f000 rw-p 00000000 00:00 0 
7fa5c933f000-7fa5cc000000 ---p 00000000 00:00 0 
7fa5cc0ba000-7fa5cc0be000 ---p 00000000 00:00 0 
7fa5cc0be000-7fa5cc1bb000 rw-p 00000000 00:00 0 
7fa5cc1bb000-7fa5cc1bf000 ---p 00000000 00:00 0 
7fa5cc1bf000-7fa5cc2bc000 rw-p 00000000 00:00 0 
7fa5cc2bc000-7fa5cc2c0000 ---p 00000000 00:00 0 
7fa5cc2c0000-7fa5cc3bd000 rw-p 00000000 00:00 0 
7fa5cc3bd000-7fa5cc3be000 ---p 00000000 00:00 0 
7fa5cc3be000-7fa5ccd40000 rw-p 00000000 00:00 0 
7fa5ccd42000-7fa5ccd43000 ---p 00000000 00:00 0 
7fa5ccd43000-7fa5cce44000 rw-p 00000000 00:00 0 
7fa5cce44000-7fa5cce45000 ---p 00000000 00:00 0 
7fa5cce45000-7fa5cd34a000 rw-p 00000000 00:00 0 
7fa5cd34a000-7fa5cd34b000 ---p 00000000 00:00 0 
7fa5cd34b000-7fa5cd44c000 rw-p 00000000 00:00 0 
7fa5cd44c000-7fa5cd44d000 ---p 00000000 00:00 0 
7fa5cd44d000-7fa5cd54e000 rw-p 00000000 00:00 0 
7fa5cd54e000-7fa5cd54f000 ---p 00000000 00:00 0 
7fa5cd54f000-7fa5cd668000 rw-p 00000000 00:00 0 
7fa5cd668000-7fa5cd66c000 ---p 00000000 00:00 0 
7fa5cd66c000-7fa5cd66f000 rw-p 00000000 00:00 0 
7fa5cd66f000-7fa5cd68e000 ---p 00000000 00:00 0 
7fa5cd68e000-7fa5cd68f000 rw-p 00000000 00:00 0 
7fa5cd68f000-7fa5cda32000 ---p 00000000 00:00 0 
7fa5cda32000-7fa5cda4b000 rw-p 00000000 00:00 0 
7fa5cda4b000-7fa5cda4f000 ---p 00000000 00:00 0 
7fa5cda4f000-7fa5cda52000 rw-p 00000000 00:00 0 
7fa5cda52000-7fa5cda71000 ---p 00000000 00:00 0 
7fa5cda71000-7fa5cda72000 rw-p 00000000 00:00 0 
7fa5cda72000-7fa5cde15000 ---p 00000000 00:00 0 
7fa5cde15000-7fa5cde2e000 rw-p 00000000 00:00 0 
7fa5cde2e000-7fa5cde32000 ---p 00000000 00:00 0 
7fa5cde32000-7fa5cde35000 rw-p 00000000 00:00 0 
7fa5cde35000-7fa5cde54000 ---p 00000000 00:00 0 
7fa5cde54000-7fa5cde55000 rw-p 00000000 00:00 0 
7fa5cde55000-7fa5ce1f8000 ---p 00000000 00:00 0 
7fa5ce1f8000-7fa5ce602000 rw-p 00000000 00:00 0 
7fa5ce602000-7fa5ce6e8000 ---p 00000000 00:00 0 
7fa5ce6e8000-7fa5ce6f8000 rw-p 00000000 00:00 0 
7fa5ce6f8000-7fa5ce7d3000 ---p 00000000 00:00 0 
7fa5ce7d3000-7fa5ce7de000 r-xp 00000000 08:15 5510173                    /lib/x86_64-linux-gnu/libnss_files-2.27.so
7fa5ce7de000-7fa5ce9dd000 ---p 0000b000 08:15 5510173                    /lib/x86_64-linux-gnu/libnss_files-2.27.so
7fa5ce9dd000-7fa5ce9de000 r--p 0000a000 08:15 5510173                    /lib/x86_64-linux-gnu/libnss_files-2.27.so
7fa5ce9de000-7fa5ce9df000 rw-p 0000b000 08:15 5510173                    /lib/x86_64-linux-gnu/libnss_files-2.27.so
7fa5ce9df000-7fa5ce9e5000 rw-p 00000000 00:00 0 
7fa5ce9e5000-7fa5ce9fc000 r-xp 00000000 08:15 5510167                    /lib/x86_64-linux-gnu/libnsl-2.27.so
7fa5ce9fc000-7fa5cebfb000 ---p 00017000 08:15 5510167                    /lib/x86_64-linux-gnu/libnsl-2.27.so
7fa5cebfb000-7fa5cebfc000 r--p 00016000 08:15 5510167                    /lib/x86_64-linux-gnu/libnsl-2.27.so
7fa5cebfc000-7fa5cebfd000 rw-p 00017000 08:15 5510167                    /lib/x86_64-linux-gnu/libnsl-2.27.so
7fa5cebfd000-7fa5cebff000 rw-p 00000000 00:00 0 
7fa5cebff000-7fa5cec0a000 r-xp 00000000 08:15 5510184                    /lib/x86_64-linux-gnu/libnss_nis-2.27.so
7fa5cec0a000-7fa5cee09000 ---p 0000b000 08:15 5510184                    /lib/x86_64-linux-gnu/libnss_nis-2.27.so
7fa5cee09000-7fa5cee0a000 r--p 0000a000 08:15 5510184                    /lib/x86_64-linux-gnu/libnss_nis-2.27.so
7fa5cee0a000-7fa5cee0b000 rw-p 0000b000 08:15 5510184                    /lib/x86_64-linux-gnu/libnss_nis-2.27.so
7fa5cee0b000-7fa5cee13000 r-xp 00000000 08:15 5510169                    /lib/x86_64-linux-gnu/libnss_compat-2.27.so
7fa5cee13000-7fa5cf013000 ---p 00008000 08:15 5510169                    /lib/x86_64-linux-gnu/libnss_compat-2.27.so
7fa5cf013000-7fa5cf014000 r--p 00008000 08:15 5510169                    /lib/x86_64-linux-gnu/libnss_compat-2.27.so
7fa5cf014000-7fa5cf015000 rw-p 00009000 08:15 5510169                    /lib/x86_64-linux-gnu/libnss_compat-2.27.so
7fa5cf015000-7fa5cf03a000 r-xp 00000000 08:15 4203129                    /usr/lib/jvm/java-15-amazon-corretto/lib/libjava.so
7fa5cf03a000-7fa5cf239000 ---p 00025000 08:15 4203129                    /usr/lib/jvm/java-15-amazon-corretto/lib/libjava.so
7fa5cf239000-7fa5cf23a000 r--p 00024000 08:15 4203129                    /usr/lib/jvm/java-15-amazon-corretto/lib/libjava.so
7fa5cf23a000-7fa5cf23b000 rw-p 00025000 08:15 4203129                    /usr/lib/jvm/java-15-amazon-corretto/lib/libjava.so
7fa5cf23b000-7fa5cf23c000 rw-p 00000000 00:00 0 
7fa5cf23c000-7fa5cf246000 r-xp 00000000 08:15 4203142                    /usr/lib/jvm/java-15-amazon-corretto/lib/libinstrument.so
7fa5cf246000-7fa5cf445000 ---p 0000a000 08:15 4203142                    /usr/lib/jvm/java-15-amazon-corretto/lib/libinstrument.so
7fa5cf445000-7fa5cf446000 r--p 00009000 08:15 4203142                    /usr/lib/jvm/java-15-amazon-corretto/lib/libinstrument.so
7fa5cf446000-7fa5cf447000 rw-p 0000a000 08:15 4203142                    /usr/lib/jvm/java-15-amazon-corretto/lib/libinstrument.so
7fa5cf447000-7fa5cf462000 r-xp 00000000 08:15 4203132                    /usr/lib/jvm/java-15-amazon-corretto/lib/libjimage.so
7fa5cf462000-7fa5cf662000 ---p 0001b000 08:15 4203132                    /usr/lib/jvm/java-15-amazon-corretto/lib/libjimage.so
7fa5cf662000-7fa5cf664000 r--p 0001b000 08:15 4203132                    /usr/lib/jvm/java-15-amazon-corretto/lib/libjimage.so
7fa5cf664000-7fa5cf665000 rw-p 0001d000 08:15 4203132                    /usr/lib/jvm/java-15-amazon-corretto/lib/libjimage.so
7fa5cf665000-7fa5cf66c000 r-xp 00000000 08:15 5510224                    /lib/x86_64-linux-gnu/librt-2.27.so
7fa5cf66c000-7fa5cf86b000 ---p 00007000 08:15 5510224                    /lib/x86_64-linux-gnu/librt-2.27.so
7fa5cf86b000-7fa5cf86c000 r--p 00006000 08:15 5510224                    /lib/x86_64-linux-gnu/librt-2.27.so
7fa5cf86c000-7fa5cf86d000 rw-p 00007000 08:15 5510224                    /lib/x86_64-linux-gnu/librt-2.27.so
7fa5cf86d000-7fa5cfa0a000 r-xp 00000000 08:15 5510146                    /lib/x86_64-linux-gnu/libm-2.27.so
7fa5cfa0a000-7fa5cfc09000 ---p 0019d000 08:15 5510146                    /lib/x86_64-linux-gnu/libm-2.27.so
7fa5cfc09000-7fa5cfc0a000 r--p 0019c000 08:15 5510146                    /lib/x86_64-linux-gnu/libm-2.27.so
7fa5cfc0a000-7fa5cfc0b000 rw-p 0019d000 08:15 5510146                    /lib/x86_64-linux-gnu/libm-2.27.so
7fa5cfc0b000-7fa5d0df3000 r-xp 00000000 08:15 4203123                    /usr/lib/jvm/java-15-amazon-corretto/lib/server/libjvm.so
7fa5d0df3000-7fa5d0ff3000 ---p 011e8000 08:15 4203123                    /usr/lib/jvm/java-15-amazon-corretto/lib/server/libjvm.so
7fa5d0ff3000-7fa5d1090000 r--p 011e8000 08:15 4203123                    /usr/lib/jvm/java-15-amazon-corretto/lib/server/libjvm.so
7fa5d1090000-7fa5d10c9000 rw-p 01285000 08:15 4203123                    /usr/lib/jvm/java-15-amazon-corretto/lib/server/libjvm.so
7fa5d10c9000-7fa5d1152000 rw-p 00000000 00:00 0 
7fa5d1152000-7fa5d1339000 r-xp 00000000 08:15 5510083                    /lib/x86_64-linux-gnu/libc-2.27.so
7fa5d1339000-7fa5d1539000 ---p 001e7000 08:15 5510083                    /lib/x86_64-linux-gnu/libc-2.27.so
7fa5d1539000-7fa5d153d000 r--p 001e7000 08:15 5510083                    /lib/x86_64-linux-gnu/libc-2.27.so
7fa5d153d000-7fa5d153f000 rw-p 001eb000 08:15 5510083                    /lib/x86_64-linux-gnu/libc-2.27.so
7fa5d153f000-7fa5d1543000 rw-p 00000000 00:00 0 
7fa5d1543000-7fa5d1546000 r-xp 00000000 08:15 5510106                    /lib/x86_64-linux-gnu/libdl-2.27.so
7fa5d1546000-7fa5d1745000 ---p 00003000 08:15 5510106                    /lib/x86_64-linux-gnu/libdl-2.27.so
7fa5d1745000-7fa5d1746000 r--p 00002000 08:15 5510106                    /lib/x86_64-linux-gnu/libdl-2.27.so
7fa5d1746000-7fa5d1747000 rw-p 00003000 08:15 5510106                    /lib/x86_64-linux-gnu/libdl-2.27.so
7fa5d1747000-7fa5d1761000 r-xp 00000000 08:15 5510216                    /lib/x86_64-linux-gnu/libpthread-2.27.so
7fa5d1761000-7fa5d1960000 ---p 0001a000 08:15 5510216                    /lib/x86_64-linux-gnu/libpthread-2.27.so
7fa5d1960000-7fa5d1961000 r--p 00019000 08:15 5510216                    /lib/x86_64-linux-gnu/libpthread-2.27.so
7fa5d1961000-7fa5d1962000 rw-p 0001a000 08:15 5510216                    /lib/x86_64-linux-gnu/libpthread-2.27.so
7fa5d1962000-7fa5d1966000 rw-p 00000000 00:00 0 
7fa5d1966000-7fa5d197f000 r-xp 00000000 08:15 4203128                    /usr/lib/jvm/java-15-amazon-corretto/lib/libjli.so
7fa5d197f000-7fa5d1b7f000 ---p 00019000 08:15 4203128                    /usr/lib/jvm/java-15-amazon-corretto/lib/libjli.so
7fa5d1b7f000-7fa5d1b80000 r--p 00019000 08:15 4203128                    /usr/lib/jvm/java-15-amazon-corretto/lib/libjli.so
7fa5d1b80000-7fa5d1b81000 rw-p 0001a000 08:15 4203128                    /usr/lib/jvm/java-15-amazon-corretto/lib/libjli.so
7fa5d1b81000-7fa5d1ba8000 r-xp 00000000 08:15 5510055                    /lib/x86_64-linux-gnu/ld-2.27.so
7fa5d1bad000-7fa5d1c8c000 rw-p 00000000 00:00 0 
7fa5d1c8c000-7fa5d1c90000 ---p 00000000 00:00 0 
7fa5d1c90000-7fa5d1d94000 rw-p 00000000 00:00 0 
7fa5d1d94000-7fa5d1d9b000 ---p 00000000 00:00 0 
7fa5d1d9b000-7fa5d1da3000 rw-s 00000000 08:15 4327609                    /tmp/hsperfdata_shakhzod/5731
7fa5d1da3000-7fa5d1da4000 ---p 00000000 00:00 0 
7fa5d1da4000-7fa5d1da5000 r--p 00000000 00:00 0 
7fa5d1da5000-7fa5d1da6000 ---p 00000000 00:00 0 
7fa5d1da6000-7fa5d1da8000 rw-p 00000000 00:00 0 
7fa5d1da8000-7fa5d1da9000 r--p 00027000 08:15 5510055                    /lib/x86_64-linux-gnu/ld-2.27.so
7fa5d1da9000-7fa5d1daa000 rw-p 00028000 08:15 5510055                    /lib/x86_64-linux-gnu/ld-2.27.so
7fa5d1daa000-7fa5d1dab000 rw-p 00000000 00:00 0 
7ffcd0a48000-7ffcd0a6b000 rw-p 00000000 00:00 0                          [stack]
7ffcd0b27000-7ffcd0b2a000 r--p 00000000 00:00 0                          [vvar]
7ffcd0b2a000-7ffcd0b2b000 r-xp 00000000 00:00 0                          [vdso]
ffffffffff600000-ffffffffff601000 r-xp 00000000 00:00 0                  [vsyscall]


VM Arguments:
jvm_args: -javaagent:/home/shakhzod/Downloads/idea-IC-201.7846.76/lib/idea_rt.jar=37149:/home/shakhzod/Downloads/idea-IC-201.7846.76/bin -Dfile.encoding=UTF-8 
java_command: io.shakhzod.whereis.WhereisApplication
java_class_path (initial): /home/shakhzod/Downloads/whereisbot/target/classes:/home/shakhzod/.m2/repository/org/springframework/boot/spring-boot-starter/2.3.5.RELEASE/spring-boot-starter-2.3.5.RELEASE.jar:/home/shakhzod/.m2/repository/org/springframework/boot/spring-boot/2.3.5.RELEASE/spring-boot-2.3.5.RELEASE.jar:/home/shakhzod/.m2/repository/org/springframework/spring-context/5.2.10.RELEASE/spring-context-5.2.10.RELEASE.jar:/home/shakhzod/.m2/repository/org/springframework/boot/spring-boot-autoconfigure/2.3.5.RELEASE/spring-boot-autoconfigure-2.3.5.RELEASE.jar:/home/shakhzod/.m2/repository/org/springframework/boot/spring-boot-starter-logging/2.3.5.RELEASE/spring-boot-starter-logging-2.3.5.RELEASE.jar:/home/shakhzod/.m2/repository/ch/qos/logback/logback-classic/1.2.3/logback-classic-1.2.3.jar:/home/shakhzod/.m2/repository/ch/qos/logback/logback-core/1.2.3/logback-core-1.2.3.jar:/home/shakhzod/.m2/repository/org/apache/logging/log4j/log4j-to-slf4j/2.13.3/log4j-to-slf4j-2.13.3.jar:/home/shakhzod/.m2/repository/org/apache/logging/log4j/log4j-api/2.13.3/log4j-api-2.13.3.jar:/home/shakhzod/.m2/repository/org/slf4j/jul-to-slf4j/1.7.30/jul-to-slf4j-1.7.30.jar:/home/shakhzod/.m2/repository/jakarta/annotation/jakarta.annotation-api/1.3.5/jakarta.annotation-api-1.3.5.jar:/home/shakhzod/.m2/repository/org/springframework/spring-core/5.2.10.RELEASE/spring-core-5.2.10.RELEASE.jar:/home/shakhzod/.m2/repository/org/springframework/spring-jcl/5.2.10.RELEASE/spring-jcl-5.2.10.RELEASE.jar:/home/shakhzod/.m2/repository/org/yaml/snakeyaml/1.26/snakeyaml-1.26.jar:/home/shakhzod/.m2/repository/org/springframework/boot/spring-boot-starter-web/2.3.5.RELEASE/spring-boot-starter-web-2.3.5.RELEASE.jar:/home/shakhzod/.m2/repository/org/springframework/boot/spring-boot-starter-json/2.3.5.RELEASE/spring-boot-starter-json-2.3.5.RELEASE.jar:/home/shakhzod/.m2/repository/com/fasterxml/jackson/core/jackson-databind/2.11.3/jackson-databind-2.11.3.jar:/home/shakhzod/.m2/repository/com/fasterxml/jac
Launcher Type: SUN_STANDARD

[Global flags]
     intx CICompilerCount                          = 3                                         {product} {ergonomic}
     uint ConcGCThreads                            = 1                                         {product} {ergonomic}
     uint G1ConcRefinementThreads                  = 4                                         {product} {ergonomic}
   size_t G1HeapRegionSize                         = 1048576                                   {product} {ergonomic}
    uintx GCDrainStackTargetSize                   = 64                                        {product} {ergonomic}
   size_t InitialHeapSize                          = 132120576                                 {product} {ergonomic}
   size_t MarkStackSize                            = 4194304                                   {product} {ergonomic}
   size_t MaxHeapSize                              = 2086666240                                {product} {ergonomic}
   size_t MaxNewSize                               = 1251999744                                {product} {ergonomic}
   size_t MinHeapDeltaBytes                        = 1048576                                   {product} {ergonomic}
   size_t MinHeapSize                              = 8388608                                   {product} {ergonomic}
    uintx NonNMethodCodeHeapSize                   = 5832780                                {pd product} {ergonomic}
    uintx NonProfiledCodeHeapSize                  = 122912730                              {pd product} {ergonomic}
    uintx ProfiledCodeHeapSize                     = 122912730                              {pd product} {ergonomic}
    uintx ReservedCodeCacheSize                    = 251658240                              {pd product} {ergonomic}
     bool SegmentedCodeCache                       = true                                      {product} {ergonomic}
   size_t SoftMaxHeapSize                          = 2086666240                             {manageable} {ergonomic}
     bool UseCompressedClassPointers               = true                                 {lp64_product} {ergonomic}
     bool UseCompressedOops                        = true                                 {lp64_product} {ergonomic}
     bool UseG1GC                                  = true                                      {product} {ergonomic}

Logging:
Log output configuration:
 #0: stdout all=warning uptime,level,tags
 #1: stderr all=off uptime,level,tags

Environment Variables:
PATH=/usr/local/sbin:/usr/local/bin:/usr/sbin:/usr/bin:/sbin:/bin:/usr/games:/usr/local/games
SHELL=/bin/bash
DISPLAY=:0
LANG=en_US.UTF-8

Signal Handlers:
SIGSEGV: [libjvm.so+0xec02c0], sa_mask[0]=11111111011111111101111111111110, sa_flags=SA_RESTART|SA_SIGINFO
SIGBUS: [libjvm.so+0xec02c0], sa_mask[0]=11111111011111111101111111111110, sa_flags=SA_RESTART|SA_SIGINFO
SIGFPE: [libjvm.so+0xec02c0], sa_mask[0]=11111111011111111101111111111110, sa_flags=SA_RESTART|SA_SIGINFO
SIGPIPE: [libjvm.so+0xbb9bc0], sa_mask[0]=11111111011111111101111111111110, sa_flags=SA_RESTART|SA_SIGINFO
SIGXFSZ: [libjvm.so+0xbb9bc0], sa_mask[0]=11111111011111111101111111111110, sa_flags=SA_RESTART|SA_SIGINFO
SIGILL: [libjvm.so+0xec02c0], sa_mask[0]=11111111011111111101111111111110, sa_flags=SA_RESTART|SA_SIGINFO
SIGUSR2: [libjvm.so+0xbb9a60], sa_mask[0]=00100000000000000000000000000000, sa_flags=SA_RESTART|SA_SIGINFO
SIGHUP: [libjvm.so+0xbba180], sa_mask[0]=11111111011111111101111111111110, sa_flags=SA_RESTART|SA_SIGINFO
SIGINT: [libjvm.so+0xbba180], sa_mask[0]=11111111011111111101111111111110, sa_flags=SA_RESTART|SA_SIGINFO
SIGTERM: [libjvm.so+0xbba180], sa_mask[0]=11111111011111111101111111111110, sa_flags=SA_RESTART|SA_SIGINFO
SIGQUIT: [libjvm.so+0xbba180], sa_mask[0]=11111111011111111101111111111110, sa_flags=SA_RESTART|SA_SIGINFO


---------------  S Y S T E M  ---------------

OS:
DISTRIB_ID=LinuxMint
DISTRIB_RELEASE=19.3
DISTRIB_CODENAME=tricia
DISTRIB_DESCRIPTION="Linux Mint 19.3 Tricia"
uname: Linux 5.0.0-32-generic #34~18.04.2-Ubuntu SMP Thu Oct 10 10:36:02 UTC 2019 x86_64
OS uptime: 0 days 0:26 hours
libc: glibc 2.27 NPTL 2.27 
rlimit (soft/hard): STACK 8192k/infinity , CORE 0k/infinity , NPROC 31552/31552 , NOFILE 1048576/1048576 , AS infinity/infinity , CPU infinity/infinity , DATA infinity/infinity , FSIZE infinity/infinity , MEMLOCK 16384k/16384k
load average: 1,45 1,30 1,20

/proc/meminfo:
MemTotal:        8148168 kB
MemFree:         2092672 kB
MemAvailable:    4207172 kB
Buffers:           73820 kB
Cached:          2322752 kB
SwapCached:            0 kB
Active:          4010476 kB
Inactive:        1666012 kB
Active(anon):    3285892 kB
Inactive(anon):   113560 kB
Active(file):     724584 kB
Inactive(file):  1552452 kB
Unevictable:          32 kB
Mlocked:              32 kB
SwapTotal:       2097148 kB
SwapFree:        2097148 kB
Dirty:              8864 kB
Writeback:             0 kB
AnonPages:       3280280 kB
Mapped:           697560 kB
Shmem:            122664 kB
KReclaimable:     113500 kB
Slab:             208488 kB
SReclaimable:     113500 kB
SUnreclaim:        94988 kB
KernelStack:       15504 kB
PageTables:        55248 kB
NFS_Unstable:          0 kB
Bounce:                0 kB
WritebackTmp:          0 kB
CommitLimit:     6171232 kB
Committed_AS:    8460624 kB
VmallocTotal:   34359738367 kB
VmallocUsed:           0 kB
VmallocChunk:          0 kB
Percpu:             3936 kB
HardwareCorrupted:     0 kB
AnonHugePages:         0 kB
ShmemHugePages:        0 kB
ShmemPmdMapped:        0 kB
CmaTotal:              0 kB
CmaFree:               0 kB
HugePages_Total:       0
HugePages_Free:        0
HugePages_Rsvd:        0
HugePages_Surp:        0
Hugepagesize:       2048 kB
Hugetlb:               0 kB
DirectMap4k:      216640 kB
DirectMap2M:     8155136 kB

/sys/kernel/mm/transparent_hugepage/enabled: always [madvise] never
/sys/kernel/mm/transparent_hugepage/defrag (defrag/compaction efforts parameter): always defer defer+madvise [madvise] never

/proc/sys/kernel/threads-max (system-wide limit on the number of threads): 63104
/proc/sys/vm/max_map_count (maximum number of memory map areas a process may have): 65530
/proc/sys/kernel/pid_max (system-wide limit on number of process identifiers): 32768

container (cgroup) information:
container_type: cgroupv1
cpu_cpuset_cpus: 0-3
cpu_memory_nodes: 0
active_processor_count: 4
cpu_quota: no quota
cpu_period: 100000
cpu_shares: no shares
memory_limit_in_bytes: unlimited
memory_and_swap_limit_in_bytes: not supported
memory_soft_limit_in_bytes: unlimited
memory_usage_in_bytes: 4878618624
memory_max_usage_in_bytes: 5100937216

Steal ticks since vm start: 0
Steal ticks percentage since vm start:  0,000

CPU: total 4 (initial active 4) (4 cores per cpu, 1 threads per core) family 6 model 58 stepping 9 microcode 0xc, cmov, cx8, fxsr, mmx, sse, sse2, sse3, ssse3, sse4.1, sse4.2, popcnt, vzeroupper, avx, aes, clmul, erms, tsc, tscinvbit, tscinv, clflush
CPU Model and flags from /proc/cpuinfo:
model name	: Intel(R) Core(TM) i5-3470 CPU @ 3.20GHz
flags		: fpu vme de pse tsc msr pae mce cx8 apic sep mtrr pge mca cmov pat pse36 clflush dts acpi mmx fxsr sse sse2 ss ht tm pbe syscall nx rdtscp lm constant_tsc arch_perfmon pebs bts rep_good nopl xtopology nonstop_tsc cpuid aperfmperf pni pclmulqdq dtes64 monitor ds_cpl vmx smx est tm2 ssse3 cx16 xtpr pdcm pcid sse4_1 sse4_2 x2apic popcnt tsc_deadline_timer aes xsave avx f16c rdrand lahf_lm cpuid_fault epb pti tpr_shadow vnmi flexpriority ept vpid fsgsbase smep erms xsaveopt dtherm ida arat pln pts

Online cpus: 0-3
Offline cpus: 4-7
BIOS frequency limitation: <Not Available>
Frequency switch latency (ns): 0
Available cpu frequencies: <Not Available>
Current governor: powersave
Core performance/turbo boost: <Not Available>

Memory: 4k page, physical 8148168k(2092672k free), swap 2097148k(2097148k free)

vm_info: OpenJDK 64-Bit Server VM (15.0.1+9) for linux-amd64 JRE (15.0.1+9), built on Oct 22 2020 04:09:46 by "jenkins" with gcc 7.3.1 20180303 (Red Hat 7.3.1-5)

END.
